[INFO]: Current run directory is /home/fatihgulakar/638_proje/shooting_game_verilog/openlane/user_project_wrapper/runs/user_project_wrapper
[INFO]: Storing configs into config.tcl ...
[INFO]: Preparing LEF Files
[INFO]: Extracting the number of available metal layers from /home/fatihgulakar/638_proje/pdks/sky130A/libs.ref/sky130_fd_sc_hd/techlef/sky130_fd_sc_hd.tlef
[INFO]: The available metal layers (6) are li1  met1  met2  met3  met4  met5
[INFO]: Merging LEF Files...
[INFO]: Merging the following extra LEFs:  /home/fatihgulakar/638_proje/shooting_game_verilog/openlane/user_project_wrapper/../../lef/user_proj_example.lef
[INFO]: Trimming Liberty...
[INFO]: Generating Exclude List...
[INFO]: Generating Exclude List...
[INFO]: Creating ::env(DONT_USE_CELLS)...
[INFO]: Looking for files defined in ::env(EXTRA_GDS_FILES)  /home/fatihgulakar/638_proje/shooting_game_verilog/openlane/user_project_wrapper/../../gds/user_proj_example.gds ...
[INFO]: /home/fatihgulakar/638_proje/shooting_game_verilog/openlane/user_project_wrapper/../../gds/user_proj_example.gds exists.
[INFO]: Preparation complete
[INFO]: Incremented step index to 0.
[INFO]: Running Synthesis...
[INFO]: Changing netlist from 0 to /home/fatihgulakar/638_proje/shooting_game_verilog/openlane/user_project_wrapper/runs/user_project_wrapper/results/synthesis/user_project_wrapper.v
[INFO]: Incremented step index to 1.
[INFO]: Running Static Timing Analysis...
[INFO]: Synthesis was successful
[INFO]: Creating a netlist with power/ground pins.
[INFO]: Running Floorplanning...
[INFO]: Running Initial Floorplanning...
[INFO]: Incremented step index to 2.
[INFO]: Core area width: 2908.96
[INFO]: Core area height: 3498.24
[INFO]: Final Vertical PDN Offset: 5
[INFO]: Final Horizontal PDN Offset: 5
[INFO]: Final Vertical PDN Pitch: 180
[INFO]: Final Horizontal PDN Pitch: 180
[INFO]: Changing layout from 0 to /home/fatihgulakar/638_proje/shooting_game_verilog/openlane/user_project_wrapper/runs/user_project_wrapper/tmp/floorplan/3-initial_fp.def
[INFO]: Setting Core Dimensions...
[INFO]: Incremented step index to 3.
[INFO]: Running IO Placement...
[INFO]: Changing layout from /home/fatihgulakar/638_proje/shooting_game_verilog/openlane/user_project_wrapper/runs/user_project_wrapper/tmp/floorplan/3-initial_fp.def to /home/fatihgulakar/638_proje/shooting_game_verilog/openlane/user_project_wrapper/runs/user_project_wrapper/tmp/floorplan/4-io.def
[INFO]: Incremented step index to 4.
[INFO]: Performing Manual Macro Placement...
[INFO]: Changing layout from /home/fatihgulakar/638_proje/shooting_game_verilog/openlane/user_project_wrapper/runs/user_project_wrapper/tmp/floorplan/4-io.def to /home/fatihgulakar/638_proje/shooting_game_verilog/openlane/user_project_wrapper/runs/user_project_wrapper/tmp/floorplan/4-io.macro_placement.def
[WARNING]: Skipping Tap/Decap Insertion.
[INFO]: Power planning the following nets
[INFO]: Power: vccd1 vccd2 vdda1 vdda2
[INFO]: Ground: vssd1 vssd2 vssa1 vssa2
[INFO]: Connecting mprj to vccd1 and vssd1 nets.
[INFO]: Incremented step index to 5.
[INFO]: Generating PDN...
[INFO]: PDN generation was successful.
[INFO]: Changing layout from /home/fatihgulakar/638_proje/shooting_game_verilog/openlane/user_project_wrapper/runs/user_project_wrapper/tmp/floorplan/4-io.macro_placement.def to /home/fatihgulakar/638_proje/shooting_game_verilog/openlane/user_project_wrapper/runs/user_project_wrapper/tmp/floorplan/6-pdn.def
[WARNING]: All internal macros will not be connected to power.
[INFO]: Incremented step index to 6.
[INFO]: Generating PDN...
[INFO]: PDN generation was successful.
[INFO]: Changing layout from /home/fatihgulakar/638_proje/shooting_game_verilog/openlane/user_project_wrapper/runs/user_project_wrapper/tmp/floorplan/6-pdn.def to /home/fatihgulakar/638_proje/shooting_game_verilog/openlane/user_project_wrapper/runs/user_project_wrapper/tmp/floorplan/7-pdn.def
[WARNING]: All internal macros will not be connected to power.
[INFO]: Incremented step index to 7.
[INFO]: Generating PDN...
[INFO]: PDN generation was successful.
[INFO]: Changing layout from /home/fatihgulakar/638_proje/shooting_game_verilog/openlane/user_project_wrapper/runs/user_project_wrapper/tmp/floorplan/7-pdn.def to /home/fatihgulakar/638_proje/shooting_game_verilog/openlane/user_project_wrapper/runs/user_project_wrapper/tmp/floorplan/8-pdn.def
[WARNING]: All internal macros will not be connected to power.
[INFO]: Incremented step index to 8.
[INFO]: Generating PDN...
[INFO]: PDN generation was successful.
[INFO]: Changing layout from /home/fatihgulakar/638_proje/shooting_game_verilog/openlane/user_project_wrapper/runs/user_project_wrapper/tmp/floorplan/8-pdn.def to /home/fatihgulakar/638_proje/shooting_game_verilog/openlane/user_project_wrapper/runs/user_project_wrapper/tmp/floorplan/9-pdn.def
[INFO]: Running Placement...
[INFO]: Incremented step index to 9.
[INFO]: Performing Random Global Placement...
[INFO]: Changing layout from /home/fatihgulakar/638_proje/shooting_game_verilog/openlane/user_project_wrapper/runs/user_project_wrapper/tmp/floorplan/9-pdn.def to /home/fatihgulakar/638_proje/shooting_game_verilog/openlane/user_project_wrapper/runs/user_project_wrapper/tmp/placement/10-global.def
[INFO]: Skipping Resizer Design Optimizations.
[INFO]: Incremented step index to 10.
[INFO]: Running Detailed Placement...
[INFO]: Changing layout from /home/fatihgulakar/638_proje/shooting_game_verilog/openlane/user_project_wrapper/runs/user_project_wrapper/tmp/placement/10-global.def to /home/fatihgulakar/638_proje/shooting_game_verilog/openlane/user_project_wrapper/runs/user_project_wrapper/results/placement/user_project_wrapper.def
[INFO]: Changing layout from /home/fatihgulakar/638_proje/shooting_game_verilog/openlane/user_project_wrapper/runs/user_project_wrapper/results/placement/user_project_wrapper.def to /home/fatihgulakar/638_proje/shooting_game_verilog/openlane/user_project_wrapper/runs/user_project_wrapper/results/placement/user_project_wrapper.def
[INFO]: Incremented step index to 11.
[INFO]: Skipping Resizer Timing Optimizations.
[INFO]: Routing...
[INFO]: Skipping Resizer Timing Optimizations.
[INFO]: Incremented step index to 12.
[INFO]: Running Detailed Placement...
[INFO]: Changing layout from /home/fatihgulakar/638_proje/shooting_game_verilog/openlane/user_project_wrapper/runs/user_project_wrapper/results/placement/user_project_wrapper.def to /home/fatihgulakar/638_proje/shooting_game_verilog/openlane/user_project_wrapper/runs/user_project_wrapper/results/placement/user_project_wrapper.def
[INFO]: Changing layout from /home/fatihgulakar/638_proje/shooting_game_verilog/openlane/user_project_wrapper/runs/user_project_wrapper/results/placement/user_project_wrapper.def to /home/fatihgulakar/638_proje/shooting_game_verilog/openlane/user_project_wrapper/runs/user_project_wrapper/results/placement/user_project_wrapper.def
[INFO]: Incremented step index to 13.
[INFO]: Incremented step index to 14.
[INFO]: Running Global Routing...
[INFO]: Changing layout from /home/fatihgulakar/638_proje/shooting_game_verilog/openlane/user_project_wrapper/runs/user_project_wrapper/results/placement/user_project_wrapper.def to /home/fatihgulakar/638_proje/shooting_game_verilog/openlane/user_project_wrapper/runs/user_project_wrapper/tmp/routing/15-global.def
[INFO]: Changing layout from 0 to /home/fatihgulakar/638_proje/shooting_game_verilog/openlane/user_project_wrapper/runs/user_project_wrapper/tmp/routing/15-global.guide
[INFO]: Current Def is /home/fatihgulakar/638_proje/shooting_game_verilog/openlane/user_project_wrapper/runs/user_project_wrapper/tmp/routing/15-global.def
[INFO]: Current Guide is /home/fatihgulakar/638_proje/shooting_game_verilog/openlane/user_project_wrapper/runs/user_project_wrapper/tmp/routing/15-global.guide
[INFO]: Incremented step index to 15.
[INFO]: Writing Verilog...
[INFO]: Changing netlist from /home/fatihgulakar/638_proje/shooting_game_verilog/openlane/user_project_wrapper/runs/user_project_wrapper/results/synthesis/user_project_wrapper.v to /home/fatihgulakar/638_proje/shooting_game_verilog/openlane/user_project_wrapper/runs/user_project_wrapper/tmp/routing/15-global.v
[INFO]: Incremented step index to 16.
[INFO]: Running Detailed Routing...
[INFO]: No DRC violations after detailed routing.
[INFO]: Changing layout from /home/fatihgulakar/638_proje/shooting_game_verilog/openlane/user_project_wrapper/runs/user_project_wrapper/tmp/routing/15-global.def to /home/fatihgulakar/638_proje/shooting_game_verilog/openlane/user_project_wrapper/runs/user_project_wrapper/results/routing/user_project_wrapper.def
[INFO]: Incremented step index to 17.
[INFO]: Writing Verilog...
[INFO]: Changing netlist from /home/fatihgulakar/638_proje/shooting_game_verilog/openlane/user_project_wrapper/runs/user_project_wrapper/tmp/routing/15-global.v to /home/fatihgulakar/638_proje/shooting_game_verilog/openlane/user_project_wrapper/runs/user_project_wrapper/tmp/routing/17-detailed.v
[INFO]: Incremented step index to 18.
[INFO]: Running SPEF Extraction...
[INFO]: Incremented step index to 19.
[INFO]: Running SPEF Extraction...
[INFO]: Incremented step index to 20.
[INFO]: Running SPEF Extraction...
[INFO]: Incremented step index to 21.
[INFO]: Running Static Timing Analysis...
[INFO]: Incremented step index to 22.
[INFO]: Running Static Timing Analysis...
[INFO]: Incremented step index to 23.
[INFO]: Running Magic to generate various views...
[INFO]: Streaming out GDS II...
[INFO]: Generating MAGLEF views...
[INFO]: Generting GDS II with Klayout...
[INFO]: Incremented step index to 24.
[INFO]: Streaming out GDS II...
[INFO]: Back-up GDS-II streamed out.
[INFO]: Incremented step index to 25.
[INFO]: Running Magic Spice Export from LEF...
[INFO]: No illegal overlaps detected during extraction.
[INFO]: Incremented step index to 26.
[INFO]: Writing Powered Verilog...
[INFO]: Incremented step index to 27.
[INFO]: Writing Verilog...
[INFO]: Yosys won't attempt to rewrite verilog, and the OpenROAD output will be used as is.
[INFO]: Changing netlist from /home/fatihgulakar/638_proje/shooting_game_verilog/openlane/user_project_wrapper/runs/user_project_wrapper/tmp/routing/17-detailed.v to /home/fatihgulakar/638_proje/shooting_game_verilog/openlane/user_project_wrapper/runs/user_project_wrapper/tmp/finishing/26-powered_netlist.v
[INFO]: Incremented step index to 28.
[INFO]: Running LEF LVS...
[INFO]: /home/fatihgulakar/638_proje/shooting_game_verilog/openlane/user_project_wrapper/runs/user_project_wrapper/results/finishing/user_project_wrapper.spice against /home/fatihgulakar/638_proje/shooting_game_verilog/openlane/user_project_wrapper/runs/user_project_wrapper/tmp/finishing/26-powered_netlist.v
[INFO]: No LVS mismatches.
[INFO]: Running Antenna Checks...
[INFO]: Incremented step index to 29.
[INFO]: Running OpenROAD Antenna Rule Checker...
[INFO]: Skipping CVC...
[INFO]: Saving final set of views in '/home/fatihgulakar/638_proje/shooting_game_verilog/openlane/user_project_wrapper/runs/user_project_wrapper/results/final'...
[INFO]: Saving final set of views in '/home/fatihgulakar/638_proje/shooting_game_verilog'...
[INFO]: Calculating Runtime From the Start...
[INFO]: Saving runtime environment...
[INFO]: Generating Final Summary Report...
[INFO]: Design Name: user_project_wrapper
Run Directory: /home/fatihgulakar/638_proje/shooting_game_verilog/openlane/user_project_wrapper/runs/user_project_wrapper
Source not found.
----------------------------------------

LVS Summary:
Source: /home/fatihgulakar/638_proje/shooting_game_verilog/openlane/user_project_wrapper/runs/user_project_wrapper/logs/finishing/29-user_project_wrapper.lvs.lef.log
LVS reports no net, device, pin, or property mismatches.
Total errors = 0
----------------------------------------

Antenna Summary:
Source: /home/fatihgulakar/638_proje/shooting_game_verilog/openlane/user_project_wrapper/runs/user_project_wrapper/reports/finishing/antenna.rpt
Number of pins violated: 0
Number of nets violated: 0
[INFO]: check full report here: /home/fatihgulakar/638_proje/shooting_game_verilog/openlane/user_project_wrapper/runs/user_project_wrapper/reports/final_summary_report.csv
[WARNING]: There are max slew violations in the design at the typical corner. Please refer to /home/fatihgulakar/638_proje/shooting_game_verilog/openlane/user_project_wrapper/runs/user_project_wrapper/reports/routing/22-parasitics_sta.slew.rpt
[INFO]: There are no hold violations in the design at the typical corner.
[INFO]: There are no setup violations in the design at the typical corner.
[SUCCESS]: Flow complete.
[INFO]: Note that the following warnings have been generated:
