OpenROAD 8d53e9b018dec98fa63e907ddeb6c5406f035361 
This program is licensed under the BSD-3 license. See the LICENSE file for details.
Components of this program may be licensed under more restrictive licenses which must be honored.
[INFO ODB-0222] Reading LEF file: /home/fatihgulakar/638_proje/shooting_game_verilog/openlane/user_proj_example/runs/user_proj_example/tmp/merged.lef
[INFO ODB-0223]     Created 13 technology layers
[INFO ODB-0224]     Created 25 technology vias
[INFO ODB-0225]     Created 441 library cells
[INFO ODB-0226] Finished LEF file:  /home/fatihgulakar/638_proje/shooting_game_verilog/openlane/user_proj_example/runs/user_proj_example/tmp/merged.lef
[INFO ODB-0127] Reading DEF file: /home/fatihgulakar/638_proje/shooting_game_verilog/openlane/user_proj_example/runs/user_proj_example/results/routing/user_proj_example.def
[INFO ODB-0128] Design: user_proj_example
[INFO ODB-0094] 		Created 100000 Insts
[INFO ODB-0130]     Created 609 pins.
[INFO ODB-0131]     Created 173999 components and 696983 component-terminals.
[INFO ODB-0132]     Created 2 special nets and 652508 connections.
[INFO ODB-0133]     Created 13132 nets and 44231 connections.
[INFO ODB-0134] Finished DEF file: /home/fatihgulakar/638_proje/shooting_game_verilog/openlane/user_proj_example/runs/user_proj_example/results/routing/user_proj_example.def
Top-level design name: user_proj_example
Default power net:  vccd1
Default ground net: vssd1
Found a total of 1 power ports.
Found a total of 1 ground ports.
Modified power connections of 173999 cells (Remaining: 0 ).
