
===========================================================================
 report_check_types -max_slew -max_cap -max_fanout -violators
============================================================================
max slew

Pin                                    Limit    Slew   Slack
------------------------------------------------------------
wbs_adr_i[3]                            1.50    2.38   -0.88 (VIOLATED)
wbs_adr_i[2]                            1.50    2.33   -0.84 (VIOLATED)
wbs_dat_i[1]                            1.50    2.20   -0.70 (VIOLATED)
wbs_sel_i[1]                            1.50    2.18   -0.68 (VIOLATED)
wbs_sel_i[2]                            1.50    2.17   -0.67 (VIOLATED)
wbs_dat_i[3]                            1.50    2.16   -0.67 (VIOLATED)
wbs_adr_i[7]                            1.50    2.16   -0.66 (VIOLATED)
wbs_sel_i[3]                            1.50    2.13   -0.63 (VIOLATED)
wbs_dat_i[12]                           1.50    2.12   -0.62 (VIOLATED)
wbs_dat_i[10]                           1.50    2.09   -0.59 (VIOLATED)
wbs_dat_i[4]                            1.50    2.08   -0.58 (VIOLATED)
wbs_adr_i[8]                            1.50    2.06   -0.56 (VIOLATED)
wbs_dat_i[19]                           1.50    2.06   -0.56 (VIOLATED)
wbs_adr_i[12]                           1.50    2.05   -0.55 (VIOLATED)
wbs_dat_i[11]                           1.50    2.04   -0.54 (VIOLATED)
wbs_adr_i[10]                           1.50    2.03   -0.54 (VIOLATED)
wbs_adr_i[11]                           1.50    2.03   -0.53 (VIOLATED)
wbs_adr_i[13]                           1.50    2.02   -0.52 (VIOLATED)
wbs_dat_i[22]                           1.50    2.01   -0.51 (VIOLATED)
wbs_adr_i[4]                            1.50    2.00   -0.50 (VIOLATED)
wbs_adr_i[15]                           1.50    1.98   -0.49 (VIOLATED)
wbs_dat_i[20]                           1.50    1.98   -0.49 (VIOLATED)
wbs_dat_i[13]                           1.50    1.94   -0.44 (VIOLATED)
wbs_adr_i[20]                           1.50    1.93   -0.44 (VIOLATED)
wbs_adr_i[19]                           1.50    1.92   -0.43 (VIOLATED)
wbs_dat_i[23]                           1.50    1.92   -0.42 (VIOLATED)
wbs_adr_i[22]                           1.50    1.92   -0.42 (VIOLATED)
wbs_stb_i                               1.50    1.92   -0.42 (VIOLATED)
wbs_sel_i[0]                            1.50    1.89   -0.40 (VIOLATED)
wbs_dat_i[29]                           1.50    1.83   -0.33 (VIOLATED)
wbs_adr_i[23]                           1.50    1.79   -0.29 (VIOLATED)
wbs_adr_i[1]                            1.50    1.78   -0.28 (VIOLATED)
wbs_dat_i[18]                           1.50    1.76   -0.26 (VIOLATED)
wbs_dat_i[2]                            1.50    1.75   -0.26 (VIOLATED)
la_oenb[27]                             1.50    1.75   -0.26 (VIOLATED)
wbs_dat_i[17]                           1.50    1.75   -0.26 (VIOLATED)
wbs_adr_i[6]                            1.50    1.75   -0.25 (VIOLATED)
wbs_dat_i[15]                           1.50    1.72   -0.23 (VIOLATED)
wbs_adr_i[16]                           1.50    1.67   -0.17 (VIOLATED)
wbs_dat_i[30]                           1.50    1.62   -0.13 (VIOLATED)
wbs_dat_i[27]                           1.50    1.59   -0.09 (VIOLATED)
la_oenb[21]                             1.50    1.58   -0.08 (VIOLATED)
la_oenb[22]                             1.50    1.56   -0.06 (VIOLATED)
wbs_dat_i[0]                            1.50    1.55   -0.06 (VIOLATED)
wbs_dat_i[24]                           1.50    1.55   -0.06 (VIOLATED)
la_oenb[25]                             1.50    1.55   -0.05 (VIOLATED)
la_oenb[26]                             1.50    1.54   -0.04 (VIOLATED)
wbs_dat_i[31]                           1.50    1.52   -0.03 (VIOLATED)

max capacitance

Pin                                    Limit     Cap   Slack
------------------------------------------------------------
wbs_adr_i[3]                            0.33    0.56   -0.22 (VIOLATED)
wbs_adr_i[2]                            0.33    0.55   -0.21 (VIOLATED)
wbs_dat_i[1]                            0.33    0.50   -0.17 (VIOLATED)
wbs_sel_i[1]                            0.33    0.50   -0.17 (VIOLATED)
wbs_dat_i[3]                            0.33    0.50   -0.17 (VIOLATED)
wbs_sel_i[2]                            0.33    0.50   -0.16 (VIOLATED)
wbs_adr_i[7]                            0.33    0.50   -0.16 (VIOLATED)
wbs_sel_i[3]                            0.33    0.49   -0.16 (VIOLATED)
wbs_dat_i[12]                           0.33    0.48   -0.15 (VIOLATED)
wbs_dat_i[10]                           0.33    0.48   -0.15 (VIOLATED)
wbs_dat_i[4]                            0.33    0.47   -0.14 (VIOLATED)
wbs_adr_i[4]                            0.33    0.47   -0.14 (VIOLATED)
wbs_adr_i[8]                            0.33    0.47   -0.14 (VIOLATED)
wbs_dat_i[19]                           0.33    0.47   -0.14 (VIOLATED)
wbs_adr_i[12]                           0.33    0.47   -0.13 (VIOLATED)
wbs_adr_i[10]                           0.33    0.46   -0.13 (VIOLATED)
wbs_dat_i[11]                           0.33    0.46   -0.13 (VIOLATED)
wbs_dat_i[22]                           0.33    0.46   -0.13 (VIOLATED)
wbs_adr_i[11]                           0.33    0.46   -0.13 (VIOLATED)
wbs_adr_i[13]                           0.33    0.46   -0.13 (VIOLATED)
wbs_dat_i[20]                           0.33    0.46   -0.12 (VIOLATED)
wbs_adr_i[15]                           0.33    0.45   -0.12 (VIOLATED)
wbs_dat_i[13]                           0.33    0.45   -0.12 (VIOLATED)
wbs_adr_i[20]                           0.33    0.44   -0.11 (VIOLATED)
wbs_adr_i[19]                           0.33    0.44   -0.11 (VIOLATED)
wbs_dat_i[23]                           0.33    0.44   -0.11 (VIOLATED)
wbs_adr_i[22]                           0.33    0.44   -0.11 (VIOLATED)
wbs_sel_i[0]                            0.33    0.43   -0.10 (VIOLATED)
wbs_stb_i                               0.33    0.43   -0.10 (VIOLATED)
wbs_dat_i[29]                           0.33    0.42   -0.09 (VIOLATED)
wbs_adr_i[1]                            0.33    0.41   -0.08 (VIOLATED)
wbs_adr_i[23]                           0.33    0.41   -0.08 (VIOLATED)
wbs_dat_i[2]                            0.33    0.41   -0.08 (VIOLATED)
la_oenb[27]                             0.33    0.41   -0.08 (VIOLATED)
wbs_adr_i[6]                            0.33    0.41   -0.07 (VIOLATED)
wbs_dat_i[15]                           0.33    0.40   -0.07 (VIOLATED)
wbs_dat_i[18]                           0.33    0.40   -0.07 (VIOLATED)
wbs_dat_i[17]                           0.33    0.40   -0.06 (VIOLATED)
wbs_adr_i[16]                           0.33    0.39   -0.05 (VIOLATED)
wbs_dat_i[30]                           0.33    0.37   -0.03 (VIOLATED)
io_in[36]                               0.33    0.36   -0.03 (VIOLATED)
la_oenb[21]                             0.33    0.36   -0.03 (VIOLATED)
wbs_dat_i[24]                           0.33    0.36   -0.03 (VIOLATED)
wbs_dat_i[27]                           0.33    0.36   -0.03 (VIOLATED)
wbs_dat_i[0]                            0.33    0.35   -0.02 (VIOLATED)
la_oenb[22]                             0.33    0.35   -0.02 (VIOLATED)
la_oenb[25]                             0.33    0.35   -0.02 (VIOLATED)
wbs_dat_i[31]                           0.33    0.35   -0.02 (VIOLATED)
la_data_in[34]                          0.33    0.35   -0.02 (VIOLATED)
la_oenb[26]                             0.33    0.35   -0.02 (VIOLATED)


===========================================================================
max slew violation count 48
max fanout violation count 0
max cap violation count 50
============================================================================
