
===========================================================================
report_checks -unconstrained
============================================================================

======================= Slowest Corner ===================================

Startpoint: wbs_adr_i[3] (input port clocked by user_clock2)
Endpoint: mprj/wbs_adr_i[3] (internal pin)
Path Group: (none)
Path Type: max
Corner: ss

Fanout     Cap    Slew   Delay    Time   Description
-----------------------------------------------------------------------------
                          2.00    2.00 ^ input external delay
                  3.94    3.29    5.29 ^ wbs_adr_i[3] (in)
     1    0.56                           wbs_adr_i[3] (net)
                  4.57    0.00    5.29 ^ mprj/wbs_adr_i[3] (user_proj_example)
                                  5.29   data arrival time
-----------------------------------------------------------------------------
(Path is unconstrained)



======================= Typical Corner ===================================

Startpoint: wbs_adr_i[3] (input port clocked by user_clock2)
Endpoint: mprj/wbs_adr_i[3] (internal pin)
Path Group: (none)
Path Type: max
Corner: tt

Fanout     Cap    Slew   Delay    Time   Description
-----------------------------------------------------------------------------
                          2.00    2.00 ^ input external delay
                  2.38    2.23    4.23 ^ wbs_adr_i[3] (in)
     1    0.56                           wbs_adr_i[3] (net)
                  3.35    0.00    4.23 ^ mprj/wbs_adr_i[3] (user_proj_example)
                                  4.23   data arrival time
-----------------------------------------------------------------------------
(Path is unconstrained)



======================= Fastest Corner ===================================

Startpoint: wbs_adr_i[3] (input port clocked by user_clock2)
Endpoint: mprj/wbs_adr_i[3] (internal pin)
Path Group: (none)
Path Type: max
Corner: ff

Fanout     Cap    Slew   Delay    Time   Description
-----------------------------------------------------------------------------
                          2.00    2.00 ^ input external delay
                  1.72    1.84    3.84 ^ wbs_adr_i[3] (in)
     1    0.56                           wbs_adr_i[3] (net)
                  2.95    0.00    3.84 ^ mprj/wbs_adr_i[3] (user_proj_example)
                                  3.84   data arrival time
-----------------------------------------------------------------------------
(Path is unconstrained)



===========================================================================
report_checks --slack_max -0.01
============================================================================

======================= Slowest Corner ===================================

No paths found.

======================= Typical Corner ===================================

No paths found.

======================= Fastest Corner ===================================

No paths found.
