
===========================================================================
 report_power
============================================================================


======================= Slowest Corner =================================

Group                  Internal  Switching    Leakage      Total
                          Power      Power      Power      Power
----------------------------------------------------------------
Sequential             2.61e-04   1.69e-04   6.05e-06   4.36e-04  34.8%
Combinational          3.09e-04   4.67e-04   4.08e-05   8.17e-04  65.2%
Macro                  0.00e+00   0.00e+00   0.00e+00   0.00e+00   0.0%
Pad                    0.00e+00   0.00e+00   0.00e+00   0.00e+00   0.0%
----------------------------------------------------------------
Total                  5.70e-04   6.36e-04   4.69e-05   1.25e-03 100.0%
                          45.5%      50.8%       3.7%

======================= Typical Corner ===================================

Group                  Internal  Switching    Leakage      Total
                          Power      Power      Power      Power
----------------------------------------------------------------
Sequential             3.36e-04   2.14e-04   3.42e-09   5.50e-04  36.1%
Combinational          3.78e-04   5.95e-04   4.28e-07   9.73e-04  63.9%
Macro                  0.00e+00   0.00e+00   0.00e+00   0.00e+00   0.0%
Pad                    0.00e+00   0.00e+00   0.00e+00   0.00e+00   0.0%
----------------------------------------------------------------
Total                  7.14e-04   8.09e-04   4.32e-07   1.52e-03 100.0%
                          46.9%      53.1%       0.0%


======================= Fastest Corner =================================

Group                  Internal  Switching    Leakage      Total
                          Power      Power      Power      Power
----------------------------------------------------------------
Sequential             3.86e-04   2.52e-04   5.68e-09   6.37e-04  36.3%
Combinational          4.21e-04   6.99e-04   4.72e-07   1.12e-03  63.7%
Macro                  0.00e+00   0.00e+00   0.00e+00   0.00e+00   0.0%
Pad                    0.00e+00   0.00e+00   0.00e+00   0.00e+00   0.0%
----------------------------------------------------------------
Total                  8.07e-04   9.50e-04   4.78e-07   1.76e-03 100.0%
                          45.9%      54.1%       0.0%
