
===========================================================================
 report_clock_skew
============================================================================

======================== Slowest Corner ==================================

Clock wb_clk_i
Latency      CRPR       Skew
_16842_/CLK ^
  16.14
_16927_/CLK ^
   7.17     -0.57       8.40


======================= Typical Corner ===================================

Clock wb_clk_i
Latency      CRPR       Skew
_16842_/CLK ^
   8.99
_16927_/CLK ^
   4.05     -0.32       4.62


======================= Fastest Corner ===================================

Clock wb_clk_i
Latency      CRPR       Skew
_16842_/CLK ^
   6.05
_16927_/CLK ^
   2.74     -0.22       3.09

