First Layout: /home/fatihgulakar/638_proje/shooting_game_verilog/openlane/user_project_wrapper/runs/user_project_wrapper/results/finishing/user_project_wrapper.gds
Second Layout: /home/fatihgulakar/638_proje/shooting_game_verilog/openlane/user_project_wrapper/runs/user_project_wrapper/results/finishing/user_project_wrapper.klayout.gds
Design Name: user_project_wrapper
Output GDS will be: /home/fatihgulakar/638_proje/shooting_game_verilog/openlane/user_project_wrapper/runs/user_project_wrapper/reports/finishing/user_project_wrapper.xor.xml
Reading /home/fatihgulakar/638_proje/shooting_game_verilog/openlane/user_project_wrapper/runs/user_project_wrapper/results/finishing/user_project_wrapper.gds ..
Reading /home/fatihgulakar/638_proje/shooting_game_verilog/openlane/user_project_wrapper/runs/user_project_wrapper/results/finishing/user_project_wrapper.klayout.gds ..
--- Running XOR for 122/16 ---
"input" in: xor.drc:38
    Polygons (raw): 155187 (flat)  214 (hierarchical)
    Elapsed: 0.000s  Memory: 637.00M
"input" in: xor.drc:38
    Polygons (raw): 310374 (flat)  428 (hierarchical)
    Elapsed: 0.010s  Memory: 637.00M
"^" in: xor.drc:38
    Polygons (raw): 0 (flat)  0 (hierarchical)
    Elapsed: 1.920s  Memory: 641.00M
XOR differences: 0
"output" in: xor.drc:40
    Polygons (raw): 0 (flat)  0 (hierarchical)
    Elapsed: 0.000s  Memory: 641.00M
--- Running XOR for 235/4 ---
"input" in: xor.drc:38
    Polygons (raw): 2 (flat)  2 (hierarchical)
    Elapsed: 0.000s  Memory: 641.00M
"input" in: xor.drc:38
    Polygons (raw): 2 (flat)  2 (hierarchical)
    Elapsed: 0.000s  Memory: 641.00M
"^" in: xor.drc:38
    Polygons (raw): 0 (flat)  0 (hierarchical)
    Elapsed: 0.120s  Memory: 641.00M
XOR differences: 0
"output" in: xor.drc:40
    Polygons (raw): 0 (flat)  0 (hierarchical)
    Elapsed: 0.000s  Memory: 641.00M
--- Running XOR for 236/0 ---
"input" in: xor.drc:38
    Polygons (raw): 131310 (flat)  203 (hierarchical)
    Elapsed: 0.000s  Memory: 641.00M
"input" in: xor.drc:38
    Polygons (raw): 262620 (flat)  406 (hierarchical)
    Elapsed: 0.000s  Memory: 641.00M
"^" in: xor.drc:38
    Polygons (raw): 0 (flat)  0 (hierarchical)
    Elapsed: 1.770s  Memory: 670.00M
XOR differences: 0
"output" in: xor.drc:40
    Polygons (raw): 0 (flat)  0 (hierarchical)
    Elapsed: 0.000s  Memory: 670.00M
--- Running XOR for 64/16 ---
"input" in: xor.drc:38
    Polygons (raw): 155156 (flat)  212 (hierarchical)
    Elapsed: 0.000s  Memory: 670.00M
"input" in: xor.drc:38
    Polygons (raw): 310312 (flat)  424 (hierarchical)
    Elapsed: 0.000s  Memory: 670.00M
"^" in: xor.drc:38
    Polygons (raw): 0 (flat)  0 (hierarchical)
    Elapsed: 1.940s  Memory: 670.00M
XOR differences: 0
"output" in: xor.drc:40
    Polygons (raw): 0 (flat)  0 (hierarchical)
    Elapsed: 0.010s  Memory: 670.00M
--- Running XOR for 64/20 ---
"input" in: xor.drc:38
    Polygons (raw): 176817 (flat)  206 (hierarchical)
    Elapsed: 0.000s  Memory: 670.00M
"input" in: xor.drc:38
    Polygons (raw): 353634 (flat)  412 (hierarchical)
    Elapsed: 0.010s  Memory: 670.00M
"^" in: xor.drc:38
    Polygons (raw): 0 (flat)  0 (hierarchical)
    Elapsed: 3.190s  Memory: 738.00M
XOR differences: 0
"output" in: xor.drc:40
    Polygons (raw): 0 (flat)  0 (hierarchical)
    Elapsed: 0.000s  Memory: 738.00M
--- Running XOR for 64/5 ---
"input" in: xor.drc:38
    Polygons (raw): 0 (flat)  0 (hierarchical)
    Elapsed: 0.010s  Memory: 738.00M
"input" in: xor.drc:38
    Polygons (raw): 0 (flat)  0 (hierarchical)
    Elapsed: 0.000s  Memory: 738.00M
"^" in: xor.drc:38
    Polygons (raw): 0 (flat)  0 (hierarchical)
    Elapsed: 0.410s  Memory: 738.00M
XOR differences: 0
"output" in: xor.drc:40
    Polygons (raw): 0 (flat)  0 (hierarchical)
    Elapsed: 0.000s  Memory: 738.00M
--- Running XOR for 64/59 ---
"input" in: xor.drc:38
    Polygons (raw): 0 (flat)  0 (hierarchical)
    Elapsed: 0.000s  Memory: 738.00M
"input" in: xor.drc:38
    Polygons (raw): 0 (flat)  0 (hierarchical)
    Elapsed: 0.000s  Memory: 738.00M
"^" in: xor.drc:38
    Polygons (raw): 0 (flat)  0 (hierarchical)
    Elapsed: 0.410s  Memory: 738.00M
XOR differences: 0
"output" in: xor.drc:40
    Polygons (raw): 0 (flat)  0 (hierarchical)
    Elapsed: 0.000s  Memory: 738.00M
--- Running XOR for 65/20 ---
"input" in: xor.drc:38
    Polygons (raw): 260983 (flat)  636 (hierarchical)
    Elapsed: 0.000s  Memory: 738.00M
"input" in: xor.drc:38
    Polygons (raw): 521966 (flat)  1272 (hierarchical)
    Elapsed: 0.000s  Memory: 738.00M
"^" in: xor.drc:38
    Polygons (raw): 0 (flat)  0 (hierarchical)
    Elapsed: 2.780s  Memory: 738.00M
XOR differences: 0
"output" in: xor.drc:40
    Polygons (raw): 0 (flat)  0 (hierarchical)
    Elapsed: 0.000s  Memory: 738.00M
--- Running XOR for 65/44 ---
"input" in: xor.drc:38
    Polygons (raw): 43488 (flat)  2 (hierarchical)
    Elapsed: 0.010s  Memory: 738.00M
"input" in: xor.drc:38
    Polygons (raw): 86976 (flat)  4 (hierarchical)
    Elapsed: 0.010s  Memory: 738.00M
"^" in: xor.drc:38
    Polygons (raw): 0 (flat)  0 (hierarchical)
    Elapsed: 0.470s  Memory: 738.00M
XOR differences: 0
"output" in: xor.drc:40
    Polygons (raw): 0 (flat)  0 (hierarchical)
    Elapsed: 0.000s  Memory: 738.00M
--- Running XOR for 66/15 ---
"input" in: xor.drc:38
    Polygons (raw): 488 (flat)  2 (hierarchical)
    Elapsed: 0.000s  Memory: 738.00M
"input" in: xor.drc:38
    Polygons (raw): 976 (flat)  4 (hierarchical)
    Elapsed: 0.000s  Memory: 738.00M
"^" in: xor.drc:38
    Polygons (raw): 0 (flat)  0 (hierarchical)
    Elapsed: 0.130s  Memory: 738.00M
XOR differences: 0
"output" in: xor.drc:40
    Polygons (raw): 0 (flat)  0 (hierarchical)
    Elapsed: 0.000s  Memory: 738.00M
--- Running XOR for 66/20 ---
"input" in: xor.drc:38
    Polygons (raw): 266818 (flat)  1079 (hierarchical)
    Elapsed: 0.000s  Memory: 738.00M
"input" in: xor.drc:38
    Polygons (raw): 533636 (flat)  2158 (hierarchical)
    Elapsed: 0.000s  Memory: 738.00M
"^" in: xor.drc:38
    Polygons (raw): 0 (flat)  0 (hierarchical)
    Elapsed: 4.660s  Memory: 738.00M
XOR differences: 0
"output" in: xor.drc:40
    Polygons (raw): 0 (flat)  0 (hierarchical)
    Elapsed: 0.000s  Memory: 738.00M
--- Running XOR for 66/44 ---
"input" in: xor.drc:38
    Polygons (raw): 1711833 (flat)  6683 (hierarchical)
    Elapsed: 0.000s  Memory: 738.00M
"input" in: xor.drc:38
    Polygons (raw): 3423666 (flat)  13366 (hierarchical)
    Elapsed: 0.000s  Memory: 738.00M
"^" in: xor.drc:38
    Polygons (raw): 0 (flat)  0 (hierarchical)
    Elapsed: 15.950s  Memory: 759.00M
XOR differences: 0
"output" in: xor.drc:40
    Polygons (raw): 0 (flat)  0 (hierarchical)
    Elapsed: 0.000s  Memory: 759.00M
--- Running XOR for 67/16 ---
"input" in: xor.drc:38
    Polygons (raw): 178794 (flat)  1755 (hierarchical)
    Elapsed: 0.000s  Memory: 759.00M
"input" in: xor.drc:38
    Polygons (raw): 357588 (flat)  3510 (hierarchical)
    Elapsed: 0.000s  Memory: 759.00M
"^" in: xor.drc:38
    Polygons (raw): 0 (flat)  0 (hierarchical)
    Elapsed: 1.530s  Memory: 759.00M
XOR differences: 0
"output" in: xor.drc:40
    Polygons (raw): 0 (flat)  0 (hierarchical)
    Elapsed: 0.000s  Memory: 759.00M
--- Running XOR for 67/20 ---
"input" in: xor.drc:38
    Polygons (raw): 513655 (flat)  45879 (hierarchical)
    Elapsed: 0.010s  Memory: 759.00M
"input" in: xor.drc:38
    Polygons (raw): 983296 (flat)  47744 (hierarchical)
    Elapsed: 0.000s  Memory: 759.00M
"^" in: xor.drc:38
    Polygons (raw): 0 (flat)  0 (hierarchical)
    Elapsed: 12.070s  Memory: 843.00M
XOR differences: 0
"output" in: xor.drc:40
    Polygons (raw): 0 (flat)  0 (hierarchical)
    Elapsed: 0.000s  Memory: 843.00M
--- Running XOR for 67/44 ---
"input" in: xor.drc:38
    Polygons (raw): 2477426 (flat)  48018 (hierarchical)
    Elapsed: 0.060s  Memory: 843.00M
"input" in: xor.drc:38
    Polygons (raw): 4910838 (flat)  52022 (hierarchical)
    Elapsed: 0.000s  Memory: 843.00M
"^" in: xor.drc:38
    Polygons (raw): 0 (flat)  0 (hierarchical)
    Elapsed: 20.750s  Memory: 843.00M
XOR differences: 0
"output" in: xor.drc:40
    Polygons (raw): 0 (flat)  0 (hierarchical)
    Elapsed: 0.000s  Memory: 843.00M
--- Running XOR for 67/5 ---
"input" in: xor.drc:38
    Polygons (raw): 0 (flat)  0 (hierarchical)
    Elapsed: 0.010s  Memory: 843.00M
"input" in: xor.drc:38
    Polygons (raw): 0 (flat)  0 (hierarchical)
    Elapsed: 0.000s  Memory: 843.00M
"^" in: xor.drc:38
    Polygons (raw): 0 (flat)  0 (hierarchical)
    Elapsed: 0.190s  Memory: 843.00M
XOR differences: 0
"output" in: xor.drc:40
    Polygons (raw): 0 (flat)  0 (hierarchical)
    Elapsed: 0.000s  Memory: 843.00M
--- Running XOR for 68/16 ---
"input" in: xor.drc:38
    Polygons (raw): 359269 (flat)  421 (hierarchical)
    Elapsed: 0.000s  Memory: 843.00M
"input" in: xor.drc:38
    Polygons (raw): 718538 (flat)  842 (hierarchical)
    Elapsed: 0.000s  Memory: 843.00M
"^" in: xor.drc:38
    Polygons (raw): 0 (flat)  0 (hierarchical)
    Elapsed: 3.840s  Memory: 843.00M
XOR differences: 0
"output" in: xor.drc:40
    Polygons (raw): 0 (flat)  0 (hierarchical)
    Elapsed: 0.000s  Memory: 843.00M
--- Running XOR for 68/20 ---
"input" in: xor.drc:38
    Polygons (raw): 571739 (flat)  215185 (hierarchical)
    Elapsed: 0.000s  Memory: 843.00M
"input" in: xor.drc:38
    Polygons (raw): 927052 (flat)  212219 (hierarchical)
    Elapsed: 0.010s  Memory: 843.00M
"^" in: xor.drc:38
    Polygons (raw): 0 (flat)  0 (hierarchical)
    Elapsed: 6.770s  Memory: 843.00M
XOR differences: 0
"output" in: xor.drc:40
    Polygons (raw): 0 (flat)  0 (hierarchical)
    Elapsed: 0.000s  Memory: 843.00M
--- Running XOR for 68/44 ---
"input" in: xor.drc:38
    Polygons (raw): 67279 (flat)  67279 (hierarchical)
    Elapsed: 0.010s  Memory: 843.00M
"input" in: xor.drc:38
    Polygons (raw): 67279 (flat)  65554 (hierarchical)
    Elapsed: 0.000s  Memory: 843.00M
"^" in: xor.drc:38
    Polygons (raw): 0 (flat)  0 (hierarchical)
    Elapsed: 0.420s  Memory: 843.00M
XOR differences: 0
"output" in: xor.drc:40
    Polygons (raw): 0 (flat)  0 (hierarchical)
    Elapsed: 0.010s  Memory: 843.00M
--- Running XOR for 68/5 ---
"input" in: xor.drc:38
    Polygons (raw): 0 (flat)  0 (hierarchical)
    Elapsed: 0.000s  Memory: 843.00M
"input" in: xor.drc:38
    Polygons (raw): 0 (flat)  0 (hierarchical)
    Elapsed: 0.010s  Memory: 843.00M
"^" in: xor.drc:38
    Polygons (raw): 0 (flat)  0 (hierarchical)
    Elapsed: 0.500s  Memory: 843.00M
XOR differences: 0
"output" in: xor.drc:40
    Polygons (raw): 0 (flat)  0 (hierarchical)
    Elapsed: 0.000s  Memory: 843.00M
--- Running XOR for 69/16 ---
"input" in: xor.drc:38
    Polygons (raw): 1049 (flat)  1049 (hierarchical)
    Elapsed: 0.000s  Memory: 843.00M
"input" in: xor.drc:38
    Polygons (raw): 1049 (flat)  1049 (hierarchical)
    Elapsed: 0.000s  Memory: 843.00M
"^" in: xor.drc:38
    Polygons (raw): 0 (flat)  0 (hierarchical)
    Elapsed: 0.140s  Memory: 843.00M
XOR differences: 0
"output" in: xor.drc:40
    Polygons (raw): 0 (flat)  0 (hierarchical)
    Elapsed: 0.000s  Memory: 843.00M
--- Running XOR for 69/20 ---
"input" in: xor.drc:38
    Polygons (raw): 92835 (flat)  92835 (hierarchical)
    Elapsed: 0.000s  Memory: 843.00M
"input" in: xor.drc:38
    Polygons (raw): 92189 (flat)  90288 (hierarchical)
    Elapsed: 0.000s  Memory: 843.00M
"^" in: xor.drc:38
    Polygons (raw): 530 (flat)  530 (hierarchical)
    Elapsed: 0.980s  Memory: 843.00M
XOR differences: 530
"output" in: xor.drc:40
    Polygons (raw): 530 (flat)  530 (hierarchical)
    Elapsed: 0.000s  Memory: 843.00M
--- Running XOR for 69/44 ---
"input" in: xor.drc:38
    Polygons (raw): 16726 (flat)  16726 (hierarchical)
    Elapsed: 0.000s  Memory: 843.00M
"input" in: xor.drc:38
    Polygons (raw): 16726 (flat)  16550 (hierarchical)
    Elapsed: 0.000s  Memory: 843.00M
"^" in: xor.drc:38
    Polygons (raw): 0 (flat)  0 (hierarchical)
    Elapsed: 0.190s  Memory: 843.00M
XOR differences: 0
"output" in: xor.drc:40
    Polygons (raw): 0 (flat)  0 (hierarchical)
    Elapsed: 0.010s  Memory: 843.00M
--- Running XOR for 69/5 ---
"input" in: xor.drc:38
    Polygons (raw): 0 (flat)  0 (hierarchical)
    Elapsed: 0.000s  Memory: 843.00M
"input" in: xor.drc:38
    Polygons (raw): 0 (flat)  0 (hierarchical)
    Elapsed: 0.000s  Memory: 843.00M
"^" in: xor.drc:38
    Polygons (raw): 0 (flat)  0 (hierarchical)
    Elapsed: 0.000s  Memory: 843.00M
XOR differences: 0
"output" in: xor.drc:40
    Polygons (raw): 0 (flat)  0 (hierarchical)
    Elapsed: 0.010s  Memory: 843.00M
--- Running XOR for 70/16 ---
"input" in: xor.drc:38
    Polygons (raw): 195 (flat)  195 (hierarchical)
    Elapsed: 0.010s  Memory: 843.00M
"input" in: xor.drc:38
    Polygons (raw): 195 (flat)  195 (hierarchical)
    Elapsed: 0.010s  Memory: 843.00M
"^" in: xor.drc:38
    Polygons (raw): 0 (flat)  0 (hierarchical)
    Elapsed: 0.120s  Memory: 843.00M
XOR differences: 0
"output" in: xor.drc:40
    Polygons (raw): 0 (flat)  0 (hierarchical)
    Elapsed: 0.000s  Memory: 843.00M
--- Running XOR for 70/20 ---
"input" in: xor.drc:38
    Polygons (raw): 10982 (flat)  10982 (hierarchical)
    Elapsed: 0.010s  Memory: 843.00M
"input" in: xor.drc:38
    Polygons (raw): 10611 (flat)  10435 (hierarchical)
    Elapsed: 0.000s  Memory: 843.00M
"^" in: xor.drc:38
    Polygons (raw): 107 (flat)  107 (hierarchical)
    Elapsed: 0.170s  Memory: 843.00M
XOR differences: 107
"output" in: xor.drc:40
    Polygons (raw): 107 (flat)  107 (hierarchical)
    Elapsed: 0.010s  Memory: 843.00M
--- Running XOR for 70/44 ---
"input" in: xor.drc:38
    Polygons (raw): 14931 (flat)  14931 (hierarchical)
    Elapsed: 0.000s  Memory: 843.00M
"input" in: xor.drc:38
    Polygons (raw): 14931 (flat)  14931 (hierarchical)
    Elapsed: 0.010s  Memory: 843.00M
"^" in: xor.drc:38
    Polygons (raw): 0 (flat)  0 (hierarchical)
    Elapsed: 0.190s  Memory: 843.00M
XOR differences: 0
"output" in: xor.drc:40
    Polygons (raw): 0 (flat)  0 (hierarchical)
    Elapsed: 0.000s  Memory: 843.00M
--- Running XOR for 70/5 ---
"input" in: xor.drc:38
    Polygons (raw): 0 (flat)  0 (hierarchical)
    Elapsed: 0.000s  Memory: 843.00M
"input" in: xor.drc:38
    Polygons (raw): 0 (flat)  0 (hierarchical)
    Elapsed: 0.000s  Memory: 843.00M
"^" in: xor.drc:38
    Polygons (raw): 0 (flat)  0 (hierarchical)
    Elapsed: 0.000s  Memory: 843.00M
XOR differences: 0
"output" in: xor.drc:40
    Polygons (raw): 0 (flat)  0 (hierarchical)
    Elapsed: 0.000s  Memory: 843.00M
--- Running XOR for 71/16 ---
"input" in: xor.drc:38
    Polygons (raw): 218 (flat)  218 (hierarchical)
    Elapsed: 0.000s  Memory: 843.00M
"input" in: xor.drc:38
    Polygons (raw): 218 (flat)  218 (hierarchical)
    Elapsed: 0.000s  Memory: 843.00M
"^" in: xor.drc:38
    Polygons (raw): 0 (flat)  0 (hierarchical)
    Elapsed: 0.130s  Memory: 843.00M
XOR differences: 0
"output" in: xor.drc:40
    Polygons (raw): 0 (flat)  0 (hierarchical)
    Elapsed: 0.000s  Memory: 843.00M
--- Running XOR for 71/20 ---
"input" in: xor.drc:38
    Polygons (raw): 1041 (flat)  1041 (hierarchical)
    Elapsed: 0.000s  Memory: 843.00M
"input" in: xor.drc:38
    Polygons (raw): 3789 (flat)  931 (hierarchical)
    Elapsed: 0.000s  Memory: 843.00M
"^" in: xor.drc:38
    Polygons (raw): 0 (flat)  0 (hierarchical)
    Elapsed: 0.150s  Memory: 843.00M
XOR differences: 0
"output" in: xor.drc:40
    Polygons (raw): 0 (flat)  0 (hierarchical)
    Elapsed: 0.010s  Memory: 843.00M
--- Running XOR for 71/44 ---
"input" in: xor.drc:38
    Polygons (raw): 11216 (flat)  11216 (hierarchical)
    Elapsed: 0.000s  Memory: 843.00M
"input" in: xor.drc:38
    Polygons (raw): 11216 (flat)  6 (hierarchical)
    Elapsed: 0.010s  Memory: 843.00M
"^" in: xor.drc:38
    Polygons (raw): 0 (flat)  0 (hierarchical)
    Elapsed: 0.060s  Memory: 843.00M
XOR differences: 0
"output" in: xor.drc:40
    Polygons (raw): 0 (flat)  0 (hierarchical)
    Elapsed: 0.000s  Memory: 843.00M
--- Running XOR for 71/5 ---
"input" in: xor.drc:38
    Polygons (raw): 0 (flat)  0 (hierarchical)
    Elapsed: 0.010s  Memory: 843.00M
"input" in: xor.drc:38
    Polygons (raw): 0 (flat)  0 (hierarchical)
    Elapsed: 0.000s  Memory: 843.00M
"^" in: xor.drc:38
    Polygons (raw): 0 (flat)  0 (hierarchical)
    Elapsed: 0.010s  Memory: 843.00M
XOR differences: 0
"output" in: xor.drc:40
    Polygons (raw): 0 (flat)  0 (hierarchical)
    Elapsed: 0.000s  Memory: 843.00M
--- Running XOR for 72/16 ---
"input" in: xor.drc:38
    Polygons (raw): 172 (flat)  172 (hierarchical)
    Elapsed: 0.000s  Memory: 843.00M
"input" in: xor.drc:38
    Polygons (raw): 172 (flat)  172 (hierarchical)
    Elapsed: 0.010s  Memory: 843.00M
"^" in: xor.drc:38
    Polygons (raw): 0 (flat)  0 (hierarchical)
    Elapsed: 0.010s  Memory: 843.00M
XOR differences: 0
"output" in: xor.drc:40
    Polygons (raw): 0 (flat)  0 (hierarchical)
    Elapsed: 0.000s  Memory: 843.00M
--- Running XOR for 72/20 ---
"input" in: xor.drc:38
    Polygons (raw): 172 (flat)  172 (hierarchical)
    Elapsed: 0.010s  Memory: 843.00M
"input" in: xor.drc:38
    Polygons (raw): 3032 (flat)  174 (hierarchical)
    Elapsed: 0.000s  Memory: 843.00M
"^" in: xor.drc:38
    Polygons (raw): 0 (flat)  0 (hierarchical)
    Elapsed: 0.010s  Memory: 843.00M
XOR differences: 0
"output" in: xor.drc:40
    Polygons (raw): 0 (flat)  0 (hierarchical)
    Elapsed: 0.010s  Memory: 843.00M
--- Running XOR for 72/5 ---
"input" in: xor.drc:38
    Polygons (raw): 0 (flat)  0 (hierarchical)
    Elapsed: 0.000s  Memory: 843.00M
"input" in: xor.drc:38
    Polygons (raw): 0 (flat)  0 (hierarchical)
    Elapsed: 0.000s  Memory: 843.00M
"^" in: xor.drc:38
    Polygons (raw): 0 (flat)  0 (hierarchical)
    Elapsed: 0.000s  Memory: 843.00M
XOR differences: 0
"output" in: xor.drc:40
    Polygons (raw): 0 (flat)  0 (hierarchical)
    Elapsed: 0.010s  Memory: 843.00M
--- Running XOR for 78/44 ---
"input" in: xor.drc:38
    Polygons (raw): 182551 (flat)  212 (hierarchical)
    Elapsed: 0.010s  Memory: 843.00M
"input" in: xor.drc:38
    Polygons (raw): 365102 (flat)  424 (hierarchical)
    Elapsed: 0.010s  Memory: 843.00M
"^" in: xor.drc:38
    Polygons (raw): 0 (flat)  0 (hierarchical)
    Elapsed: 2.140s  Memory: 843.00M
XOR differences: 0
"output" in: xor.drc:40
    Polygons (raw): 0 (flat)  0 (hierarchical)
    Elapsed: 0.010s  Memory: 843.00M
--- Running XOR for 81/14 ---
"input" in: xor.drc:38
    Polygons (raw): 2 (flat)  2 (hierarchical)
    Elapsed: 0.000s  Memory: 843.00M
"input" in: xor.drc:38
    Polygons (raw): 1 (flat)  1 (hierarchical)
    Elapsed: 0.000s  Memory: 843.00M
"^" in: xor.drc:38
    Polygons (raw): 1 (flat)  1 (hierarchical)
    Elapsed: 0.130s  Memory: 843.00M
XOR differences: 1
"output" in: xor.drc:40
    Polygons (raw): 1 (flat)  1 (hierarchical)
    Elapsed: 0.000s  Memory: 843.00M
--- Running XOR for 81/23 ---
"input" in: xor.drc:38
    Polygons (raw): 8406 (flat)  1 (hierarchical)
    Elapsed: 0.000s  Memory: 843.00M
"input" in: xor.drc:38
    Polygons (raw): 16812 (flat)  2 (hierarchical)
    Elapsed: 0.010s  Memory: 843.00M
"^" in: xor.drc:38
    Polygons (raw): 0 (flat)  0 (hierarchical)
    Elapsed: 0.210s  Memory: 843.00M
XOR differences: 0
"output" in: xor.drc:40
    Polygons (raw): 0 (flat)  0 (hierarchical)
    Elapsed: 0.000s  Memory: 843.00M
--- Running XOR for 81/4 ---
"input" in: xor.drc:38
    Polygons (raw): 176817 (flat)  206 (hierarchical)
    Elapsed: 0.000s  Memory: 843.00M
"input" in: xor.drc:38
    Polygons (raw): 353634 (flat)  412 (hierarchical)
    Elapsed: 0.000s  Memory: 843.00M
"^" in: xor.drc:38
    Polygons (raw): 0 (flat)  0 (hierarchical)
    Elapsed: 2.300s  Memory: 843.00M
XOR differences: 0
"output" in: xor.drc:40
    Polygons (raw): 0 (flat)  0 (hierarchical)
    Elapsed: 0.000s  Memory: 843.00M
--- Running XOR for 83/44 ---
"input" in: xor.drc:38
    Polygons (raw): 0 (flat)  0 (hierarchical)
    Elapsed: 0.000s  Memory: 843.00M
"input" in: xor.drc:38
    Polygons (raw): 0 (flat)  0 (hierarchical)
    Elapsed: 0.000s  Memory: 843.00M
"^" in: xor.drc:38
    Polygons (raw): 0 (flat)  0 (hierarchical)
    Elapsed: 0.440s  Memory: 843.00M
XOR differences: 0
"output" in: xor.drc:40
    Polygons (raw): 0 (flat)  0 (hierarchical)
    Elapsed: 0.000s  Memory: 843.00M
--- Running XOR for 93/44 ---
"input" in: xor.drc:38
    Polygons (raw): 198561 (flat)  207 (hierarchical)
    Elapsed: 0.010s  Memory: 843.00M
"input" in: xor.drc:38
    Polygons (raw): 397122 (flat)  414 (hierarchical)
    Elapsed: 0.000s  Memory: 843.00M
"^" in: xor.drc:38
    Polygons (raw): 0 (flat)  0 (hierarchical)
    Elapsed: 2.900s  Memory: 843.00M
XOR differences: 0
"output" in: xor.drc:40
    Polygons (raw): 0 (flat)  0 (hierarchical)
    Elapsed: 0.010s  Memory: 843.00M
--- Running XOR for 94/20 ---
"input" in: xor.drc:38
    Polygons (raw): 198561 (flat)  207 (hierarchical)
    Elapsed: 0.000s  Memory: 843.00M
"input" in: xor.drc:38
    Polygons (raw): 397122 (flat)  414 (hierarchical)
    Elapsed: 0.010s  Memory: 843.00M
"^" in: xor.drc:38
    Polygons (raw): 0 (flat)  0 (hierarchical)
    Elapsed: 3.210s  Memory: 843.00M
XOR differences: 0
"output" in: xor.drc:40
    Polygons (raw): 0 (flat)  0 (hierarchical)
    Elapsed: 0.010s  Memory: 843.00M
--- Running XOR for 95/20 ---
"input" in: xor.drc:38
    Polygons (raw): 124452 (flat)  223 (hierarchical)
    Elapsed: 0.000s  Memory: 843.00M
"input" in: xor.drc:38
    Polygons (raw): 248904 (flat)  446 (hierarchical)
    Elapsed: 0.000s  Memory: 843.00M
"^" in: xor.drc:38
    Polygons (raw): 0 (flat)  0 (hierarchical)
    Elapsed: 1.950s  Memory: 843.00M
XOR differences: 0
"output" in: xor.drc:40
    Polygons (raw): 0 (flat)  0 (hierarchical)
    Elapsed: 0.000s  Memory: 843.00M
Writing report database: /home/fatihgulakar/638_proje/shooting_game_verilog/openlane/user_project_wrapper/runs/user_project_wrapper/reports/finishing/user_project_wrapper.xor.xml ..
Total elapsed: 98.970s  Memory: 843.00M
