
 /----------------------------------------------------------------------------\
 |                                                                            |
 |  yosys -- Yosys Open SYnthesis Suite                                       |
 |                                                                            |
 |  Copyright (C) 2012 - 2020  Claire Xenia Wolf <claire@yosyshq.com>         |
 |                                                                            |
 |  Permission to use, copy, modify, and/or distribute this software for any  |
 |  purpose with or without fee is hereby granted, provided that the above    |
 |  copyright notice and this permission notice appear in all copies.         |
 |                                                                            |
 |  THE SOFTWARE IS PROVIDED "AS IS" AND THE AUTHOR DISCLAIMS ALL WARRANTIES  |
 |  WITH REGARD TO THIS SOFTWARE INCLUDING ALL IMPLIED WARRANTIES OF          |
 |  MERCHANTABILITY AND FITNESS. IN NO EVENT SHALL THE AUTHOR BE LIABLE FOR   |
 |  ANY SPECIAL, DIRECT, INDIRECT, OR CONSEQUENTIAL DAMAGES OR ANY DAMAGES    |
 |  WHATSOEVER RESULTING FROM LOSS OF USE, DATA OR PROFITS, WHETHER IN AN     |
 |  ACTION OF CONTRACT, NEGLIGENCE OR OTHER TORTIOUS ACTION, ARISING OUT OF   |
 |  OR IN CONNECTION WITH THE USE OR PERFORMANCE OF THIS SOFTWARE.            |
 |                                                                            |
 \----------------------------------------------------------------------------/

 Yosys 0.12+45 (git sha1 UNKNOWN, gcc 8.3.1 -fPIC -Os)

[TCL: yosys -import] Command name collision: found pre-existing command `cd' -> skip.
[TCL: yosys -import] Command name collision: found pre-existing command `eval' -> skip.
[TCL: yosys -import] Command name collision: found pre-existing command `exec' -> skip.
[TCL: yosys -import] Command name collision: found pre-existing command `read' -> skip.
[TCL: yosys -import] Command name collision: found pre-existing command `trace' -> skip.

1. Executing Verilog-2005 frontend: /home/fatihgulakar/638_proje/shooting_game_verilog/caravel/verilog/rtl/defines.v
Parsing Verilog input from `/home/fatihgulakar/638_proje/shooting_game_verilog/caravel/verilog/rtl/defines.v' to AST representation.
Successfully finished Verilog frontend.

2. Executing Verilog-2005 frontend: /home/fatihgulakar/638_proje/shooting_game_verilog/openlane/user_project_wrapper/../../verilog/rtl/user_proj_example.v
Parsing Verilog input from `/home/fatihgulakar/638_proje/shooting_game_verilog/openlane/user_project_wrapper/../../verilog/rtl/user_proj_example.v' to AST representation.
Generating RTLIL representation for module `\user_proj_example'.
Successfully finished Verilog frontend.

3. Executing Verilog-2005 frontend: /home/fatihgulakar/638_proje/shooting_game_verilog/caravel/verilog/rtl/defines.v
Parsing Verilog input from `/home/fatihgulakar/638_proje/shooting_game_verilog/caravel/verilog/rtl/defines.v' to AST representation.
Successfully finished Verilog frontend.

4. Executing Verilog-2005 frontend: /home/fatihgulakar/638_proje/shooting_game_verilog/openlane/user_project_wrapper/../../verilog/rtl/user_project_wrapper.v
Parsing Verilog input from `/home/fatihgulakar/638_proje/shooting_game_verilog/openlane/user_project_wrapper/../../verilog/rtl/user_project_wrapper.v' to AST representation.
Generating RTLIL representation for module `\user_project_wrapper'.
Successfully finished Verilog frontend.

5. Generating Graphviz representation of design.
Writing dot description to `/home/fatihgulakar/638_proje/shooting_game_verilog/openlane/user_project_wrapper/runs/user_project_wrapper/tmp/synthesis/hierarchy.dot'.
Dumping module user_project_wrapper to page 1.

6. Executing HIERARCHY pass (managing design hierarchy).

6.1. Analyzing design hierarchy..
Top module:  \user_project_wrapper

6.2. Analyzing design hierarchy..
Top module:  \user_project_wrapper
Removed 0 unused modules.

7. Printing statistics.

=== user_project_wrapper ===

   Number of wires:                 19
   Number of wire bits:            637
   Number of public wires:          19
   Number of public wire bits:     637
   Number of memories:               0
   Number of memory bits:            0
   Number of processes:              0
   Number of cells:                  1
     user_proj_example               1

8. Executing SPLITNETS pass (splitting up multi-bit signals).

9. Executing OPT_CLEAN pass (remove unused cells and wires).
Finding unused cells or wires in module \user_project_wrapper..

10. Executing CHECK pass (checking for obvious problems).
Checking module user_project_wrapper...
Found and reported 0 problems.

11. Printing statistics.

=== user_project_wrapper ===

   Number of wires:                 19
   Number of wire bits:            637
   Number of public wires:          19
   Number of public wire bits:     637
   Number of memories:               0
   Number of memory bits:            0
   Number of processes:              0
   Number of cells:                  1
     user_proj_example               1

   Area for cell type \user_proj_example is unknown!

12. Executing Verilog backend.
Dumping module `\user_project_wrapper'.

End of script. Logfile hash: c4c772bfe0, CPU: user 0.15s system 0.02s, MEM: 26.00 MB peak
Yosys 0.12+45 (git sha1 UNKNOWN, gcc 8.3.1 -fPIC -Os)
Time spent: 93% 2x stat (0 sec), 1% 2x write_verilog (0 sec), ...
