
===========================================================================
report_checks -path_delay max (Setup)
============================================================================
Startpoint: _16879_ (rising edge-triggered flip-flop clocked by wb_clk_i)
Endpoint: _16696_ (recovery check against rising-edge clock wb_clk_i)
Path Group: **async_default**
Path Type: max

Fanout     Cap    Slew   Delay    Time   Description
-----------------------------------------------------------------------------
                  0.15    0.00    0.00   clock wb_clk_i (rise edge)
                          0.00    0.00   clock network delay (ideal)
                  0.15    0.00    0.00 ^ _16879_/CLK (sky130_fd_sc_hd__dfxtp_2)
                  0.09    0.43    0.43 v _16879_/Q (sky130_fd_sc_hd__dfxtp_2)
     4    0.04                           game.color.reset (net)
                  0.09    0.00    0.43 v _12312_/A (sky130_fd_sc_hd__buf_1)
                  0.30    0.33    0.76 v _12312_/X (sky130_fd_sc_hd__buf_1)
     5    0.05                           _04426_ (net)
                  0.30    0.00    0.76 v _12404_/A (sky130_fd_sc_hd__buf_1)
                  0.12    0.27    1.03 v _12404_/X (sky130_fd_sc_hd__buf_1)
     5    0.02                           _04446_ (net)
                  0.12    0.00    1.03 v _12405_/A (sky130_fd_sc_hd__buf_1)
                  0.26    0.32    1.35 v _12405_/X (sky130_fd_sc_hd__buf_1)
     5    0.05                           _04447_ (net)
                  0.26    0.00    1.35 v _12407_/A (sky130_fd_sc_hd__inv_2)
                  0.07    0.12    1.47 ^ _12407_/Y (sky130_fd_sc_hd__inv_2)
     1    0.00                           _00327_ (net)
                  0.07    0.00    1.47 ^ _16696_/RESET_B (sky130_fd_sc_hd__dfrtp_2)
                                  1.47   data arrival time

                  0.15   10.00   10.00   clock wb_clk_i (rise edge)
                          0.00   10.00   clock network delay (ideal)
                         -0.25    9.75   clock uncertainty
                          0.00    9.75   clock reconvergence pessimism
                                  9.75 ^ _16696_/CLK (sky130_fd_sc_hd__dfrtp_2)
                          0.24    9.99   library recovery time
                                  9.99   data required time
-----------------------------------------------------------------------------
                                  9.99   data required time
                                 -1.47   data arrival time
-----------------------------------------------------------------------------
                                  8.53   slack (MET)


Startpoint: _16879_ (rising edge-triggered flip-flop clocked by wb_clk_i)
Endpoint: _16695_ (recovery check against rising-edge clock wb_clk_i)
Path Group: **async_default**
Path Type: max

Fanout     Cap    Slew   Delay    Time   Description
-----------------------------------------------------------------------------
                  0.15    0.00    0.00   clock wb_clk_i (rise edge)
                          0.00    0.00   clock network delay (ideal)
                  0.15    0.00    0.00 ^ _16879_/CLK (sky130_fd_sc_hd__dfxtp_2)
                  0.09    0.43    0.43 v _16879_/Q (sky130_fd_sc_hd__dfxtp_2)
     4    0.04                           game.color.reset (net)
                  0.09    0.00    0.43 v _12312_/A (sky130_fd_sc_hd__buf_1)
                  0.30    0.33    0.76 v _12312_/X (sky130_fd_sc_hd__buf_1)
     5    0.05                           _04426_ (net)
                  0.30    0.00    0.76 v _12404_/A (sky130_fd_sc_hd__buf_1)
                  0.12    0.27    1.03 v _12404_/X (sky130_fd_sc_hd__buf_1)
     5    0.02                           _04446_ (net)
                  0.12    0.00    1.03 v _12405_/A (sky130_fd_sc_hd__buf_1)
                  0.26    0.32    1.35 v _12405_/X (sky130_fd_sc_hd__buf_1)
     5    0.05                           _04447_ (net)
                  0.26    0.00    1.35 v _12406_/A (sky130_fd_sc_hd__inv_2)
                  0.07    0.11    1.46 ^ _12406_/Y (sky130_fd_sc_hd__inv_2)
     1    0.00                           _00326_ (net)
                  0.07    0.00    1.46 ^ _16695_/RESET_B (sky130_fd_sc_hd__dfrtp_2)
                                  1.46   data arrival time

                  0.15   10.00   10.00   clock wb_clk_i (rise edge)
                          0.00   10.00   clock network delay (ideal)
                         -0.25    9.75   clock uncertainty
                          0.00    9.75   clock reconvergence pessimism
                                  9.75 ^ _16695_/CLK (sky130_fd_sc_hd__dfrtp_2)
                          0.24    9.99   library recovery time
                                  9.99   data required time
-----------------------------------------------------------------------------
                                  9.99   data required time
                                 -1.46   data arrival time
-----------------------------------------------------------------------------
                                  8.53   slack (MET)


Startpoint: _16879_ (rising edge-triggered flip-flop clocked by wb_clk_i)
Endpoint: _16688_ (recovery check against rising-edge clock wb_clk_i)
Path Group: **async_default**
Path Type: max

Fanout     Cap    Slew   Delay    Time   Description
-----------------------------------------------------------------------------
                  0.15    0.00    0.00   clock wb_clk_i (rise edge)
                          0.00    0.00   clock network delay (ideal)
                  0.15    0.00    0.00 ^ _16879_/CLK (sky130_fd_sc_hd__dfxtp_2)
                  0.09    0.43    0.43 v _16879_/Q (sky130_fd_sc_hd__dfxtp_2)
     4    0.04                           game.color.reset (net)
                  0.09    0.00    0.43 v _12312_/A (sky130_fd_sc_hd__buf_1)
                  0.30    0.33    0.76 v _12312_/X (sky130_fd_sc_hd__buf_1)
     5    0.05                           _04426_ (net)
                  0.30    0.00    0.76 v _12373_/A (sky130_fd_sc_hd__buf_1)
                  0.16    0.30    1.05 v _12373_/X (sky130_fd_sc_hd__buf_1)
     5    0.03                           _04440_ (net)
                  0.16    0.00    1.06 v _12392_/A (sky130_fd_sc_hd__buf_1)
                  0.20    0.28    1.34 v _12392_/X (sky130_fd_sc_hd__buf_1)
     5    0.03                           _04444_ (net)
                  0.20    0.00    1.34 v _12396_/A (sky130_fd_sc_hd__inv_2)
                  0.06    0.10    1.44 ^ _12396_/Y (sky130_fd_sc_hd__inv_2)
     1    0.00                           _00319_ (net)
                  0.06    0.00    1.44 ^ _16688_/RESET_B (sky130_fd_sc_hd__dfrtp_2)
                                  1.44   data arrival time

                  0.15   10.00   10.00   clock wb_clk_i (rise edge)
                          0.00   10.00   clock network delay (ideal)
                         -0.25    9.75   clock uncertainty
                          0.00    9.75   clock reconvergence pessimism
                                  9.75 ^ _16688_/CLK (sky130_fd_sc_hd__dfrtp_2)
                          0.25   10.00   library recovery time
                                 10.00   data required time
-----------------------------------------------------------------------------
                                 10.00   data required time
                                 -1.44   data arrival time
-----------------------------------------------------------------------------
                                  8.56   slack (MET)


Startpoint: _16879_ (rising edge-triggered flip-flop clocked by wb_clk_i)
Endpoint: _16685_ (recovery check against rising-edge clock wb_clk_i)
Path Group: **async_default**
Path Type: max

Fanout     Cap    Slew   Delay    Time   Description
-----------------------------------------------------------------------------
                  0.15    0.00    0.00   clock wb_clk_i (rise edge)
                          0.00    0.00   clock network delay (ideal)
                  0.15    0.00    0.00 ^ _16879_/CLK (sky130_fd_sc_hd__dfxtp_2)
                  0.09    0.43    0.43 v _16879_/Q (sky130_fd_sc_hd__dfxtp_2)
     4    0.04                           game.color.reset (net)
                  0.09    0.00    0.43 v _12312_/A (sky130_fd_sc_hd__buf_1)
                  0.30    0.33    0.76 v _12312_/X (sky130_fd_sc_hd__buf_1)
     5    0.05                           _04426_ (net)
                  0.30    0.00    0.76 v _12373_/A (sky130_fd_sc_hd__buf_1)
                  0.16    0.30    1.05 v _12373_/X (sky130_fd_sc_hd__buf_1)
     5    0.03                           _04440_ (net)
                  0.16    0.00    1.06 v _12392_/A (sky130_fd_sc_hd__buf_1)
                  0.20    0.28    1.34 v _12392_/X (sky130_fd_sc_hd__buf_1)
     5    0.03                           _04444_ (net)
                  0.20    0.00    1.34 v _12393_/A (sky130_fd_sc_hd__inv_2)
                  0.06    0.10    1.44 ^ _12393_/Y (sky130_fd_sc_hd__inv_2)
     1    0.00                           _00316_ (net)
                  0.06    0.00    1.44 ^ _16685_/RESET_B (sky130_fd_sc_hd__dfrtp_2)
                                  1.44   data arrival time

                  0.15   10.00   10.00   clock wb_clk_i (rise edge)
                          0.00   10.00   clock network delay (ideal)
                         -0.25    9.75   clock uncertainty
                          0.00    9.75   clock reconvergence pessimism
                                  9.75 ^ _16685_/CLK (sky130_fd_sc_hd__dfrtp_2)
                          0.25   10.00   library recovery time
                                 10.00   data required time
-----------------------------------------------------------------------------
                                 10.00   data required time
                                 -1.44   data arrival time
-----------------------------------------------------------------------------
                                  8.56   slack (MET)


Startpoint: _16879_ (rising edge-triggered flip-flop clocked by wb_clk_i)
Endpoint: _16675_ (recovery check against rising-edge clock wb_clk_i)
Path Group: **async_default**
Path Type: max

Fanout     Cap    Slew   Delay    Time   Description
-----------------------------------------------------------------------------
                  0.15    0.00    0.00   clock wb_clk_i (rise edge)
                          0.00    0.00   clock network delay (ideal)
                  0.15    0.00    0.00 ^ _16879_/CLK (sky130_fd_sc_hd__dfxtp_2)
                  0.09    0.43    0.43 v _16879_/Q (sky130_fd_sc_hd__dfxtp_2)
     4    0.04                           game.color.reset (net)
                  0.09    0.00    0.43 v _12312_/A (sky130_fd_sc_hd__buf_1)
                  0.30    0.33    0.76 v _12312_/X (sky130_fd_sc_hd__buf_1)
     5    0.05                           _04426_ (net)
                  0.30    0.00    0.76 v _12373_/A (sky130_fd_sc_hd__buf_1)
                  0.16    0.30    1.05 v _12373_/X (sky130_fd_sc_hd__buf_1)
     5    0.03                           _04440_ (net)
                  0.16    0.00    1.06 v _12380_/A (sky130_fd_sc_hd__buf_1)
                  0.20    0.28    1.34 v _12380_/X (sky130_fd_sc_hd__buf_1)
     5    0.03                           _04442_ (net)
                  0.20    0.00    1.34 v _12381_/A (sky130_fd_sc_hd__inv_2)
                  0.06    0.10    1.44 ^ _12381_/Y (sky130_fd_sc_hd__inv_2)
     1    0.00                           _00306_ (net)
                  0.06    0.00    1.44 ^ _16675_/RESET_B (sky130_fd_sc_hd__dfrtp_2)
                                  1.44   data arrival time

                  0.15   10.00   10.00   clock wb_clk_i (rise edge)
                          0.00   10.00   clock network delay (ideal)
                         -0.25    9.75   clock uncertainty
                          0.00    9.75   clock reconvergence pessimism
                                  9.75 ^ _16675_/CLK (sky130_fd_sc_hd__dfrtp_2)
                          0.25   10.00   library recovery time
                                 10.00   data required time
-----------------------------------------------------------------------------
                                 10.00   data required time
                                 -1.44   data arrival time
-----------------------------------------------------------------------------
                                  8.56   slack (MET)


Startpoint: _16696_ (rising edge-triggered flip-flop clocked by wb_clk_i)
Endpoint: _16696_ (rising edge-triggered flip-flop clocked by wb_clk_i)
Path Group: wb_clk_i
Path Type: max

Fanout     Cap    Slew   Delay    Time   Description
-----------------------------------------------------------------------------
                  0.15    0.00    0.00   clock wb_clk_i (rise edge)
                          0.00    0.00   clock network delay (ideal)
                  0.15    0.00    0.00 ^ _16696_/CLK (sky130_fd_sc_hd__dfrtp_2)
                  5.01    3.96    3.96 ^ _16696_/Q (sky130_fd_sc_hd__dfrtp_2)
   187    1.09                           game.color.game_clk (net)
                  5.01    0.01    3.97 ^ _12310_/A (sky130_fd_sc_hd__xor2_2)
                  0.46    0.17    4.14 v _12310_/X (sky130_fd_sc_hd__xor2_2)
     1    0.00                           _00245_ (net)
                  0.46    0.00    4.14 v _16696_/D (sky130_fd_sc_hd__dfrtp_2)
                                  4.14   data arrival time

                  0.15   10.00   10.00   clock wb_clk_i (rise edge)
                          0.00   10.00   clock network delay (ideal)
                         -0.25    9.75   clock uncertainty
                          0.00    9.75   clock reconvergence pessimism
                                  9.75 ^ _16696_/CLK (sky130_fd_sc_hd__dfrtp_2)
                         -0.27    9.48   library setup time
                                  9.48   data required time
-----------------------------------------------------------------------------
                                  9.48   data required time
                                 -4.14   data arrival time
-----------------------------------------------------------------------------
                                  5.34   slack (MET)


Startpoint: wb_rst_i (input port clocked by wb_clk_i)
Endpoint: _16879_ (rising edge-triggered flip-flop clocked by wb_clk_i)
Path Group: wb_clk_i
Path Type: max

Fanout     Cap    Slew   Delay    Time   Description
-----------------------------------------------------------------------------
                  0.15    0.00    0.00   clock wb_clk_i (rise edge)
                          0.00    0.00   clock network delay (ideal)
                          2.00    2.00 ^ input external delay
                  0.52    0.40    2.40 ^ wb_rst_i (in)
     1    0.12                           wb_rst_i (net)
                  0.53    0.00    2.40 ^ _12412_/A1 (sky130_fd_sc_hd__mux2_2)
                  0.16    0.38    2.78 ^ _12412_/X (sky130_fd_sc_hd__mux2_2)
     1    0.03                           _04448_ (net)
                  0.16    0.00    2.78 ^ _12413_/A (sky130_fd_sc_hd__buf_1)
                  0.20    0.23    3.02 ^ _12413_/X (sky130_fd_sc_hd__buf_1)
     3    0.02                           _00685_ (net)
                  0.20    0.00    3.02 ^ _12675_/B (sky130_fd_sc_hd__xnor2_2)
                  0.12    0.14    3.16 ^ _12675_/Y (sky130_fd_sc_hd__xnor2_2)
     2    0.00                           _04538_ (net)
                  0.12    0.00    3.16 ^ _12679_/C_N (sky130_fd_sc_hd__or3b_2)
                  0.09    0.50    3.66 v _12679_/X (sky130_fd_sc_hd__or3b_2)
     2    0.01                           _04542_ (net)
                  0.09    0.00    3.66 v _12693_/S (sky130_fd_sc_hd__mux2_2)
                  0.05    0.30    3.96 v _12693_/X (sky130_fd_sc_hd__mux2_2)
     1    0.00                           _04551_ (net)
                  0.05    0.00    3.96 v _12694_/A (sky130_fd_sc_hd__buf_1)
                  0.03    0.09    4.05 v _12694_/X (sky130_fd_sc_hd__buf_1)
     1    0.00                           _00780_ (net)
                  0.03    0.00    4.05 v _16879_/D (sky130_fd_sc_hd__dfxtp_2)
                                  4.05   data arrival time

                  0.15   10.00   10.00   clock wb_clk_i (rise edge)
                          0.00   10.00   clock network delay (ideal)
                         -0.25    9.75   clock uncertainty
                          0.00    9.75   clock reconvergence pessimism
                                  9.75 ^ _16879_/CLK (sky130_fd_sc_hd__dfxtp_2)
                         -0.08    9.67   library setup time
                                  9.67   data required time
-----------------------------------------------------------------------------
                                  9.67   data required time
                                 -4.05   data arrival time
-----------------------------------------------------------------------------
                                  5.62   slack (MET)


Startpoint: _16888_ (rising edge-triggered flip-flop clocked by wb_clk_i)
Endpoint: la_data_out[2] (output port clocked by wb_clk_i)
Path Group: wb_clk_i
Path Type: max

Fanout     Cap    Slew   Delay    Time   Description
-----------------------------------------------------------------------------
                  0.15    0.00    0.00   clock wb_clk_i (rise edge)
                          0.00    0.00   clock network delay (ideal)
                  0.15    0.00    0.00 ^ _16888_/CLK (sky130_fd_sc_hd__dfxtp_2)
                  1.69    1.54    1.54 ^ _16888_/Q (sky130_fd_sc_hd__dfxtp_2)
     2    0.04                           io_out[15] (net)
                  1.70    0.09    1.63 ^ _17285_/A (sky130_fd_sc_hd__buf_2)
                  0.19    0.44    2.07 ^ _17285_/X (sky130_fd_sc_hd__buf_2)
     1    0.03                           la_data_out[2] (net)
                  0.19    0.00    2.07 ^ la_data_out[2] (out)
                                  2.07   data arrival time

                  0.15   10.00   10.00   clock wb_clk_i (rise edge)
                          0.00   10.00   clock network delay (ideal)
                         -0.25    9.75   clock uncertainty
                          0.00    9.75   clock reconvergence pessimism
                         -2.00    7.75   output external delay
                                  7.75   data required time
-----------------------------------------------------------------------------
                                  7.75   data required time
                                 -2.07   data arrival time
-----------------------------------------------------------------------------
                                  5.68   slack (MET)


Startpoint: _16676_ (rising edge-triggered flip-flop clocked by wb_clk_i)
Endpoint: _16695_ (rising edge-triggered flip-flop clocked by wb_clk_i)
Path Group: wb_clk_i
Path Type: max

Fanout     Cap    Slew   Delay    Time   Description
-----------------------------------------------------------------------------
                  0.15    0.00    0.00   clock wb_clk_i (rise edge)
                          0.00    0.00   clock network delay (ideal)
                  0.15    0.00    0.00 ^ _16676_/CLK (sky130_fd_sc_hd__dfrtp_2)
                  0.09    0.51    0.51 v _16676_/Q (sky130_fd_sc_hd__dfrtp_2)
     4    0.03                           game.freq_21.counter[0] (net)
                  0.09    0.00    0.51 v _12267_/A (sky130_fd_sc_hd__and3_2)
                  0.06    0.23    0.74 v _12267_/X (sky130_fd_sc_hd__and3_2)
     3    0.01                           _04401_ (net)
                  0.06    0.00    0.74 v _12270_/B (sky130_fd_sc_hd__and2_2)
                  0.08    0.26    1.00 v _12270_/X (sky130_fd_sc_hd__and2_2)
     4    0.02                           _04403_ (net)
                  0.08    0.00    1.00 v _12274_/C (sky130_fd_sc_hd__and3_2)
                  0.06    0.27    1.27 v _12274_/X (sky130_fd_sc_hd__and3_2)
     3    0.01                           _04405_ (net)
                  0.06    0.00    1.27 v _12277_/B (sky130_fd_sc_hd__and2_2)
                  0.08    0.26    1.53 v _12277_/X (sky130_fd_sc_hd__and2_2)
     4    0.02                           _04407_ (net)
                  0.08    0.00    1.53 v _12281_/C (sky130_fd_sc_hd__and3_2)
                  0.06    0.27    1.79 v _12281_/X (sky130_fd_sc_hd__and3_2)
     3    0.01                           _04409_ (net)
                  0.06    0.00    1.80 v _12284_/B (sky130_fd_sc_hd__and2_2)
                  0.08    0.26    2.05 v _12284_/X (sky130_fd_sc_hd__and2_2)
     4    0.02                           _04411_ (net)
                  0.08    0.00    2.05 v _12288_/C (sky130_fd_sc_hd__and3_2)
                  0.06    0.27    2.32 v _12288_/X (sky130_fd_sc_hd__and3_2)
     3    0.01                           _04413_ (net)
                  0.06    0.00    2.32 v _12291_/B (sky130_fd_sc_hd__and2_2)
                  0.08    0.26    2.58 v _12291_/X (sky130_fd_sc_hd__and2_2)
     4    0.02                           _04415_ (net)
                  0.08    0.00    2.58 v _12295_/C (sky130_fd_sc_hd__and3_2)
                  0.06    0.27    2.84 v _12295_/X (sky130_fd_sc_hd__and3_2)
     3    0.01                           _04417_ (net)
                  0.06    0.00    2.84 v _12298_/B (sky130_fd_sc_hd__and2_2)
                  0.08    0.26    3.10 v _12298_/X (sky130_fd_sc_hd__and2_2)
     4    0.02                           _04419_ (net)
                  0.08    0.00    3.11 v _12302_/C (sky130_fd_sc_hd__and3_2)
                  0.08    0.29    3.39 v _12302_/X (sky130_fd_sc_hd__and3_2)
     4    0.02                           _04421_ (net)
                  0.08    0.00    3.39 v _12306_/C (sky130_fd_sc_hd__and3_2)
                  0.06    0.26    3.65 v _12306_/X (sky130_fd_sc_hd__and3_2)
     2    0.01                           _04423_ (net)
                  0.06    0.00    3.65 v _12308_/A_N (sky130_fd_sc_hd__and2b_2)
                  0.04    0.22    3.87 ^ _12308_/X (sky130_fd_sc_hd__and2b_2)
     1    0.00                           _04425_ (net)
                  0.04    0.00    3.87 ^ _12309_/A (sky130_fd_sc_hd__buf_1)
                  0.04    0.08    3.95 ^ _12309_/X (sky130_fd_sc_hd__buf_1)
     1    0.00                           _00243_ (net)
                  0.04    0.00    3.95 ^ _16695_/D (sky130_fd_sc_hd__dfrtp_2)
                                  3.95   data arrival time

                  0.15   10.00   10.00   clock wb_clk_i (rise edge)
                          0.00   10.00   clock network delay (ideal)
                         -0.25    9.75   clock uncertainty
                          0.00    9.75   clock reconvergence pessimism
                                  9.75 ^ _16695_/CLK (sky130_fd_sc_hd__dfrtp_2)
                         -0.05    9.70   library setup time
                                  9.70   data required time
-----------------------------------------------------------------------------
                                  9.70   data required time
                                 -3.95   data arrival time
-----------------------------------------------------------------------------
                                  5.75   slack (MET)


Startpoint: _16889_ (rising edge-triggered flip-flop clocked by wb_clk_i)
Endpoint: la_data_out[3] (output port clocked by wb_clk_i)
Path Group: wb_clk_i
Path Type: max

Fanout     Cap    Slew   Delay    Time   Description
-----------------------------------------------------------------------------
                  0.15    0.00    0.00   clock wb_clk_i (rise edge)
                          0.00    0.00   clock network delay (ideal)
                  0.15    0.00    0.00 ^ _16889_/CLK (sky130_fd_sc_hd__dfxtp_2)
                  1.58    1.47    1.47 ^ _16889_/Q (sky130_fd_sc_hd__dfxtp_2)
     2    0.04                           io_out[16] (net)
                  1.59    0.08    1.56 ^ _17286_/A (sky130_fd_sc_hd__buf_2)
                  0.19    0.43    1.99 ^ _17286_/X (sky130_fd_sc_hd__buf_2)
     1    0.03                           la_data_out[3] (net)
                  0.19    0.00    1.99 ^ la_data_out[3] (out)
                                  1.99   data arrival time

                  0.15   10.00   10.00   clock wb_clk_i (rise edge)
                          0.00   10.00   clock network delay (ideal)
                         -0.25    9.75   clock uncertainty
                          0.00    9.75   clock reconvergence pessimism
                         -2.00    7.75   output external delay
                                  7.75   data required time
-----------------------------------------------------------------------------
                                  7.75   data required time
                                 -1.99   data arrival time
-----------------------------------------------------------------------------
                                  5.76   slack (MET)


