
===========================================================================
report_checks -path_delay min (Hold)
============================================================================
Startpoint: _16879_ (rising edge-triggered flip-flop clocked by wb_clk_i)
Endpoint: _16692_ (removal check against rising-edge clock wb_clk_i)
Path Group: **async_default**
Path Type: min

Fanout     Cap    Slew   Delay    Time   Description
-----------------------------------------------------------------------------
                  0.15    0.00    0.00   clock wb_clk_i (rise edge)
                          0.00    0.00   clock network delay (ideal)
                  0.15    0.00    0.00 ^ _16879_/CLK (sky130_fd_sc_hd__dfxtp_1)
                  0.08    0.36    0.36 v _16879_/Q (sky130_fd_sc_hd__dfxtp_1)
     2    0.02                           game.color.reset (net)
                  0.08    0.00    0.36 v _12312_/A (sky130_fd_sc_hd__buf_2)
                  0.06    0.16    0.52 v _12312_/X (sky130_fd_sc_hd__buf_2)
     3    0.02                           _04426_ (net)
                  0.06    0.00    0.52 v _12373_/A (sky130_fd_sc_hd__buf_2)
                  0.07    0.16    0.69 v _12373_/X (sky130_fd_sc_hd__buf_2)
     5    0.03                           _04440_ (net)
                  0.07    0.00    0.69 v _12398_/A (sky130_fd_sc_hd__buf_2)
                  0.08    0.17    0.86 v _12398_/X (sky130_fd_sc_hd__buf_2)
     5    0.03                           _04445_ (net)
                  0.08    0.00    0.86 v _12401_/A (sky130_fd_sc_hd__inv_2)
                  0.03    0.06    0.92 ^ _12401_/Y (sky130_fd_sc_hd__inv_2)
     1    0.00                           _00323_ (net)
                  0.03    0.00    0.92 ^ _16692_/RESET_B (sky130_fd_sc_hd__dfrtp_1)
                                  0.92   data arrival time

                  0.15    0.00    0.00   clock wb_clk_i (rise edge)
                          0.00    0.00   clock network delay (ideal)
                          0.25    0.25   clock uncertainty
                          0.00    0.25   clock reconvergence pessimism
                                  0.25 ^ _16692_/CLK (sky130_fd_sc_hd__dfrtp_1)
                          0.35    0.60   library removal time
                                  0.60   data required time
-----------------------------------------------------------------------------
                                  0.60   data required time
                                 -0.92   data arrival time
-----------------------------------------------------------------------------
                                  0.32   slack (MET)


Startpoint: _16879_ (rising edge-triggered flip-flop clocked by wb_clk_i)
Endpoint: _16694_ (removal check against rising-edge clock wb_clk_i)
Path Group: **async_default**
Path Type: min

Fanout     Cap    Slew   Delay    Time   Description
-----------------------------------------------------------------------------
                  0.15    0.00    0.00   clock wb_clk_i (rise edge)
                          0.00    0.00   clock network delay (ideal)
                  0.15    0.00    0.00 ^ _16879_/CLK (sky130_fd_sc_hd__dfxtp_1)
                  0.08    0.36    0.36 v _16879_/Q (sky130_fd_sc_hd__dfxtp_1)
     2    0.02                           game.color.reset (net)
                  0.08    0.00    0.36 v _12312_/A (sky130_fd_sc_hd__buf_2)
                  0.06    0.16    0.52 v _12312_/X (sky130_fd_sc_hd__buf_2)
     3    0.02                           _04426_ (net)
                  0.06    0.00    0.52 v _12373_/A (sky130_fd_sc_hd__buf_2)
                  0.07    0.16    0.69 v _12373_/X (sky130_fd_sc_hd__buf_2)
     5    0.03                           _04440_ (net)
                  0.07    0.00    0.69 v _12398_/A (sky130_fd_sc_hd__buf_2)
                  0.08    0.17    0.86 v _12398_/X (sky130_fd_sc_hd__buf_2)
     5    0.03                           _04445_ (net)
                  0.08    0.00    0.86 v _12403_/A (sky130_fd_sc_hd__inv_2)
                  0.03    0.06    0.92 ^ _12403_/Y (sky130_fd_sc_hd__inv_2)
     1    0.00                           _00325_ (net)
                  0.03    0.00    0.92 ^ _16694_/RESET_B (sky130_fd_sc_hd__dfrtp_1)
                                  0.92   data arrival time

                  0.15    0.00    0.00   clock wb_clk_i (rise edge)
                          0.00    0.00   clock network delay (ideal)
                          0.25    0.25   clock uncertainty
                          0.00    0.25   clock reconvergence pessimism
                                  0.25 ^ _16694_/CLK (sky130_fd_sc_hd__dfrtp_1)
                          0.35    0.60   library removal time
                                  0.60   data required time
-----------------------------------------------------------------------------
                                  0.60   data required time
                                 -0.92   data arrival time
-----------------------------------------------------------------------------
                                  0.32   slack (MET)


Startpoint: _16879_ (rising edge-triggered flip-flop clocked by wb_clk_i)
Endpoint: _16691_ (removal check against rising-edge clock wb_clk_i)
Path Group: **async_default**
Path Type: min

Fanout     Cap    Slew   Delay    Time   Description
-----------------------------------------------------------------------------
                  0.15    0.00    0.00   clock wb_clk_i (rise edge)
                          0.00    0.00   clock network delay (ideal)
                  0.15    0.00    0.00 ^ _16879_/CLK (sky130_fd_sc_hd__dfxtp_1)
                  0.08    0.36    0.36 v _16879_/Q (sky130_fd_sc_hd__dfxtp_1)
     2    0.02                           game.color.reset (net)
                  0.08    0.00    0.36 v _12312_/A (sky130_fd_sc_hd__buf_2)
                  0.06    0.16    0.52 v _12312_/X (sky130_fd_sc_hd__buf_2)
     3    0.02                           _04426_ (net)
                  0.06    0.00    0.52 v _12373_/A (sky130_fd_sc_hd__buf_2)
                  0.07    0.16    0.69 v _12373_/X (sky130_fd_sc_hd__buf_2)
     5    0.03                           _04440_ (net)
                  0.07    0.00    0.69 v _12398_/A (sky130_fd_sc_hd__buf_2)
                  0.08    0.17    0.86 v _12398_/X (sky130_fd_sc_hd__buf_2)
     5    0.03                           _04445_ (net)
                  0.08    0.00    0.86 v _12400_/A (sky130_fd_sc_hd__inv_2)
                  0.04    0.06    0.92 ^ _12400_/Y (sky130_fd_sc_hd__inv_2)
     1    0.00                           _00322_ (net)
                  0.04    0.00    0.92 ^ _16691_/RESET_B (sky130_fd_sc_hd__dfrtp_1)
                                  0.92   data arrival time

                  0.15    0.00    0.00   clock wb_clk_i (rise edge)
                          0.00    0.00   clock network delay (ideal)
                          0.25    0.25   clock uncertainty
                          0.00    0.25   clock reconvergence pessimism
                                  0.25 ^ _16691_/CLK (sky130_fd_sc_hd__dfrtp_1)
                          0.35    0.60   library removal time
                                  0.60   data required time
-----------------------------------------------------------------------------
                                  0.60   data required time
                                 -0.92   data arrival time
-----------------------------------------------------------------------------
                                  0.32   slack (MET)


Startpoint: _16879_ (rising edge-triggered flip-flop clocked by wb_clk_i)
Endpoint: _16690_ (removal check against rising-edge clock wb_clk_i)
Path Group: **async_default**
Path Type: min

Fanout     Cap    Slew   Delay    Time   Description
-----------------------------------------------------------------------------
                  0.15    0.00    0.00   clock wb_clk_i (rise edge)
                          0.00    0.00   clock network delay (ideal)
                  0.15    0.00    0.00 ^ _16879_/CLK (sky130_fd_sc_hd__dfxtp_1)
                  0.08    0.36    0.36 v _16879_/Q (sky130_fd_sc_hd__dfxtp_1)
     2    0.02                           game.color.reset (net)
                  0.08    0.00    0.36 v _12312_/A (sky130_fd_sc_hd__buf_2)
                  0.06    0.16    0.52 v _12312_/X (sky130_fd_sc_hd__buf_2)
     3    0.02                           _04426_ (net)
                  0.06    0.00    0.52 v _12373_/A (sky130_fd_sc_hd__buf_2)
                  0.07    0.16    0.69 v _12373_/X (sky130_fd_sc_hd__buf_2)
     5    0.03                           _04440_ (net)
                  0.07    0.00    0.69 v _12398_/A (sky130_fd_sc_hd__buf_2)
                  0.08    0.17    0.86 v _12398_/X (sky130_fd_sc_hd__buf_2)
     5    0.03                           _04445_ (net)
                  0.08    0.00    0.86 v _12399_/A (sky130_fd_sc_hd__inv_2)
                  0.04    0.06    0.92 ^ _12399_/Y (sky130_fd_sc_hd__inv_2)
     1    0.00                           _00321_ (net)
                  0.04    0.00    0.92 ^ _16690_/RESET_B (sky130_fd_sc_hd__dfrtp_1)
                                  0.92   data arrival time

                  0.15    0.00    0.00   clock wb_clk_i (rise edge)
                          0.00    0.00   clock network delay (ideal)
                          0.25    0.25   clock uncertainty
                          0.00    0.25   clock reconvergence pessimism
                                  0.25 ^ _16690_/CLK (sky130_fd_sc_hd__dfrtp_1)
                          0.35    0.60   library removal time
                                  0.60   data required time
-----------------------------------------------------------------------------
                                  0.60   data required time
                                 -0.92   data arrival time
-----------------------------------------------------------------------------
                                  0.32   slack (MET)


Startpoint: _16879_ (rising edge-triggered flip-flop clocked by wb_clk_i)
Endpoint: _16693_ (removal check against rising-edge clock wb_clk_i)
Path Group: **async_default**
Path Type: min

Fanout     Cap    Slew   Delay    Time   Description
-----------------------------------------------------------------------------
                  0.15    0.00    0.00   clock wb_clk_i (rise edge)
                          0.00    0.00   clock network delay (ideal)
                  0.15    0.00    0.00 ^ _16879_/CLK (sky130_fd_sc_hd__dfxtp_1)
                  0.08    0.36    0.36 v _16879_/Q (sky130_fd_sc_hd__dfxtp_1)
     2    0.02                           game.color.reset (net)
                  0.08    0.00    0.36 v _12312_/A (sky130_fd_sc_hd__buf_2)
                  0.06    0.16    0.52 v _12312_/X (sky130_fd_sc_hd__buf_2)
     3    0.02                           _04426_ (net)
                  0.06    0.00    0.52 v _12373_/A (sky130_fd_sc_hd__buf_2)
                  0.07    0.16    0.69 v _12373_/X (sky130_fd_sc_hd__buf_2)
     5    0.03                           _04440_ (net)
                  0.07    0.00    0.69 v _12398_/A (sky130_fd_sc_hd__buf_2)
                  0.08    0.17    0.86 v _12398_/X (sky130_fd_sc_hd__buf_2)
     5    0.03                           _04445_ (net)
                  0.08    0.00    0.86 v _12402_/A (sky130_fd_sc_hd__inv_2)
                  0.04    0.06    0.92 ^ _12402_/Y (sky130_fd_sc_hd__inv_2)
     1    0.00                           _00324_ (net)
                  0.04    0.00    0.92 ^ _16693_/RESET_B (sky130_fd_sc_hd__dfrtp_1)
                                  0.92   data arrival time

                  0.15    0.00    0.00   clock wb_clk_i (rise edge)
                          0.00    0.00   clock network delay (ideal)
                          0.25    0.25   clock uncertainty
                          0.00    0.25   clock reconvergence pessimism
                                  0.25 ^ _16693_/CLK (sky130_fd_sc_hd__dfrtp_1)
                          0.35    0.60   library removal time
                                  0.60   data required time
-----------------------------------------------------------------------------
                                  0.60   data required time
                                 -0.92   data arrival time
-----------------------------------------------------------------------------
                                  0.32   slack (MET)


Startpoint: _16674_ (rising edge-triggered flip-flop clocked by wb_clk_i)
Endpoint: _16674_ (rising edge-triggered flip-flop clocked by wb_clk_i)
Path Group: wb_clk_i
Path Type: min

Fanout     Cap    Slew   Delay    Time   Description
-----------------------------------------------------------------------------
                  0.15    0.00    0.00   clock wb_clk_i (rise edge)
                          0.00    0.00   clock network delay (ideal)
                  0.15    0.00    0.00 ^ _16674_/CLK (sky130_fd_sc_hd__dfrtp_1)
                  0.10    0.38    0.38 ^ _16674_/Q (sky130_fd_sc_hd__dfrtp_1)
     2    0.01                           game.freq_2.counter[0] (net)
                  0.10    0.00    0.38 ^ _10533_/A (sky130_fd_sc_hd__inv_2)
                  0.02    0.03    0.42 v _10533_/Y (sky130_fd_sc_hd__inv_2)
     1    0.00                           _00231_ (net)
                  0.02    0.00    0.42 v _16674_/D (sky130_fd_sc_hd__dfrtp_1)
                                  0.42   data arrival time

                  0.15    0.00    0.00   clock wb_clk_i (rise edge)
                          0.00    0.00   clock network delay (ideal)
                          0.25    0.25   clock uncertainty
                          0.00    0.25   clock reconvergence pessimism
                                  0.25 ^ _16674_/CLK (sky130_fd_sc_hd__dfrtp_1)
                         -0.01    0.24   library hold time
                                  0.24   data required time
-----------------------------------------------------------------------------
                                  0.24   data required time
                                 -0.42   data arrival time
-----------------------------------------------------------------------------
                                  0.18   slack (MET)


Startpoint: _16719_ (rising edge-triggered flip-flop clocked by wb_clk_i)
Endpoint: _16719_ (rising edge-triggered flip-flop clocked by wb_clk_i)
Path Group: wb_clk_i
Path Type: min

Fanout     Cap    Slew   Delay    Time   Description
-----------------------------------------------------------------------------
                  0.15    0.00    0.00   clock wb_clk_i (rise edge)
                          0.00    0.00   clock network delay (ideal)
                  0.15    0.00    0.00 ^ _16719_/CLK (sky130_fd_sc_hd__dfrtp_1)
                  0.12    0.40    0.40 ^ _16719_/Q (sky130_fd_sc_hd__dfrtp_1)
     3    0.01                           game.keyb.clk50 (net)
                  0.12    0.00    0.40 ^ _10532_/A (sky130_fd_sc_hd__inv_2)
                  0.03    0.03    0.43 v _10532_/Y (sky130_fd_sc_hd__inv_2)
     1    0.00                           _08321_ (net)
                  0.03    0.00    0.43 v _16719_/D (sky130_fd_sc_hd__dfrtp_1)
                                  0.43   data arrival time

                  0.15    0.00    0.00   clock wb_clk_i (rise edge)
                          0.00    0.00   clock network delay (ideal)
                          0.25    0.25   clock uncertainty
                          0.00    0.25   clock reconvergence pessimism
                                  0.25 ^ _16719_/CLK (sky130_fd_sc_hd__dfrtp_1)
                         -0.01    0.24   library hold time
                                  0.24   data required time
-----------------------------------------------------------------------------
                                  0.24   data required time
                                 -0.43   data arrival time
-----------------------------------------------------------------------------
                                  0.19   slack (MET)


Startpoint: _16878_ (rising edge-triggered flip-flop clocked by wb_clk_i)
Endpoint: _16878_ (rising edge-triggered flip-flop clocked by wb_clk_i)
Path Group: wb_clk_i
Path Type: min

Fanout     Cap    Slew   Delay    Time   Description
-----------------------------------------------------------------------------
                  0.15    0.00    0.00   clock wb_clk_i (rise edge)
                          0.00    0.00   clock network delay (ideal)
                  0.15    0.00    0.00 ^ _16878_/CLK (sky130_fd_sc_hd__dfxtp_1)
                  0.09    0.36    0.36 ^ _16878_/Q (sky130_fd_sc_hd__dfxtp_1)
     3    0.01                           game.debounce.cnt1[4] (net)
                  0.09    0.00    0.36 ^ _12692_/A1 (sky130_fd_sc_hd__o21ai_1)
                  0.04    0.07    0.42 v _12692_/Y (sky130_fd_sc_hd__o21ai_1)
     1    0.00                           _00779_ (net)
                  0.04    0.00    0.42 v _16878_/D (sky130_fd_sc_hd__dfxtp_1)
                                  0.42   data arrival time

                  0.15    0.00    0.00   clock wb_clk_i (rise edge)
                          0.00    0.00   clock network delay (ideal)
                          0.25    0.25   clock uncertainty
                          0.00    0.25   clock reconvergence pessimism
                                  0.25 ^ _16878_/CLK (sky130_fd_sc_hd__dfxtp_1)
                         -0.03    0.22   library hold time
                                  0.22   data required time
-----------------------------------------------------------------------------
                                  0.22   data required time
                                 -0.42   data arrival time
-----------------------------------------------------------------------------
                                  0.20   slack (MET)


Startpoint: _16676_ (rising edge-triggered flip-flop clocked by wb_clk_i)
Endpoint: _16676_ (rising edge-triggered flip-flop clocked by wb_clk_i)
Path Group: wb_clk_i
Path Type: min

Fanout     Cap    Slew   Delay    Time   Description
-----------------------------------------------------------------------------
                  0.15    0.00    0.00   clock wb_clk_i (rise edge)
                          0.00    0.00   clock network delay (ideal)
                  0.15    0.00    0.00 ^ _16676_/CLK (sky130_fd_sc_hd__dfrtp_2)
                  0.11    0.42    0.42 ^ _16676_/Q (sky130_fd_sc_hd__dfrtp_2)
     4    0.02                           game.freq_21.counter[0] (net)
                  0.11    0.00    0.42 ^ _10531_/A (sky130_fd_sc_hd__inv_2)
                  0.03    0.03    0.45 v _10531_/Y (sky130_fd_sc_hd__inv_2)
     1    0.00                           _00233_ (net)
                  0.03    0.00    0.45 v _16676_/D (sky130_fd_sc_hd__dfrtp_2)
                                  0.45   data arrival time

                  0.15    0.00    0.00   clock wb_clk_i (rise edge)
                          0.00    0.00   clock network delay (ideal)
                          0.25    0.25   clock uncertainty
                          0.00    0.25   clock reconvergence pessimism
                                  0.25 ^ _16676_/CLK (sky130_fd_sc_hd__dfrtp_2)
                         -0.01    0.24   library hold time
                                  0.24   data required time
-----------------------------------------------------------------------------
                                  0.24   data required time
                                 -0.45   data arrival time
-----------------------------------------------------------------------------
                                  0.21   slack (MET)


Startpoint: _16674_ (rising edge-triggered flip-flop clocked by wb_clk_i)
Endpoint: _16675_ (rising edge-triggered flip-flop clocked by wb_clk_i)
Path Group: wb_clk_i
Path Type: min

Fanout     Cap    Slew   Delay    Time   Description
-----------------------------------------------------------------------------
                  0.15    0.00    0.00   clock wb_clk_i (rise edge)
                          0.00    0.00   clock network delay (ideal)
                  0.15    0.00    0.00 ^ _16674_/CLK (sky130_fd_sc_hd__dfrtp_1)
                  0.10    0.38    0.38 ^ _16674_/Q (sky130_fd_sc_hd__dfrtp_1)
     2    0.01                           game.freq_2.counter[0] (net)
                  0.10    0.00    0.38 ^ _12311_/A (sky130_fd_sc_hd__xor2_1)
                  0.04    0.07    0.45 v _12311_/X (sky130_fd_sc_hd__xor2_1)
     1    0.00                           _00232_ (net)
                  0.04    0.00    0.45 v _16675_/D (sky130_fd_sc_hd__dfrtp_2)
                                  0.45   data arrival time

                  0.15    0.00    0.00   clock wb_clk_i (rise edge)
                          0.00    0.00   clock network delay (ideal)
                          0.25    0.25   clock uncertainty
                          0.00    0.25   clock reconvergence pessimism
                                  0.25 ^ _16675_/CLK (sky130_fd_sc_hd__dfrtp_2)
                         -0.01    0.24   library hold time
                                  0.24   data required time
-----------------------------------------------------------------------------
                                  0.24   data required time
                                 -0.45   data arrival time
-----------------------------------------------------------------------------
                                  0.22   slack (MET)


