
===========================================================================
report_checks -unconstrained
============================================================================
Startpoint: _16924_ (rising edge-triggered flip-flop clocked by wb_clk_i)
Endpoint: _16795_ (recovery check against rising-edge clock wb_clk_i)
Path Group: **async_default**
Path Type: max

Fanout     Cap    Slew   Delay    Time   Description
-----------------------------------------------------------------------------
                  0.15    0.00    0.00   clock wb_clk_i (rise edge)
                          0.00    0.00   clock network delay (ideal)
                  0.15    0.00    0.00 ^ _16924_/CLK (sky130_fd_sc_hd__dfxtp_1)
                  0.03    0.35    0.35 v _16924_/Q (sky130_fd_sc_hd__dfxtp_1)
     1    0.00                           game.color.reset (net)
                  0.03    0.00    0.35 v repeater2464/A (sky130_fd_sc_hd__buf_2)
                  0.08    0.17    0.52 v repeater2464/X (sky130_fd_sc_hd__buf_2)
     3    0.03                           net2464 (net)
                  0.08    0.00    0.52 v _12417_/A (sky130_fd_sc_hd__buf_6)
                  0.02    0.13    0.65 v _12417_/X (sky130_fd_sc_hd__buf_6)
     2    0.01                           _04494_ (net)
                  0.02    0.00    0.65 v repeater2352/A (sky130_fd_sc_hd__clkbuf_2)
                  0.08    0.14    0.80 v repeater2352/X (sky130_fd_sc_hd__clkbuf_2)
     1    0.02                           net2352 (net)
                  0.08    0.00    0.80 v repeater2351/A (sky130_fd_sc_hd__clkbuf_2)
                  0.08    0.17    0.96 v repeater2351/X (sky130_fd_sc_hd__clkbuf_2)
     1    0.02                           net2351 (net)
                  0.08    0.00    0.96 v repeater2350/A (sky130_fd_sc_hd__clkbuf_2)
                  0.08    0.17    1.13 v repeater2350/X (sky130_fd_sc_hd__clkbuf_2)
     1    0.02                           net2350 (net)
                  0.08    0.00    1.13 v repeater2349/A (sky130_fd_sc_hd__clkbuf_2)
                  0.09    0.18    1.31 v repeater2349/X (sky130_fd_sc_hd__clkbuf_2)
     3    0.02                           net2349 (net)
                  0.09    0.00    1.31 v repeater2348/A (sky130_fd_sc_hd__clkbuf_2)
                  0.09    0.18    1.50 v repeater2348/X (sky130_fd_sc_hd__clkbuf_2)
     2    0.02                           net2348 (net)
                  0.09    0.00    1.50 v _12509_/A (sky130_fd_sc_hd__buf_2)
                  0.08    0.20    1.70 v _12509_/X (sky130_fd_sc_hd__buf_2)
     5    0.03                           _04514_ (net)
                  0.08    0.00    1.70 v _12534_/A (sky130_fd_sc_hd__buf_2)
                  0.08    0.20    1.90 v _12534_/X (sky130_fd_sc_hd__buf_2)
     5    0.03                           _04519_ (net)
                  0.08    0.00    1.90 v _12539_/A (sky130_fd_sc_hd__inv_2)
                  0.07    0.09    1.99 ^ _12539_/Y (sky130_fd_sc_hd__inv_2)
     1    0.01                           _00349_ (net)
                  0.07    0.00    1.99 ^ _16795_/RESET_B (sky130_fd_sc_hd__dfrtp_1)
                                  1.99   data arrival time

                  0.15   10.00   10.00   clock wb_clk_i (rise edge)
                          0.00   10.00   clock network delay (ideal)
                         -0.25    9.75   clock uncertainty
                          0.00    9.75   clock reconvergence pessimism
                                  9.75 ^ _16795_/CLK (sky130_fd_sc_hd__dfrtp_1)
                          0.26   10.01   library recovery time
                                 10.01   data required time
-----------------------------------------------------------------------------
                                 10.01   data required time
                                 -1.99   data arrival time
-----------------------------------------------------------------------------
                                  8.02   slack (MET)


Startpoint: _16933_ (rising edge-triggered flip-flop clocked by wb_clk_i)
Endpoint: la_data_out[2] (output port clocked by wb_clk_i)
Path Group: wb_clk_i
Path Type: max

Fanout     Cap    Slew   Delay    Time   Description
-----------------------------------------------------------------------------
                  0.15    0.00    0.00   clock wb_clk_i (rise edge)
                          0.00    0.00   clock network delay (ideal)
                  0.15    0.00    0.00 ^ _16933_/CLK (sky130_fd_sc_hd__dfxtp_1)
                  0.13    0.42    0.42 ^ _16933_/Q (sky130_fd_sc_hd__dfxtp_1)
     2    0.01                           net12 (net)
                  0.13    0.00    0.42 ^ repeater2380/A (sky130_fd_sc_hd__clkbuf_2)
                  0.11    0.19    0.62 ^ repeater2380/X (sky130_fd_sc_hd__clkbuf_2)
     1    0.02                           net2380 (net)
                  0.11    0.00    0.62 ^ repeater2374/A (sky130_fd_sc_hd__clkbuf_2)
                  0.11    0.18    0.80 ^ repeater2374/X (sky130_fd_sc_hd__clkbuf_2)
     1    0.02                           net2374 (net)
                  0.11    0.00    0.80 ^ repeater2373/A (sky130_fd_sc_hd__clkbuf_2)
                  0.11    0.18    0.98 ^ repeater2373/X (sky130_fd_sc_hd__clkbuf_2)
     1    0.02                           net2373 (net)
                  0.11    0.00    0.98 ^ repeater2372/A (sky130_fd_sc_hd__clkbuf_2)
                  0.11    0.18    1.16 ^ repeater2372/X (sky130_fd_sc_hd__clkbuf_2)
     1    0.02                           net2372 (net)
                  0.11    0.00    1.17 ^ repeater2371/A (sky130_fd_sc_hd__clkbuf_2)
                  0.11    0.18    1.35 ^ repeater2371/X (sky130_fd_sc_hd__clkbuf_2)
     1    0.02                           net2371 (net)
                  0.11    0.00    1.35 ^ repeater2370/A (sky130_fd_sc_hd__clkbuf_2)
                  0.11    0.18    1.53 ^ repeater2370/X (sky130_fd_sc_hd__clkbuf_2)
     1    0.02                           net2370 (net)
                  0.11    0.00    1.53 ^ repeater2369/A (sky130_fd_sc_hd__clkbuf_2)
                  0.11    0.18    1.72 ^ repeater2369/X (sky130_fd_sc_hd__clkbuf_2)
     1    0.02                           net2369 (net)
                  0.11    0.00    1.72 ^ repeater2368/A (sky130_fd_sc_hd__clkbuf_2)
                  0.11    0.18    1.90 ^ repeater2368/X (sky130_fd_sc_hd__clkbuf_2)
     1    0.02                           net2368 (net)
                  0.11    0.00    1.90 ^ repeater2367/A (sky130_fd_sc_hd__clkbuf_2)
                  0.11    0.18    2.08 ^ repeater2367/X (sky130_fd_sc_hd__clkbuf_2)
     1    0.02                           net2367 (net)
                  0.11    0.00    2.08 ^ repeater2366/A (sky130_fd_sc_hd__clkbuf_2)
                  0.11    0.18    2.26 ^ repeater2366/X (sky130_fd_sc_hd__clkbuf_2)
     1    0.02                           net2366 (net)
                  0.11    0.00    2.26 ^ repeater2365/A (sky130_fd_sc_hd__clkbuf_2)
                  0.11    0.18    2.44 ^ repeater2365/X (sky130_fd_sc_hd__clkbuf_2)
     1    0.02                           net2365 (net)
                  0.11    0.00    2.45 ^ repeater2364/A (sky130_fd_sc_hd__clkbuf_2)
                  0.11    0.18    2.63 ^ repeater2364/X (sky130_fd_sc_hd__clkbuf_2)
     1    0.02                           net2364 (net)
                  0.11    0.00    2.63 ^ repeater2363/A (sky130_fd_sc_hd__clkbuf_2)
                  0.11    0.18    2.82 ^ repeater2363/X (sky130_fd_sc_hd__clkbuf_2)
     1    0.02                           net2363 (net)
                  0.11    0.00    2.82 ^ _17359_/A (sky130_fd_sc_hd__clkbuf_1)
                  0.05    0.10    2.92 ^ _17359_/X (sky130_fd_sc_hd__clkbuf_1)
     1    0.00                           net21 (net)
                  0.05    0.00    2.92 ^ output21/A (sky130_fd_sc_hd__buf_2)
                  0.17    0.21    3.13 ^ output21/X (sky130_fd_sc_hd__buf_2)
     1    0.03                           la_data_out[2] (net)
                  0.17    0.00    3.13 ^ la_data_out[2] (out)
                                  3.13   data arrival time

                  0.15   10.00   10.00   clock wb_clk_i (rise edge)
                          0.00   10.00   clock network delay (ideal)
                         -0.25    9.75   clock uncertainty
                          0.00    9.75   clock reconvergence pessimism
                         -2.00    7.75   output external delay
                                  7.75   data required time
-----------------------------------------------------------------------------
                                  7.75   data required time
                                 -3.13   data arrival time
-----------------------------------------------------------------------------
                                  4.62   slack (MET)



===========================================================================
report_checks --slack_max -0.01
============================================================================
No paths found.
