OpenROAD 8d53e9b018dec98fa63e907ddeb6c5406f035361 
This program is licensed under the BSD-3 license. See the LICENSE file for details.
Components of this program may be licensed under more restrictive licenses which must be honored.
[INFO ODB-0222] Reading LEF file: /home/fatihgulakar/638_proje/shooting_game_verilog/openlane/user_proj_example/runs/user_proj_example/tmp/merged_unpadded.lef
[INFO ODB-0223]     Created 13 technology layers
[INFO ODB-0224]     Created 25 technology vias
[INFO ODB-0225]     Created 441 library cells
[INFO ODB-0226] Finished LEF file:  /home/fatihgulakar/638_proje/shooting_game_verilog/openlane/user_proj_example/runs/user_proj_example/tmp/merged_unpadded.lef
[INFO ODB-0127] Reading DEF file: /home/fatihgulakar/638_proje/shooting_game_verilog/openlane/user_proj_example/runs/user_proj_example/tmp/routing/19-global.def
[INFO ODB-0128] Design: user_proj_example
[INFO ODB-0094] 		Created 100000 Insts
[INFO ODB-0130]     Created 609 pins.
[INFO ODB-0131]     Created 176846 components and 708841 component-terminals.
[INFO ODB-0132]     Created 2 special nets and 663896 connections.
[INFO ODB-0133]     Created 12083 nets and 44701 connections.
[INFO ODB-0134] Finished DEF file: /home/fatihgulakar/638_proje/shooting_game_verilog/openlane/user_proj_example/runs/user_proj_example/tmp/routing/19-global.def
[INFO ORD-0030] Using 4 thread(s).
[INFO DRT-0149] Reading tech and libs.

Units:                1000
Number of layers:     13
Number of macros:     441
Number of vias:       25
Number of viarulegen: 25

[INFO DRT-0150] Reading design.

Design:                   user_proj_example
Die area:                 ( 0 0 ) ( 1250000 1250000 )
Number of track patterns: 12
Number of DEF vias:       3
Number of components:     176846
Number of terminals:      609
Number of snets:          2
Number of nets:           12083

[INFO DRT-0167] List of default vias:
  Layer mcon
    default via: L1M1_PR
  Layer via
    default via: M1M2_PR
  Layer via2
    default via: M2M3_PR
  Layer via3
    default via: M3M4_PR
  Layer via4
    default via: M4M5_PR
[INFO DRT-0162] Library cell analysis.
[INFO DRT-0163] Instance analysis.
  Complete 10000 instances.
  Complete 20000 instances.
  Complete 30000 instances.
  Complete 40000 instances.
  Complete 50000 instances.
  Complete 60000 instances.
  Complete 70000 instances.
  Complete 80000 instances.
  Complete 90000 instances.
  Complete 100000 instances.
[INFO DRT-0164] Number of unique instances = 574.
[INFO DRT-0168] Init region query.
[INFO DRT-0018]   Complete 10000 insts.
[INFO DRT-0018]   Complete 20000 insts.
[INFO DRT-0018]   Complete 30000 insts.
[INFO DRT-0018]   Complete 40000 insts.
[INFO DRT-0018]   Complete 50000 insts.
[INFO DRT-0018]   Complete 60000 insts.
[INFO DRT-0018]   Complete 70000 insts.
[INFO DRT-0018]   Complete 80000 insts.
[INFO DRT-0018]   Complete 90000 insts.
[INFO DRT-0019]   Complete 100000 insts.
[INFO DRT-0024]   Complete FR_MASTERSLICE.
[INFO DRT-0024]   Complete FR_VIA.
[INFO DRT-0024]   Complete li1.
[INFO DRT-0024]   Complete mcon.
[INFO DRT-0024]   Complete met1.
[INFO DRT-0024]   Complete via.
[INFO DRT-0024]   Complete met2.
[INFO DRT-0024]   Complete via2.
[INFO DRT-0024]   Complete met3.
[INFO DRT-0024]   Complete via3.
[INFO DRT-0024]   Complete met4.
[INFO DRT-0024]   Complete via4.
[INFO DRT-0024]   Complete met5.
[INFO DRT-0033] FR_MASTERSLICE shape region query size = 0.
[INFO DRT-0033] FR_VIA shape region query size = 0.
[INFO DRT-0033] li1 shape region query size = 1092663.
[INFO DRT-0033] mcon shape region query size = 2433154.
[INFO DRT-0033] met1 shape region query size = 367193.
[INFO DRT-0033] via shape region query size = 18080.
[INFO DRT-0033] met2 shape region query size = 7751.
[INFO DRT-0033] via2 shape region query size = 14464.
[INFO DRT-0033] met3 shape region query size = 7320.
[INFO DRT-0033] via3 shape region query size = 14464.
[INFO DRT-0033] met4 shape region query size = 3648.
[INFO DRT-0033] via4 shape region query size = 0.
[INFO DRT-0033] met5 shape region query size = 0.
[INFO DRT-0165] Start pin access.
[INFO DRT-0076]   Complete 100 pins.
[INFO DRT-0076]   Complete 200 pins.
[INFO DRT-0076]   Complete 300 pins.
[INFO DRT-0076]   Complete 400 pins.
[INFO DRT-0076]   Complete 500 pins.
[INFO DRT-0076]   Complete 600 pins.
[INFO DRT-0076]   Complete 700 pins.
[INFO DRT-0076]   Complete 800 pins.
[INFO DRT-0076]   Complete 900 pins.
[INFO DRT-0077]   Complete 1000 pins.
[INFO DRT-0077]   Complete 2000 pins.
[INFO DRT-0078]   Complete 2332 pins.
[INFO DRT-0079]   Complete 100 unique inst patterns.
[INFO DRT-0079]   Complete 200 unique inst patterns.
[INFO DRT-0079]   Complete 300 unique inst patterns.
[INFO DRT-0079]   Complete 400 unique inst patterns.
[INFO DRT-0079]   Complete 500 unique inst patterns.
[INFO DRT-0081]   Complete 568 unique inst patterns.
[INFO DRT-0082]   Complete 1000 groups.
[INFO DRT-0082]   Complete 2000 groups.
[INFO DRT-0082]   Complete 3000 groups.
[INFO DRT-0082]   Complete 4000 groups.
[INFO DRT-0082]   Complete 5000 groups.
[INFO DRT-0082]   Complete 6000 groups.
[INFO DRT-0082]   Complete 7000 groups.
[INFO DRT-0082]   Complete 8000 groups.
[INFO DRT-0082]   Complete 9000 groups.
[INFO DRT-0083]   Complete 10000 groups.
[INFO DRT-0083]   Complete 20000 groups.
[INFO DRT-0084]   Complete 20128 groups.
#scanned instances     = 176846
#unique  instances     = 574
#stdCellGenAp          = 17176
#stdCellValidPlanarAp  = 171
#stdCellValidViaAp     = 13402
#stdCellPinNoAp        = 0
#stdCellPinCnt         = 44701
#instTermValidViaApCnt = 0
#macroGenAp            = 0
#macroValidPlanarAp    = 0
#macroValidViaAp       = 0
#macroNoAp             = 0
[INFO DRT-0166] Complete pin access.
[INFO DRT-0267] cpu time = 00:00:26, elapsed time = 00:00:06, memory = 710.06 (MB), peak = 795.07 (MB)
[INFO DRT-0151] Reading guide.

Number of guides:     98366

[INFO DRT-0169] Post process guides.
[INFO DRT-0176] GCELLGRID X 0 DO 181 STEP 6900 ;
[INFO DRT-0177] GCELLGRID Y 0 DO 181 STEP 6900 ;
[INFO DRT-0026]   Complete 10000 origin guides.
[INFO DRT-0026]   Complete 20000 origin guides.
[INFO DRT-0026]   Complete 30000 origin guides.
[INFO DRT-0026]   Complete 40000 origin guides.
[INFO DRT-0026]   Complete 50000 origin guides.
[INFO DRT-0026]   Complete 60000 origin guides.
[INFO DRT-0026]   Complete 70000 origin guides.
[INFO DRT-0026]   Complete 80000 origin guides.
[INFO DRT-0026]   Complete 90000 origin guides.
[INFO DRT-0028]   Complete FR_MASTERSLICE.
[INFO DRT-0028]   Complete FR_VIA.
[INFO DRT-0028]   Complete li1.
[INFO DRT-0028]   Complete mcon.
[INFO DRT-0028]   Complete met1.
[INFO DRT-0028]   Complete via.
[INFO DRT-0028]   Complete met2.
[INFO DRT-0028]   Complete via2.
[INFO DRT-0028]   Complete met3.
[INFO DRT-0028]   Complete via3.
[INFO DRT-0028]   Complete met4.
[INFO DRT-0028]   Complete via4.
[INFO DRT-0028]   Complete met5.
  complete 10000 nets.
[INFO DRT-0178] Init guide query.
[INFO DRT-0029]   Complete 10000 nets (guide).
[INFO DRT-0035]   Complete FR_MASTERSLICE (guide).
[INFO DRT-0035]   Complete FR_VIA (guide).
[INFO DRT-0035]   Complete li1 (guide).
[INFO DRT-0035]   Complete mcon (guide).
[INFO DRT-0035]   Complete met1 (guide).
[INFO DRT-0035]   Complete via (guide).
[INFO DRT-0035]   Complete met2 (guide).
[INFO DRT-0035]   Complete via2 (guide).
[INFO DRT-0035]   Complete met3 (guide).
[INFO DRT-0035]   Complete via3 (guide).
[INFO DRT-0035]   Complete met4 (guide).
[INFO DRT-0035]   Complete via4 (guide).
[INFO DRT-0035]   Complete met5 (guide).
[INFO DRT-0036] FR_MASTERSLICE guide region query size = 0.
[INFO DRT-0036] FR_VIA guide region query size = 0.
[INFO DRT-0036] li1 guide region query size = 36708.
[INFO DRT-0036] mcon guide region query size = 0.
[INFO DRT-0036] met1 guide region query size = 31248.
[INFO DRT-0036] via guide region query size = 0.
[INFO DRT-0036] met2 guide region query size = 16861.
[INFO DRT-0036] via2 guide region query size = 0.
[INFO DRT-0036] met3 guide region query size = 1141.
[INFO DRT-0036] via3 guide region query size = 0.
[INFO DRT-0036] met4 guide region query size = 244.
[INFO DRT-0036] via4 guide region query size = 0.
[INFO DRT-0036] met5 guide region query size = 0.
[INFO DRT-0179] Init gr pin query.
[INFO DRT-0185] Post process initialize RPin region query.
[INFO DRT-0181] Start track assignment.
[INFO DRT-0184] Done with 53813 vertical wires in 4 frboxes and 32389 horizontal wires in 4 frboxes.
[INFO DRT-0186] Done with 5330 vertical wires in 4 frboxes and 9092 horizontal wires in 4 frboxes.
[INFO DRT-0182] Complete track assignment.
[INFO DRT-0267] cpu time = 00:00:14, elapsed time = 00:00:05, memory = 818.17 (MB), peak = 1353.64 (MB)
[INFO DRT-0187] Start routing data preparation.
[INFO DRT-0267] cpu time = 00:00:00, elapsed time = 00:00:00, memory = 818.17 (MB), peak = 1353.64 (MB)
[INFO DRT-0194] Start detail routing.
[INFO DRT-0195] Start 0th optimization iteration.
    Completing 10% with 0 violations.
    elapsed time = 00:00:01, memory = 2483.09 (MB).
    Completing 20% with 0 violations.
    elapsed time = 00:00:07, memory = 4496.93 (MB).
    Completing 30% with 899 violations.
    elapsed time = 00:00:13, memory = 2520.22 (MB).
    Completing 40% with 899 violations.
    elapsed time = 00:00:17, memory = 3819.60 (MB).
    Completing 50% with 899 violations.
    elapsed time = 00:00:23, memory = 5401.94 (MB).
    Completing 60% with 2017 violations.
    elapsed time = 00:00:28, memory = 4021.84 (MB).
    Completing 70% with 2017 violations.
    elapsed time = 00:00:33, memory = 4860.88 (MB).
    Completing 80% with 2876 violations.
    elapsed time = 00:00:39, memory = 3406.44 (MB).
    Completing 90% with 2876 violations.
    elapsed time = 00:00:43, memory = 4131.71 (MB).
    Completing 100% with 3894 violations.
    elapsed time = 00:00:53, memory = 4220.28 (MB).
[INFO DRT-0199]   Number of violations = 5675.
[INFO DRT-0267] cpu time = 00:02:58, elapsed time = 00:00:53, memory = 4130.61 (MB), peak = 5402.01 (MB)
Total wire length = 671539 um.
Total wire length on LAYER li1 = 0 um.
Total wire length on LAYER met1 = 309532 um.
Total wire length on LAYER met2 = 309544 um.
Total wire length on LAYER met3 = 36856 um.
Total wire length on LAYER met4 = 15605 um.
Total wire length on LAYER met5 = 0 um.
Total number of vias = 94669.
Up-via summary (total 94669):.

------------------------
 FR_MASTERSLICE        0
            li1    44313
           met1    48107
           met2     1780
           met3      469
           met4        0
------------------------
                   94669


[INFO DRT-0195] Start 1st optimization iteration.
    Completing 10% with 5675 violations.
    elapsed time = 00:00:01, memory = 4269.06 (MB).
    Completing 20% with 5675 violations.
    elapsed time = 00:00:08, memory = 4990.48 (MB).
    Completing 30% with 4559 violations.
    elapsed time = 00:00:15, memory = 4472.10 (MB).
    Completing 40% with 4559 violations.
    elapsed time = 00:00:19, memory = 4512.79 (MB).
    Completing 50% with 4559 violations.
    elapsed time = 00:00:26, memory = 5355.14 (MB).
    Completing 60% with 3611 violations.
    elapsed time = 00:00:30, memory = 4553.91 (MB).
    Completing 70% with 3611 violations.
    elapsed time = 00:00:36, memory = 4949.85 (MB).
    Completing 80% with 2741 violations.
    elapsed time = 00:00:42, memory = 4553.75 (MB).
    Completing 90% with 2741 violations.
    elapsed time = 00:00:46, memory = 4553.93 (MB).
    Completing 100% with 1680 violations.
    elapsed time = 00:00:54, memory = 4780.27 (MB).
[INFO DRT-0199]   Number of violations = 1680.
[INFO DRT-0267] cpu time = 00:03:00, elapsed time = 00:00:54, memory = 4786.20 (MB), peak = 5632.84 (MB)
Total wire length = 668377 um.
Total wire length on LAYER li1 = 0 um.
Total wire length on LAYER met1 = 308453 um.
Total wire length on LAYER met2 = 307635 um.
Total wire length on LAYER met3 = 36711 um.
Total wire length on LAYER met4 = 15577 um.
Total wire length on LAYER met5 = 0 um.
Total number of vias = 94051.
Up-via summary (total 94051):.

------------------------
 FR_MASTERSLICE        0
            li1    44280
           met1    47545
           met2     1758
           met3      468
           met4        0
------------------------
                   94051


[INFO DRT-0195] Start 2nd optimization iteration.
    Completing 10% with 1680 violations.
    elapsed time = 00:00:00, memory = 4786.30 (MB).
    Completing 20% with 1680 violations.
    elapsed time = 00:00:04, memory = 4774.06 (MB).
    Completing 30% with 1613 violations.
    elapsed time = 00:00:08, memory = 4774.06 (MB).
    Completing 40% with 1613 violations.
    elapsed time = 00:00:10, memory = 4774.06 (MB).
    Completing 50% with 1613 violations.
    elapsed time = 00:00:14, memory = 4774.18 (MB).
    Completing 60% with 1523 violations.
    elapsed time = 00:00:15, memory = 4774.18 (MB).
    Completing 70% with 1523 violations.
    elapsed time = 00:00:20, memory = 4774.18 (MB).
    Completing 80% with 1529 violations.
    elapsed time = 00:00:25, memory = 4774.18 (MB).
    Completing 90% with 1529 violations.
    elapsed time = 00:00:27, memory = 4774.18 (MB).
    Completing 100% with 1552 violations.
    elapsed time = 00:00:33, memory = 4774.18 (MB).
[INFO DRT-0199]   Number of violations = 1552.
[INFO DRT-0267] cpu time = 00:01:56, elapsed time = 00:00:34, memory = 4774.18 (MB), peak = 5632.84 (MB)
Total wire length = 667496 um.
Total wire length on LAYER li1 = 0 um.
Total wire length on LAYER met1 = 307952 um.
Total wire length on LAYER met2 = 307288 um.
Total wire length on LAYER met3 = 36689 um.
Total wire length on LAYER met4 = 15565 um.
Total wire length on LAYER met5 = 0 um.
Total number of vias = 93641.
Up-via summary (total 93641):.

------------------------
 FR_MASTERSLICE        0
            li1    44280
           met1    47124
           met2     1770
           met3      467
           met4        0
------------------------
                   93641


[INFO DRT-0195] Start 3rd optimization iteration.
    Completing 10% with 1552 violations.
    elapsed time = 00:00:00, memory = 4774.18 (MB).
    Completing 20% with 1552 violations.
    elapsed time = 00:00:04, memory = 4774.18 (MB).
    Completing 30% with 1168 violations.
    elapsed time = 00:00:09, memory = 4774.18 (MB).
    Completing 40% with 1168 violations.
    elapsed time = 00:00:11, memory = 4774.18 (MB).
    Completing 50% with 1168 violations.
    elapsed time = 00:00:19, memory = 4774.18 (MB).
    Completing 60% with 769 violations.
    elapsed time = 00:00:20, memory = 4774.18 (MB).
    Completing 70% with 769 violations.
    elapsed time = 00:00:23, memory = 4774.18 (MB).
    Completing 80% with 432 violations.
    elapsed time = 00:00:28, memory = 4774.18 (MB).
    Completing 90% with 432 violations.
    elapsed time = 00:00:30, memory = 4774.18 (MB).
    Completing 100% with 134 violations.
    elapsed time = 00:00:35, memory = 4774.18 (MB).
[INFO DRT-0199]   Number of violations = 134.
[INFO DRT-0267] cpu time = 00:01:50, elapsed time = 00:00:35, memory = 4774.18 (MB), peak = 5632.84 (MB)
Total wire length = 667352 um.
Total wire length on LAYER li1 = 0 um.
Total wire length on LAYER met1 = 304635 um.
Total wire length on LAYER met2 = 307908 um.
Total wire length on LAYER met3 = 39241 um.
Total wire length on LAYER met4 = 15566 um.
Total wire length on LAYER met5 = 0 um.
Total number of vias = 94674.
Up-via summary (total 94674):.

------------------------
 FR_MASTERSLICE        0
            li1    44280
           met1    47810
           met2     2116
           met3      468
           met4        0
------------------------
                   94674


[INFO DRT-0195] Start 4th optimization iteration.
    Completing 10% with 134 violations.
    elapsed time = 00:00:00, memory = 4774.18 (MB).
    Completing 20% with 134 violations.
    elapsed time = 00:00:00, memory = 4774.18 (MB).
    Completing 30% with 98 violations.
    elapsed time = 00:00:03, memory = 4774.18 (MB).
    Completing 40% with 98 violations.
    elapsed time = 00:00:03, memory = 4774.18 (MB).
    Completing 50% with 98 violations.
    elapsed time = 00:00:04, memory = 4774.18 (MB).
    Completing 60% with 68 violations.
    elapsed time = 00:00:04, memory = 4774.18 (MB).
    Completing 70% with 68 violations.
    elapsed time = 00:00:04, memory = 4774.18 (MB).
    Completing 80% with 21 violations.
    elapsed time = 00:00:08, memory = 4774.18 (MB).
    Completing 90% with 21 violations.
    elapsed time = 00:00:08, memory = 4774.18 (MB).
    Completing 100% with 4 violations.
    elapsed time = 00:00:10, memory = 4774.18 (MB).
[INFO DRT-0199]   Number of violations = 4.
[INFO DRT-0267] cpu time = 00:00:18, elapsed time = 00:00:10, memory = 4774.20 (MB), peak = 5632.84 (MB)
Total wire length = 667301 um.
Total wire length on LAYER li1 = 0 um.
Total wire length on LAYER met1 = 304530 um.
Total wire length on LAYER met2 = 307902 um.
Total wire length on LAYER met3 = 39282 um.
Total wire length on LAYER met4 = 15587 um.
Total wire length on LAYER met5 = 0 um.
Total number of vias = 94700.
Up-via summary (total 94700):.

------------------------
 FR_MASTERSLICE        0
            li1    44280
           met1    47831
           met2     2119
           met3      470
           met4        0
------------------------
                   94700


[INFO DRT-0195] Start 5th optimization iteration.
    Completing 10% with 4 violations.
    elapsed time = 00:00:00, memory = 4774.20 (MB).
    Completing 20% with 4 violations.
    elapsed time = 00:00:00, memory = 4774.20 (MB).
    Completing 30% with 4 violations.
    elapsed time = 00:00:00, memory = 4774.20 (MB).
    Completing 40% with 4 violations.
    elapsed time = 00:00:00, memory = 4774.20 (MB).
    Completing 50% with 4 violations.
    elapsed time = 00:00:00, memory = 4774.20 (MB).
    Completing 60% with 4 violations.
    elapsed time = 00:00:00, memory = 4774.20 (MB).
    Completing 70% with 4 violations.
    elapsed time = 00:00:00, memory = 4774.20 (MB).
    Completing 80% with 1 violations.
    elapsed time = 00:00:03, memory = 4774.20 (MB).
    Completing 90% with 1 violations.
    elapsed time = 00:00:03, memory = 4774.20 (MB).
    Completing 100% with 1 violations.
    elapsed time = 00:00:03, memory = 4774.20 (MB).
[INFO DRT-0199]   Number of violations = 1.
[INFO DRT-0267] cpu time = 00:00:03, elapsed time = 00:00:03, memory = 4774.20 (MB), peak = 5632.84 (MB)
Total wire length = 667304 um.
Total wire length on LAYER li1 = 0 um.
Total wire length on LAYER met1 = 304495 um.
Total wire length on LAYER met2 = 307904 um.
Total wire length on LAYER met3 = 39316 um.
Total wire length on LAYER met4 = 15587 um.
Total wire length on LAYER met5 = 0 um.
Total number of vias = 94703.
Up-via summary (total 94703):.

------------------------
 FR_MASTERSLICE        0
            li1    44280
           met1    47830
           met2     2123
           met3      470
           met4        0
------------------------
                   94703


[INFO DRT-0195] Start 6th optimization iteration.
    Completing 10% with 1 violations.
    elapsed time = 00:00:00, memory = 4774.20 (MB).
    Completing 20% with 1 violations.
    elapsed time = 00:00:00, memory = 4774.20 (MB).
    Completing 30% with 1 violations.
    elapsed time = 00:00:00, memory = 4774.20 (MB).
    Completing 40% with 1 violations.
    elapsed time = 00:00:00, memory = 4774.20 (MB).
    Completing 50% with 1 violations.
    elapsed time = 00:00:00, memory = 4774.20 (MB).
    Completing 60% with 1 violations.
    elapsed time = 00:00:00, memory = 4774.20 (MB).
    Completing 70% with 1 violations.
    elapsed time = 00:00:00, memory = 4774.20 (MB).
    Completing 80% with 1 violations.
    elapsed time = 00:00:00, memory = 4774.20 (MB).
    Completing 90% with 1 violations.
    elapsed time = 00:00:00, memory = 4774.20 (MB).
    Completing 100% with 0 violations.
    elapsed time = 00:00:00, memory = 4774.20 (MB).
[INFO DRT-0199]   Number of violations = 0.
[INFO DRT-0267] cpu time = 00:00:00, elapsed time = 00:00:00, memory = 4774.20 (MB), peak = 5632.84 (MB)
Total wire length = 667305 um.
Total wire length on LAYER li1 = 0 um.
Total wire length on LAYER met1 = 304496 um.
Total wire length on LAYER met2 = 307905 um.
Total wire length on LAYER met3 = 39316 um.
Total wire length on LAYER met4 = 15587 um.
Total wire length on LAYER met5 = 0 um.
Total number of vias = 94704.
Up-via summary (total 94704):.

------------------------
 FR_MASTERSLICE        0
            li1    44280
           met1    47831
           met2     2123
           met3      470
           met4        0
------------------------
                   94704


[INFO DRT-0195] Start 17th optimization iteration.
    Completing 10% with 0 violations.
    elapsed time = 00:00:00, memory = 4774.20 (MB).
    Completing 20% with 0 violations.
    elapsed time = 00:00:00, memory = 4774.20 (MB).
    Completing 30% with 0 violations.
    elapsed time = 00:00:00, memory = 4774.20 (MB).
    Completing 40% with 0 violations.
    elapsed time = 00:00:00, memory = 4774.20 (MB).
    Completing 50% with 0 violations.
    elapsed time = 00:00:00, memory = 4774.20 (MB).
    Completing 60% with 0 violations.
    elapsed time = 00:00:00, memory = 4774.20 (MB).
    Completing 70% with 0 violations.
    elapsed time = 00:00:00, memory = 4774.20 (MB).
    Completing 80% with 0 violations.
    elapsed time = 00:00:00, memory = 4774.20 (MB).
    Completing 90% with 0 violations.
    elapsed time = 00:00:00, memory = 4774.20 (MB).
    Completing 100% with 0 violations.
    elapsed time = 00:00:00, memory = 4774.20 (MB).
[INFO DRT-0199]   Number of violations = 0.
[INFO DRT-0267] cpu time = 00:00:00, elapsed time = 00:00:00, memory = 4774.20 (MB), peak = 5632.84 (MB)
Total wire length = 667305 um.
Total wire length on LAYER li1 = 0 um.
Total wire length on LAYER met1 = 304496 um.
Total wire length on LAYER met2 = 307905 um.
Total wire length on LAYER met3 = 39316 um.
Total wire length on LAYER met4 = 15587 um.
Total wire length on LAYER met5 = 0 um.
Total number of vias = 94704.
Up-via summary (total 94704):.

------------------------
 FR_MASTERSLICE        0
            li1    44280
           met1    47831
           met2     2123
           met3      470
           met4        0
------------------------
                   94704


[INFO DRT-0195] Start 25th optimization iteration.
    Completing 10% with 0 violations.
    elapsed time = 00:00:00, memory = 4774.20 (MB).
    Completing 20% with 0 violations.
    elapsed time = 00:00:00, memory = 4774.20 (MB).
    Completing 30% with 0 violations.
    elapsed time = 00:00:00, memory = 4774.20 (MB).
    Completing 40% with 0 violations.
    elapsed time = 00:00:00, memory = 4774.20 (MB).
    Completing 50% with 0 violations.
    elapsed time = 00:00:00, memory = 4774.20 (MB).
    Completing 60% with 0 violations.
    elapsed time = 00:00:00, memory = 4774.20 (MB).
    Completing 70% with 0 violations.
    elapsed time = 00:00:00, memory = 4774.20 (MB).
    Completing 80% with 0 violations.
    elapsed time = 00:00:00, memory = 4774.20 (MB).
    Completing 90% with 0 violations.
    elapsed time = 00:00:00, memory = 4774.20 (MB).
    Completing 100% with 0 violations.
    elapsed time = 00:00:00, memory = 4774.20 (MB).
[INFO DRT-0199]   Number of violations = 0.
[INFO DRT-0267] cpu time = 00:00:00, elapsed time = 00:00:00, memory = 4774.20 (MB), peak = 5632.84 (MB)
Total wire length = 667305 um.
Total wire length on LAYER li1 = 0 um.
Total wire length on LAYER met1 = 304496 um.
Total wire length on LAYER met2 = 307905 um.
Total wire length on LAYER met3 = 39316 um.
Total wire length on LAYER met4 = 15587 um.
Total wire length on LAYER met5 = 0 um.
Total number of vias = 94704.
Up-via summary (total 94704):.

------------------------
 FR_MASTERSLICE        0
            li1    44280
           met1    47831
           met2     2123
           met3      470
           met4        0
------------------------
                   94704


[INFO DRT-0195] Start 33rd optimization iteration.
    Completing 10% with 0 violations.
    elapsed time = 00:00:00, memory = 4774.20 (MB).
    Completing 20% with 0 violations.
    elapsed time = 00:00:00, memory = 4774.20 (MB).
    Completing 30% with 0 violations.
    elapsed time = 00:00:00, memory = 4774.20 (MB).
    Completing 40% with 0 violations.
    elapsed time = 00:00:00, memory = 4774.20 (MB).
    Completing 50% with 0 violations.
    elapsed time = 00:00:00, memory = 4774.20 (MB).
    Completing 60% with 0 violations.
    elapsed time = 00:00:00, memory = 4774.20 (MB).
    Completing 70% with 0 violations.
    elapsed time = 00:00:00, memory = 4774.20 (MB).
    Completing 80% with 0 violations.
    elapsed time = 00:00:00, memory = 4774.20 (MB).
    Completing 90% with 0 violations.
    elapsed time = 00:00:00, memory = 4774.20 (MB).
    Completing 100% with 0 violations.
    elapsed time = 00:00:00, memory = 4774.20 (MB).
[INFO DRT-0199]   Number of violations = 0.
[INFO DRT-0267] cpu time = 00:00:00, elapsed time = 00:00:00, memory = 4774.20 (MB), peak = 5632.84 (MB)
Total wire length = 667305 um.
Total wire length on LAYER li1 = 0 um.
Total wire length on LAYER met1 = 304496 um.
Total wire length on LAYER met2 = 307905 um.
Total wire length on LAYER met3 = 39316 um.
Total wire length on LAYER met4 = 15587 um.
Total wire length on LAYER met5 = 0 um.
Total number of vias = 94704.
Up-via summary (total 94704):.

------------------------
 FR_MASTERSLICE        0
            li1    44280
           met1    47831
           met2     2123
           met3      470
           met4        0
------------------------
                   94704


[INFO DRT-0195] Start 41st optimization iteration.
    Completing 10% with 0 violations.
    elapsed time = 00:00:00, memory = 4774.20 (MB).
    Completing 20% with 0 violations.
    elapsed time = 00:00:00, memory = 4774.20 (MB).
    Completing 30% with 0 violations.
    elapsed time = 00:00:00, memory = 4774.20 (MB).
    Completing 40% with 0 violations.
    elapsed time = 00:00:00, memory = 4774.20 (MB).
    Completing 50% with 0 violations.
    elapsed time = 00:00:00, memory = 4774.20 (MB).
    Completing 60% with 0 violations.
    elapsed time = 00:00:00, memory = 4774.20 (MB).
    Completing 70% with 0 violations.
    elapsed time = 00:00:00, memory = 4774.20 (MB).
    Completing 80% with 0 violations.
    elapsed time = 00:00:00, memory = 4774.20 (MB).
    Completing 90% with 0 violations.
    elapsed time = 00:00:00, memory = 4774.20 (MB).
    Completing 100% with 0 violations.
    elapsed time = 00:00:00, memory = 4774.20 (MB).
[INFO DRT-0199]   Number of violations = 0.
[INFO DRT-0267] cpu time = 00:00:00, elapsed time = 00:00:00, memory = 4774.20 (MB), peak = 5632.84 (MB)
Total wire length = 667305 um.
Total wire length on LAYER li1 = 0 um.
Total wire length on LAYER met1 = 304496 um.
Total wire length on LAYER met2 = 307905 um.
Total wire length on LAYER met3 = 39316 um.
Total wire length on LAYER met4 = 15587 um.
Total wire length on LAYER met5 = 0 um.
Total number of vias = 94704.
Up-via summary (total 94704):.

------------------------
 FR_MASTERSLICE        0
            li1    44280
           met1    47831
           met2     2123
           met3      470
           met4        0
------------------------
                   94704


[INFO DRT-0195] Start 49th optimization iteration.
    Completing 10% with 0 violations.
    elapsed time = 00:00:00, memory = 4774.20 (MB).
    Completing 20% with 0 violations.
    elapsed time = 00:00:00, memory = 4774.20 (MB).
    Completing 30% with 0 violations.
    elapsed time = 00:00:00, memory = 4774.20 (MB).
    Completing 40% with 0 violations.
    elapsed time = 00:00:00, memory = 4774.20 (MB).
    Completing 50% with 0 violations.
    elapsed time = 00:00:00, memory = 4774.20 (MB).
    Completing 60% with 0 violations.
    elapsed time = 00:00:00, memory = 4774.20 (MB).
    Completing 70% with 0 violations.
    elapsed time = 00:00:00, memory = 4774.20 (MB).
    Completing 80% with 0 violations.
    elapsed time = 00:00:00, memory = 4774.20 (MB).
    Completing 90% with 0 violations.
    elapsed time = 00:00:00, memory = 4774.20 (MB).
    Completing 100% with 0 violations.
    elapsed time = 00:00:00, memory = 4774.20 (MB).
[INFO DRT-0199]   Number of violations = 0.
[INFO DRT-0267] cpu time = 00:00:00, elapsed time = 00:00:00, memory = 4774.20 (MB), peak = 5632.84 (MB)
Total wire length = 667305 um.
Total wire length on LAYER li1 = 0 um.
Total wire length on LAYER met1 = 304496 um.
Total wire length on LAYER met2 = 307905 um.
Total wire length on LAYER met3 = 39316 um.
Total wire length on LAYER met4 = 15587 um.
Total wire length on LAYER met5 = 0 um.
Total number of vias = 94704.
Up-via summary (total 94704):.

------------------------
 FR_MASTERSLICE        0
            li1    44280
           met1    47831
           met2     2123
           met3      470
           met4        0
------------------------
                   94704


[INFO DRT-0195] Start 57th optimization iteration.
    Completing 10% with 0 violations.
    elapsed time = 00:00:00, memory = 4774.20 (MB).
    Completing 20% with 0 violations.
    elapsed time = 00:00:00, memory = 4774.20 (MB).
    Completing 30% with 0 violations.
    elapsed time = 00:00:00, memory = 4774.20 (MB).
    Completing 40% with 0 violations.
    elapsed time = 00:00:00, memory = 4774.20 (MB).
    Completing 50% with 0 violations.
    elapsed time = 00:00:00, memory = 4774.20 (MB).
    Completing 60% with 0 violations.
    elapsed time = 00:00:00, memory = 4774.20 (MB).
    Completing 70% with 0 violations.
    elapsed time = 00:00:00, memory = 4774.20 (MB).
    Completing 80% with 0 violations.
    elapsed time = 00:00:00, memory = 4774.20 (MB).
    Completing 90% with 0 violations.
    elapsed time = 00:00:00, memory = 4774.20 (MB).
    Completing 100% with 0 violations.
    elapsed time = 00:00:00, memory = 4774.20 (MB).
[INFO DRT-0199]   Number of violations = 0.
[INFO DRT-0267] cpu time = 00:00:00, elapsed time = 00:00:00, memory = 4774.20 (MB), peak = 5632.84 (MB)
Total wire length = 667305 um.
Total wire length on LAYER li1 = 0 um.
Total wire length on LAYER met1 = 304496 um.
Total wire length on LAYER met2 = 307905 um.
Total wire length on LAYER met3 = 39316 um.
Total wire length on LAYER met4 = 15587 um.
Total wire length on LAYER met5 = 0 um.
Total number of vias = 94704.
Up-via summary (total 94704):.

------------------------
 FR_MASTERSLICE        0
            li1    44280
           met1    47831
           met2     2123
           met3      470
           met4        0
------------------------
                   94704


[INFO DRT-0198] Complete detail routing.
Total wire length = 667305 um.
Total wire length on LAYER li1 = 0 um.
Total wire length on LAYER met1 = 304496 um.
Total wire length on LAYER met2 = 307905 um.
Total wire length on LAYER met3 = 39316 um.
Total wire length on LAYER met4 = 15587 um.
Total wire length on LAYER met5 = 0 um.
Total number of vias = 94704.
Up-via summary (total 94704):.

------------------------
 FR_MASTERSLICE        0
            li1    44280
           met1    47831
           met2     2123
           met3      470
           met4        0
------------------------
                   94704


[INFO DRT-0267] cpu time = 00:10:09, elapsed time = 00:03:12, memory = 4774.20 (MB), peak = 5632.84 (MB)

[INFO DRT-0180] Post processing.
Saving to /home/fatihgulakar/638_proje/shooting_game_verilog/openlane/user_proj_example/runs/user_proj_example/results/routing/user_proj_example.def
