OpenROAD 8d53e9b018dec98fa63e907ddeb6c5406f035361 
This program is licensed under the BSD-3 license. See the LICENSE file for details.
Components of this program may be licensed under more restrictive licenses which must be honored.
[INFO ODB-0222] Reading LEF file: /home/fatihgulakar/638_proje/shooting_game_verilog/openlane/user_proj_example/runs/user_proj_example/tmp/merged_unpadded.lef
[INFO ODB-0223]     Created 13 technology layers
[INFO ODB-0224]     Created 25 technology vias
[INFO ODB-0225]     Created 441 library cells
[INFO ODB-0226] Finished LEF file:  /home/fatihgulakar/638_proje/shooting_game_verilog/openlane/user_proj_example/runs/user_proj_example/tmp/merged_unpadded.lef
[WARNING ORD-0033] -order_wires is deprecated.
[INFO ODB-0127] Reading DEF file: /home/fatihgulakar/638_proje/shooting_game_verilog/openlane/user_proj_example/runs/user_proj_example/results/routing/user_proj_example.def
[INFO ODB-0128] Design: user_proj_example
[INFO ODB-0094] 		Created 100000 Insts
[INFO ODB-0130]     Created 609 pins.
[INFO ODB-0131]     Created 173519 components and 690396 component-terminals.
[INFO ODB-0132]     Created 2 special nets and 650588 connections.
[INFO ODB-0133]     Created 9396 nets and 39556 connections.
[INFO ODB-0134] Finished DEF file: /home/fatihgulakar/638_proje/shooting_game_verilog/openlane/user_proj_example/runs/user_proj_example/results/routing/user_proj_example.def
[INFO]: Setting RC values...
[INFO RCX-0431] Defined process_corner X with ext_model_index 0
[INFO RCX-0029] Defined extraction corner X
[INFO RCX-0008] extracting parasitics of user_proj_example ...
Notice 0: Split top of 4255 T shapes.
[INFO RCX-0435] Reading extraction model file /home/fatihgulakar/638_proje/pdks/sky130A/libs.tech/openlane/rcx_rules.info ...
[INFO RCX-0436] RC segment generation user_proj_example (max_merge_res 50.0) ...
[INFO RCX-0040] Final 60387 rc segments
[INFO RCX-0439] Coupling Cap extraction user_proj_example ...
[INFO RCX-0440] Coupling threshhold is 0.1000 fF, coupling capacitance less than 0.1000 fF will be grounded.
[INFO RCX-0043] 83626 wires to be extracted
[INFO RCX-0442] 25% completion -- 21359 wires have been extracted
[INFO RCX-0442] 51% completion -- 43000 wires have been extracted
[INFO RCX-0442] 57% completion -- 48367 wires have been extracted
[INFO RCX-0442] 100% completion -- 83626 wires have been extracted
[INFO RCX-0045] Extract 9396 nets, 69425 rsegs, 69425 caps, 102810 ccs
[INFO RCX-0015] Finished extracting user_proj_example.
[INFO RCX-0016] Writing SPEF ...
[INFO RCX-0443] 9396 nets finished
[INFO RCX-0017] Finished writing SPEF ...
