OpenROAD 8d53e9b018dec98fa63e907ddeb6c5406f035361 
This program is licensed under the BSD-3 license. See the LICENSE file for details.
Components of this program may be licensed under more restrictive licenses which must be honored.
[INFO ODB-0222] Reading LEF file: /home/fatihgulakar/638_proje/shooting_game_verilog/openlane/user_proj_example/runs/user_proj_example/tmp/merged_unpadded.lef
[INFO ODB-0223]     Created 13 technology layers
[INFO ODB-0224]     Created 25 technology vias
[INFO ODB-0225]     Created 441 library cells
[INFO ODB-0226] Finished LEF file:  /home/fatihgulakar/638_proje/shooting_game_verilog/openlane/user_proj_example/runs/user_proj_example/tmp/merged_unpadded.lef
[WARNING ORD-1011] LEF master sky130_fd_sc_hd__buf_1 has no liberty cell.
[WARNING ORD-1011] LEF master sky130_fd_sc_hd__inv_2 has no liberty cell.
[WARNING ORD-1011] LEF master sky130_fd_sc_hd__and2_2 has no liberty cell.
[WARNING ORD-1011] LEF master sky130_fd_sc_hd__and4_2 has no liberty cell.
[WARNING ORD-1011] LEF master sky130_fd_sc_hd__or4b_2 has no liberty cell.
[WARNING ORD-1011] LEF master sky130_fd_sc_hd__nand2_2 has no liberty cell.
[WARNING ORD-1011] LEF master sky130_fd_sc_hd__or2_2 has no liberty cell.
[WARNING ORD-1011] LEF master sky130_fd_sc_hd__a21oi_2 has no liberty cell.
[WARNING ORD-1011] LEF master sky130_fd_sc_hd__and3_2 has no liberty cell.
[WARNING ORD-1011] LEF master sky130_fd_sc_hd__o21ai_2 has no liberty cell.
[WARNING ORD-1011] LEF master sky130_fd_sc_hd__a221o_2 has no liberty cell.
[WARNING ORD-1011] LEF master sky130_fd_sc_hd__xnor2_2 has no liberty cell.
[WARNING ORD-1011] LEF master sky130_fd_sc_hd__o32a_2 has no liberty cell.
[WARNING ORD-1011] LEF master sky130_fd_sc_hd__a21bo_2 has no liberty cell.
[WARNING ORD-1011] LEF master sky130_fd_sc_hd__nand3_2 has no liberty cell.
[WARNING ORD-1011] LEF master sky130_fd_sc_hd__or4bb_2 has no liberty cell.
[WARNING ORD-1011] LEF master sky130_fd_sc_hd__o22ai_2 has no liberty cell.
[WARNING ORD-1011] LEF master sky130_fd_sc_hd__o21a_2 has no liberty cell.
[WARNING ORD-1011] LEF master sky130_fd_sc_hd__nor2_2 has no liberty cell.
[WARNING ORD-1011] LEF master sky130_fd_sc_hd__or3_2 has no liberty cell.
[WARNING ORD-1011] LEF master sky130_fd_sc_hd__a211o_2 has no liberty cell.
[WARNING ORD-1011] LEF master sky130_fd_sc_hd__o22a_2 has no liberty cell.
[WARNING ORD-1011] LEF master sky130_fd_sc_hd__or3b_2 has no liberty cell.
[WARNING ORD-1011] LEF master sky130_fd_sc_hd__a22oi_2 has no liberty cell.
[WARNING ORD-1011] LEF master sky130_fd_sc_hd__a21o_2 has no liberty cell.
[WARNING ORD-1011] LEF master sky130_fd_sc_hd__or2b_2 has no liberty cell.
[WARNING ORD-1011] LEF master sky130_fd_sc_hd__nor3_2 has no liberty cell.
[WARNING ORD-1011] LEF master sky130_fd_sc_hd__a31o_2 has no liberty cell.
[WARNING ORD-1011] LEF master sky130_fd_sc_hd__a22o_2 has no liberty cell.
[WARNING ORD-1011] LEF master sky130_fd_sc_hd__o21bai_2 has no liberty cell.
[WARNING ORD-1011] LEF master sky130_fd_sc_hd__a21boi_2 has no liberty cell.
[WARNING ORD-1011] LEF master sky130_fd_sc_hd__and2b_2 has no liberty cell.
[WARNING ORD-1011] LEF master sky130_fd_sc_hd__a211oi_2 has no liberty cell.
[WARNING ORD-1011] LEF master sky130_fd_sc_hd__o211a_2 has no liberty cell.
[WARNING ORD-1011] LEF master sky130_fd_sc_hd__o2bb2a_2 has no liberty cell.
[WARNING ORD-1011] LEF master sky130_fd_sc_hd__nand4_2 has no liberty cell.
[WARNING ORD-1011] LEF master sky130_fd_sc_hd__o21ba_2 has no liberty cell.
[WARNING ORD-1011] LEF master sky130_fd_sc_hd__nand2b_2 has no liberty cell.
[WARNING ORD-1011] LEF master sky130_fd_sc_hd__xor2_2 has no liberty cell.
[WARNING ORD-1011] LEF master sky130_fd_sc_hd__and4b_2 has no liberty cell.
[WARNING ORD-1011] LEF master sky130_fd_sc_hd__a41o_2 has no liberty cell.
[WARNING ORD-1011] LEF master sky130_fd_sc_hd__a31oi_2 has no liberty cell.
[WARNING ORD-1011] LEF master sky130_fd_sc_hd__a221oi_2 has no liberty cell.
[WARNING ORD-1011] LEF master sky130_fd_sc_hd__or4_2 has no liberty cell.
[WARNING ORD-1011] LEF master sky130_fd_sc_hd__a2bb2o_2 has no liberty cell.
[WARNING ORD-1011] LEF master sky130_fd_sc_hd__and4bb_2 has no liberty cell.
[WARNING ORD-1011] LEF master sky130_fd_sc_hd__o221a_2 has no liberty cell.
[WARNING ORD-1011] LEF master sky130_fd_sc_hd__a2111o_2 has no liberty cell.
[WARNING ORD-1011] LEF master sky130_fd_sc_hd__o41a_2 has no liberty cell.
[WARNING ORD-1011] LEF master sky130_fd_sc_hd__nor4_2 has no liberty cell.
[WARNING ORD-1011] LEF master sky130_fd_sc_hd__o31a_2 has no liberty cell.
[WARNING ORD-1011] LEF master sky130_fd_sc_hd__o2111a_2 has no liberty cell.
[WARNING ORD-1011] LEF master sky130_fd_sc_hd__and3b_2 has no liberty cell.
[WARNING ORD-1011] LEF master sky130_fd_sc_hd__o31ai_2 has no liberty cell.
[WARNING ORD-1011] LEF master sky130_fd_sc_hd__nand3b_2 has no liberty cell.
[WARNING ORD-1011] LEF master sky130_fd_sc_hd__o2111ai_2 has no liberty cell.
[WARNING ORD-1011] LEF master sky130_fd_sc_hd__a311o_2 has no liberty cell.
[WARNING ORD-1011] LEF master sky130_fd_sc_hd__a2111oi_2 has no liberty cell.
[WARNING ORD-1011] LEF master sky130_fd_sc_hd__mux2_2 has no liberty cell.
[WARNING ORD-1011] LEF master sky130_fd_sc_hd__nor3b_2 has no liberty cell.
[WARNING ORD-1011] LEF master sky130_fd_sc_hd__a32o_2 has no liberty cell.
[WARNING ORD-1011] LEF master sky130_fd_sc_hd__o211ai_2 has no liberty cell.
[WARNING ORD-1011] LEF master sky130_fd_sc_hd__o311a_2 has no liberty cell.
[WARNING ORD-1011] LEF master sky130_fd_sc_hd__o221ai_2 has no liberty cell.
[WARNING ORD-1011] LEF master sky130_fd_sc_hd__nor2b_2 has no liberty cell.
[WARNING ORD-1011] LEF master sky130_fd_sc_hd__nand4b_2 has no liberty cell.
[WARNING ORD-1011] LEF master sky130_fd_sc_hd__nor4b_2 has no liberty cell.
[WARNING ORD-1011] LEF master sky130_fd_sc_hd__a311oi_2 has no liberty cell.
[WARNING ORD-1011] LEF master sky130_fd_sc_hd__mux4_2 has no liberty cell.
[WARNING ORD-1011] LEF master sky130_fd_sc_hd__dfstp_2 has no liberty cell.
[WARNING ORD-1011] LEF master sky130_fd_sc_hd__dfrtp_2 has no liberty cell.
[WARNING ORD-1011] LEF master sky130_fd_sc_hd__dfxtp_2 has no liberty cell.
[WARNING ORD-1011] LEF master sky130_fd_sc_hd__conb_1 has no liberty cell.
[WARNING ORD-1011] LEF master sky130_fd_sc_hd__buf_2 has no liberty cell.
if {[info exists ::env(CLOCK_PORT)] && $::env(CLOCK_PORT) != ""} { 
    create_clock [get_ports $::env(CLOCK_PORT)]  -name $::env(CLOCK_PORT)  -period $::env(CLOCK_PERIOD)
} else {
    create_clock -name __VIRTUAL_CLK__ -period $::env(CLOCK_PERIOD)
    set ::env(CLOCK_PORT) __VIRTUAL_CLK__
}
set input_delay_value [expr $::env(CLOCK_PERIOD) * $::env(IO_PCT)]
set output_delay_value [expr $::env(CLOCK_PERIOD) * $::env(IO_PCT)]
puts "\[INFO\]: Setting output delay to: $output_delay_value"
[INFO]: Setting output delay to: 2.0
puts "\[INFO\]: Setting input delay to: $input_delay_value"
[INFO]: Setting input delay to: 2.0
set_max_fanout $::env(SYNTH_MAX_FANOUT) [current_design]
set clk_indx [lsearch [all_inputs] [get_port $::env(CLOCK_PORT)]]
#set rst_indx [lsearch [all_inputs] [get_port resetn]]
set all_inputs_wo_clk [lreplace [all_inputs] $clk_indx $clk_indx]
#set all_inputs_wo_clk_rst [lreplace $all_inputs_wo_clk $rst_indx $rst_indx]
set all_inputs_wo_clk_rst $all_inputs_wo_clk
# correct resetn
set_input_delay $input_delay_value  -clock [get_clocks $::env(CLOCK_PORT)] $all_inputs_wo_clk_rst
#set_input_delay 0.0 -clock [get_clocks $::env(CLOCK_PORT)] {resetn}
set_output_delay $output_delay_value  -clock [get_clocks $::env(CLOCK_PORT)] [all_outputs]
# TODO set this as parameter
set_driving_cell -lib_cell $::env(SYNTH_DRIVING_CELL) -pin $::env(SYNTH_DRIVING_CELL_PIN) [all_inputs]
set cap_load [expr $::env(SYNTH_CAP_LOAD) / 1000.0]
puts "\[INFO\]: Setting load to: $cap_load"
[INFO]: Setting load to: 0.033442
set_load  $cap_load [all_outputs]
puts "\[INFO\]: Setting clock uncertainity to: $::env(SYNTH_CLOCK_UNCERTAINITY)"
[INFO]: Setting clock uncertainity to: 0.25
set_clock_uncertainty $::env(SYNTH_CLOCK_UNCERTAINITY) [get_clocks $::env(CLOCK_PORT)]
puts "\[INFO\]: Setting clock transition to: $::env(SYNTH_CLOCK_TRANSITION)"
[INFO]: Setting clock transition to: 0.15
set_clock_transition $::env(SYNTH_CLOCK_TRANSITION) [get_clocks $::env(CLOCK_PORT)]
puts "\[INFO\]: Setting timing derate to: [expr {$::env(SYNTH_TIMING_DERATE) * 10}] %"
[INFO]: Setting timing derate to: 0.5 %
set_timing_derate -early [expr {1-$::env(SYNTH_TIMING_DERATE)}]
set_timing_derate -late [expr {1+$::env(SYNTH_TIMING_DERATE)}]
min_report

===========================================================================
report_checks -path_delay min (Hold)
============================================================================
Startpoint: _16879_ (rising edge-triggered flip-flop clocked by wb_clk_i)
Endpoint: _16674_ (removal check against rising-edge clock wb_clk_i)
Path Group: **async_default**
Path Type: min

Fanout     Cap    Slew   Delay    Time   Description
-----------------------------------------------------------------------------
                  0.15    0.00    0.00   clock wb_clk_i (rise edge)
                          0.00    0.00   clock network delay (ideal)
                  0.15    0.00    0.00 ^ _16879_/CLK (sky130_fd_sc_hd__dfxtp_2)
                  0.04    0.34    0.34 v _16879_/Q (sky130_fd_sc_hd__dfxtp_2)
     4    0.01                           game.color.reset (net)
                  0.04    0.00    0.34 v _12312_/A (sky130_fd_sc_hd__buf_1)
                  0.07    0.11    0.45 v _12312_/X (sky130_fd_sc_hd__buf_1)
     5    0.01                           _04426_ (net)
                  0.07    0.00    0.46 v _12373_/A (sky130_fd_sc_hd__buf_1)
                  0.07    0.13    0.59 v _12373_/X (sky130_fd_sc_hd__buf_1)
     5    0.01                           _04440_ (net)
                  0.07    0.00    0.59 v _12374_/A (sky130_fd_sc_hd__buf_1)
                  0.14    0.18    0.76 v _12374_/X (sky130_fd_sc_hd__buf_1)
     5    0.02                           _04441_ (net)
                  0.14    0.01    0.77 v _12379_/A (sky130_fd_sc_hd__inv_2)
                  0.05    0.07    0.84 ^ _12379_/Y (sky130_fd_sc_hd__inv_2)
     1    0.00                           _00305_ (net)
                  0.05    0.01    0.85 ^ _16674_/RESET_B (sky130_fd_sc_hd__dfrtp_2)
                                  0.85   data arrival time

                  0.15    0.00    0.00   clock wb_clk_i (rise edge)
                          0.00    0.00   clock network delay (ideal)
                          0.25    0.25   clock uncertainty
                          0.00    0.25   clock reconvergence pessimism
                                  0.25 ^ _16674_/CLK (sky130_fd_sc_hd__dfrtp_2)
                          0.35    0.60   library removal time
                                  0.60   data required time
-----------------------------------------------------------------------------
                                  0.60   data required time
                                 -0.85   data arrival time
-----------------------------------------------------------------------------
                                  0.25   slack (MET)


Startpoint: _16879_ (rising edge-triggered flip-flop clocked by wb_clk_i)
Endpoint: _16675_ (removal check against rising-edge clock wb_clk_i)
Path Group: **async_default**
Path Type: min

Fanout     Cap    Slew   Delay    Time   Description
-----------------------------------------------------------------------------
                  0.15    0.00    0.00   clock wb_clk_i (rise edge)
                          0.00    0.00   clock network delay (ideal)
                  0.15    0.00    0.00 ^ _16879_/CLK (sky130_fd_sc_hd__dfxtp_2)
                  0.04    0.34    0.34 v _16879_/Q (sky130_fd_sc_hd__dfxtp_2)
     4    0.01                           game.color.reset (net)
                  0.04    0.00    0.34 v _12312_/A (sky130_fd_sc_hd__buf_1)
                  0.07    0.11    0.45 v _12312_/X (sky130_fd_sc_hd__buf_1)
     5    0.01                           _04426_ (net)
                  0.07    0.00    0.46 v _12373_/A (sky130_fd_sc_hd__buf_1)
                  0.07    0.13    0.59 v _12373_/X (sky130_fd_sc_hd__buf_1)
     5    0.01                           _04440_ (net)
                  0.07    0.00    0.59 v _12380_/A (sky130_fd_sc_hd__buf_1)
                  0.14    0.18    0.76 v _12380_/X (sky130_fd_sc_hd__buf_1)
     5    0.02                           _04442_ (net)
                  0.14    0.01    0.77 v _12381_/A (sky130_fd_sc_hd__inv_2)
                  0.05    0.07    0.84 ^ _12381_/Y (sky130_fd_sc_hd__inv_2)
     1    0.00                           _00306_ (net)
                  0.05    0.01    0.85 ^ _16675_/RESET_B (sky130_fd_sc_hd__dfrtp_2)
                                  0.85   data arrival time

                  0.15    0.00    0.00   clock wb_clk_i (rise edge)
                          0.00    0.00   clock network delay (ideal)
                          0.25    0.25   clock uncertainty
                          0.00    0.25   clock reconvergence pessimism
                                  0.25 ^ _16675_/CLK (sky130_fd_sc_hd__dfrtp_2)
                          0.35    0.60   library removal time
                                  0.60   data required time
-----------------------------------------------------------------------------
                                  0.60   data required time
                                 -0.85   data arrival time
-----------------------------------------------------------------------------
                                  0.25   slack (MET)


Startpoint: _16879_ (rising edge-triggered flip-flop clocked by wb_clk_i)
Endpoint: _16676_ (removal check against rising-edge clock wb_clk_i)
Path Group: **async_default**
Path Type: min

Fanout     Cap    Slew   Delay    Time   Description
-----------------------------------------------------------------------------
                  0.15    0.00    0.00   clock wb_clk_i (rise edge)
                          0.00    0.00   clock network delay (ideal)
                  0.15    0.00    0.00 ^ _16879_/CLK (sky130_fd_sc_hd__dfxtp_2)
                  0.04    0.34    0.34 v _16879_/Q (sky130_fd_sc_hd__dfxtp_2)
     4    0.01                           game.color.reset (net)
                  0.04    0.00    0.34 v _12312_/A (sky130_fd_sc_hd__buf_1)
                  0.07    0.11    0.45 v _12312_/X (sky130_fd_sc_hd__buf_1)
     5    0.01                           _04426_ (net)
                  0.07    0.00    0.46 v _12373_/A (sky130_fd_sc_hd__buf_1)
                  0.07    0.13    0.59 v _12373_/X (sky130_fd_sc_hd__buf_1)
     5    0.01                           _04440_ (net)
                  0.07    0.00    0.59 v _12380_/A (sky130_fd_sc_hd__buf_1)
                  0.14    0.18    0.76 v _12380_/X (sky130_fd_sc_hd__buf_1)
     5    0.02                           _04442_ (net)
                  0.14    0.01    0.77 v _12382_/A (sky130_fd_sc_hd__inv_2)
                  0.05    0.07    0.84 ^ _12382_/Y (sky130_fd_sc_hd__inv_2)
     1    0.00                           _00307_ (net)
                  0.05    0.01    0.85 ^ _16676_/RESET_B (sky130_fd_sc_hd__dfrtp_2)
                                  0.85   data arrival time

                  0.15    0.00    0.00   clock wb_clk_i (rise edge)
                          0.00    0.00   clock network delay (ideal)
                          0.25    0.25   clock uncertainty
                          0.00    0.25   clock reconvergence pessimism
                                  0.25 ^ _16676_/CLK (sky130_fd_sc_hd__dfrtp_2)
                          0.35    0.60   library removal time
                                  0.60   data required time
-----------------------------------------------------------------------------
                                  0.60   data required time
                                 -0.85   data arrival time
-----------------------------------------------------------------------------
                                  0.25   slack (MET)


Startpoint: _16879_ (rising edge-triggered flip-flop clocked by wb_clk_i)
Endpoint: _16677_ (removal check against rising-edge clock wb_clk_i)
Path Group: **async_default**
Path Type: min

Fanout     Cap    Slew   Delay    Time   Description
-----------------------------------------------------------------------------
                  0.15    0.00    0.00   clock wb_clk_i (rise edge)
                          0.00    0.00   clock network delay (ideal)
                  0.15    0.00    0.00 ^ _16879_/CLK (sky130_fd_sc_hd__dfxtp_2)
                  0.04    0.34    0.34 v _16879_/Q (sky130_fd_sc_hd__dfxtp_2)
     4    0.01                           game.color.reset (net)
                  0.04    0.00    0.34 v _12312_/A (sky130_fd_sc_hd__buf_1)
                  0.07    0.11    0.45 v _12312_/X (sky130_fd_sc_hd__buf_1)
     5    0.01                           _04426_ (net)
                  0.07    0.00    0.46 v _12373_/A (sky130_fd_sc_hd__buf_1)
                  0.07    0.13    0.59 v _12373_/X (sky130_fd_sc_hd__buf_1)
     5    0.01                           _04440_ (net)
                  0.07    0.00    0.59 v _12380_/A (sky130_fd_sc_hd__buf_1)
                  0.14    0.18    0.76 v _12380_/X (sky130_fd_sc_hd__buf_1)
     5    0.02                           _04442_ (net)
                  0.14    0.01    0.77 v _12383_/A (sky130_fd_sc_hd__inv_2)
                  0.05    0.07    0.84 ^ _12383_/Y (sky130_fd_sc_hd__inv_2)
     1    0.00                           _00308_ (net)
                  0.05    0.01    0.85 ^ _16677_/RESET_B (sky130_fd_sc_hd__dfrtp_2)
                                  0.85   data arrival time

                  0.15    0.00    0.00   clock wb_clk_i (rise edge)
                          0.00    0.00   clock network delay (ideal)
                          0.25    0.25   clock uncertainty
                          0.00    0.25   clock reconvergence pessimism
                                  0.25 ^ _16677_/CLK (sky130_fd_sc_hd__dfrtp_2)
                          0.35    0.60   library removal time
                                  0.60   data required time
-----------------------------------------------------------------------------
                                  0.60   data required time
                                 -0.85   data arrival time
-----------------------------------------------------------------------------
                                  0.25   slack (MET)


Startpoint: _16879_ (rising edge-triggered flip-flop clocked by wb_clk_i)
Endpoint: _16678_ (removal check against rising-edge clock wb_clk_i)
Path Group: **async_default**
Path Type: min

Fanout     Cap    Slew   Delay    Time   Description
-----------------------------------------------------------------------------
                  0.15    0.00    0.00   clock wb_clk_i (rise edge)
                          0.00    0.00   clock network delay (ideal)
                  0.15    0.00    0.00 ^ _16879_/CLK (sky130_fd_sc_hd__dfxtp_2)
                  0.04    0.34    0.34 v _16879_/Q (sky130_fd_sc_hd__dfxtp_2)
     4    0.01                           game.color.reset (net)
                  0.04    0.00    0.34 v _12312_/A (sky130_fd_sc_hd__buf_1)
                  0.07    0.11    0.45 v _12312_/X (sky130_fd_sc_hd__buf_1)
     5    0.01                           _04426_ (net)
                  0.07    0.00    0.46 v _12373_/A (sky130_fd_sc_hd__buf_1)
                  0.07    0.13    0.59 v _12373_/X (sky130_fd_sc_hd__buf_1)
     5    0.01                           _04440_ (net)
                  0.07    0.00    0.59 v _12380_/A (sky130_fd_sc_hd__buf_1)
                  0.14    0.18    0.76 v _12380_/X (sky130_fd_sc_hd__buf_1)
     5    0.02                           _04442_ (net)
                  0.14    0.01    0.77 v _12384_/A (sky130_fd_sc_hd__inv_2)
                  0.05    0.07    0.84 ^ _12384_/Y (sky130_fd_sc_hd__inv_2)
     1    0.00                           _00309_ (net)
                  0.05    0.01    0.85 ^ _16678_/RESET_B (sky130_fd_sc_hd__dfrtp_2)
                                  0.85   data arrival time

                  0.15    0.00    0.00   clock wb_clk_i (rise edge)
                          0.00    0.00   clock network delay (ideal)
                          0.25    0.25   clock uncertainty
                          0.00    0.25   clock reconvergence pessimism
                                  0.25 ^ _16678_/CLK (sky130_fd_sc_hd__dfrtp_2)
                          0.35    0.60   library removal time
                                  0.60   data required time
-----------------------------------------------------------------------------
                                  0.60   data required time
                                 -0.85   data arrival time
-----------------------------------------------------------------------------
                                  0.25   slack (MET)


Startpoint: _16878_ (rising edge-triggered flip-flop clocked by wb_clk_i)
Endpoint: _16878_ (rising edge-triggered flip-flop clocked by wb_clk_i)
Path Group: wb_clk_i
Path Type: min

Fanout     Cap    Slew   Delay    Time   Description
-----------------------------------------------------------------------------
                  0.15    0.00    0.00   clock wb_clk_i (rise edge)
                          0.00    0.00   clock network delay (ideal)
                  0.15    0.00    0.00 ^ _16878_/CLK (sky130_fd_sc_hd__dfxtp_2)
                  0.07    0.35    0.35 ^ _16878_/Q (sky130_fd_sc_hd__dfxtp_2)
     3    0.01                           game.debounce.cnt1[4] (net)
                  0.07    0.01    0.36 ^ _12692_/A1 (sky130_fd_sc_hd__o21ai_2)
                  0.02    0.05    0.41 v _12692_/Y (sky130_fd_sc_hd__o21ai_2)
     1    0.00                           _00779_ (net)
                  0.02    0.00    0.42 v _16878_/D (sky130_fd_sc_hd__dfxtp_2)
                                  0.42   data arrival time

                  0.15    0.00    0.00   clock wb_clk_i (rise edge)
                          0.00    0.00   clock network delay (ideal)
                          0.25    0.25   clock uncertainty
                          0.00    0.25   clock reconvergence pessimism
                                  0.25 ^ _16878_/CLK (sky130_fd_sc_hd__dfxtp_2)
                         -0.01    0.24   library hold time
                                  0.24   data required time
-----------------------------------------------------------------------------
                                  0.24   data required time
                                 -0.42   data arrival time
-----------------------------------------------------------------------------
                                  0.18   slack (MET)


Startpoint: _16674_ (rising edge-triggered flip-flop clocked by wb_clk_i)
Endpoint: _16674_ (rising edge-triggered flip-flop clocked by wb_clk_i)
Path Group: wb_clk_i
Path Type: min

Fanout     Cap    Slew   Delay    Time   Description
-----------------------------------------------------------------------------
                  0.15    0.00    0.00   clock wb_clk_i (rise edge)
                          0.00    0.00   clock network delay (ideal)
                  0.15    0.00    0.00 ^ _16674_/CLK (sky130_fd_sc_hd__dfrtp_2)
                  0.09    0.39    0.39 ^ _16674_/Q (sky130_fd_sc_hd__dfrtp_2)
     2    0.01                           game.freq_2.counter[0] (net)
                  0.09    0.01    0.40 ^ _10533_/A (sky130_fd_sc_hd__inv_2)
                  0.02    0.03    0.43 v _10533_/Y (sky130_fd_sc_hd__inv_2)
     1    0.00                           _00231_ (net)
                  0.02    0.00    0.43 v _16674_/D (sky130_fd_sc_hd__dfrtp_2)
                                  0.43   data arrival time

                  0.15    0.00    0.00   clock wb_clk_i (rise edge)
                          0.00    0.00   clock network delay (ideal)
                          0.25    0.25   clock uncertainty
                          0.00    0.25   clock reconvergence pessimism
                                  0.25 ^ _16674_/CLK (sky130_fd_sc_hd__dfrtp_2)
                         -0.01    0.24   library hold time
                                  0.24   data required time
-----------------------------------------------------------------------------
                                  0.24   data required time
                                 -0.43   data arrival time
-----------------------------------------------------------------------------
                                  0.19   slack (MET)


Startpoint: _16869_ (rising edge-triggered flip-flop clocked by wb_clk_i)
Endpoint: _16869_ (rising edge-triggered flip-flop clocked by wb_clk_i)
Path Group: wb_clk_i
Path Type: min

Fanout     Cap    Slew   Delay    Time   Description
-----------------------------------------------------------------------------
                  0.15    0.00    0.00   clock wb_clk_i (rise edge)
                          0.00    0.00   clock network delay (ideal)
                  0.15    0.00    0.00 ^ _16869_/CLK (sky130_fd_sc_hd__dfxtp_2)
                  0.10    0.37    0.37 ^ _16869_/Q (sky130_fd_sc_hd__dfxtp_2)
     5    0.02                           game.debounce.cnt0[0] (net)
                  0.10    0.01    0.38 ^ _12659_/A1 (sky130_fd_sc_hd__a21oi_2)
                  0.03    0.05    0.43 v _12659_/Y (sky130_fd_sc_hd__a21oi_2)
     1    0.00                           _00770_ (net)
                  0.03    0.00    0.43 v _16869_/D (sky130_fd_sc_hd__dfxtp_2)
                                  0.43   data arrival time

                  0.15    0.00    0.00   clock wb_clk_i (rise edge)
                          0.00    0.00   clock network delay (ideal)
                          0.25    0.25   clock uncertainty
                          0.00    0.25   clock reconvergence pessimism
                                  0.25 ^ _16869_/CLK (sky130_fd_sc_hd__dfxtp_2)
                         -0.02    0.23   library hold time
                                  0.23   data required time
-----------------------------------------------------------------------------
                                  0.23   data required time
                                 -0.43   data arrival time
-----------------------------------------------------------------------------
                                  0.20   slack (MET)


Startpoint: _16676_ (rising edge-triggered flip-flop clocked by wb_clk_i)
Endpoint: _16676_ (rising edge-triggered flip-flop clocked by wb_clk_i)
Path Group: wb_clk_i
Path Type: min

Fanout     Cap    Slew   Delay    Time   Description
-----------------------------------------------------------------------------
                  0.15    0.00    0.00   clock wb_clk_i (rise edge)
                          0.00    0.00   clock network delay (ideal)
                  0.15    0.00    0.00 ^ _16676_/CLK (sky130_fd_sc_hd__dfrtp_2)
                  0.12    0.41    0.41 ^ _16676_/Q (sky130_fd_sc_hd__dfrtp_2)
     4    0.02                           game.freq_21.counter[0] (net)
                  0.12    0.01    0.42 ^ _10531_/A (sky130_fd_sc_hd__inv_2)
                  0.03    0.03    0.45 v _10531_/Y (sky130_fd_sc_hd__inv_2)
     1    0.00                           _00233_ (net)
                  0.03    0.00    0.46 v _16676_/D (sky130_fd_sc_hd__dfrtp_2)
                                  0.46   data arrival time

                  0.15    0.00    0.00   clock wb_clk_i (rise edge)
                          0.00    0.00   clock network delay (ideal)
                          0.25    0.25   clock uncertainty
                          0.00    0.25   clock reconvergence pessimism
                                  0.25 ^ _16676_/CLK (sky130_fd_sc_hd__dfrtp_2)
                         -0.01    0.24   library hold time
                                  0.24   data required time
-----------------------------------------------------------------------------
                                  0.24   data required time
                                 -0.46   data arrival time
-----------------------------------------------------------------------------
                                  0.22   slack (MET)


Startpoint: _16694_ (rising edge-triggered flip-flop clocked by wb_clk_i)
Endpoint: _16694_ (rising edge-triggered flip-flop clocked by wb_clk_i)
Path Group: wb_clk_i
Path Type: min

Fanout     Cap    Slew   Delay    Time   Description
-----------------------------------------------------------------------------
                  0.15    0.00    0.00   clock wb_clk_i (rise edge)
                          0.00    0.00   clock network delay (ideal)
                  0.15    0.00    0.00 ^ _16694_/CLK (sky130_fd_sc_hd__dfrtp_2)
                  0.09    0.39    0.39 ^ _16694_/Q (sky130_fd_sc_hd__dfrtp_2)
     3    0.01                           game.freq_21.counter[18] (net)
                  0.09    0.01    0.40 ^ _12305_/A (sky130_fd_sc_hd__xor2_2)
                  0.03    0.06    0.46 v _12305_/X (sky130_fd_sc_hd__xor2_2)
     1    0.00                           _00242_ (net)
                  0.03    0.00    0.47 v _16694_/D (sky130_fd_sc_hd__dfrtp_2)
                                  0.47   data arrival time

                  0.15    0.00    0.00   clock wb_clk_i (rise edge)
                          0.00    0.00   clock network delay (ideal)
                          0.25    0.25   clock uncertainty
                          0.00    0.25   clock reconvergence pessimism
                                  0.25 ^ _16694_/CLK (sky130_fd_sc_hd__dfrtp_2)
                         -0.01    0.24   library hold time
                                  0.24   data required time
-----------------------------------------------------------------------------
                                  0.24   data required time
                                 -0.47   data arrival time
-----------------------------------------------------------------------------
                                  0.23   slack (MET)


min_report_end
max_report

===========================================================================
report_checks -path_delay max (Setup)
============================================================================
Startpoint: _16879_ (rising edge-triggered flip-flop clocked by wb_clk_i)
Endpoint: _16674_ (recovery check against rising-edge clock wb_clk_i)
Path Group: **async_default**
Path Type: max

Fanout     Cap    Slew   Delay    Time   Description
-----------------------------------------------------------------------------
                  0.15    0.00    0.00   clock wb_clk_i (rise edge)
                          0.00    0.00   clock network delay (ideal)
                  0.15    0.00    0.00 ^ _16879_/CLK (sky130_fd_sc_hd__dfxtp_2)
                  0.04    0.37    0.37 v _16879_/Q (sky130_fd_sc_hd__dfxtp_2)
     4    0.01                           game.color.reset (net)
                  0.04    0.00    0.38 v _12312_/A (sky130_fd_sc_hd__buf_1)
                  0.07    0.13    0.50 v _12312_/X (sky130_fd_sc_hd__buf_1)
     5    0.01                           _04426_ (net)
                  0.07    0.00    0.50 v _12373_/A (sky130_fd_sc_hd__buf_1)
                  0.07    0.14    0.65 v _12373_/X (sky130_fd_sc_hd__buf_1)
     5    0.01                           _04440_ (net)
                  0.07    0.00    0.65 v _12374_/A (sky130_fd_sc_hd__buf_1)
                  0.14    0.19    0.84 v _12374_/X (sky130_fd_sc_hd__buf_1)
     5    0.02                           _04441_ (net)
                  0.14    0.01    0.85 v _12379_/A (sky130_fd_sc_hd__inv_2)
                  0.05    0.08    0.93 ^ _12379_/Y (sky130_fd_sc_hd__inv_2)
     1    0.00                           _00305_ (net)
                  0.05    0.01    0.94 ^ _16674_/RESET_B (sky130_fd_sc_hd__dfrtp_2)
                                  0.94   data arrival time

                  0.15   10.00   10.00   clock wb_clk_i (rise edge)
                          0.00   10.00   clock network delay (ideal)
                         -0.25    9.75   clock uncertainty
                          0.00    9.75   clock reconvergence pessimism
                                  9.75 ^ _16674_/CLK (sky130_fd_sc_hd__dfrtp_2)
                          0.25   10.00   library recovery time
                                 10.00   data required time
-----------------------------------------------------------------------------
                                 10.00   data required time
                                 -0.94   data arrival time
-----------------------------------------------------------------------------
                                  9.06   slack (MET)


Startpoint: _16879_ (rising edge-triggered flip-flop clocked by wb_clk_i)
Endpoint: _16675_ (recovery check against rising-edge clock wb_clk_i)
Path Group: **async_default**
Path Type: max

Fanout     Cap    Slew   Delay    Time   Description
-----------------------------------------------------------------------------
                  0.15    0.00    0.00   clock wb_clk_i (rise edge)
                          0.00    0.00   clock network delay (ideal)
                  0.15    0.00    0.00 ^ _16879_/CLK (sky130_fd_sc_hd__dfxtp_2)
                  0.04    0.37    0.37 v _16879_/Q (sky130_fd_sc_hd__dfxtp_2)
     4    0.01                           game.color.reset (net)
                  0.04    0.00    0.38 v _12312_/A (sky130_fd_sc_hd__buf_1)
                  0.07    0.13    0.50 v _12312_/X (sky130_fd_sc_hd__buf_1)
     5    0.01                           _04426_ (net)
                  0.07    0.00    0.50 v _12373_/A (sky130_fd_sc_hd__buf_1)
                  0.07    0.14    0.65 v _12373_/X (sky130_fd_sc_hd__buf_1)
     5    0.01                           _04440_ (net)
                  0.07    0.00    0.65 v _12380_/A (sky130_fd_sc_hd__buf_1)
                  0.14    0.19    0.84 v _12380_/X (sky130_fd_sc_hd__buf_1)
     5    0.02                           _04442_ (net)
                  0.14    0.01    0.85 v _12381_/A (sky130_fd_sc_hd__inv_2)
                  0.05    0.08    0.93 ^ _12381_/Y (sky130_fd_sc_hd__inv_2)
     1    0.00                           _00306_ (net)
                  0.05    0.01    0.94 ^ _16675_/RESET_B (sky130_fd_sc_hd__dfrtp_2)
                                  0.94   data arrival time

                  0.15   10.00   10.00   clock wb_clk_i (rise edge)
                          0.00   10.00   clock network delay (ideal)
                         -0.25    9.75   clock uncertainty
                          0.00    9.75   clock reconvergence pessimism
                                  9.75 ^ _16675_/CLK (sky130_fd_sc_hd__dfrtp_2)
                          0.25   10.00   library recovery time
                                 10.00   data required time
-----------------------------------------------------------------------------
                                 10.00   data required time
                                 -0.94   data arrival time
-----------------------------------------------------------------------------
                                  9.06   slack (MET)


Startpoint: _16879_ (rising edge-triggered flip-flop clocked by wb_clk_i)
Endpoint: _16676_ (recovery check against rising-edge clock wb_clk_i)
Path Group: **async_default**
Path Type: max

Fanout     Cap    Slew   Delay    Time   Description
-----------------------------------------------------------------------------
                  0.15    0.00    0.00   clock wb_clk_i (rise edge)
                          0.00    0.00   clock network delay (ideal)
                  0.15    0.00    0.00 ^ _16879_/CLK (sky130_fd_sc_hd__dfxtp_2)
                  0.04    0.37    0.37 v _16879_/Q (sky130_fd_sc_hd__dfxtp_2)
     4    0.01                           game.color.reset (net)
                  0.04    0.00    0.38 v _12312_/A (sky130_fd_sc_hd__buf_1)
                  0.07    0.13    0.50 v _12312_/X (sky130_fd_sc_hd__buf_1)
     5    0.01                           _04426_ (net)
                  0.07    0.00    0.50 v _12373_/A (sky130_fd_sc_hd__buf_1)
                  0.07    0.14    0.65 v _12373_/X (sky130_fd_sc_hd__buf_1)
     5    0.01                           _04440_ (net)
                  0.07    0.00    0.65 v _12380_/A (sky130_fd_sc_hd__buf_1)
                  0.14    0.19    0.84 v _12380_/X (sky130_fd_sc_hd__buf_1)
     5    0.02                           _04442_ (net)
                  0.14    0.01    0.85 v _12382_/A (sky130_fd_sc_hd__inv_2)
                  0.05    0.08    0.93 ^ _12382_/Y (sky130_fd_sc_hd__inv_2)
     1    0.00                           _00307_ (net)
                  0.05    0.01    0.94 ^ _16676_/RESET_B (sky130_fd_sc_hd__dfrtp_2)
                                  0.94   data arrival time

                  0.15   10.00   10.00   clock wb_clk_i (rise edge)
                          0.00   10.00   clock network delay (ideal)
                         -0.25    9.75   clock uncertainty
                          0.00    9.75   clock reconvergence pessimism
                                  9.75 ^ _16676_/CLK (sky130_fd_sc_hd__dfrtp_2)
                          0.25   10.00   library recovery time
                                 10.00   data required time
-----------------------------------------------------------------------------
                                 10.00   data required time
                                 -0.94   data arrival time
-----------------------------------------------------------------------------
                                  9.06   slack (MET)


Startpoint: _16879_ (rising edge-triggered flip-flop clocked by wb_clk_i)
Endpoint: _16677_ (recovery check against rising-edge clock wb_clk_i)
Path Group: **async_default**
Path Type: max

Fanout     Cap    Slew   Delay    Time   Description
-----------------------------------------------------------------------------
                  0.15    0.00    0.00   clock wb_clk_i (rise edge)
                          0.00    0.00   clock network delay (ideal)
                  0.15    0.00    0.00 ^ _16879_/CLK (sky130_fd_sc_hd__dfxtp_2)
                  0.04    0.37    0.37 v _16879_/Q (sky130_fd_sc_hd__dfxtp_2)
     4    0.01                           game.color.reset (net)
                  0.04    0.00    0.38 v _12312_/A (sky130_fd_sc_hd__buf_1)
                  0.07    0.13    0.50 v _12312_/X (sky130_fd_sc_hd__buf_1)
     5    0.01                           _04426_ (net)
                  0.07    0.00    0.50 v _12373_/A (sky130_fd_sc_hd__buf_1)
                  0.07    0.14    0.65 v _12373_/X (sky130_fd_sc_hd__buf_1)
     5    0.01                           _04440_ (net)
                  0.07    0.00    0.65 v _12380_/A (sky130_fd_sc_hd__buf_1)
                  0.14    0.19    0.84 v _12380_/X (sky130_fd_sc_hd__buf_1)
     5    0.02                           _04442_ (net)
                  0.14    0.01    0.85 v _12383_/A (sky130_fd_sc_hd__inv_2)
                  0.05    0.08    0.93 ^ _12383_/Y (sky130_fd_sc_hd__inv_2)
     1    0.00                           _00308_ (net)
                  0.05    0.01    0.94 ^ _16677_/RESET_B (sky130_fd_sc_hd__dfrtp_2)
                                  0.94   data arrival time

                  0.15   10.00   10.00   clock wb_clk_i (rise edge)
                          0.00   10.00   clock network delay (ideal)
                         -0.25    9.75   clock uncertainty
                          0.00    9.75   clock reconvergence pessimism
                                  9.75 ^ _16677_/CLK (sky130_fd_sc_hd__dfrtp_2)
                          0.25   10.00   library recovery time
                                 10.00   data required time
-----------------------------------------------------------------------------
                                 10.00   data required time
                                 -0.94   data arrival time
-----------------------------------------------------------------------------
                                  9.06   slack (MET)


Startpoint: _16879_ (rising edge-triggered flip-flop clocked by wb_clk_i)
Endpoint: _16678_ (recovery check against rising-edge clock wb_clk_i)
Path Group: **async_default**
Path Type: max

Fanout     Cap    Slew   Delay    Time   Description
-----------------------------------------------------------------------------
                  0.15    0.00    0.00   clock wb_clk_i (rise edge)
                          0.00    0.00   clock network delay (ideal)
                  0.15    0.00    0.00 ^ _16879_/CLK (sky130_fd_sc_hd__dfxtp_2)
                  0.04    0.37    0.37 v _16879_/Q (sky130_fd_sc_hd__dfxtp_2)
     4    0.01                           game.color.reset (net)
                  0.04    0.00    0.38 v _12312_/A (sky130_fd_sc_hd__buf_1)
                  0.07    0.13    0.50 v _12312_/X (sky130_fd_sc_hd__buf_1)
     5    0.01                           _04426_ (net)
                  0.07    0.00    0.50 v _12373_/A (sky130_fd_sc_hd__buf_1)
                  0.07    0.14    0.65 v _12373_/X (sky130_fd_sc_hd__buf_1)
     5    0.01                           _04440_ (net)
                  0.07    0.00    0.65 v _12380_/A (sky130_fd_sc_hd__buf_1)
                  0.14    0.19    0.84 v _12380_/X (sky130_fd_sc_hd__buf_1)
     5    0.02                           _04442_ (net)
                  0.14    0.01    0.85 v _12384_/A (sky130_fd_sc_hd__inv_2)
                  0.05    0.08    0.93 ^ _12384_/Y (sky130_fd_sc_hd__inv_2)
     1    0.00                           _00309_ (net)
                  0.05    0.01    0.94 ^ _16678_/RESET_B (sky130_fd_sc_hd__dfrtp_2)
                                  0.94   data arrival time

                  0.15   10.00   10.00   clock wb_clk_i (rise edge)
                          0.00   10.00   clock network delay (ideal)
                         -0.25    9.75   clock uncertainty
                          0.00    9.75   clock reconvergence pessimism
                                  9.75 ^ _16678_/CLK (sky130_fd_sc_hd__dfrtp_2)
                          0.25   10.00   library recovery time
                                 10.00   data required time
-----------------------------------------------------------------------------
                                 10.00   data required time
                                 -0.94   data arrival time
-----------------------------------------------------------------------------
                                  9.06   slack (MET)


Startpoint: _16677_ (rising edge-triggered flip-flop clocked by wb_clk_i)
Endpoint: _16695_ (rising edge-triggered flip-flop clocked by wb_clk_i)
Path Group: wb_clk_i
Path Type: max

Fanout     Cap    Slew   Delay    Time   Description
-----------------------------------------------------------------------------
                  0.15    0.00    0.00   clock wb_clk_i (rise edge)
                          0.00    0.00   clock network delay (ideal)
                  0.15    0.00    0.00 ^ _16677_/CLK (sky130_fd_sc_hd__dfrtp_2)
                  0.07    0.48    0.48 v _16677_/Q (sky130_fd_sc_hd__dfrtp_2)
     3    0.01                           game.freq_21.counter[1] (net)
                  0.07    0.00    0.48 v _12267_/B (sky130_fd_sc_hd__and3_2)
                  0.06    0.23    0.71 v _12267_/X (sky130_fd_sc_hd__and3_2)
     3    0.01                           _04401_ (net)
                  0.06    0.00    0.72 v _12270_/B (sky130_fd_sc_hd__and2_2)
                  0.07    0.24    0.96 v _12270_/X (sky130_fd_sc_hd__and2_2)
     4    0.02                           _04403_ (net)
                  0.07    0.00    0.96 v _12274_/C (sky130_fd_sc_hd__and3_2)
                  0.06    0.25    1.21 v _12274_/X (sky130_fd_sc_hd__and3_2)
     3    0.01                           _04405_ (net)
                  0.06    0.00    1.21 v _12277_/B (sky130_fd_sc_hd__and2_2)
                  0.07    0.24    1.46 v _12277_/X (sky130_fd_sc_hd__and2_2)
     4    0.02                           _04407_ (net)
                  0.07    0.00    1.46 v _12281_/C (sky130_fd_sc_hd__and3_2)
                  0.06    0.25    1.71 v _12281_/X (sky130_fd_sc_hd__and3_2)
     3    0.01                           _04409_ (net)
                  0.06    0.00    1.71 v _12284_/B (sky130_fd_sc_hd__and2_2)
                  0.07    0.24    1.95 v _12284_/X (sky130_fd_sc_hd__and2_2)
     4    0.02                           _04411_ (net)
                  0.07    0.00    1.95 v _12288_/C (sky130_fd_sc_hd__and3_2)
                  0.06    0.25    2.20 v _12288_/X (sky130_fd_sc_hd__and3_2)
     3    0.01                           _04413_ (net)
                  0.06    0.00    2.21 v _12291_/B (sky130_fd_sc_hd__and2_2)
                  0.07    0.24    2.45 v _12291_/X (sky130_fd_sc_hd__and2_2)
     4    0.02                           _04415_ (net)
                  0.07    0.00    2.45 v _12295_/C (sky130_fd_sc_hd__and3_2)
                  0.06    0.25    2.70 v _12295_/X (sky130_fd_sc_hd__and3_2)
     3    0.01                           _04417_ (net)
                  0.06    0.00    2.70 v _12298_/B (sky130_fd_sc_hd__and2_2)
                  0.07    0.24    2.95 v _12298_/X (sky130_fd_sc_hd__and2_2)
     4    0.02                           _04419_ (net)
                  0.07    0.00    2.95 v _12302_/C (sky130_fd_sc_hd__and3_2)
                  0.07    0.27    3.21 v _12302_/X (sky130_fd_sc_hd__and3_2)
     4    0.02                           _04421_ (net)
                  0.07    0.00    3.22 v _12306_/C (sky130_fd_sc_hd__and3_2)
                  0.06    0.24    3.46 v _12306_/X (sky130_fd_sc_hd__and3_2)
     2    0.01                           _04423_ (net)
                  0.06    0.00    3.46 v _12308_/A_N (sky130_fd_sc_hd__and2b_2)
                  0.03    0.21    3.68 ^ _12308_/X (sky130_fd_sc_hd__and2b_2)
     1    0.00                           _04425_ (net)
                  0.04    0.00    3.68 ^ _12309_/A (sky130_fd_sc_hd__buf_1)
                  0.04    0.08    3.76 ^ _12309_/X (sky130_fd_sc_hd__buf_1)
     1    0.00                           _00243_ (net)
                  0.04    0.00    3.76 ^ _16695_/D (sky130_fd_sc_hd__dfrtp_2)
                                  3.76   data arrival time

                  0.15   10.00   10.00   clock wb_clk_i (rise edge)
                          0.00   10.00   clock network delay (ideal)
                         -0.25    9.75   clock uncertainty
                          0.00    9.75   clock reconvergence pessimism
                                  9.75 ^ _16695_/CLK (sky130_fd_sc_hd__dfrtp_2)
                         -0.05    9.70   library setup time
                                  9.70   data required time
-----------------------------------------------------------------------------
                                  9.70   data required time
                                 -3.76   data arrival time
-----------------------------------------------------------------------------
                                  5.94   slack (MET)


Startpoint: _16677_ (rising edge-triggered flip-flop clocked by wb_clk_i)
Endpoint: _16696_ (rising edge-triggered flip-flop clocked by wb_clk_i)
Path Group: wb_clk_i
Path Type: max

Fanout     Cap    Slew   Delay    Time   Description
-----------------------------------------------------------------------------
                  0.15    0.00    0.00   clock wb_clk_i (rise edge)
                          0.00    0.00   clock network delay (ideal)
                  0.15    0.00    0.00 ^ _16677_/CLK (sky130_fd_sc_hd__dfrtp_2)
                  0.07    0.48    0.48 v _16677_/Q (sky130_fd_sc_hd__dfrtp_2)
     3    0.01                           game.freq_21.counter[1] (net)
                  0.07    0.00    0.48 v _12267_/B (sky130_fd_sc_hd__and3_2)
                  0.06    0.23    0.71 v _12267_/X (sky130_fd_sc_hd__and3_2)
     3    0.01                           _04401_ (net)
                  0.06    0.00    0.72 v _12270_/B (sky130_fd_sc_hd__and2_2)
                  0.07    0.24    0.96 v _12270_/X (sky130_fd_sc_hd__and2_2)
     4    0.02                           _04403_ (net)
                  0.07    0.00    0.96 v _12274_/C (sky130_fd_sc_hd__and3_2)
                  0.06    0.25    1.21 v _12274_/X (sky130_fd_sc_hd__and3_2)
     3    0.01                           _04405_ (net)
                  0.06    0.00    1.21 v _12277_/B (sky130_fd_sc_hd__and2_2)
                  0.07    0.24    1.46 v _12277_/X (sky130_fd_sc_hd__and2_2)
     4    0.02                           _04407_ (net)
                  0.07    0.00    1.46 v _12281_/C (sky130_fd_sc_hd__and3_2)
                  0.06    0.25    1.71 v _12281_/X (sky130_fd_sc_hd__and3_2)
     3    0.01                           _04409_ (net)
                  0.06    0.00    1.71 v _12284_/B (sky130_fd_sc_hd__and2_2)
                  0.07    0.24    1.95 v _12284_/X (sky130_fd_sc_hd__and2_2)
     4    0.02                           _04411_ (net)
                  0.07    0.00    1.95 v _12288_/C (sky130_fd_sc_hd__and3_2)
                  0.06    0.25    2.20 v _12288_/X (sky130_fd_sc_hd__and3_2)
     3    0.01                           _04413_ (net)
                  0.06    0.00    2.21 v _12291_/B (sky130_fd_sc_hd__and2_2)
                  0.07    0.24    2.45 v _12291_/X (sky130_fd_sc_hd__and2_2)
     4    0.02                           _04415_ (net)
                  0.07    0.00    2.45 v _12295_/C (sky130_fd_sc_hd__and3_2)
                  0.06    0.25    2.70 v _12295_/X (sky130_fd_sc_hd__and3_2)
     3    0.01                           _04417_ (net)
                  0.06    0.00    2.70 v _12298_/B (sky130_fd_sc_hd__and2_2)
                  0.07    0.24    2.95 v _12298_/X (sky130_fd_sc_hd__and2_2)
     4    0.02                           _04419_ (net)
                  0.07    0.00    2.95 v _12302_/C (sky130_fd_sc_hd__and3_2)
                  0.07    0.27    3.21 v _12302_/X (sky130_fd_sc_hd__and3_2)
     4    0.02                           _04421_ (net)
                  0.07    0.00    3.22 v _12306_/C (sky130_fd_sc_hd__and3_2)
                  0.06    0.24    3.46 v _12306_/X (sky130_fd_sc_hd__and3_2)
     2    0.01                           _04423_ (net)
                  0.06    0.01    3.47 v _12310_/B (sky130_fd_sc_hd__xor2_2)
                  0.19    0.14    3.61 v _12310_/X (sky130_fd_sc_hd__xor2_2)
     1    0.00                           _00245_ (net)
                  0.19    0.00    3.62 v _16696_/D (sky130_fd_sc_hd__dfrtp_2)
                                  3.62   data arrival time

                  0.15   10.00   10.00   clock wb_clk_i (rise edge)
                          0.00   10.00   clock network delay (ideal)
                         -0.25    9.75   clock uncertainty
                          0.00    9.75   clock reconvergence pessimism
                                  9.75 ^ _16696_/CLK (sky130_fd_sc_hd__dfrtp_2)
                         -0.15    9.60   library setup time
                                  9.60   data required time
-----------------------------------------------------------------------------
                                  9.60   data required time
                                 -3.62   data arrival time
-----------------------------------------------------------------------------
                                  5.98   slack (MET)


Startpoint: la_oenb[65] (input port clocked by wb_clk_i)
Endpoint: _16879_ (rising edge-triggered flip-flop clocked by wb_clk_i)
Path Group: wb_clk_i
Path Type: max

Fanout     Cap    Slew   Delay    Time   Description
-----------------------------------------------------------------------------
                  0.15    0.00    0.00   clock wb_clk_i (rise edge)
                          0.00    0.00   clock network delay (ideal)
                          2.00    2.00 ^ input external delay
                  0.03    0.02    2.02 ^ la_oenb[65] (in)
     1    0.00                           la_oenb[65] (net)
                  0.03    0.00    2.02 ^ _12412_/S (sky130_fd_sc_hd__mux2_2)
                  0.05    0.33    2.34 v _12412_/X (sky130_fd_sc_hd__mux2_2)
     1    0.00                           _04448_ (net)
                  0.05    0.00    2.35 v _12413_/A (sky130_fd_sc_hd__buf_1)
                  0.08    0.13    2.48 v _12413_/X (sky130_fd_sc_hd__buf_1)
     3    0.01                           _00685_ (net)
                  0.08    0.01    2.49 v _12675_/B (sky130_fd_sc_hd__xnor2_2)
                  0.11    0.14    2.63 ^ _12675_/Y (sky130_fd_sc_hd__xnor2_2)
     2    0.00                           _04538_ (net)
                  0.11    0.00    2.63 ^ _12679_/C_N (sky130_fd_sc_hd__or3b_2)
                  0.08    0.48    3.12 v _12679_/X (sky130_fd_sc_hd__or3b_2)
     2    0.00                           _04542_ (net)
                  0.08    0.00    3.12 v _12693_/S (sky130_fd_sc_hd__mux2_2)
                  0.05    0.29    3.41 v _12693_/X (sky130_fd_sc_hd__mux2_2)
     1    0.00                           _04551_ (net)
                  0.05    0.00    3.41 v _12694_/A (sky130_fd_sc_hd__buf_1)
                  0.02    0.09    3.50 v _12694_/X (sky130_fd_sc_hd__buf_1)
     1    0.00                           _00780_ (net)
                  0.02    0.00    3.50 v _16879_/D (sky130_fd_sc_hd__dfxtp_2)
                                  3.50   data arrival time

                  0.15   10.00   10.00   clock wb_clk_i (rise edge)
                          0.00   10.00   clock network delay (ideal)
                         -0.25    9.75   clock uncertainty
                          0.00    9.75   clock reconvergence pessimism
                                  9.75 ^ _16879_/CLK (sky130_fd_sc_hd__dfxtp_2)
                         -0.08    9.67   library setup time
                                  9.67   data required time
-----------------------------------------------------------------------------
                                  9.67   data required time
                                 -3.50   data arrival time
-----------------------------------------------------------------------------
                                  6.17   slack (MET)


Startpoint: _16677_ (rising edge-triggered flip-flop clocked by wb_clk_i)
Endpoint: _16694_ (rising edge-triggered flip-flop clocked by wb_clk_i)
Path Group: wb_clk_i
Path Type: max

Fanout     Cap    Slew   Delay    Time   Description
-----------------------------------------------------------------------------
                  0.15    0.00    0.00   clock wb_clk_i (rise edge)
                          0.00    0.00   clock network delay (ideal)
                  0.15    0.00    0.00 ^ _16677_/CLK (sky130_fd_sc_hd__dfrtp_2)
                  0.07    0.48    0.48 v _16677_/Q (sky130_fd_sc_hd__dfrtp_2)
     3    0.01                           game.freq_21.counter[1] (net)
                  0.07    0.00    0.48 v _12267_/B (sky130_fd_sc_hd__and3_2)
                  0.06    0.23    0.71 v _12267_/X (sky130_fd_sc_hd__and3_2)
     3    0.01                           _04401_ (net)
                  0.06    0.00    0.72 v _12270_/B (sky130_fd_sc_hd__and2_2)
                  0.07    0.24    0.96 v _12270_/X (sky130_fd_sc_hd__and2_2)
     4    0.02                           _04403_ (net)
                  0.07    0.00    0.96 v _12274_/C (sky130_fd_sc_hd__and3_2)
                  0.06    0.25    1.21 v _12274_/X (sky130_fd_sc_hd__and3_2)
     3    0.01                           _04405_ (net)
                  0.06    0.00    1.21 v _12277_/B (sky130_fd_sc_hd__and2_2)
                  0.07    0.24    1.46 v _12277_/X (sky130_fd_sc_hd__and2_2)
     4    0.02                           _04407_ (net)
                  0.07    0.00    1.46 v _12281_/C (sky130_fd_sc_hd__and3_2)
                  0.06    0.25    1.71 v _12281_/X (sky130_fd_sc_hd__and3_2)
     3    0.01                           _04409_ (net)
                  0.06    0.00    1.71 v _12284_/B (sky130_fd_sc_hd__and2_2)
                  0.07    0.24    1.95 v _12284_/X (sky130_fd_sc_hd__and2_2)
     4    0.02                           _04411_ (net)
                  0.07    0.00    1.95 v _12288_/C (sky130_fd_sc_hd__and3_2)
                  0.06    0.25    2.20 v _12288_/X (sky130_fd_sc_hd__and3_2)
     3    0.01                           _04413_ (net)
                  0.06    0.00    2.21 v _12291_/B (sky130_fd_sc_hd__and2_2)
                  0.07    0.24    2.45 v _12291_/X (sky130_fd_sc_hd__and2_2)
     4    0.02                           _04415_ (net)
                  0.07    0.00    2.45 v _12295_/C (sky130_fd_sc_hd__and3_2)
                  0.06    0.25    2.70 v _12295_/X (sky130_fd_sc_hd__and3_2)
     3    0.01                           _04417_ (net)
                  0.06    0.00    2.70 v _12298_/B (sky130_fd_sc_hd__and2_2)
                  0.07    0.24    2.95 v _12298_/X (sky130_fd_sc_hd__and2_2)
     4    0.02                           _04419_ (net)
                  0.07    0.00    2.95 v _12302_/C (sky130_fd_sc_hd__and3_2)
                  0.07    0.27    3.21 v _12302_/X (sky130_fd_sc_hd__and3_2)
     4    0.02                           _04421_ (net)
                  0.07    0.01    3.22 v _12305_/B (sky130_fd_sc_hd__xor2_2)
                  0.04    0.15    3.37 v _12305_/X (sky130_fd_sc_hd__xor2_2)
     1    0.00                           _00242_ (net)
                  0.04    0.00    3.38 v _16694_/D (sky130_fd_sc_hd__dfrtp_2)
                                  3.38   data arrival time

                  0.15   10.00   10.00   clock wb_clk_i (rise edge)
                          0.00   10.00   clock network delay (ideal)
                         -0.25    9.75   clock uncertainty
                          0.00    9.75   clock reconvergence pessimism
                                  9.75 ^ _16694_/CLK (sky130_fd_sc_hd__dfrtp_2)
                         -0.09    9.66   library setup time
                                  9.66   data required time
-----------------------------------------------------------------------------
                                  9.66   data required time
                                 -3.38   data arrival time
-----------------------------------------------------------------------------
                                  6.28   slack (MET)


Startpoint: _16677_ (rising edge-triggered flip-flop clocked by wb_clk_i)
Endpoint: _16693_ (rising edge-triggered flip-flop clocked by wb_clk_i)
Path Group: wb_clk_i
Path Type: max

Fanout     Cap    Slew   Delay    Time   Description
-----------------------------------------------------------------------------
                  0.15    0.00    0.00   clock wb_clk_i (rise edge)
                          0.00    0.00   clock network delay (ideal)
                  0.15    0.00    0.00 ^ _16677_/CLK (sky130_fd_sc_hd__dfrtp_2)
                  0.07    0.48    0.48 v _16677_/Q (sky130_fd_sc_hd__dfrtp_2)
     3    0.01                           game.freq_21.counter[1] (net)
                  0.07    0.00    0.48 v _12267_/B (sky130_fd_sc_hd__and3_2)
                  0.06    0.23    0.71 v _12267_/X (sky130_fd_sc_hd__and3_2)
     3    0.01                           _04401_ (net)
                  0.06    0.00    0.72 v _12270_/B (sky130_fd_sc_hd__and2_2)
                  0.07    0.24    0.96 v _12270_/X (sky130_fd_sc_hd__and2_2)
     4    0.02                           _04403_ (net)
                  0.07    0.00    0.96 v _12274_/C (sky130_fd_sc_hd__and3_2)
                  0.06    0.25    1.21 v _12274_/X (sky130_fd_sc_hd__and3_2)
     3    0.01                           _04405_ (net)
                  0.06    0.00    1.21 v _12277_/B (sky130_fd_sc_hd__and2_2)
                  0.07    0.24    1.46 v _12277_/X (sky130_fd_sc_hd__and2_2)
     4    0.02                           _04407_ (net)
                  0.07    0.00    1.46 v _12281_/C (sky130_fd_sc_hd__and3_2)
                  0.06    0.25    1.71 v _12281_/X (sky130_fd_sc_hd__and3_2)
     3    0.01                           _04409_ (net)
                  0.06    0.00    1.71 v _12284_/B (sky130_fd_sc_hd__and2_2)
                  0.07    0.24    1.95 v _12284_/X (sky130_fd_sc_hd__and2_2)
     4    0.02                           _04411_ (net)
                  0.07    0.00    1.95 v _12288_/C (sky130_fd_sc_hd__and3_2)
                  0.06    0.25    2.20 v _12288_/X (sky130_fd_sc_hd__and3_2)
     3    0.01                           _04413_ (net)
                  0.06    0.00    2.21 v _12291_/B (sky130_fd_sc_hd__and2_2)
                  0.07    0.24    2.45 v _12291_/X (sky130_fd_sc_hd__and2_2)
     4    0.02                           _04415_ (net)
                  0.07    0.00    2.45 v _12295_/C (sky130_fd_sc_hd__and3_2)
                  0.06    0.25    2.70 v _12295_/X (sky130_fd_sc_hd__and3_2)
     3    0.01                           _04417_ (net)
                  0.06    0.00    2.70 v _12298_/B (sky130_fd_sc_hd__and2_2)
                  0.07    0.24    2.95 v _12298_/X (sky130_fd_sc_hd__and2_2)
     4    0.02                           _04419_ (net)
                  0.07    0.00    2.95 v _12302_/C (sky130_fd_sc_hd__and3_2)
                  0.07    0.27    3.21 v _12302_/X (sky130_fd_sc_hd__and3_2)
     4    0.02                           _04421_ (net)
                  0.07    0.01    3.22 v _12304_/A (sky130_fd_sc_hd__nor2_2)
                  0.06    0.10    3.32 ^ _12304_/Y (sky130_fd_sc_hd__nor2_2)
     1    0.00                           _00241_ (net)
                  0.06    0.00    3.33 ^ _16693_/D (sky130_fd_sc_hd__dfrtp_2)
                                  3.33   data arrival time

                  0.15   10.00   10.00   clock wb_clk_i (rise edge)
                          0.00   10.00   clock network delay (ideal)
                         -0.25    9.75   clock uncertainty
                          0.00    9.75   clock reconvergence pessimism
                                  9.75 ^ _16693_/CLK (sky130_fd_sc_hd__dfrtp_2)
                         -0.05    9.70   library setup time
                                  9.70   data required time
-----------------------------------------------------------------------------
                                  9.70   data required time
                                 -3.33   data arrival time
-----------------------------------------------------------------------------
                                  6.37   slack (MET)


max_report_end
check_report

===========================================================================
report_checks -unconstrained
============================================================================
Startpoint: _16879_ (rising edge-triggered flip-flop clocked by wb_clk_i)
Endpoint: _16674_ (recovery check against rising-edge clock wb_clk_i)
Path Group: **async_default**
Path Type: max

Fanout     Cap    Slew   Delay    Time   Description
-----------------------------------------------------------------------------
                  0.15    0.00    0.00   clock wb_clk_i (rise edge)
                          0.00    0.00   clock network delay (ideal)
                  0.15    0.00    0.00 ^ _16879_/CLK (sky130_fd_sc_hd__dfxtp_2)
                  0.04    0.37    0.37 v _16879_/Q (sky130_fd_sc_hd__dfxtp_2)
     4    0.01                           game.color.reset (net)
                  0.04    0.00    0.38 v _12312_/A (sky130_fd_sc_hd__buf_1)
                  0.07    0.13    0.50 v _12312_/X (sky130_fd_sc_hd__buf_1)
     5    0.01                           _04426_ (net)
                  0.07    0.00    0.50 v _12373_/A (sky130_fd_sc_hd__buf_1)
                  0.07    0.14    0.65 v _12373_/X (sky130_fd_sc_hd__buf_1)
     5    0.01                           _04440_ (net)
                  0.07    0.00    0.65 v _12374_/A (sky130_fd_sc_hd__buf_1)
                  0.14    0.19    0.84 v _12374_/X (sky130_fd_sc_hd__buf_1)
     5    0.02                           _04441_ (net)
                  0.14    0.01    0.85 v _12379_/A (sky130_fd_sc_hd__inv_2)
                  0.05    0.08    0.93 ^ _12379_/Y (sky130_fd_sc_hd__inv_2)
     1    0.00                           _00305_ (net)
                  0.05    0.01    0.94 ^ _16674_/RESET_B (sky130_fd_sc_hd__dfrtp_2)
                                  0.94   data arrival time

                  0.15   10.00   10.00   clock wb_clk_i (rise edge)
                          0.00   10.00   clock network delay (ideal)
                         -0.25    9.75   clock uncertainty
                          0.00    9.75   clock reconvergence pessimism
                                  9.75 ^ _16674_/CLK (sky130_fd_sc_hd__dfrtp_2)
                          0.25   10.00   library recovery time
                                 10.00   data required time
-----------------------------------------------------------------------------
                                 10.00   data required time
                                 -0.94   data arrival time
-----------------------------------------------------------------------------
                                  9.06   slack (MET)


Startpoint: _16677_ (rising edge-triggered flip-flop clocked by wb_clk_i)
Endpoint: _16695_ (rising edge-triggered flip-flop clocked by wb_clk_i)
Path Group: wb_clk_i
Path Type: max

Fanout     Cap    Slew   Delay    Time   Description
-----------------------------------------------------------------------------
                  0.15    0.00    0.00   clock wb_clk_i (rise edge)
                          0.00    0.00   clock network delay (ideal)
                  0.15    0.00    0.00 ^ _16677_/CLK (sky130_fd_sc_hd__dfrtp_2)
                  0.07    0.48    0.48 v _16677_/Q (sky130_fd_sc_hd__dfrtp_2)
     3    0.01                           game.freq_21.counter[1] (net)
                  0.07    0.00    0.48 v _12267_/B (sky130_fd_sc_hd__and3_2)
                  0.06    0.23    0.71 v _12267_/X (sky130_fd_sc_hd__and3_2)
     3    0.01                           _04401_ (net)
                  0.06    0.00    0.72 v _12270_/B (sky130_fd_sc_hd__and2_2)
                  0.07    0.24    0.96 v _12270_/X (sky130_fd_sc_hd__and2_2)
     4    0.02                           _04403_ (net)
                  0.07    0.00    0.96 v _12274_/C (sky130_fd_sc_hd__and3_2)
                  0.06    0.25    1.21 v _12274_/X (sky130_fd_sc_hd__and3_2)
     3    0.01                           _04405_ (net)
                  0.06    0.00    1.21 v _12277_/B (sky130_fd_sc_hd__and2_2)
                  0.07    0.24    1.46 v _12277_/X (sky130_fd_sc_hd__and2_2)
     4    0.02                           _04407_ (net)
                  0.07    0.00    1.46 v _12281_/C (sky130_fd_sc_hd__and3_2)
                  0.06    0.25    1.71 v _12281_/X (sky130_fd_sc_hd__and3_2)
     3    0.01                           _04409_ (net)
                  0.06    0.00    1.71 v _12284_/B (sky130_fd_sc_hd__and2_2)
                  0.07    0.24    1.95 v _12284_/X (sky130_fd_sc_hd__and2_2)
     4    0.02                           _04411_ (net)
                  0.07    0.00    1.95 v _12288_/C (sky130_fd_sc_hd__and3_2)
                  0.06    0.25    2.20 v _12288_/X (sky130_fd_sc_hd__and3_2)
     3    0.01                           _04413_ (net)
                  0.06    0.00    2.21 v _12291_/B (sky130_fd_sc_hd__and2_2)
                  0.07    0.24    2.45 v _12291_/X (sky130_fd_sc_hd__and2_2)
     4    0.02                           _04415_ (net)
                  0.07    0.00    2.45 v _12295_/C (sky130_fd_sc_hd__and3_2)
                  0.06    0.25    2.70 v _12295_/X (sky130_fd_sc_hd__and3_2)
     3    0.01                           _04417_ (net)
                  0.06    0.00    2.70 v _12298_/B (sky130_fd_sc_hd__and2_2)
                  0.07    0.24    2.95 v _12298_/X (sky130_fd_sc_hd__and2_2)
     4    0.02                           _04419_ (net)
                  0.07    0.00    2.95 v _12302_/C (sky130_fd_sc_hd__and3_2)
                  0.07    0.27    3.21 v _12302_/X (sky130_fd_sc_hd__and3_2)
     4    0.02                           _04421_ (net)
                  0.07    0.00    3.22 v _12306_/C (sky130_fd_sc_hd__and3_2)
                  0.06    0.24    3.46 v _12306_/X (sky130_fd_sc_hd__and3_2)
     2    0.01                           _04423_ (net)
                  0.06    0.00    3.46 v _12308_/A_N (sky130_fd_sc_hd__and2b_2)
                  0.03    0.21    3.68 ^ _12308_/X (sky130_fd_sc_hd__and2b_2)
     1    0.00                           _04425_ (net)
                  0.04    0.00    3.68 ^ _12309_/A (sky130_fd_sc_hd__buf_1)
                  0.04    0.08    3.76 ^ _12309_/X (sky130_fd_sc_hd__buf_1)
     1    0.00                           _00243_ (net)
                  0.04    0.00    3.76 ^ _16695_/D (sky130_fd_sc_hd__dfrtp_2)
                                  3.76   data arrival time

                  0.15   10.00   10.00   clock wb_clk_i (rise edge)
                          0.00   10.00   clock network delay (ideal)
                         -0.25    9.75   clock uncertainty
                          0.00    9.75   clock reconvergence pessimism
                                  9.75 ^ _16695_/CLK (sky130_fd_sc_hd__dfrtp_2)
                         -0.05    9.70   library setup time
                                  9.70   data required time
-----------------------------------------------------------------------------
                                  9.70   data required time
                                 -3.76   data arrival time
-----------------------------------------------------------------------------
                                  5.94   slack (MET)



===========================================================================
report_checks --slack_max -0.01
============================================================================
No paths found.
check_report_end
check_slew

===========================================================================
 report_check_types -max_slew -max_cap -max_fanout -violators
============================================================================
max slew

Pin                                    Limit    Slew   Slack
------------------------------------------------------------
_12310_/A                               1.50    1.75   -0.25 (VIOLATED)
_16623_/CLK                             1.50    1.75   -0.25 (VIOLATED)
_16624_/CLK                             1.50    1.75   -0.25 (VIOLATED)
_16625_/CLK                             1.50    1.75   -0.25 (VIOLATED)
_16626_/CLK                             1.50    1.75   -0.25 (VIOLATED)
_16736_/CLK                             1.50    1.75   -0.25 (VIOLATED)
_16737_/CLK                             1.50    1.75   -0.25 (VIOLATED)
_16738_/CLK                             1.50    1.75   -0.25 (VIOLATED)
_16739_/CLK                             1.50    1.75   -0.25 (VIOLATED)
_16740_/CLK                             1.50    1.75   -0.25 (VIOLATED)
_16741_/CLK                             1.50    1.75   -0.25 (VIOLATED)
_16742_/CLK                             1.50    1.75   -0.25 (VIOLATED)
_16743_/CLK                             1.50    1.75   -0.25 (VIOLATED)
_16744_/CLK                             1.50    1.75   -0.25 (VIOLATED)
_16745_/CLK                             1.50    1.75   -0.25 (VIOLATED)
_16746_/CLK                             1.50    1.75   -0.25 (VIOLATED)
_16747_/CLK                             1.50    1.75   -0.25 (VIOLATED)
_16748_/CLK                             1.50    1.75   -0.25 (VIOLATED)
_16749_/CLK                             1.50    1.75   -0.25 (VIOLATED)
_16750_/CLK                             1.50    1.75   -0.25 (VIOLATED)
_16751_/CLK                             1.50    1.75   -0.25 (VIOLATED)
_16752_/CLK                             1.50    1.75   -0.25 (VIOLATED)
_16753_/CLK                             1.50    1.75   -0.25 (VIOLATED)
_16754_/CLK                             1.50    1.75   -0.25 (VIOLATED)
_16755_/CLK                             1.50    1.75   -0.25 (VIOLATED)
_16756_/CLK                             1.50    1.75   -0.25 (VIOLATED)
_16757_/CLK                             1.50    1.75   -0.25 (VIOLATED)
_16758_/CLK                             1.50    1.75   -0.25 (VIOLATED)
_16759_/CLK                             1.50    1.75   -0.25 (VIOLATED)
_16760_/CLK                             1.50    1.75   -0.25 (VIOLATED)
_16761_/CLK                             1.50    1.75   -0.25 (VIOLATED)
_16762_/CLK                             1.50    1.75   -0.25 (VIOLATED)
_16763_/CLK                             1.50    1.75   -0.25 (VIOLATED)
_16764_/CLK                             1.50    1.75   -0.25 (VIOLATED)
_16765_/CLK                             1.50    1.75   -0.25 (VIOLATED)
_16766_/CLK                             1.50    1.75   -0.25 (VIOLATED)
_16867_/CLK                             1.50    1.75   -0.25 (VIOLATED)
_16881_/CLK                             1.50    1.75   -0.25 (VIOLATED)
_16890_/CLK                             1.50    1.75   -0.25 (VIOLATED)
_16891_/CLK                             1.50    1.75   -0.25 (VIOLATED)
_16892_/CLK                             1.50    1.75   -0.25 (VIOLATED)
_16893_/CLK                             1.50    1.75   -0.25 (VIOLATED)
_16894_/CLK                             1.50    1.75   -0.25 (VIOLATED)
_16895_/CLK                             1.50    1.75   -0.25 (VIOLATED)
_16896_/CLK                             1.50    1.75   -0.25 (VIOLATED)
_16897_/CLK                             1.50    1.75   -0.25 (VIOLATED)
_16898_/CLK                             1.50    1.75   -0.25 (VIOLATED)
_16899_/CLK                             1.50    1.75   -0.25 (VIOLATED)
_16900_/CLK                             1.50    1.75   -0.25 (VIOLATED)
_16901_/CLK                             1.50    1.75   -0.25 (VIOLATED)
_16902_/CLK                             1.50    1.75   -0.25 (VIOLATED)
_16903_/CLK                             1.50    1.75   -0.25 (VIOLATED)
_16904_/CLK                             1.50    1.75   -0.25 (VIOLATED)
_16905_/CLK                             1.50    1.75   -0.25 (VIOLATED)
_16906_/CLK                             1.50    1.75   -0.25 (VIOLATED)
_16907_/CLK                             1.50    1.75   -0.25 (VIOLATED)
_16908_/CLK                             1.50    1.75   -0.25 (VIOLATED)
_16909_/CLK                             1.50    1.75   -0.25 (VIOLATED)
_16910_/CLK                             1.50    1.75   -0.25 (VIOLATED)
_16911_/CLK                             1.50    1.75   -0.25 (VIOLATED)
_16912_/CLK                             1.50    1.75   -0.25 (VIOLATED)
_16913_/CLK                             1.50    1.75   -0.25 (VIOLATED)
_16914_/CLK                             1.50    1.75   -0.25 (VIOLATED)
_16915_/CLK                             1.50    1.75   -0.25 (VIOLATED)
_16916_/CLK                             1.50    1.75   -0.25 (VIOLATED)
_16917_/CLK                             1.50    1.75   -0.25 (VIOLATED)
_16918_/CLK                             1.50    1.75   -0.25 (VIOLATED)
_16919_/CLK                             1.50    1.75   -0.25 (VIOLATED)
_16920_/CLK                             1.50    1.75   -0.25 (VIOLATED)
_16921_/CLK                             1.50    1.75   -0.25 (VIOLATED)
_16922_/CLK                             1.50    1.75   -0.25 (VIOLATED)
_16923_/CLK                             1.50    1.75   -0.25 (VIOLATED)
_16924_/CLK                             1.50    1.75   -0.25 (VIOLATED)
_16925_/CLK                             1.50    1.75   -0.25 (VIOLATED)
_16926_/CLK                             1.50    1.75   -0.25 (VIOLATED)
_16927_/CLK                             1.50    1.75   -0.25 (VIOLATED)
_16928_/CLK                             1.50    1.75   -0.25 (VIOLATED)
_16929_/CLK                             1.50    1.75   -0.25 (VIOLATED)
_16930_/CLK                             1.50    1.75   -0.25 (VIOLATED)
_16931_/CLK                             1.50    1.75   -0.25 (VIOLATED)
_16932_/CLK                             1.50    1.75   -0.25 (VIOLATED)
_16933_/CLK                             1.50    1.75   -0.25 (VIOLATED)
_16934_/CLK                             1.50    1.75   -0.25 (VIOLATED)
_16935_/CLK                             1.50    1.75   -0.25 (VIOLATED)
_16936_/CLK                             1.50    1.75   -0.25 (VIOLATED)
_16937_/CLK                             1.50    1.75   -0.25 (VIOLATED)
_16938_/CLK                             1.50    1.75   -0.25 (VIOLATED)
_16939_/CLK                             1.50    1.75   -0.25 (VIOLATED)
_16940_/CLK                             1.50    1.75   -0.25 (VIOLATED)
_16941_/CLK                             1.50    1.75   -0.25 (VIOLATED)
_16942_/CLK                             1.50    1.75   -0.25 (VIOLATED)
_16943_/CLK                             1.50    1.75   -0.25 (VIOLATED)
_16944_/CLK                             1.50    1.75   -0.25 (VIOLATED)
_16945_/CLK                             1.50    1.75   -0.25 (VIOLATED)
_16946_/CLK                             1.50    1.75   -0.25 (VIOLATED)
_16947_/CLK                             1.50    1.75   -0.25 (VIOLATED)
_16948_/CLK                             1.50    1.75   -0.25 (VIOLATED)
_16949_/CLK                             1.50    1.75   -0.25 (VIOLATED)
_16950_/CLK                             1.50    1.75   -0.25 (VIOLATED)
_16951_/CLK                             1.50    1.75   -0.25 (VIOLATED)
_16952_/CLK                             1.50    1.75   -0.25 (VIOLATED)
_16953_/CLK                             1.50    1.75   -0.25 (VIOLATED)
_16954_/CLK                             1.50    1.75   -0.25 (VIOLATED)
_16955_/CLK                             1.50    1.75   -0.25 (VIOLATED)
_16956_/CLK                             1.50    1.75   -0.25 (VIOLATED)
_16957_/CLK                             1.50    1.75   -0.25 (VIOLATED)
_16958_/CLK                             1.50    1.75   -0.25 (VIOLATED)
_16959_/CLK                             1.50    1.75   -0.25 (VIOLATED)
_16960_/CLK                             1.50    1.75   -0.25 (VIOLATED)
_16961_/CLK                             1.50    1.75   -0.25 (VIOLATED)
_16962_/CLK                             1.50    1.75   -0.25 (VIOLATED)
_16963_/CLK                             1.50    1.75   -0.25 (VIOLATED)
_16964_/CLK                             1.50    1.75   -0.25 (VIOLATED)
_16965_/CLK                             1.50    1.75   -0.25 (VIOLATED)
_16966_/CLK                             1.50    1.75   -0.25 (VIOLATED)
_16967_/CLK                             1.50    1.75   -0.25 (VIOLATED)
_16968_/CLK                             1.50    1.75   -0.25 (VIOLATED)
_16969_/CLK                             1.50    1.75   -0.25 (VIOLATED)
_16970_/CLK                             1.50    1.75   -0.25 (VIOLATED)
_16971_/CLK                             1.50    1.75   -0.25 (VIOLATED)
_16972_/CLK                             1.50    1.75   -0.25 (VIOLATED)
_16973_/CLK                             1.50    1.75   -0.25 (VIOLATED)
_16974_/CLK                             1.50    1.75   -0.25 (VIOLATED)
_16975_/CLK                             1.50    1.75   -0.25 (VIOLATED)
_16976_/CLK                             1.50    1.75   -0.25 (VIOLATED)
_16977_/CLK                             1.50    1.75   -0.25 (VIOLATED)
_16978_/CLK                             1.50    1.75   -0.25 (VIOLATED)
_16979_/CLK                             1.50    1.75   -0.25 (VIOLATED)
_16980_/CLK                             1.50    1.75   -0.25 (VIOLATED)
_16981_/CLK                             1.50    1.75   -0.25 (VIOLATED)
_16982_/CLK                             1.50    1.75   -0.25 (VIOLATED)
_16983_/CLK                             1.50    1.75   -0.25 (VIOLATED)
_16984_/CLK                             1.50    1.75   -0.25 (VIOLATED)
_16985_/CLK                             1.50    1.75   -0.25 (VIOLATED)
_16986_/CLK                             1.50    1.75   -0.25 (VIOLATED)
_16987_/CLK                             1.50    1.75   -0.25 (VIOLATED)
_16988_/CLK                             1.50    1.75   -0.25 (VIOLATED)
_16989_/CLK                             1.50    1.75   -0.25 (VIOLATED)
_16990_/CLK                             1.50    1.75   -0.25 (VIOLATED)
_16991_/CLK                             1.50    1.75   -0.25 (VIOLATED)
_16992_/CLK                             1.50    1.75   -0.25 (VIOLATED)
_16993_/CLK                             1.50    1.75   -0.25 (VIOLATED)
_16994_/CLK                             1.50    1.75   -0.25 (VIOLATED)
_16995_/CLK                             1.50    1.75   -0.25 (VIOLATED)
_16996_/CLK                             1.50    1.75   -0.25 (VIOLATED)
_16997_/CLK                             1.50    1.75   -0.25 (VIOLATED)
_16998_/CLK                             1.50    1.75   -0.25 (VIOLATED)
_16999_/CLK                             1.50    1.75   -0.25 (VIOLATED)
_17000_/CLK                             1.50    1.75   -0.25 (VIOLATED)
_17001_/CLK                             1.50    1.75   -0.25 (VIOLATED)
_17002_/CLK                             1.50    1.75   -0.25 (VIOLATED)
_17003_/CLK                             1.50    1.75   -0.25 (VIOLATED)
_17004_/CLK                             1.50    1.75   -0.25 (VIOLATED)
_17005_/CLK                             1.50    1.75   -0.25 (VIOLATED)
_17006_/CLK                             1.50    1.75   -0.25 (VIOLATED)
_17007_/CLK                             1.50    1.75   -0.25 (VIOLATED)
_17008_/CLK                             1.50    1.75   -0.25 (VIOLATED)
_17009_/CLK                             1.50    1.75   -0.25 (VIOLATED)
_17010_/CLK                             1.50    1.75   -0.25 (VIOLATED)
_17011_/CLK                             1.50    1.75   -0.25 (VIOLATED)
_17012_/CLK                             1.50    1.75   -0.25 (VIOLATED)
_17013_/CLK                             1.50    1.75   -0.25 (VIOLATED)
_17014_/CLK                             1.50    1.75   -0.25 (VIOLATED)
_17015_/CLK                             1.50    1.75   -0.25 (VIOLATED)
_17016_/CLK                             1.50    1.75   -0.25 (VIOLATED)
_17017_/CLK                             1.50    1.75   -0.25 (VIOLATED)
_17018_/CLK                             1.50    1.75   -0.25 (VIOLATED)
_17019_/CLK                             1.50    1.75   -0.25 (VIOLATED)
_17020_/CLK                             1.50    1.75   -0.25 (VIOLATED)
_17021_/CLK                             1.50    1.75   -0.25 (VIOLATED)
_17022_/CLK                             1.50    1.75   -0.25 (VIOLATED)
_17023_/CLK                             1.50    1.75   -0.25 (VIOLATED)
_17024_/CLK                             1.50    1.75   -0.25 (VIOLATED)
_17025_/CLK                             1.50    1.75   -0.25 (VIOLATED)
_17026_/CLK                             1.50    1.75   -0.25 (VIOLATED)
_17027_/CLK                             1.50    1.75   -0.25 (VIOLATED)
_17028_/CLK                             1.50    1.75   -0.25 (VIOLATED)
_17029_/CLK                             1.50    1.75   -0.25 (VIOLATED)
_17030_/CLK                             1.50    1.75   -0.25 (VIOLATED)
_17031_/CLK                             1.50    1.75   -0.25 (VIOLATED)
_17032_/CLK                             1.50    1.75   -0.25 (VIOLATED)
_17033_/CLK                             1.50    1.75   -0.25 (VIOLATED)
_17034_/CLK                             1.50    1.75   -0.25 (VIOLATED)
_17035_/CLK                             1.50    1.75   -0.25 (VIOLATED)
_17036_/CLK                             1.50    1.75   -0.25 (VIOLATED)
_17037_/CLK                             1.50    1.75   -0.25 (VIOLATED)
_17038_/CLK                             1.50    1.75   -0.25 (VIOLATED)
_16696_/Q                               1.50    1.75   -0.25 (VIOLATED)

max capacitance

Pin                                    Limit     Cap   Slack
------------------------------------------------------------
_16696_/Q                               0.32    0.38   -0.06 (VIOLATED)


===========================================================================
max slew violation count 188
max fanout violation count 0
max cap violation count 1
============================================================================
check_slew_end
tns_report

===========================================================================
 report_tns
============================================================================
tns 0.00
tns_report_end
wns_report

===========================================================================
 report_wns
============================================================================
wns 0.00
wns_report_end
worst_slack

===========================================================================
 report_worst_slack -max (Setup)
============================================================================
worst slack 5.94

===========================================================================
 report_worst_slack -min (Hold)
============================================================================
worst slack 0.18
worst_slack_end
clock_skew

===========================================================================
 report_clock_skew
============================================================================
Clock wb_clk_i
Latency      CRPR       Skew
_16879_/CLK ^
   3.08
_16674_/CLK ^
   0.91      0.00       2.18

clock_skew_end
power_report

===========================================================================
 report_power
============================================================================
Group                  Internal  Switching    Leakage      Total
                          Power      Power      Power      Power
----------------------------------------------------------------
Sequential             3.94e-04   1.14e-04   3.36e-09   5.08e-04  53.9%
Combinational          2.16e-04   2.19e-04   2.47e-08   4.36e-04  46.1%
Macro                  0.00e+00   0.00e+00   0.00e+00   0.00e+00   0.0%
Pad                    0.00e+00   0.00e+00   0.00e+00   0.00e+00   0.0%
----------------------------------------------------------------
Total                  6.10e-04   3.33e-04   2.80e-08   9.44e-04 100.0%
                          64.7%      35.3%       0.0%
power_report_end
area_report

===========================================================================
 report_design_area
============================================================================
Design area 74370 u^2 100% utilization.
area_report_end
