OpenROAD 8d53e9b018dec98fa63e907ddeb6c5406f035361 
This program is licensed under the BSD-3 license. See the LICENSE file for details.
Components of this program may be licensed under more restrictive licenses which must be honored.
[INFO ODB-0222] Reading LEF file: /home/fatihgulakar/638_proje/shooting_game_verilog/openlane/user_proj_example/runs/user_proj_example/tmp/merged_unpadded.lef
[INFO ODB-0223]     Created 13 technology layers
[INFO ODB-0224]     Created 25 technology vias
[INFO ODB-0225]     Created 441 library cells
[INFO ODB-0226] Finished LEF file:  /home/fatihgulakar/638_proje/shooting_game_verilog/openlane/user_proj_example/runs/user_proj_example/tmp/merged_unpadded.lef
[INFO ODB-0127] Reading DEF file: /home/fatihgulakar/638_proje/shooting_game_verilog/openlane/user_proj_example/runs/user_proj_example/tmp/placement/8-resizer.def
[INFO ODB-0128] Design: user_proj_example
[INFO ODB-0130]     Created 609 pins.
[INFO ODB-0131]     Created 31576 components and 113588 component-terminals.
[INFO ODB-0132]     Created 2 special nets and 82816 connections.
[INFO ODB-0133]     Created 9297 nets and 30520 connections.
[INFO ODB-0134] Finished DEF file: /home/fatihgulakar/638_proje/shooting_game_verilog/openlane/user_proj_example/runs/user_proj_example/tmp/placement/8-resizer.def
Placement Analysis
---------------------------------
total displacement          0.0 u
average displacement        0.0 u
max displacement            0.0 u
original HPWL          562513.2 u
legalized HPWL         570396.9 u
delta HPWL                    1 %

[INFO DPL-0020] Mirrored 4303 instances
[INFO DPL-0021] HPWL before          570396.9 u
[INFO DPL-0022] HPWL after           562513.2 u
[INFO DPL-0023] HPWL delta               -1.4 %
