
===========================================================================
report_checks -unconstrained
============================================================================
Startpoint: _16924_ (rising edge-triggered flip-flop clocked by wb_clk_i)
Endpoint: _16772_ (recovery check against rising-edge clock wb_clk_i)
Path Group: **async_default**
Path Type: max

Fanout     Cap    Slew   Delay    Time   Description
-----------------------------------------------------------------------------
                          0.00    0.00   clock wb_clk_i (rise edge)
                          0.00    0.00   clock source latency
                  0.05    0.04    0.04 ^ wb_clk_i (in)
     1    0.01                           wb_clk_i (net)
                  0.05    0.00    0.04 ^ repeater2572/A (sky130_fd_sc_hd__dlymetal6s2s_1)
                  0.15    0.18    0.21 ^ repeater2572/X (sky130_fd_sc_hd__dlymetal6s2s_1)
     1    0.01                           net2842 (net)
                  0.15    0.00    0.21 ^ repeater2571/A (sky130_fd_sc_hd__dlymetal6s2s_1)
                  0.15    0.20    0.42 ^ repeater2571/X (sky130_fd_sc_hd__dlymetal6s2s_1)
     1    0.01                           net2841 (net)
                  0.15    0.00    0.42 ^ repeater2570/A (sky130_fd_sc_hd__dlymetal6s2s_1)
                  0.16    0.21    0.63 ^ repeater2570/X (sky130_fd_sc_hd__dlymetal6s2s_1)
     1    0.01                           net2840 (net)
                  0.16    0.00    0.63 ^ repeater2569/A (sky130_fd_sc_hd__dlymetal6s2s_1)
                  0.15    0.20    0.83 ^ repeater2569/X (sky130_fd_sc_hd__dlymetal6s2s_1)
     1    0.01                           net2839 (net)
                  0.15    0.00    0.83 ^ repeater2568/A (sky130_fd_sc_hd__dlymetal6s2s_1)
                  0.15    0.20    1.04 ^ repeater2568/X (sky130_fd_sc_hd__dlymetal6s2s_1)
     1    0.01                           net2838 (net)
                  0.15    0.00    1.04 ^ repeater2567/A (sky130_fd_sc_hd__dlymetal6s2s_1)
                  0.15    0.21    1.24 ^ repeater2567/X (sky130_fd_sc_hd__dlymetal6s2s_1)
     1    0.01                           net2837 (net)
                  0.15    0.00    1.24 ^ repeater2566/A (sky130_fd_sc_hd__dlymetal6s2s_1)
                  0.15    0.21    1.45 ^ repeater2566/X (sky130_fd_sc_hd__dlymetal6s2s_1)
     1    0.01                           net2836 (net)
                  0.15    0.00    1.45 ^ repeater2565/A (sky130_fd_sc_hd__dlymetal6s2s_1)
                  0.15    0.21    1.66 ^ repeater2565/X (sky130_fd_sc_hd__dlymetal6s2s_1)
     1    0.01                           net2835 (net)
                  0.15    0.00    1.66 ^ repeater2564/A (sky130_fd_sc_hd__dlymetal6s2s_1)
                  0.15    0.21    1.87 ^ repeater2564/X (sky130_fd_sc_hd__dlymetal6s2s_1)
     1    0.01                           net2834 (net)
                  0.15    0.00    1.87 ^ _10641_/A1 (sky130_fd_sc_hd__mux2_2)
                  0.04    0.18    2.04 ^ _10641_/X (sky130_fd_sc_hd__mux2_2)
     1    0.00                           _02943_ (net)
                  0.04    0.00    2.04 ^ _10642_/A (sky130_fd_sc_hd__buf_1)
                  0.09    0.12    2.16 ^ _10642_/X (sky130_fd_sc_hd__buf_1)
     1    0.01                           game.board_clk (net)
                  0.09    0.00    2.16 ^ repeater6/A (sky130_fd_sc_hd__dlymetal6s2s_1)
                  0.15    0.19    2.35 ^ repeater6/X (sky130_fd_sc_hd__dlymetal6s2s_1)
     1    0.01                           net2808 (net)
                  0.15    0.00    2.35 ^ repeater5/A (sky130_fd_sc_hd__dlymetal6s2s_1)
                  0.15    0.21    2.56 ^ repeater5/X (sky130_fd_sc_hd__dlymetal6s2s_1)
     1    0.01                           net2807 (net)
                  0.15    0.00    2.56 ^ repeater4/A (sky130_fd_sc_hd__dlymetal6s2s_1)
                  0.15    0.21    2.77 ^ repeater4/X (sky130_fd_sc_hd__dlymetal6s2s_1)
     1    0.01                           net2806 (net)
                  0.15    0.00    2.77 ^ repeater3/A (sky130_fd_sc_hd__dlymetal6s2s_1)
                  0.15    0.21    2.97 ^ repeater3/X (sky130_fd_sc_hd__dlymetal6s2s_1)
     1    0.01                           net2805 (net)
                  0.15    0.00    2.97 ^ repeater2/A (sky130_fd_sc_hd__dlymetal6s2s_1)
                  0.17    0.22    3.19 ^ repeater2/X (sky130_fd_sc_hd__dlymetal6s2s_1)
     1    0.01                           net2804 (net)
                  0.17    0.00    3.19 ^ repeater1/A (sky130_fd_sc_hd__clkbuf_2)
                  0.11    0.20    3.39 ^ repeater1/X (sky130_fd_sc_hd__clkbuf_2)
     1    0.02                           net2803 (net)
                  0.11    0.00    3.39 ^ clkbuf_0_game.board_clk/A (sky130_fd_sc_hd__clkbuf_16)
                  0.04    0.15    3.54 ^ clkbuf_0_game.board_clk/X (sky130_fd_sc_hd__clkbuf_16)
     2    0.01                           clknet_0_game.board_clk (net)
                  0.04    0.00    3.54 ^ clkbuf_1_0_0_game.board_clk/A (sky130_fd_sc_hd__clkbuf_4)
                  0.05    0.13    3.67 ^ clkbuf_1_0_0_game.board_clk/X (sky130_fd_sc_hd__clkbuf_4)
     1    0.01                           clknet_1_0_0_game.board_clk (net)
                  0.05    0.00    3.67 ^ clkbuf_1_0_1_game.board_clk/A (sky130_fd_sc_hd__clkbuf_4)
                  0.04    0.14    3.81 ^ clkbuf_1_0_1_game.board_clk/X (sky130_fd_sc_hd__clkbuf_4)
     2    0.01                           clknet_1_0_1_game.board_clk (net)
                  0.04    0.00    3.81 ^ repeater7/A (sky130_fd_sc_hd__dlymetal6s2s_1)
                  0.16    0.18    3.99 ^ repeater7/X (sky130_fd_sc_hd__dlymetal6s2s_1)
     1    0.01                           net2809 (net)
                  0.16    0.00    3.99 ^ clkbuf_2_0_0_game.board_clk/A (sky130_fd_sc_hd__clkbuf_4)
                  0.05    0.19    4.18 ^ clkbuf_2_0_0_game.board_clk/X (sky130_fd_sc_hd__clkbuf_4)
     2    0.01                           clknet_2_0_0_game.board_clk (net)
                  0.05    0.00    4.18 ^ repeater18/A (sky130_fd_sc_hd__clkbuf_2)
                  0.07    0.13    4.31 ^ repeater18/X (sky130_fd_sc_hd__clkbuf_2)
     1    0.01                           net2820 (net)
                  0.07    0.00    4.31 ^ repeater17/A (sky130_fd_sc_hd__dlymetal6s2s_1)
                  0.15    0.18    4.49 ^ repeater17/X (sky130_fd_sc_hd__dlymetal6s2s_1)
     1    0.01                           net2819 (net)
                  0.15    0.00    4.49 ^ repeater16/A (sky130_fd_sc_hd__dlymetal6s2s_1)
                  0.15    0.21    4.70 ^ repeater16/X (sky130_fd_sc_hd__dlymetal6s2s_1)
     1    0.01                           net2818 (net)
                  0.15    0.00    4.70 ^ repeater15/A (sky130_fd_sc_hd__dlymetal6s2s_1)
                  0.16    0.22    4.91 ^ repeater15/X (sky130_fd_sc_hd__dlymetal6s2s_1)
     1    0.01                           net2817 (net)
                  0.16    0.00    4.91 ^ repeater14/A (sky130_fd_sc_hd__clkbuf_2)
                  0.11    0.20    5.11 ^ repeater14/X (sky130_fd_sc_hd__clkbuf_2)
     4    0.02                           net2816 (net)
                  0.11    0.00    5.11 ^ repeater13/A (sky130_fd_sc_hd__clkbuf_2)
                  0.11    0.19    5.30 ^ repeater13/X (sky130_fd_sc_hd__clkbuf_2)
     4    0.02                           net2815 (net)
                  0.11    0.00    5.30 ^ _16924_/CLK (sky130_fd_sc_hd__dfxtp_1)
                  0.03    0.33    5.63 v _16924_/Q (sky130_fd_sc_hd__dfxtp_1)
     1    0.00                           game.color.reset (net)
                  0.03    0.00    5.63 v repeater2464/A (sky130_fd_sc_hd__buf_2)
                  0.08    0.17    5.80 v repeater2464/X (sky130_fd_sc_hd__buf_2)
     3    0.03                           net2464 (net)
                  0.08    0.00    5.80 v _12417_/A (sky130_fd_sc_hd__buf_6)
                  0.02    0.13    5.94 v _12417_/X (sky130_fd_sc_hd__buf_6)
     2    0.01                           _04494_ (net)
                  0.02    0.00    5.94 v repeater2352/A (sky130_fd_sc_hd__clkbuf_2)
                  0.08    0.14    6.08 v repeater2352/X (sky130_fd_sc_hd__clkbuf_2)
     1    0.02                           net2352 (net)
                  0.08    0.00    6.08 v repeater2351/A (sky130_fd_sc_hd__clkbuf_2)
                  0.08    0.17    6.25 v repeater2351/X (sky130_fd_sc_hd__clkbuf_2)
     1    0.02                           net2351 (net)
                  0.08    0.00    6.25 v repeater2350/A (sky130_fd_sc_hd__clkbuf_2)
                  0.08    0.17    6.41 v repeater2350/X (sky130_fd_sc_hd__clkbuf_2)
     1    0.02                           net2350 (net)
                  0.08    0.00    6.42 v repeater2349/A (sky130_fd_sc_hd__clkbuf_2)
                  0.09    0.18    6.59 v repeater2349/X (sky130_fd_sc_hd__clkbuf_2)
     3    0.02                           net2349 (net)
                  0.09    0.00    6.60 v repeater2348/A (sky130_fd_sc_hd__clkbuf_2)
                  0.09    0.18    6.78 v repeater2348/X (sky130_fd_sc_hd__clkbuf_2)
     2    0.02                           net2348 (net)
                  0.09    0.00    6.78 v _12509_/A (sky130_fd_sc_hd__buf_2)
                  0.08    0.20    6.98 v _12509_/X (sky130_fd_sc_hd__buf_2)
     5    0.03                           _04514_ (net)
                  0.08    0.00    6.98 v _12510_/A (sky130_fd_sc_hd__buf_2)
                  0.08    0.20    7.18 v _12510_/X (sky130_fd_sc_hd__buf_2)
     5    0.03                           _04515_ (net)
                  0.08    0.00    7.18 v _12512_/A (sky130_fd_sc_hd__inv_2)
                  0.04    0.07    7.25 ^ _12512_/Y (sky130_fd_sc_hd__inv_2)
     1    0.01                           _00327_ (net)
                  0.04    0.00    7.25 ^ _16772_/RESET_B (sky130_fd_sc_hd__dfrtp_2)
                                  7.25   data arrival time

                         10.00   10.00   clock wb_clk_i (rise edge)
                          0.00   10.00   clock source latency
                  0.05    0.03   10.03 ^ wb_clk_i (in)
     1    0.01                           wb_clk_i (net)
                  0.05    0.00   10.03 ^ repeater2572/A (sky130_fd_sc_hd__dlymetal6s2s_1)
                  0.15    0.16   10.19 ^ repeater2572/X (sky130_fd_sc_hd__dlymetal6s2s_1)
     1    0.01                           net2842 (net)
                  0.15    0.00   10.19 ^ repeater2571/A (sky130_fd_sc_hd__dlymetal6s2s_1)
                  0.15    0.18   10.38 ^ repeater2571/X (sky130_fd_sc_hd__dlymetal6s2s_1)
     1    0.01                           net2841 (net)
                  0.15    0.00   10.38 ^ repeater2570/A (sky130_fd_sc_hd__dlymetal6s2s_1)
                  0.16    0.19   10.57 ^ repeater2570/X (sky130_fd_sc_hd__dlymetal6s2s_1)
     1    0.01                           net2840 (net)
                  0.16    0.00   10.57 ^ repeater2569/A (sky130_fd_sc_hd__dlymetal6s2s_1)
                  0.15    0.19   10.75 ^ repeater2569/X (sky130_fd_sc_hd__dlymetal6s2s_1)
     1    0.01                           net2839 (net)
                  0.15    0.00   10.75 ^ repeater2568/A (sky130_fd_sc_hd__dlymetal6s2s_1)
                  0.15    0.18   10.94 ^ repeater2568/X (sky130_fd_sc_hd__dlymetal6s2s_1)
     1    0.01                           net2838 (net)
                  0.15    0.00   10.94 ^ repeater2567/A (sky130_fd_sc_hd__dlymetal6s2s_1)
                  0.15    0.19   11.12 ^ repeater2567/X (sky130_fd_sc_hd__dlymetal6s2s_1)
     1    0.01                           net2837 (net)
                  0.15    0.00   11.13 ^ repeater2566/A (sky130_fd_sc_hd__dlymetal6s2s_1)
                  0.15    0.19   11.31 ^ repeater2566/X (sky130_fd_sc_hd__dlymetal6s2s_1)
     1    0.01                           net2836 (net)
                  0.15    0.00   11.31 ^ repeater2565/A (sky130_fd_sc_hd__dlymetal6s2s_1)
                  0.15    0.19   11.50 ^ repeater2565/X (sky130_fd_sc_hd__dlymetal6s2s_1)
     1    0.01                           net2835 (net)
                  0.15    0.00   11.50 ^ repeater2564/A (sky130_fd_sc_hd__dlymetal6s2s_1)
                  0.15    0.19   11.69 ^ repeater2564/X (sky130_fd_sc_hd__dlymetal6s2s_1)
     1    0.01                           net2834 (net)
                  0.15    0.00   11.69 ^ _10641_/A1 (sky130_fd_sc_hd__mux2_2)
                  0.04    0.16   11.85 ^ _10641_/X (sky130_fd_sc_hd__mux2_2)
     1    0.00                           _02943_ (net)
                  0.04    0.00   11.85 ^ _10642_/A (sky130_fd_sc_hd__buf_1)
                  0.09    0.11   11.95 ^ _10642_/X (sky130_fd_sc_hd__buf_1)
     1    0.01                           game.board_clk (net)
                  0.09    0.00   11.95 ^ repeater6/A (sky130_fd_sc_hd__dlymetal6s2s_1)
                  0.15    0.17   12.13 ^ repeater6/X (sky130_fd_sc_hd__dlymetal6s2s_1)
     1    0.01                           net2808 (net)
                  0.15    0.00   12.13 ^ repeater5/A (sky130_fd_sc_hd__dlymetal6s2s_1)
                  0.15    0.19   12.31 ^ repeater5/X (sky130_fd_sc_hd__dlymetal6s2s_1)
     1    0.01                           net2807 (net)
                  0.15    0.00   12.31 ^ repeater4/A (sky130_fd_sc_hd__dlymetal6s2s_1)
                  0.15    0.19   12.50 ^ repeater4/X (sky130_fd_sc_hd__dlymetal6s2s_1)
     1    0.01                           net2806 (net)
                  0.15    0.00   12.50 ^ repeater3/A (sky130_fd_sc_hd__dlymetal6s2s_1)
                  0.15    0.19   12.69 ^ repeater3/X (sky130_fd_sc_hd__dlymetal6s2s_1)
     1    0.01                           net2805 (net)
                  0.15    0.00   12.69 ^ repeater2/A (sky130_fd_sc_hd__dlymetal6s2s_1)
                  0.17    0.20   12.88 ^ repeater2/X (sky130_fd_sc_hd__dlymetal6s2s_1)
     1    0.01                           net2804 (net)
                  0.17    0.00   12.89 ^ repeater1/A (sky130_fd_sc_hd__clkbuf_2)
                  0.11    0.18   13.07 ^ repeater1/X (sky130_fd_sc_hd__clkbuf_2)
     1    0.02                           net2803 (net)
                  0.11    0.00   13.07 ^ clkbuf_0_game.board_clk/A (sky130_fd_sc_hd__clkbuf_16)
                  0.04    0.13   13.20 ^ clkbuf_0_game.board_clk/X (sky130_fd_sc_hd__clkbuf_16)
     2    0.01                           clknet_0_game.board_clk (net)
                  0.04    0.00   13.20 ^ clkbuf_1_1_0_game.board_clk/A (sky130_fd_sc_hd__clkbuf_4)
                  0.05    0.12   13.32 ^ clkbuf_1_1_0_game.board_clk/X (sky130_fd_sc_hd__clkbuf_4)
     1    0.01                           clknet_1_1_0_game.board_clk (net)
                  0.05    0.00   13.32 ^ clkbuf_1_1_1_game.board_clk/A (sky130_fd_sc_hd__clkbuf_4)
                  0.03    0.11   13.44 ^ clkbuf_1_1_1_game.board_clk/X (sky130_fd_sc_hd__clkbuf_4)
     1    0.00                           clknet_1_1_1_game.board_clk (net)
                  0.03    0.00   13.44 ^ repeater9/A (sky130_fd_sc_hd__dlymetal6s2s_1)
                  0.17    0.17   13.60 ^ repeater9/X (sky130_fd_sc_hd__dlymetal6s2s_1)
     2    0.02                           net2811 (net)
                  0.17    0.00   13.60 ^ clkbuf_2_2_0_game.board_clk/A (sky130_fd_sc_hd__clkbuf_4)
                  0.04    0.16   13.76 ^ clkbuf_2_2_0_game.board_clk/X (sky130_fd_sc_hd__clkbuf_4)
     1    0.01                           clknet_2_2_0_game.board_clk (net)
                  0.04    0.00   13.76 ^ repeater26/A (sky130_fd_sc_hd__clkbuf_2)
                  0.11    0.14   13.91 ^ repeater26/X (sky130_fd_sc_hd__clkbuf_2)
     4    0.02                           net2828 (net)
                  0.11    0.00   13.91 ^ _16772_/CLK (sky130_fd_sc_hd__dfrtp_2)
                         -0.25   13.66   clock uncertainty
                          0.34   14.00   clock reconvergence pessimism
                          0.24   14.24   library recovery time
                                 14.24   data required time
-----------------------------------------------------------------------------
                                 14.24   data required time
                                 -7.25   data arrival time
-----------------------------------------------------------------------------
                                  6.99   slack (MET)


Startpoint: _16933_ (rising edge-triggered flip-flop clocked by wb_clk_i)
Endpoint: la_data_out[2] (output port clocked by wb_clk_i)
Path Group: wb_clk_i
Path Type: max

Fanout     Cap    Slew   Delay    Time   Description
-----------------------------------------------------------------------------
                          0.00    0.00   clock wb_clk_i (rise edge)
                          0.00    0.00   clock source latency
                  0.05    0.04    0.04 ^ wb_clk_i (in)
     1    0.01                           wb_clk_i (net)
                  0.05    0.00    0.04 ^ repeater2572/A (sky130_fd_sc_hd__dlymetal6s2s_1)
                  0.15    0.18    0.21 ^ repeater2572/X (sky130_fd_sc_hd__dlymetal6s2s_1)
     1    0.01                           net2842 (net)
                  0.15    0.00    0.21 ^ repeater2571/A (sky130_fd_sc_hd__dlymetal6s2s_1)
                  0.15    0.20    0.42 ^ repeater2571/X (sky130_fd_sc_hd__dlymetal6s2s_1)
     1    0.01                           net2841 (net)
                  0.15    0.00    0.42 ^ repeater2570/A (sky130_fd_sc_hd__dlymetal6s2s_1)
                  0.16    0.21    0.63 ^ repeater2570/X (sky130_fd_sc_hd__dlymetal6s2s_1)
     1    0.01                           net2840 (net)
                  0.16    0.00    0.63 ^ repeater2569/A (sky130_fd_sc_hd__dlymetal6s2s_1)
                  0.15    0.20    0.83 ^ repeater2569/X (sky130_fd_sc_hd__dlymetal6s2s_1)
     1    0.01                           net2839 (net)
                  0.15    0.00    0.83 ^ repeater2568/A (sky130_fd_sc_hd__dlymetal6s2s_1)
                  0.15    0.20    1.04 ^ repeater2568/X (sky130_fd_sc_hd__dlymetal6s2s_1)
     1    0.01                           net2838 (net)
                  0.15    0.00    1.04 ^ repeater2567/A (sky130_fd_sc_hd__dlymetal6s2s_1)
                  0.15    0.21    1.24 ^ repeater2567/X (sky130_fd_sc_hd__dlymetal6s2s_1)
     1    0.01                           net2837 (net)
                  0.15    0.00    1.24 ^ repeater2566/A (sky130_fd_sc_hd__dlymetal6s2s_1)
                  0.15    0.21    1.45 ^ repeater2566/X (sky130_fd_sc_hd__dlymetal6s2s_1)
     1    0.01                           net2836 (net)
                  0.15    0.00    1.45 ^ repeater2565/A (sky130_fd_sc_hd__dlymetal6s2s_1)
                  0.15    0.21    1.66 ^ repeater2565/X (sky130_fd_sc_hd__dlymetal6s2s_1)
     1    0.01                           net2835 (net)
                  0.15    0.00    1.66 ^ repeater2564/A (sky130_fd_sc_hd__dlymetal6s2s_1)
                  0.15    0.21    1.87 ^ repeater2564/X (sky130_fd_sc_hd__dlymetal6s2s_1)
     1    0.01                           net2834 (net)
                  0.15    0.00    1.87 ^ _10641_/A1 (sky130_fd_sc_hd__mux2_2)
                  0.04    0.18    2.04 ^ _10641_/X (sky130_fd_sc_hd__mux2_2)
     1    0.00                           _02943_ (net)
                  0.04    0.00    2.04 ^ _10642_/A (sky130_fd_sc_hd__buf_1)
                  0.09    0.12    2.16 ^ _10642_/X (sky130_fd_sc_hd__buf_1)
     1    0.01                           game.board_clk (net)
                  0.09    0.00    2.16 ^ repeater6/A (sky130_fd_sc_hd__dlymetal6s2s_1)
                  0.15    0.19    2.35 ^ repeater6/X (sky130_fd_sc_hd__dlymetal6s2s_1)
     1    0.01                           net2808 (net)
                  0.15    0.00    2.35 ^ repeater5/A (sky130_fd_sc_hd__dlymetal6s2s_1)
                  0.15    0.21    2.56 ^ repeater5/X (sky130_fd_sc_hd__dlymetal6s2s_1)
     1    0.01                           net2807 (net)
                  0.15    0.00    2.56 ^ repeater4/A (sky130_fd_sc_hd__dlymetal6s2s_1)
                  0.15    0.21    2.77 ^ repeater4/X (sky130_fd_sc_hd__dlymetal6s2s_1)
     1    0.01                           net2806 (net)
                  0.15    0.00    2.77 ^ repeater3/A (sky130_fd_sc_hd__dlymetal6s2s_1)
                  0.15    0.21    2.97 ^ repeater3/X (sky130_fd_sc_hd__dlymetal6s2s_1)
     1    0.01                           net2805 (net)
                  0.15    0.00    2.97 ^ repeater2/A (sky130_fd_sc_hd__dlymetal6s2s_1)
                  0.17    0.22    3.19 ^ repeater2/X (sky130_fd_sc_hd__dlymetal6s2s_1)
     1    0.01                           net2804 (net)
                  0.17    0.00    3.19 ^ repeater1/A (sky130_fd_sc_hd__clkbuf_2)
                  0.11    0.20    3.39 ^ repeater1/X (sky130_fd_sc_hd__clkbuf_2)
     1    0.02                           net2803 (net)
                  0.11    0.00    3.39 ^ clkbuf_0_game.board_clk/A (sky130_fd_sc_hd__clkbuf_16)
                  0.04    0.15    3.54 ^ clkbuf_0_game.board_clk/X (sky130_fd_sc_hd__clkbuf_16)
     2    0.01                           clknet_0_game.board_clk (net)
                  0.04    0.00    3.54 ^ clkbuf_1_1_0_game.board_clk/A (sky130_fd_sc_hd__clkbuf_4)
                  0.05    0.13    3.67 ^ clkbuf_1_1_0_game.board_clk/X (sky130_fd_sc_hd__clkbuf_4)
     1    0.01                           clknet_1_1_0_game.board_clk (net)
                  0.05    0.00    3.67 ^ clkbuf_1_1_1_game.board_clk/A (sky130_fd_sc_hd__clkbuf_4)
                  0.03    0.12    3.80 ^ clkbuf_1_1_1_game.board_clk/X (sky130_fd_sc_hd__clkbuf_4)
     1    0.00                           clknet_1_1_1_game.board_clk (net)
                  0.03    0.00    3.80 ^ repeater9/A (sky130_fd_sc_hd__dlymetal6s2s_1)
                  0.17    0.18    3.98 ^ repeater9/X (sky130_fd_sc_hd__dlymetal6s2s_1)
     2    0.02                           net2811 (net)
                  0.17    0.00    3.98 ^ clkbuf_2_3_0_game.board_clk/A (sky130_fd_sc_hd__clkbuf_4)
                  0.07    0.21    4.19 ^ clkbuf_2_3_0_game.board_clk/X (sky130_fd_sc_hd__clkbuf_4)
     3    0.02                           clknet_2_3_0_game.board_clk (net)
                  0.07    0.00    4.19 ^ repeater2563/A (sky130_fd_sc_hd__clkbuf_2)
                  0.07    0.14    4.33 ^ repeater2563/X (sky130_fd_sc_hd__clkbuf_2)
     1    0.01                           net2833 (net)
                  0.07    0.00    4.33 ^ repeater2562/A (sky130_fd_sc_hd__dlymetal6s2s_1)
                  0.16    0.19    4.52 ^ repeater2562/X (sky130_fd_sc_hd__dlymetal6s2s_1)
     1    0.01                           net2832 (net)
                  0.16    0.00    4.52 ^ repeater2561/A (sky130_fd_sc_hd__clkbuf_2)
                  0.10    0.19    4.71 ^ repeater2561/X (sky130_fd_sc_hd__clkbuf_2)
     3    0.02                           net2831 (net)
                  0.10    0.00    4.71 ^ repeater2560/A (sky130_fd_sc_hd__clkbuf_2)
                  0.12    0.19    4.90 ^ repeater2560/X (sky130_fd_sc_hd__clkbuf_2)
     5    0.02                           net2830 (net)
                  0.12    0.00    4.90 ^ _16933_/CLK (sky130_fd_sc_hd__dfxtp_2)
                  0.05    0.38    5.28 v _16933_/Q (sky130_fd_sc_hd__dfxtp_2)
     2    0.01                           net12 (net)
                  0.05    0.00    5.28 v repeater2380/A (sky130_fd_sc_hd__buf_6)
                  0.03    0.13    5.42 v repeater2380/X (sky130_fd_sc_hd__buf_6)
     1    0.02                           net2380 (net)
                  0.03    0.00    5.42 v repeater2374/A (sky130_fd_sc_hd__buf_6)
                  0.03    0.13    5.54 v repeater2374/X (sky130_fd_sc_hd__buf_6)
     1    0.02                           net2374 (net)
                  0.03    0.00    5.55 v repeater2373/A (sky130_fd_sc_hd__buf_6)
                  0.03    0.13    5.67 v repeater2373/X (sky130_fd_sc_hd__buf_6)
     1    0.02                           net2373 (net)
                  0.03    0.00    5.68 v repeater2372/A (sky130_fd_sc_hd__buf_6)
                  0.03    0.13    5.80 v repeater2372/X (sky130_fd_sc_hd__buf_6)
     1    0.02                           net2372 (net)
                  0.03    0.00    5.80 v repeater2371/A (sky130_fd_sc_hd__buf_6)
                  0.03    0.13    5.93 v repeater2371/X (sky130_fd_sc_hd__buf_6)
     1    0.02                           net2371 (net)
                  0.03    0.00    5.93 v repeater2370/A (sky130_fd_sc_hd__buf_6)
                  0.03    0.13    6.06 v repeater2370/X (sky130_fd_sc_hd__buf_6)
     1    0.02                           net2370 (net)
                  0.03    0.00    6.06 v repeater2369/A (sky130_fd_sc_hd__buf_6)
                  0.03    0.13    6.19 v repeater2369/X (sky130_fd_sc_hd__buf_6)
     1    0.02                           net2369 (net)
                  0.03    0.00    6.19 v repeater2368/A (sky130_fd_sc_hd__buf_6)
                  0.03    0.13    6.32 v repeater2368/X (sky130_fd_sc_hd__buf_6)
     1    0.02                           net2368 (net)
                  0.03    0.00    6.32 v repeater2367/A (sky130_fd_sc_hd__buf_6)
                  0.03    0.13    6.45 v repeater2367/X (sky130_fd_sc_hd__buf_6)
     1    0.02                           net2367 (net)
                  0.03    0.00    6.45 v repeater2366/A (sky130_fd_sc_hd__buf_6)
                  0.03    0.13    6.58 v repeater2366/X (sky130_fd_sc_hd__buf_6)
     1    0.02                           net2366 (net)
                  0.03    0.00    6.58 v repeater2365/A (sky130_fd_sc_hd__buf_6)
                  0.03    0.13    6.70 v repeater2365/X (sky130_fd_sc_hd__buf_6)
     1    0.02                           net2365 (net)
                  0.03    0.00    6.71 v repeater2364/A (sky130_fd_sc_hd__buf_6)
                  0.03    0.13    6.83 v repeater2364/X (sky130_fd_sc_hd__buf_6)
     1    0.02                           net2364 (net)
                  0.03    0.00    6.84 v repeater2363/A (sky130_fd_sc_hd__buf_6)
                  0.03    0.13    6.96 v repeater2363/X (sky130_fd_sc_hd__buf_6)
     1    0.02                           net2363 (net)
                  0.03    0.00    6.96 v _17359_/A (sky130_fd_sc_hd__clkbuf_1)
                  0.04    0.10    7.07 v _17359_/X (sky130_fd_sc_hd__clkbuf_1)
     1    0.01                           net21 (net)
                  0.04    0.00    7.07 v output21/A (sky130_fd_sc_hd__buf_6)
                  0.04    0.14    7.21 v output21/X (sky130_fd_sc_hd__buf_6)
     1    0.03                           la_data_out[2] (net)
                  0.04    0.00    7.21 v la_data_out[2] (out)
                                  7.21   data arrival time

                         10.00   10.00   clock wb_clk_i (rise edge)
                          0.00   10.00   clock network delay (propagated)
                         -0.25    9.75   clock uncertainty
                          0.00    9.75   clock reconvergence pessimism
                         -2.00    7.75   output external delay
                                  7.75   data required time
-----------------------------------------------------------------------------
                                  7.75   data required time
                                 -7.21   data arrival time
-----------------------------------------------------------------------------
                                  0.54   slack (MET)



===========================================================================
report_checks --slack_max -0.01
============================================================================
No paths found.
