OpenROAD 8d53e9b018dec98fa63e907ddeb6c5406f035361 
This program is licensed under the BSD-3 license. See the LICENSE file for details.
Components of this program may be licensed under more restrictive licenses which must be honored.
[INFO ODB-0222] Reading LEF file: /home/fatihgulakar/638_proje/shooting_game_verilog/openlane/user_project_wrapper/runs/user_project_wrapper/tmp/merged_unpadded.lef
[INFO ODB-0223]     Created 13 technology layers
[INFO ODB-0224]     Created 25 technology vias
[INFO ODB-0225]     Created 442 library cells
[INFO ODB-0226] Finished LEF file:  /home/fatihgulakar/638_proje/shooting_game_verilog/openlane/user_project_wrapper/runs/user_project_wrapper/tmp/merged_unpadded.lef
[INFO ODB-0127] Reading DEF file: /home/fatihgulakar/638_proje/shooting_game_verilog/openlane/user_project_wrapper/runs/user_project_wrapper/tmp/floorplan/4-io.macro_placement.def
[INFO ODB-0128] Design: user_project_wrapper
[INFO ODB-0130]     Created 637 pins.
[INFO ODB-0131]     Created 1 components and 609 component-terminals.
[INFO ODB-0133]     Created 637 nets and 607 connections.
[INFO ODB-0134] Finished DEF file: /home/fatihgulakar/638_proje/shooting_game_verilog/openlane/user_project_wrapper/runs/user_project_wrapper/tmp/floorplan/4-io.macro_placement.def
[INFO PDN-0016] Power Delivery Network Generator: Generating PDN
  config: /openlane/scripts/openroad/pdn_cfg.tcl
[INFO PDN-0008] Design name is user_project_wrapper.
[INFO PDN-0009] Reading technology data.
[INFO PDN-0011] ****** INFO ******
Type: stdcell, stdcell_grid
    Core Rings
      Layer: met4  -  width: 3.100  spacing: 1.700  core_offset: 14.000 
      Layer: met5  -  width: 3.100  spacing: 1.700  core_offset: 14.000 
    Straps
      Layer: met4  -  width: 3.100  pitch: 180.000  offset: 5.000 
      Layer: met5  -  width: 3.100  pitch: 180.000  offset: 5.000 
    Connect: {met4 met5}
Type: macro, CORE_macro_grid_1
    Macro orientation: R0 R180 MX MY R90 R270 MXR90 MYR90
    Straps
    Connect: {met4_PIN_ver met5}
[INFO PDN-0012] **** END INFO ****
[INFO PDN-0013] Inserting stdcell grid - stdcell_grid.
[INFO PDN-0010] Inserting macro grid for 1 macros.
[INFO PDN-0034]   - grid CORE_macro_grid_1 for instance mprj
[INFO PDN-0015] Writing to database.
[INFO]: Setting RC values...
[INFO PSM-0002] Output voltage file is specified as: /home/fatihgulakar/638_proje/shooting_game_verilog/openlane/user_project_wrapper/runs/user_project_wrapper/tmp/floorplan/6-pdn.pga.rpt.
[WARNING PSM-0016] Voltage pad location (VSRC) file not specified, defaulting pad location to checkerboard pattern on core area.
[WARNING PSM-0017] X direction bump pitch is not specified, defaulting to 140um.
[WARNING PSM-0018] Y direction bump pitch is not specified, defaulting to 140um.
[WARNING PSM-0019] Voltage on net vccd1 is not explicitly set.
[WARNING PSM-0022] Using voltage 1.800V for VDD network.
[WARNING PSM-0065] VSRC location not specified, using default checkerboard pattern with one VDD every size bumps in x-direction and one in two bumps in the y-direction
[WARNING PSM-0030] VSRC location at (285.520um, 150.880um) and size 10.000um, is not located on a power stripe. Moving to closest stripe at (286.200um, 195.880um).
[WARNING PSM-0030] VSRC location at (1125.520um, 150.880um) and size 10.000um, is not located on a power stripe. Moving to closest stripe at (1123.200um, 195.880um).
[WARNING PSM-0030] VSRC location at (1965.520um, 150.880um) and size 10.000um, is not located on a power stripe. Moving to closest stripe at (1965.600um, 195.880um).
[WARNING PSM-0030] VSRC location at (2805.520um, 150.880um) and size 10.000um, is not located on a power stripe. Moving to closest stripe at (2808.000um, 195.880um).
[WARNING PSM-0030] VSRC location at (565.520um, 290.880um) and size 10.000um, is not located on a power stripe. Moving to closest stripe at (567.000um, 375.880um).
[WARNING PSM-0030] VSRC location at (1405.520um, 290.880um) and size 10.000um, is not located on a power stripe. Moving to closest stripe at (1404.000um, 375.880um).
[WARNING PSM-0030] VSRC location at (2245.520um, 290.880um) and size 10.000um, is not located on a power stripe. Moving to closest stripe at (2246.400um, 375.880um).
[WARNING PSM-0030] VSRC location at (5.520um, 430.880um) and size 10.000um, is not located on a power stripe. Moving to closest stripe at (5.400um, 375.880um).
[WARNING PSM-0030] VSRC location at (845.520um, 430.880um) and size 10.000um, is not located on a power stripe. Moving to closest stripe at (847.800um, 375.880um).
[WARNING PSM-0030] VSRC location at (1685.520um, 430.880um) and size 10.000um, is not located on a power stripe. Moving to closest stripe at (1684.800um, 375.880um).
[WARNING PSM-0030] VSRC location at (2525.520um, 430.880um) and size 10.000um, is not located on a power stripe. Moving to closest stripe at (2527.200um, 375.880um).
[WARNING PSM-0030] VSRC location at (285.520um, 570.880um) and size 10.000um, is not located on a power stripe. Moving to closest stripe at (286.200um, 555.880um).
[WARNING PSM-0030] VSRC location at (1125.520um, 570.880um) and size 10.000um, is not located on a power stripe. Moving to closest stripe at (1123.200um, 555.880um).
[WARNING PSM-0030] VSRC location at (1965.520um, 570.880um) and size 10.000um, is not located on a power stripe. Moving to closest stripe at (1965.600um, 555.880um).
[WARNING PSM-0030] VSRC location at (2805.520um, 570.880um) and size 10.000um, is not located on a power stripe. Moving to closest stripe at (2808.000um, 555.880um).
[WARNING PSM-0030] VSRC location at (565.520um, 710.880um) and size 10.000um, is not located on a power stripe. Moving to closest stripe at (567.000um, 735.880um).
[WARNING PSM-0030] VSRC location at (1405.520um, 710.880um) and size 10.000um, is not located on a power stripe. Moving to closest stripe at (1404.000um, 735.880um).
[WARNING PSM-0030] VSRC location at (2245.520um, 710.880um) and size 10.000um, is not located on a power stripe. Moving to closest stripe at (2246.400um, 735.880um).
[WARNING PSM-0030] VSRC location at (5.520um, 850.880um) and size 10.000um, is not located on a power stripe. Moving to closest stripe at (5.400um, 915.880um).
[WARNING PSM-0030] VSRC location at (845.520um, 850.880um) and size 10.000um, is not located on a power stripe. Moving to closest stripe at (847.800um, 915.880um).
[WARNING PSM-0030] VSRC location at (1685.520um, 850.880um) and size 10.000um, is not located on a power stripe. Moving to closest stripe at (1684.800um, 915.880um).
[WARNING PSM-0030] VSRC location at (2525.520um, 850.880um) and size 10.000um, is not located on a power stripe. Moving to closest stripe at (2527.200um, 915.880um).
[WARNING PSM-0030] VSRC location at (285.520um, 990.880um) and size 10.000um, is not located on a power stripe. Moving to closest stripe at (286.200um, 915.880um).
[WARNING PSM-0030] VSRC location at (1125.520um, 990.880um) and size 10.000um, is not located on a power stripe. Moving to closest stripe at (1123.200um, 915.880um).
[WARNING PSM-0030] VSRC location at (1965.520um, 990.880um) and size 10.000um, is not located on a power stripe. Moving to closest stripe at (1965.600um, 915.880um).
[WARNING PSM-0030] VSRC location at (2805.520um, 990.880um) and size 10.000um, is not located on a power stripe. Moving to closest stripe at (2808.000um, 915.880um).
[WARNING PSM-0030] VSRC location at (565.520um, 1130.880um) and size 10.000um, is not located on a power stripe. Moving to closest stripe at (567.000um, 1095.880um).
[WARNING PSM-0030] VSRC location at (1405.520um, 1130.880um) and size 10.000um, is not located on a power stripe. Moving to closest stripe at (1404.000um, 1095.880um).
[WARNING PSM-0030] VSRC location at (2245.520um, 1130.880um) and size 10.000um, is not located on a power stripe. Moving to closest stripe at (2246.400um, 1095.880um).
[WARNING PSM-0030] VSRC location at (285.520um, 1410.880um) and size 10.000um, is not located on a power stripe. Moving to closest stripe at (286.200um, 1455.880um).
[WARNING PSM-0030] VSRC location at (1125.520um, 1410.880um) and size 10.000um, is not located on a power stripe. Moving to closest stripe at (1123.200um, 1455.880um).
[WARNING PSM-0030] VSRC location at (1965.520um, 1410.880um) and size 10.000um, is not located on a power stripe. Moving to closest stripe at (1965.600um, 1455.880um).
[WARNING PSM-0030] VSRC location at (2805.520um, 1410.880um) and size 10.000um, is not located on a power stripe. Moving to closest stripe at (2808.000um, 1455.880um).
[WARNING PSM-0030] VSRC location at (565.520um, 1550.880um) and size 10.000um, is not located on a power stripe. Moving to closest stripe at (567.000um, 1635.880um).
[WARNING PSM-0030] VSRC location at (1405.520um, 1550.880um) and size 10.000um, is not located on a power stripe. Moving to closest stripe at (1404.000um, 1635.880um).
[WARNING PSM-0030] VSRC location at (2245.520um, 1550.880um) and size 10.000um, is not located on a power stripe. Moving to closest stripe at (2246.400um, 1635.880um).
[WARNING PSM-0030] VSRC location at (5.520um, 1690.880um) and size 10.000um, is not located on a power stripe. Moving to closest stripe at (5.400um, 1635.880um).
[WARNING PSM-0030] VSRC location at (845.520um, 1690.880um) and size 10.000um, is not located on a power stripe. Moving to closest stripe at (847.800um, 1635.880um).
[WARNING PSM-0030] VSRC location at (1685.520um, 1690.880um) and size 10.000um, is not located on a power stripe. Moving to closest stripe at (1684.800um, 1635.880um).
[WARNING PSM-0030] VSRC location at (2525.520um, 1690.880um) and size 10.000um, is not located on a power stripe. Moving to closest stripe at (2527.200um, 1635.880um).
[WARNING PSM-0030] VSRC location at (285.520um, 1830.880um) and size 10.000um, is not located on a power stripe. Moving to closest stripe at (286.200um, 1815.880um).
[WARNING PSM-0030] VSRC location at (1125.520um, 1830.880um) and size 10.000um, is not located on a power stripe. Moving to closest stripe at (1123.200um, 1815.880um).
[WARNING PSM-0030] VSRC location at (1965.520um, 1830.880um) and size 10.000um, is not located on a power stripe. Moving to closest stripe at (1965.600um, 1815.880um).
[WARNING PSM-0030] VSRC location at (2805.520um, 1830.880um) and size 10.000um, is not located on a power stripe. Moving to closest stripe at (2808.000um, 1815.880um).
[WARNING PSM-0030] VSRC location at (565.520um, 1970.880um) and size 10.000um, is not located on a power stripe. Moving to closest stripe at (567.000um, 1995.880um).
[WARNING PSM-0030] VSRC location at (1405.520um, 1970.880um) and size 10.000um, is not located on a power stripe. Moving to closest stripe at (1404.000um, 1995.880um).
[WARNING PSM-0030] VSRC location at (2245.520um, 1970.880um) and size 10.000um, is not located on a power stripe. Moving to closest stripe at (2246.400um, 1995.880um).
[WARNING PSM-0030] VSRC location at (5.520um, 2110.880um) and size 10.000um, is not located on a power stripe. Moving to closest stripe at (5.400um, 2175.880um).
[WARNING PSM-0030] VSRC location at (845.520um, 2110.880um) and size 10.000um, is not located on a power stripe. Moving to closest stripe at (847.800um, 2175.880um).
[WARNING PSM-0030] VSRC location at (1685.520um, 2110.880um) and size 10.000um, is not located on a power stripe. Moving to closest stripe at (1684.800um, 2175.880um).
[WARNING PSM-0030] VSRC location at (2525.520um, 2110.880um) and size 10.000um, is not located on a power stripe. Moving to closest stripe at (2527.200um, 2175.880um).
[WARNING PSM-0030] VSRC location at (285.520um, 2250.880um) and size 10.000um, is not located on a power stripe. Moving to closest stripe at (286.200um, 2175.880um).
[WARNING PSM-0030] VSRC location at (1125.520um, 2250.880um) and size 10.000um, is not located on a power stripe. Moving to closest stripe at (1123.200um, 2175.880um).
[WARNING PSM-0030] VSRC location at (1965.520um, 2250.880um) and size 10.000um, is not located on a power stripe. Moving to closest stripe at (1965.600um, 2175.880um).
[WARNING PSM-0030] VSRC location at (2805.520um, 2250.880um) and size 10.000um, is not located on a power stripe. Moving to closest stripe at (2808.000um, 2175.880um).
[WARNING PSM-0030] VSRC location at (565.520um, 2390.880um) and size 10.000um, is not located on a power stripe. Moving to closest stripe at (567.000um, 2355.880um).
[WARNING PSM-0030] VSRC location at (1405.520um, 2390.880um) and size 10.000um, is not located on a power stripe. Moving to closest stripe at (1404.000um, 2355.880um).
[WARNING PSM-0030] VSRC location at (2245.520um, 2390.880um) and size 10.000um, is not located on a power stripe. Moving to closest stripe at (2246.400um, 2355.880um).
[WARNING PSM-0030] VSRC location at (285.520um, 2670.880um) and size 10.000um, is not located on a power stripe. Moving to closest stripe at (286.200um, 2715.880um).
[WARNING PSM-0030] VSRC location at (1125.520um, 2670.880um) and size 10.000um, is not located on a power stripe. Moving to closest stripe at (1123.200um, 2715.880um).
[WARNING PSM-0030] VSRC location at (1965.520um, 2670.880um) and size 10.000um, is not located on a power stripe. Moving to closest stripe at (1965.600um, 2715.880um).
[WARNING PSM-0030] VSRC location at (2805.520um, 2670.880um) and size 10.000um, is not located on a power stripe. Moving to closest stripe at (2808.000um, 2715.880um).
[WARNING PSM-0030] VSRC location at (565.520um, 2810.880um) and size 10.000um, is not located on a power stripe. Moving to closest stripe at (567.000um, 2895.880um).
[WARNING PSM-0030] VSRC location at (1405.520um, 2810.880um) and size 10.000um, is not located on a power stripe. Moving to closest stripe at (1404.000um, 2895.880um).
[WARNING PSM-0030] VSRC location at (2245.520um, 2810.880um) and size 10.000um, is not located on a power stripe. Moving to closest stripe at (2246.400um, 2895.880um).
[WARNING PSM-0030] VSRC location at (5.520um, 2950.880um) and size 10.000um, is not located on a power stripe. Moving to closest stripe at (5.400um, 2895.880um).
[WARNING PSM-0030] VSRC location at (845.520um, 2950.880um) and size 10.000um, is not located on a power stripe. Moving to closest stripe at (847.800um, 2895.880um).
[WARNING PSM-0030] VSRC location at (1685.520um, 2950.880um) and size 10.000um, is not located on a power stripe. Moving to closest stripe at (1684.800um, 2895.880um).
[WARNING PSM-0030] VSRC location at (2525.520um, 2950.880um) and size 10.000um, is not located on a power stripe. Moving to closest stripe at (2527.200um, 2895.880um).
[WARNING PSM-0030] VSRC location at (285.520um, 3090.880um) and size 10.000um, is not located on a power stripe. Moving to closest stripe at (286.200um, 3075.880um).
[WARNING PSM-0030] VSRC location at (1125.520um, 3090.880um) and size 10.000um, is not located on a power stripe. Moving to closest stripe at (1123.200um, 3075.880um).
[WARNING PSM-0030] VSRC location at (1965.520um, 3090.880um) and size 10.000um, is not located on a power stripe. Moving to closest stripe at (1965.600um, 3075.880um).
[WARNING PSM-0030] VSRC location at (2805.520um, 3090.880um) and size 10.000um, is not located on a power stripe. Moving to closest stripe at (2808.000um, 3075.880um).
[WARNING PSM-0030] VSRC location at (565.520um, 3230.880um) and size 10.000um, is not located on a power stripe. Moving to closest stripe at (567.000um, 3255.880um).
[WARNING PSM-0030] VSRC location at (1405.520um, 3230.880um) and size 10.000um, is not located on a power stripe. Moving to closest stripe at (1404.000um, 3255.880um).
[WARNING PSM-0030] VSRC location at (2245.520um, 3230.880um) and size 10.000um, is not located on a power stripe. Moving to closest stripe at (2246.400um, 3255.880um).
[INFO PSM-0031] Number of PDN nodes on net vccd1 = 12052.
[WARNING PSM-0032] Node at (2343600, 3239575) and layer 5 moved from (2272040, 2895880).
[WARNING PSM-0032] Node at (2165400, 3239575) and layer 5 moved from (2118440, 2895880).
[WARNING PSM-0032] Node at (1987200, 3239575) and layer 5 moved from (1964840, 2895880).
[WARNING PSM-0032] Node at (1809000, 3239575) and layer 5 moved from (1811240, 2895880).
[WARNING PSM-0032] Node at (1630800, 3239575) and layer 5 moved from (1657640, 2895880).
[WARNING PSM-0032] Node at (1447200, 3239575) and layer 5 moved from (1504040, 2895880).
[WARNING PSM-0032] Node at (1269000, 3239575) and layer 5 moved from (1350440, 2895880).
[WARNING PSM-0032] Node at (1263600, 3239575) and layer 5 moved from (1196840, 2895880).
[WARNING PSM-0032] Node at (2343600, 3239575) and layer 5 moved from (2272040, 2715880).
[WARNING PSM-0032] Node at (2165400, 3239575) and layer 5 moved from (2118440, 2715880).
[WARNING PSM-0032] Node at (1987200, 3239575) and layer 5 moved from (1964840, 2715880).
[WARNING PSM-0032] Node at (1809000, 3239575) and layer 5 moved from (1811240, 2715880).
[WARNING PSM-0032] Node at (1630800, 3239575) and layer 5 moved from (1657640, 2715880).
[WARNING PSM-0032] Node at (1447200, 3239575) and layer 5 moved from (1504040, 2715880).
[WARNING PSM-0032] Node at (1269000, 3239575) and layer 5 moved from (1350440, 2715880).
[WARNING PSM-0032] Node at (1263600, 3239575) and layer 5 moved from (1196840, 2715880).
[WARNING PSM-0032] Node at (2343600, 3239575) and layer 5 moved from (2272040, 2535880).
[WARNING PSM-0032] Node at (2165400, 3239575) and layer 5 moved from (2118440, 2535880).
[WARNING PSM-0032] Node at (1987200, 3239575) and layer 5 moved from (1964840, 2535880).
[WARNING PSM-0032] Node at (1809000, 3239575) and layer 5 moved from (1811240, 2535880).
[WARNING PSM-0032] Node at (1630800, 3239575) and layer 5 moved from (1657640, 2535880).
[WARNING PSM-0032] Node at (1447200, 3239575) and layer 5 moved from (1504040, 2535880).
[WARNING PSM-0032] Node at (1269000, 3239575) and layer 5 moved from (1350440, 2535880).
[WARNING PSM-0032] Node at (1263600, 3239575) and layer 5 moved from (1196840, 2535880).
[WARNING PSM-0032] Node at (2343600, 3239575) and layer 5 moved from (2272040, 2355880).
[WARNING PSM-0032] Node at (2165400, 3239575) and layer 5 moved from (2118440, 2355880).
[WARNING PSM-0032] Node at (1987200, 3239575) and layer 5 moved from (1964840, 2355880).
[WARNING PSM-0032] Node at (1809000, 3239575) and layer 5 moved from (1811240, 2355880).
[WARNING PSM-0032] Node at (1630800, 3239575) and layer 5 moved from (1657640, 2355880).
[WARNING PSM-0032] Node at (1447200, 3239575) and layer 5 moved from (1504040, 2355880).
[WARNING PSM-0032] Node at (1269000, 3239575) and layer 5 moved from (1350440, 2355880).
[WARNING PSM-0032] Node at (1090800, 1759840) and layer 5 moved from (1196840, 2355880).
[WARNING PSM-0032] Node at (2343600, 3239575) and layer 5 moved from (2272040, 2175880).
[WARNING PSM-0032] Node at (2165400, 3239575) and layer 5 moved from (2118440, 2175880).
[WARNING PSM-0032] Node at (1987200, 3239575) and layer 5 moved from (1964840, 2175880).
[WARNING PSM-0032] Node at (1809000, 3239575) and layer 5 moved from (1811240, 2175880).
[WARNING PSM-0032] Node at (1630800, 3239575) and layer 5 moved from (1657640, 2175880).
[WARNING PSM-0032] Node at (1447200, 3239575) and layer 5 moved from (1504040, 2175880).
[WARNING PSM-0032] Node at (1269000, 3239575) and layer 5 moved from (1350440, 2175880).
[WARNING PSM-0032] Node at (1090800, 1759840) and layer 5 moved from (1196840, 2175880).
[WARNING PSM-0032] Node at (2343600, 835265) and layer 5 moved from (2272040, 1995880).
[WARNING PSM-0032] Node at (2165400, 835265) and layer 5 moved from (2118440, 1995880).
[WARNING PSM-0032] Node at (1987200, 835265) and layer 5 moved from (1964840, 1995880).
[WARNING PSM-0032] Node at (1809000, 835265) and layer 5 moved from (1811240, 1995880).
[WARNING PSM-0032] Node at (1630800, 835265) and layer 5 moved from (1657640, 1995880).
[WARNING PSM-0032] Node at (1447200, 835265) and layer 5 moved from (1504040, 1995880).
[WARNING PSM-0032] Node at (1269000, 835265) and layer 5 moved from (1350440, 1995880).
[WARNING PSM-0032] Node at (1090800, 1759840) and layer 5 moved from (1196840, 1995880).
[WARNING PSM-0032] Node at (2343600, 835265) and layer 5 moved from (2272040, 1815880).
[WARNING PSM-0032] Node at (2165400, 835265) and layer 5 moved from (2118440, 1815880).
[WARNING PSM-0032] Node at (1987200, 835265) and layer 5 moved from (1964840, 1815880).
[WARNING PSM-0032] Node at (1809000, 835265) and layer 5 moved from (1811240, 1815880).
[WARNING PSM-0032] Node at (1630800, 835265) and layer 5 moved from (1657640, 1815880).
[WARNING PSM-0032] Node at (1447200, 835265) and layer 5 moved from (1504040, 1815880).
[WARNING PSM-0032] Node at (1269000, 835265) and layer 5 moved from (1350440, 1815880).
[WARNING PSM-0032] Node at (1090800, 1759840) and layer 5 moved from (1196840, 1815880).
[WARNING PSM-0032] Node at (2926800, 1759840) and layer 5 moved from (2928100, 3522800).
[WARNING PSM-0032] Node at (2889000, 1759840) and layer 5 moved from (2890520, 3522800).
[WARNING PSM-0032] Node at (2710800, 1759840) and layer 5 moved from (2710520, 3522800).
[WARNING PSM-0032] Node at (2527200, 1759840) and layer 5 moved from (2530520, 3522800).
[WARNING PSM-0032] Node at (2349000, 3239575) and layer 5 moved from (2350520, 3522800).
[WARNING PSM-0032] Node at (2170800, 3239575) and layer 5 moved from (2170520, 3522800).
[WARNING PSM-0032] Node at (1987200, 3239575) and layer 5 moved from (1990520, 3522800).
[WARNING PSM-0032] Node at (1809000, 3239575) and layer 5 moved from (1810520, 3522800).
[WARNING PSM-0032] Node at (1630800, 3239575) and layer 5 moved from (1630520, 3522800).
[WARNING PSM-0032] Node at (1447200, 3239575) and layer 5 moved from (1450520, 3522800).
[WARNING PSM-0032] Node at (1269000, 3239575) and layer 5 moved from (1270520, 3522800).
[WARNING PSM-0032] Node at (1090800, 1759840) and layer 5 moved from (1090520, 3522800).
[WARNING PSM-0032] Node at (907200, 1759840) and layer 5 moved from (910520, 3522800).
[WARNING PSM-0032] Node at (729000, 1759840) and layer 5 moved from (730520, 3522800).
[WARNING PSM-0032] Node at (550800, 1759840) and layer 5 moved from (550520, 3522800).
[WARNING PSM-0032] Node at (367200, 1759840) and layer 5 moved from (370520, 3522800).
[WARNING PSM-0032] Node at (189000, 1759840) and layer 5 moved from (190520, 3522800).
[WARNING PSM-0032] Node at (10800, 1759840) and layer 5 moved from (10520, 3522800).
[WARNING PSM-0032] Node at (-5400, 1759840) and layer 5 moved from (-8480, 3522800).
[WARNING PSM-0032] Node at (2926800, 1759840) and layer 5 moved from (2928100, 3435880).
[WARNING PSM-0032] Node at (2889000, 1759840) and layer 5 moved from (2890520, 3435880).
[WARNING PSM-0032] Node at (2710800, 1759840) and layer 5 moved from (2710520, 3435880).
[WARNING PSM-0032] Node at (2527200, 1759840) and layer 5 moved from (2530520, 3435880).
[WARNING PSM-0032] Node at (2349000, 3239575) and layer 5 moved from (2350520, 3435880).
[WARNING PSM-0032] Node at (2170800, 3239575) and layer 5 moved from (2170520, 3435880).
[WARNING PSM-0032] Node at (1987200, 3239575) and layer 5 moved from (1990520, 3435880).
[WARNING PSM-0032] Node at (1809000, 3239575) and layer 5 moved from (1810520, 3435880).
[WARNING PSM-0032] Node at (1630800, 3239575) and layer 5 moved from (1630520, 3435880).
[WARNING PSM-0032] Node at (1447200, 3239575) and layer 5 moved from (1450520, 3435880).
[WARNING PSM-0032] Node at (1269000, 3239575) and layer 5 moved from (1270520, 3435880).
[WARNING PSM-0032] Node at (1090800, 1759840) and layer 5 moved from (1090520, 3435880).
[WARNING PSM-0032] Node at (907200, 1759840) and layer 5 moved from (910520, 3435880).
[WARNING PSM-0032] Node at (729000, 1759840) and layer 5 moved from (730520, 3435880).
[WARNING PSM-0032] Node at (550800, 1759840) and layer 5 moved from (550520, 3435880).
[WARNING PSM-0032] Node at (367200, 1759840) and layer 5 moved from (370520, 3435880).
[WARNING PSM-0032] Node at (189000, 1759840) and layer 5 moved from (190520, 3435880).
[WARNING PSM-0032] Node at (10800, 1759840) and layer 5 moved from (10520, 3435880).
[WARNING PSM-0032] Node at (-5400, 1759840) and layer 5 moved from (-8480, 3435880).
[WARNING PSM-0032] Node at (2926800, 1759840) and layer 5 moved from (2928100, 3255880).
[WARNING PSM-0032] Node at (2889000, 1759840) and layer 5 moved from (2890520, 3255880).
[WARNING PSM-0032] Node at (2710800, 1759840) and layer 5 moved from (2710520, 3255880).
[WARNING PSM-0032] Node at (2527200, 1759840) and layer 5 moved from (2530520, 3255880).
[WARNING PSM-0032] Node at (2349000, 3239575) and layer 5 moved from (2350520, 3255880).
[WARNING PSM-0032] Node at (2170800, 3239575) and layer 5 moved from (2170520, 3255880).
[WARNING PSM-0032] Node at (1987200, 3239575) and layer 5 moved from (1990520, 3255880).
[WARNING PSM-0032] Node at (1809000, 3239575) and layer 5 moved from (1810520, 3255880).
[WARNING PSM-0032] Node at (1630800, 3239575) and layer 5 moved from (1630520, 3255880).
[WARNING PSM-0032] Node at (1447200, 3239575) and layer 5 moved from (1450520, 3255880).
[WARNING PSM-0032] Node at (1269000, 3239575) and layer 5 moved from (1270520, 3255880).
[WARNING PSM-0032] Node at (1090800, 1759840) and layer 5 moved from (1090520, 3255880).
[WARNING PSM-0032] Node at (907200, 1759840) and layer 5 moved from (910520, 3255880).
[WARNING PSM-0032] Node at (729000, 1759840) and layer 5 moved from (730520, 3255880).
[WARNING PSM-0032] Node at (550800, 1759840) and layer 5 moved from (550520, 3255880).
[WARNING PSM-0032] Node at (367200, 1759840) and layer 5 moved from (370520, 3255880).
[WARNING PSM-0032] Node at (189000, 1759840) and layer 5 moved from (190520, 3255880).
[WARNING PSM-0032] Node at (10800, 1759840) and layer 5 moved from (10520, 3255880).
[WARNING PSM-0032] Node at (-5400, 1759840) and layer 5 moved from (-8480, 3255880).
[WARNING PSM-0032] Node at (2926800, 1759840) and layer 5 moved from (2928100, 3075880).
[WARNING PSM-0032] Node at (2889000, 1759840) and layer 5 moved from (2890520, 3075880).
[WARNING PSM-0032] Node at (2710800, 1759840) and layer 5 moved from (2710520, 3075880).
[WARNING PSM-0032] Node at (2527200, 1759840) and layer 5 moved from (2530520, 3075880).
[WARNING PSM-0032] Node at (2349000, 3239575) and layer 5 moved from (2350520, 3075880).
[WARNING PSM-0032] Node at (2170800, 3239575) and layer 5 moved from (2170520, 3075880).
[WARNING PSM-0032] Node at (1987200, 3239575) and layer 5 moved from (1990520, 3075880).
[WARNING PSM-0032] Node at (1809000, 3239575) and layer 5 moved from (1810520, 3075880).
[WARNING PSM-0032] Node at (1630800, 3239575) and layer 5 moved from (1630520, 3075880).
[WARNING PSM-0032] Node at (1447200, 3239575) and layer 5 moved from (1450520, 3075880).
[WARNING PSM-0032] Node at (1269000, 3239575) and layer 5 moved from (1270520, 3075880).
[WARNING PSM-0032] Node at (1090800, 1759840) and layer 5 moved from (1090520, 3075880).
[WARNING PSM-0032] Node at (907200, 1759840) and layer 5 moved from (910520, 3075880).
[WARNING PSM-0032] Node at (729000, 1759840) and layer 5 moved from (730520, 3075880).
[WARNING PSM-0032] Node at (550800, 1759840) and layer 5 moved from (550520, 3075880).
[WARNING PSM-0032] Node at (367200, 1759840) and layer 5 moved from (370520, 3075880).
[WARNING PSM-0032] Node at (189000, 1759840) and layer 5 moved from (190520, 3075880).
[WARNING PSM-0032] Node at (10800, 1759840) and layer 5 moved from (10520, 3075880).
[WARNING PSM-0032] Node at (-5400, 1759840) and layer 5 moved from (-8480, 3075880).
[WARNING PSM-0032] Node at (2926800, 1759840) and layer 5 moved from (2928100, 2895880).
[WARNING PSM-0032] Node at (2889000, 1759840) and layer 5 moved from (2890520, 2895880).
[WARNING PSM-0032] Node at (2710800, 1759840) and layer 5 moved from (2710520, 2895880).
[WARNING PSM-0032] Node at (2527200, 1759840) and layer 5 moved from (2530520, 2895880).
[WARNING PSM-0032] Node at (1090800, 1759840) and layer 5 moved from (1090520, 2895880).
[WARNING PSM-0032] Node at (907200, 1759840) and layer 5 moved from (910520, 2895880).
[WARNING PSM-0032] Node at (729000, 1759840) and layer 5 moved from (730520, 2895880).
[WARNING PSM-0032] Node at (550800, 1759840) and layer 5 moved from (550520, 2895880).
[WARNING PSM-0032] Node at (367200, 1759840) and layer 5 moved from (370520, 2895880).
[WARNING PSM-0032] Node at (189000, 1759840) and layer 5 moved from (190520, 2895880).
[WARNING PSM-0032] Node at (10800, 1759840) and layer 5 moved from (10520, 2895880).
[WARNING PSM-0032] Node at (-5400, 1759840) and layer 5 moved from (-8480, 2895880).
[WARNING PSM-0032] Node at (2926800, 1759840) and layer 5 moved from (2928100, 2715880).
[WARNING PSM-0032] Node at (2889000, 1759840) and layer 5 moved from (2890520, 2715880).
[WARNING PSM-0032] Node at (2710800, 1759840) and layer 5 moved from (2710520, 2715880).
[WARNING PSM-0032] Node at (2527200, 1759840) and layer 5 moved from (2530520, 2715880).
[WARNING PSM-0032] Node at (1090800, 1759840) and layer 5 moved from (1090520, 2715880).
[WARNING PSM-0032] Node at (907200, 1759840) and layer 5 moved from (910520, 2715880).
[WARNING PSM-0032] Node at (729000, 1759840) and layer 5 moved from (730520, 2715880).
[WARNING PSM-0032] Node at (550800, 1759840) and layer 5 moved from (550520, 2715880).
[WARNING PSM-0032] Node at (367200, 1759840) and layer 5 moved from (370520, 2715880).
[WARNING PSM-0032] Node at (189000, 1759840) and layer 5 moved from (190520, 2715880).
[WARNING PSM-0032] Node at (10800, 1759840) and layer 5 moved from (10520, 2715880).
[WARNING PSM-0032] Node at (-5400, 1759840) and layer 5 moved from (-8480, 2715880).
[WARNING PSM-0032] Node at (2926800, 1759840) and layer 5 moved from (2928100, 2535880).
[WARNING PSM-0032] Node at (2889000, 1759840) and layer 5 moved from (2890520, 2535880).
[WARNING PSM-0032] Node at (2710800, 1759840) and layer 5 moved from (2710520, 2535880).
[WARNING PSM-0032] Node at (2527200, 1759840) and layer 5 moved from (2530520, 2535880).
[WARNING PSM-0032] Node at (1090800, 1759840) and layer 5 moved from (1090520, 2535880).
[WARNING PSM-0032] Node at (907200, 1759840) and layer 5 moved from (910520, 2535880).
[WARNING PSM-0032] Node at (729000, 1759840) and layer 5 moved from (730520, 2535880).
[WARNING PSM-0032] Node at (550800, 1759840) and layer 5 moved from (550520, 2535880).
[WARNING PSM-0032] Node at (367200, 1759840) and layer 5 moved from (370520, 2535880).
[WARNING PSM-0032] Node at (189000, 1759840) and layer 5 moved from (190520, 2535880).
[WARNING PSM-0032] Node at (10800, 1759840) and layer 5 moved from (10520, 2535880).
[WARNING PSM-0032] Node at (-5400, 1759840) and layer 5 moved from (-8480, 2535880).
[WARNING PSM-0032] Node at (2926800, 1759840) and layer 5 moved from (2928100, 2355880).
[WARNING PSM-0032] Node at (2889000, 1759840) and layer 5 moved from (2890520, 2355880).
[WARNING PSM-0032] Node at (2710800, 1759840) and layer 5 moved from (2710520, 2355880).
[WARNING PSM-0032] Node at (2527200, 1759840) and layer 5 moved from (2530520, 2355880).
[WARNING PSM-0032] Node at (1090800, 1759840) and layer 5 moved from (1090520, 2355880).
[WARNING PSM-0032] Node at (907200, 1759840) and layer 5 moved from (910520, 2355880).
[WARNING PSM-0032] Node at (729000, 1759840) and layer 5 moved from (730520, 2355880).
[WARNING PSM-0032] Node at (550800, 1759840) and layer 5 moved from (550520, 2355880).
[WARNING PSM-0032] Node at (367200, 1759840) and layer 5 moved from (370520, 2355880).
[WARNING PSM-0032] Node at (189000, 1759840) and layer 5 moved from (190520, 2355880).
[WARNING PSM-0032] Node at (10800, 1759840) and layer 5 moved from (10520, 2355880).
[WARNING PSM-0032] Node at (-5400, 1759840) and layer 5 moved from (-8480, 2355880).
[WARNING PSM-0032] Node at (2926800, 1759840) and layer 5 moved from (2928100, 2175880).
[WARNING PSM-0032] Node at (2889000, 1759840) and layer 5 moved from (2890520, 2175880).
[WARNING PSM-0032] Node at (2710800, 1759840) and layer 5 moved from (2710520, 2175880).
[WARNING PSM-0032] Node at (2527200, 1759840) and layer 5 moved from (2530520, 2175880).
[WARNING PSM-0032] Node at (1090800, 1759840) and layer 5 moved from (1090520, 2175880).
[WARNING PSM-0032] Node at (907200, 1759840) and layer 5 moved from (910520, 2175880).
[WARNING PSM-0032] Node at (729000, 1759840) and layer 5 moved from (730520, 2175880).
[WARNING PSM-0032] Node at (550800, 1759840) and layer 5 moved from (550520, 2175880).
[WARNING PSM-0032] Node at (367200, 1759840) and layer 5 moved from (370520, 2175880).
[WARNING PSM-0032] Node at (189000, 1759840) and layer 5 moved from (190520, 2175880).
[WARNING PSM-0032] Node at (10800, 1759840) and layer 5 moved from (10520, 2175880).
[WARNING PSM-0032] Node at (-5400, 1759840) and layer 5 moved from (-8480, 2175880).
[WARNING PSM-0032] Node at (2926800, 1759840) and layer 5 moved from (2928100, 1995880).
[WARNING PSM-0032] Node at (2889000, 1759840) and layer 5 moved from (2890520, 1995880).
[WARNING PSM-0032] Node at (2710800, 1759840) and layer 5 moved from (2710520, 1995880).
[WARNING PSM-0032] Node at (2527200, 1759840) and layer 5 moved from (2530520, 1995880).
[WARNING PSM-0032] Node at (1090800, 1759840) and layer 5 moved from (1090520, 1995880).
[WARNING PSM-0032] Node at (907200, 1759840) and layer 5 moved from (910520, 1995880).
[WARNING PSM-0032] Node at (729000, 1759840) and layer 5 moved from (730520, 1995880).
[WARNING PSM-0032] Node at (550800, 1759840) and layer 5 moved from (550520, 1995880).
[WARNING PSM-0032] Node at (367200, 1759840) and layer 5 moved from (370520, 1995880).
[WARNING PSM-0032] Node at (189000, 1759840) and layer 5 moved from (190520, 1995880).
[WARNING PSM-0032] Node at (10800, 1759840) and layer 5 moved from (10520, 1995880).
[WARNING PSM-0032] Node at (-5400, 1759840) and layer 5 moved from (-8480, 1995880).
[WARNING PSM-0032] Node at (2926800, 1759840) and layer 5 moved from (2928100, 1815880).
[WARNING PSM-0032] Node at (2889000, 1759840) and layer 5 moved from (2890520, 1815880).
[WARNING PSM-0032] Node at (2710800, 1759840) and layer 5 moved from (2710520, 1815880).
[WARNING PSM-0032] Node at (2527200, 1759840) and layer 5 moved from (2530520, 1815880).
[WARNING PSM-0032] Node at (1090800, 1759840) and layer 5 moved from (1090520, 1815880).
[WARNING PSM-0032] Node at (907200, 1759840) and layer 5 moved from (910520, 1815880).
[WARNING PSM-0032] Node at (729000, 1759840) and layer 5 moved from (730520, 1815880).
[WARNING PSM-0032] Node at (550800, 1759840) and layer 5 moved from (550520, 1815880).
[WARNING PSM-0032] Node at (367200, 1759840) and layer 5 moved from (370520, 1815880).
[WARNING PSM-0032] Node at (189000, 1759840) and layer 5 moved from (190520, 1815880).
[WARNING PSM-0032] Node at (10800, 1759840) and layer 5 moved from (10520, 1815880).
[WARNING PSM-0032] Node at (-5400, 1759840) and layer 5 moved from (-8480, 1815880).
[WARNING PSM-0032] Node at (2926800, 1759840) and layer 5 moved from (2928100, 1635880).
[WARNING PSM-0032] Node at (2889000, 1759840) and layer 5 moved from (2890520, 1635880).
[WARNING PSM-0032] Node at (2710800, 1759840) and layer 5 moved from (2710520, 1635880).
[WARNING PSM-0032] Node at (2527200, 1759840) and layer 5 moved from (2530520, 1635880).
[WARNING PSM-0032] Node at (2527200, 1759840) and layer 5 moved from (2350520, 1635880).
[WARNING PSM-0032] Node at (2170800, 835265) and layer 5 moved from (2170520, 1635880).
[WARNING PSM-0032] Node at (1987200, 835265) and layer 5 moved from (1990520, 1635880).
[WARNING PSM-0032] Node at (1809000, 835265) and layer 5 moved from (1810520, 1635880).
[WARNING PSM-0032] Node at (1630800, 835265) and layer 5 moved from (1630520, 1635880).
[WARNING PSM-0032] Node at (1447200, 835265) and layer 5 moved from (1450520, 1635880).
[WARNING PSM-0032] Node at (1269000, 835265) and layer 5 moved from (1270520, 1635880).
[WARNING PSM-0032] Node at (1090800, 1759840) and layer 5 moved from (1090520, 1635880).
[WARNING PSM-0032] Node at (907200, 1759840) and layer 5 moved from (910520, 1635880).
[WARNING PSM-0032] Node at (729000, 1759840) and layer 5 moved from (730520, 1635880).
[WARNING PSM-0032] Node at (550800, 1759840) and layer 5 moved from (550520, 1635880).
[WARNING PSM-0032] Node at (367200, 1759840) and layer 5 moved from (370520, 1635880).
[WARNING PSM-0032] Node at (189000, 1759840) and layer 5 moved from (190520, 1635880).
[WARNING PSM-0032] Node at (10800, 1759840) and layer 5 moved from (10520, 1635880).
[WARNING PSM-0032] Node at (-5400, 1759840) and layer 5 moved from (-8480, 1635880).
[WARNING PSM-0032] Node at (2926800, 1759840) and layer 5 moved from (2928100, 1455880).
[WARNING PSM-0032] Node at (2889000, 1759840) and layer 5 moved from (2890520, 1455880).
[WARNING PSM-0032] Node at (2710800, 1759840) and layer 5 moved from (2710520, 1455880).
[WARNING PSM-0032] Node at (2527200, 1759840) and layer 5 moved from (2530520, 1455880).
[WARNING PSM-0032] Node at (2527200, 1759840) and layer 5 moved from (2350520, 1455880).
[WARNING PSM-0032] Node at (2170800, 835265) and layer 5 moved from (2170520, 1455880).
[WARNING PSM-0032] Node at (1987200, 835265) and layer 5 moved from (1990520, 1455880).
[WARNING PSM-0032] Node at (1809000, 835265) and layer 5 moved from (1810520, 1455880).
[WARNING PSM-0032] Node at (1630800, 835265) and layer 5 moved from (1630520, 1455880).
[WARNING PSM-0032] Node at (1447200, 835265) and layer 5 moved from (1450520, 1455880).
[WARNING PSM-0032] Node at (1269000, 835265) and layer 5 moved from (1270520, 1455880).
[WARNING PSM-0032] Node at (1090800, 1759840) and layer 5 moved from (1090520, 1455880).
[WARNING PSM-0032] Node at (907200, 1759840) and layer 5 moved from (910520, 1455880).
[WARNING PSM-0032] Node at (729000, 1759840) and layer 5 moved from (730520, 1455880).
[WARNING PSM-0032] Node at (550800, 1759840) and layer 5 moved from (550520, 1455880).
[WARNING PSM-0032] Node at (367200, 1759840) and layer 5 moved from (370520, 1455880).
[WARNING PSM-0032] Node at (189000, 1759840) and layer 5 moved from (190520, 1455880).
[WARNING PSM-0032] Node at (10800, 1759840) and layer 5 moved from (10520, 1455880).
[WARNING PSM-0032] Node at (-5400, 1759840) and layer 5 moved from (-8480, 1455880).
[WARNING PSM-0032] Node at (2926800, 1759840) and layer 5 moved from (2928100, 1275880).
[WARNING PSM-0032] Node at (2889000, 1759840) and layer 5 moved from (2890520, 1275880).
[WARNING PSM-0032] Node at (2710800, 1759840) and layer 5 moved from (2710520, 1275880).
[WARNING PSM-0032] Node at (2527200, 1759840) and layer 5 moved from (2530520, 1275880).
[WARNING PSM-0032] Node at (2349000, 835265) and layer 5 moved from (2350520, 1275880).
[WARNING PSM-0032] Node at (2170800, 835265) and layer 5 moved from (2170520, 1275880).
[WARNING PSM-0032] Node at (1987200, 835265) and layer 5 moved from (1990520, 1275880).
[WARNING PSM-0032] Node at (1809000, 835265) and layer 5 moved from (1810520, 1275880).
[WARNING PSM-0032] Node at (1630800, 835265) and layer 5 moved from (1630520, 1275880).
[WARNING PSM-0032] Node at (1447200, 835265) and layer 5 moved from (1450520, 1275880).
[WARNING PSM-0032] Node at (1269000, 835265) and layer 5 moved from (1270520, 1275880).
[WARNING PSM-0032] Node at (1090800, 1759840) and layer 5 moved from (1090520, 1275880).
[WARNING PSM-0032] Node at (907200, 1759840) and layer 5 moved from (910520, 1275880).
[WARNING PSM-0032] Node at (729000, 1759840) and layer 5 moved from (730520, 1275880).
[WARNING PSM-0032] Node at (550800, 1759840) and layer 5 moved from (550520, 1275880).
[WARNING PSM-0032] Node at (367200, 1759840) and layer 5 moved from (370520, 1275880).
[WARNING PSM-0032] Node at (189000, 1759840) and layer 5 moved from (190520, 1275880).
[WARNING PSM-0032] Node at (10800, 1759840) and layer 5 moved from (10520, 1275880).
[WARNING PSM-0032] Node at (-5400, 1759840) and layer 5 moved from (-8480, 1275880).
[WARNING PSM-0032] Node at (2926800, 1759840) and layer 5 moved from (2928100, 1095880).
[WARNING PSM-0032] Node at (2889000, 1759840) and layer 5 moved from (2890520, 1095880).
[WARNING PSM-0032] Node at (2710800, 1759840) and layer 5 moved from (2710520, 1095880).
[WARNING PSM-0032] Node at (2527200, 1759840) and layer 5 moved from (2530520, 1095880).
[WARNING PSM-0032] Node at (2349000, 835265) and layer 5 moved from (2350520, 1095880).
[WARNING PSM-0032] Node at (2170800, 835265) and layer 5 moved from (2170520, 1095880).
[WARNING PSM-0032] Node at (1987200, 835265) and layer 5 moved from (1990520, 1095880).
[WARNING PSM-0032] Node at (1809000, 835265) and layer 5 moved from (1810520, 1095880).
[WARNING PSM-0032] Node at (1630800, 835265) and layer 5 moved from (1630520, 1095880).
[WARNING PSM-0032] Node at (1447200, 835265) and layer 5 moved from (1450520, 1095880).
[WARNING PSM-0032] Node at (1269000, 835265) and layer 5 moved from (1270520, 1095880).
[WARNING PSM-0032] Node at (1090800, 1759840) and layer 5 moved from (1090520, 1095880).
[WARNING PSM-0032] Node at (907200, 1759840) and layer 5 moved from (910520, 1095880).
[WARNING PSM-0032] Node at (729000, 1759840) and layer 5 moved from (730520, 1095880).
[WARNING PSM-0032] Node at (550800, 1759840) and layer 5 moved from (550520, 1095880).
[WARNING PSM-0032] Node at (367200, 1759840) and layer 5 moved from (370520, 1095880).
[WARNING PSM-0032] Node at (189000, 1759840) and layer 5 moved from (190520, 1095880).
[WARNING PSM-0032] Node at (10800, 1759840) and layer 5 moved from (10520, 1095880).
[WARNING PSM-0032] Node at (-5400, 1759840) and layer 5 moved from (-8480, 1095880).
[WARNING PSM-0032] Node at (2926800, 1759840) and layer 5 moved from (2928100, 915880).
[WARNING PSM-0032] Node at (2889000, 1759840) and layer 5 moved from (2890520, 915880).
[WARNING PSM-0032] Node at (2710800, 1759840) and layer 5 moved from (2710520, 915880).
[WARNING PSM-0032] Node at (2527200, 1759840) and layer 5 moved from (2530520, 915880).
[WARNING PSM-0032] Node at (2349000, 835265) and layer 5 moved from (2350520, 915880).
[WARNING PSM-0032] Node at (2170800, 835265) and layer 5 moved from (2170520, 915880).
[WARNING PSM-0032] Node at (1987200, 835265) and layer 5 moved from (1990520, 915880).
[WARNING PSM-0032] Node at (1809000, 835265) and layer 5 moved from (1810520, 915880).
[WARNING PSM-0032] Node at (1630800, 835265) and layer 5 moved from (1630520, 915880).
[WARNING PSM-0032] Node at (1447200, 835265) and layer 5 moved from (1450520, 915880).
[WARNING PSM-0032] Node at (1269000, 835265) and layer 5 moved from (1270520, 915880).
[WARNING PSM-0032] Node at (1090800, 1759840) and layer 5 moved from (1090520, 915880).
[WARNING PSM-0032] Node at (907200, 1759840) and layer 5 moved from (910520, 915880).
[WARNING PSM-0032] Node at (729000, 1759840) and layer 5 moved from (730520, 915880).
[WARNING PSM-0032] Node at (550800, 1759840) and layer 5 moved from (550520, 915880).
[WARNING PSM-0032] Node at (367200, 1759840) and layer 5 moved from (370520, 915880).
[WARNING PSM-0032] Node at (189000, 1759840) and layer 5 moved from (190520, 915880).
[WARNING PSM-0032] Node at (10800, 1759840) and layer 5 moved from (10520, 915880).
[WARNING PSM-0032] Node at (-5400, 1759840) and layer 5 moved from (-8480, 915880).
[WARNING PSM-0032] Node at (2926800, 1759840) and layer 5 moved from (2928100, 735880).
[WARNING PSM-0032] Node at (2889000, 1759840) and layer 5 moved from (2890520, 735880).
[WARNING PSM-0032] Node at (2710800, 1759840) and layer 5 moved from (2710520, 735880).
[WARNING PSM-0032] Node at (2527200, 1759840) and layer 5 moved from (2530520, 735880).
[WARNING PSM-0032] Node at (2349000, 835265) and layer 5 moved from (2350520, 735880).
[WARNING PSM-0032] Node at (2170800, 835265) and layer 5 moved from (2170520, 735880).
[WARNING PSM-0032] Node at (1987200, 835265) and layer 5 moved from (1990520, 735880).
[WARNING PSM-0032] Node at (1809000, 835265) and layer 5 moved from (1810520, 735880).
[WARNING PSM-0032] Node at (1630800, 835265) and layer 5 moved from (1630520, 735880).
[WARNING PSM-0032] Node at (1447200, 835265) and layer 5 moved from (1450520, 735880).
[WARNING PSM-0032] Node at (1269000, 835265) and layer 5 moved from (1270520, 735880).
[WARNING PSM-0032] Node at (1090800, 1759840) and layer 5 moved from (1090520, 735880).
[WARNING PSM-0032] Node at (907200, 1759840) and layer 5 moved from (910520, 735880).
[WARNING PSM-0032] Node at (729000, 1759840) and layer 5 moved from (730520, 735880).
[WARNING PSM-0032] Node at (550800, 1759840) and layer 5 moved from (550520, 735880).
[WARNING PSM-0032] Node at (367200, 1759840) and layer 5 moved from (370520, 735880).
[WARNING PSM-0032] Node at (189000, 1759840) and layer 5 moved from (190520, 735880).
[WARNING PSM-0032] Node at (10800, 1759840) and layer 5 moved from (10520, 735880).
[WARNING PSM-0032] Node at (-5400, 1759840) and layer 5 moved from (-8480, 735880).
[WARNING PSM-0032] Node at (2926800, 1759840) and layer 5 moved from (2928100, 555880).
[WARNING PSM-0032] Node at (2889000, 1759840) and layer 5 moved from (2890520, 555880).
[WARNING PSM-0032] Node at (2710800, 1759840) and layer 5 moved from (2710520, 555880).
[WARNING PSM-0032] Node at (2527200, 1759840) and layer 5 moved from (2530520, 555880).
[WARNING PSM-0032] Node at (2349000, 835265) and layer 5 moved from (2350520, 555880).
[WARNING PSM-0032] Node at (2170800, 835265) and layer 5 moved from (2170520, 555880).
[WARNING PSM-0032] Node at (1987200, 835265) and layer 5 moved from (1990520, 555880).
[WARNING PSM-0032] Node at (1809000, 835265) and layer 5 moved from (1810520, 555880).
[WARNING PSM-0032] Node at (1630800, 835265) and layer 5 moved from (1630520, 555880).
[WARNING PSM-0032] Node at (1447200, 835265) and layer 5 moved from (1450520, 555880).
[WARNING PSM-0032] Node at (1269000, 835265) and layer 5 moved from (1270520, 555880).
[WARNING PSM-0032] Node at (1090800, 1759840) and layer 5 moved from (1090520, 555880).
[WARNING PSM-0032] Node at (907200, 1759840) and layer 5 moved from (910520, 555880).
[WARNING PSM-0032] Node at (729000, 1759840) and layer 5 moved from (730520, 555880).
[WARNING PSM-0032] Node at (550800, 1759840) and layer 5 moved from (550520, 555880).
[WARNING PSM-0032] Node at (367200, 1759840) and layer 5 moved from (370520, 555880).
[WARNING PSM-0032] Node at (189000, 1759840) and layer 5 moved from (190520, 555880).
[WARNING PSM-0032] Node at (10800, 1759840) and layer 5 moved from (10520, 555880).
[WARNING PSM-0032] Node at (-5400, 1759840) and layer 5 moved from (-8480, 555880).
[WARNING PSM-0032] Node at (2926800, 1759840) and layer 5 moved from (2928100, 375880).
[WARNING PSM-0032] Node at (2889000, 1759840) and layer 5 moved from (2890520, 375880).
[WARNING PSM-0032] Node at (2710800, 1759840) and layer 5 moved from (2710520, 375880).
[WARNING PSM-0032] Node at (2527200, 1759840) and layer 5 moved from (2530520, 375880).
[WARNING PSM-0032] Node at (2349000, 835265) and layer 5 moved from (2350520, 375880).
[WARNING PSM-0032] Node at (2170800, 835265) and layer 5 moved from (2170520, 375880).
[WARNING PSM-0032] Node at (1987200, 835265) and layer 5 moved from (1990520, 375880).
[WARNING PSM-0032] Node at (1809000, 835265) and layer 5 moved from (1810520, 375880).
[WARNING PSM-0032] Node at (1630800, 835265) and layer 5 moved from (1630520, 375880).
[WARNING PSM-0032] Node at (1447200, 835265) and layer 5 moved from (1450520, 375880).
[WARNING PSM-0032] Node at (1269000, 835265) and layer 5 moved from (1270520, 375880).
[WARNING PSM-0032] Node at (1090800, 1759840) and layer 5 moved from (1090520, 375880).
[WARNING PSM-0032] Node at (907200, 1759840) and layer 5 moved from (910520, 375880).
[WARNING PSM-0032] Node at (729000, 1759840) and layer 5 moved from (730520, 375880).
[WARNING PSM-0032] Node at (550800, 1759840) and layer 5 moved from (550520, 375880).
[WARNING PSM-0032] Node at (367200, 1759840) and layer 5 moved from (370520, 375880).
[WARNING PSM-0032] Node at (189000, 1759840) and layer 5 moved from (190520, 375880).
[WARNING PSM-0032] Node at (10800, 1759840) and layer 5 moved from (10520, 375880).
[WARNING PSM-0032] Node at (-5400, 1759840) and layer 5 moved from (-8480, 375880).
[WARNING PSM-0032] Node at (2926800, 1759840) and layer 5 moved from (2928100, 195880).
[WARNING PSM-0032] Node at (2889000, 1759840) and layer 5 moved from (2890520, 195880).
[WARNING PSM-0032] Node at (2710800, 1759840) and layer 5 moved from (2710520, 195880).
[WARNING PSM-0032] Node at (2527200, 1759840) and layer 5 moved from (2530520, 195880).
[WARNING PSM-0032] Node at (2349000, 835265) and layer 5 moved from (2350520, 195880).
[WARNING PSM-0032] Node at (2170800, 835265) and layer 5 moved from (2170520, 195880).
[WARNING PSM-0032] Node at (1987200, 835265) and layer 5 moved from (1990520, 195880).
[WARNING PSM-0032] Node at (1809000, 835265) and layer 5 moved from (1810520, 195880).
[WARNING PSM-0032] Node at (1630800, 835265) and layer 5 moved from (1630520, 195880).
[WARNING PSM-0032] Node at (1447200, 835265) and layer 5 moved from (1450520, 195880).
[WARNING PSM-0032] Node at (1269000, 835265) and layer 5 moved from (1270520, 195880).
[WARNING PSM-0032] Node at (1090800, 1759840) and layer 5 moved from (1090520, 195880).
[WARNING PSM-0032] Node at (907200, 1759840) and layer 5 moved from (910520, 195880).
[WARNING PSM-0032] Node at (729000, 1759840) and layer 5 moved from (730520, 195880).
[WARNING PSM-0032] Node at (550800, 1759840) and layer 5 moved from (550520, 195880).
[WARNING PSM-0032] Node at (367200, 1759840) and layer 5 moved from (370520, 195880).
[WARNING PSM-0032] Node at (189000, 1759840) and layer 5 moved from (190520, 195880).
[WARNING PSM-0032] Node at (10800, 1759840) and layer 5 moved from (10520, 195880).
[WARNING PSM-0032] Node at (-5400, 1759840) and layer 5 moved from (-8480, 195880).
[WARNING PSM-0032] Node at (2926800, 1759840) and layer 5 moved from (2928100, 15880).
[WARNING PSM-0032] Node at (2889000, 1759840) and layer 5 moved from (2890520, 15880).
[WARNING PSM-0032] Node at (2710800, 1759840) and layer 5 moved from (2710520, 15880).
[WARNING PSM-0032] Node at (2527200, 1759840) and layer 5 moved from (2530520, 15880).
[WARNING PSM-0032] Node at (2349000, 835265) and layer 5 moved from (2350520, 15880).
[WARNING PSM-0032] Node at (2170800, 835265) and layer 5 moved from (2170520, 15880).
[WARNING PSM-0032] Node at (1987200, 835265) and layer 5 moved from (1990520, 15880).
[WARNING PSM-0032] Node at (1809000, 835265) and layer 5 moved from (1810520, 15880).
[WARNING PSM-0032] Node at (1630800, 835265) and layer 5 moved from (1630520, 15880).
[WARNING PSM-0032] Node at (1447200, 835265) and layer 5 moved from (1450520, 15880).
[WARNING PSM-0032] Node at (1269000, 835265) and layer 5 moved from (1270520, 15880).
[WARNING PSM-0032] Node at (1090800, 1759840) and layer 5 moved from (1090520, 15880).
[WARNING PSM-0032] Node at (907200, 1759840) and layer 5 moved from (910520, 15880).
[WARNING PSM-0032] Node at (729000, 1759840) and layer 5 moved from (730520, 15880).
[WARNING PSM-0032] Node at (550800, 1759840) and layer 5 moved from (550520, 15880).
[WARNING PSM-0032] Node at (367200, 1759840) and layer 5 moved from (370520, 15880).
[WARNING PSM-0032] Node at (189000, 1759840) and layer 5 moved from (190520, 15880).
[WARNING PSM-0032] Node at (10800, 1759840) and layer 5 moved from (10520, 15880).
[WARNING PSM-0032] Node at (-5400, 1759840) and layer 5 moved from (-8480, 15880).
[WARNING PSM-0032] Node at (2926800, 1759840) and layer 5 moved from (2928100, -3120).
[WARNING PSM-0032] Node at (2889000, 1759840) and layer 5 moved from (2890520, -3120).
[WARNING PSM-0032] Node at (2710800, 1759840) and layer 5 moved from (2710520, -3120).
[WARNING PSM-0032] Node at (2527200, 1759840) and layer 5 moved from (2530520, -3120).
[WARNING PSM-0032] Node at (2349000, 835265) and layer 5 moved from (2350520, -3120).
[WARNING PSM-0032] Node at (2170800, 835265) and layer 5 moved from (2170520, -3120).
[WARNING PSM-0032] Node at (1987200, 835265) and layer 5 moved from (1990520, -3120).
[WARNING PSM-0032] Node at (1809000, 835265) and layer 5 moved from (1810520, -3120).
[WARNING PSM-0032] Node at (1630800, 835265) and layer 5 moved from (1630520, -3120).
[WARNING PSM-0032] Node at (1447200, 835265) and layer 5 moved from (1450520, -3120).
[WARNING PSM-0032] Node at (1269000, 835265) and layer 5 moved from (1270520, -3120).
[WARNING PSM-0032] Node at (1090800, 1759840) and layer 5 moved from (1090520, -3120).
[WARNING PSM-0032] Node at (907200, 1759840) and layer 5 moved from (910520, -3120).
[WARNING PSM-0032] Node at (729000, 1759840) and layer 5 moved from (730520, -3120).
[WARNING PSM-0032] Node at (550800, 1759840) and layer 5 moved from (550520, -3120).
[WARNING PSM-0032] Node at (367200, 1759840) and layer 5 moved from (370520, -3120).
[WARNING PSM-0032] Node at (189000, 1759840) and layer 5 moved from (190520, -3120).
[WARNING PSM-0032] Node at (10800, 1759840) and layer 5 moved from (10520, -3120).
[WARNING PSM-0032] Node at (-5400, 1759840) and layer 5 moved from (-8480, -3120).
[INFO PSM-0064] Number of voltage sources = 88.
[INFO PSM-0040] All PDN stripes on net vccd1 are connected.
########## IR report #################
Worstcase voltage: 1.80e+00 V
Average IR drop  : 1.59e-13 V
Worstcase IR drop: 4.17e-12 V
######################################
