OpenROAD 8d53e9b018dec98fa63e907ddeb6c5406f035361 
This program is licensed under the BSD-3 license. See the LICENSE file for details.
Components of this program may be licensed under more restrictive licenses which must be honored.
[INFO ODB-0222] Reading LEF file: /home/fatihgulakar/638_proje/shooting_game_verilog/openlane/user_project_wrapper/runs/user_project_wrapper/tmp/merged_unpadded.lef
[INFO ODB-0223]     Created 13 technology layers
[INFO ODB-0224]     Created 25 technology vias
[INFO ODB-0225]     Created 442 library cells
[INFO ODB-0226] Finished LEF file:  /home/fatihgulakar/638_proje/shooting_game_verilog/openlane/user_project_wrapper/runs/user_project_wrapper/tmp/merged_unpadded.lef
[INFO ODB-0127] Reading DEF file: /home/fatihgulakar/638_proje/shooting_game_verilog/openlane/user_project_wrapper/runs/user_project_wrapper/tmp/floorplan/6-pdn.def
[INFO ODB-0128] Design: user_project_wrapper
[INFO ODB-0130]     Created 639 pins.
[INFO ODB-0131]     Created 1 components and 609 component-terminals.
[INFO ODB-0132]     Created 2 special nets and 0 connections.
[INFO ODB-0133]     Created 637 nets and 607 connections.
[INFO ODB-0134] Finished DEF file: /home/fatihgulakar/638_proje/shooting_game_verilog/openlane/user_project_wrapper/runs/user_project_wrapper/tmp/floorplan/6-pdn.def
[INFO PDN-0016] Power Delivery Network Generator: Generating PDN
  config: /openlane/scripts/openroad/pdn_cfg.tcl
[INFO PDN-0008] Design name is user_project_wrapper.
[INFO PDN-0009] Reading technology data.
[INFO PDN-0011] ****** INFO ******
Type: stdcell, stdcell_grid
    Core Rings
      Layer: met4  -  width: 3.100  spacing: 1.700  core_offset: 23.600 
      Layer: met5  -  width: 3.100  spacing: 1.700  core_offset: 23.600 
    Straps
      Layer: met4  -  width: 3.100  pitch: 180.000  offset: 23.600 
      Layer: met5  -  width: 3.100  pitch: 180.000  offset: 23.600 
    Connect: {met4 met5}
Type: macro, CORE_macro_grid_1 -grid_over_pg_pins
    Macro orientation: R0 R180 MX MY R90 R270 MXR90 MYR90
[INFO PDN-0012] **** END INFO ****
[INFO PDN-0013] Inserting stdcell grid - stdcell_grid.
[INFO PDN-0010] Inserting macro grid for 1 macros.
[INFO PDN-0034]   - grid CORE_macro_grid_1 for instance mprj
[INFO PDN-0015] Writing to database.
[INFO]: Setting RC values...
[INFO PSM-0002] Output voltage file is specified as: /home/fatihgulakar/638_proje/shooting_game_verilog/openlane/user_project_wrapper/runs/user_project_wrapper/tmp/floorplan/7-pdn.pga.rpt.
[WARNING PSM-0016] Voltage pad location (VSRC) file not specified, defaulting pad location to checkerboard pattern on core area.
[WARNING PSM-0017] X direction bump pitch is not specified, defaulting to 140um.
[WARNING PSM-0018] Y direction bump pitch is not specified, defaulting to 140um.
[WARNING PSM-0019] Voltage on net vccd2 is not explicitly set.
[WARNING PSM-0022] Using voltage 1.800V for VDD network.
[WARNING PSM-0065] VSRC location not specified, using default checkerboard pattern with one VDD every size bumps in x-direction and one in two bumps in the y-direction
[WARNING PSM-0030] VSRC location at (5.520um, 10.880um) and size 10.000um, is not located on a power stripe. Moving to closest stripe at (5.400um, 34.480um).
[WARNING PSM-0030] VSRC location at (845.520um, 10.880um) and size 10.000um, is not located on a power stripe. Moving to closest stripe at (847.800um, 34.480um).
[WARNING PSM-0030] VSRC location at (1685.520um, 10.880um) and size 10.000um, is not located on a power stripe. Moving to closest stripe at (1684.800um, 34.480um).
[WARNING PSM-0030] VSRC location at (2525.520um, 10.880um) and size 10.000um, is not located on a power stripe. Moving to closest stripe at (2527.200um, 34.480um).
[WARNING PSM-0030] VSRC location at (285.520um, 150.880um) and size 10.000um, is not located on a power stripe. Moving to closest stripe at (286.200um, 214.480um).
[WARNING PSM-0030] VSRC location at (1125.520um, 150.880um) and size 10.000um, is not located on a power stripe. Moving to closest stripe at (1123.200um, 214.480um).
[WARNING PSM-0030] VSRC location at (1965.520um, 150.880um) and size 10.000um, is not located on a power stripe. Moving to closest stripe at (1965.600um, 214.480um).
[WARNING PSM-0030] VSRC location at (2805.520um, 150.880um) and size 10.000um, is not located on a power stripe. Moving to closest stripe at (2808.000um, 214.480um).
[WARNING PSM-0030] VSRC location at (565.520um, 290.880um) and size 10.000um, is not located on a power stripe. Moving to closest stripe at (567.000um, 214.480um).
[WARNING PSM-0030] VSRC location at (1405.520um, 290.880um) and size 10.000um, is not located on a power stripe. Moving to closest stripe at (1404.000um, 214.480um).
[WARNING PSM-0030] VSRC location at (2245.520um, 290.880um) and size 10.000um, is not located on a power stripe. Moving to closest stripe at (2246.400um, 214.480um).
[WARNING PSM-0030] VSRC location at (5.520um, 430.880um) and size 10.000um, is not located on a power stripe. Moving to closest stripe at (5.400um, 394.480um).
[WARNING PSM-0030] VSRC location at (845.520um, 430.880um) and size 10.000um, is not located on a power stripe. Moving to closest stripe at (847.800um, 394.480um).
[WARNING PSM-0030] VSRC location at (1685.520um, 430.880um) and size 10.000um, is not located on a power stripe. Moving to closest stripe at (1684.800um, 394.480um).
[WARNING PSM-0030] VSRC location at (2525.520um, 430.880um) and size 10.000um, is not located on a power stripe. Moving to closest stripe at (2527.200um, 394.480um).
[WARNING PSM-0030] VSRC location at (565.520um, 710.880um) and size 10.000um, is not located on a power stripe. Moving to closest stripe at (567.000um, 754.480um).
[WARNING PSM-0030] VSRC location at (1405.520um, 710.880um) and size 10.000um, is not located on a power stripe. Moving to closest stripe at (1404.000um, 754.480um).
[WARNING PSM-0030] VSRC location at (2245.520um, 710.880um) and size 10.000um, is not located on a power stripe. Moving to closest stripe at (2246.400um, 754.480um).
[WARNING PSM-0030] VSRC location at (5.520um, 850.880um) and size 10.000um, is not located on a power stripe. Moving to closest stripe at (5.400um, 934.480um).
[WARNING PSM-0030] VSRC location at (845.520um, 850.880um) and size 10.000um, is not located on a power stripe. Moving to closest stripe at (847.800um, 934.480um).
[WARNING PSM-0030] VSRC location at (1685.520um, 850.880um) and size 10.000um, is not located on a power stripe. Moving to closest stripe at (1684.800um, 934.480um).
[WARNING PSM-0030] VSRC location at (2525.520um, 850.880um) and size 10.000um, is not located on a power stripe. Moving to closest stripe at (2527.200um, 934.480um).
[WARNING PSM-0030] VSRC location at (285.520um, 990.880um) and size 10.000um, is not located on a power stripe. Moving to closest stripe at (286.200um, 934.480um).
[WARNING PSM-0030] VSRC location at (1125.520um, 990.880um) and size 10.000um, is not located on a power stripe. Moving to closest stripe at (1123.200um, 934.480um).
[WARNING PSM-0030] VSRC location at (1965.520um, 990.880um) and size 10.000um, is not located on a power stripe. Moving to closest stripe at (1965.600um, 934.480um).
[WARNING PSM-0030] VSRC location at (2805.520um, 990.880um) and size 10.000um, is not located on a power stripe. Moving to closest stripe at (2808.000um, 934.480um).
[WARNING PSM-0030] VSRC location at (565.520um, 1130.880um) and size 10.000um, is not located on a power stripe. Moving to closest stripe at (567.000um, 1114.480um).
[WARNING PSM-0030] VSRC location at (1405.520um, 1130.880um) and size 10.000um, is not located on a power stripe. Moving to closest stripe at (1404.000um, 1114.480um).
[WARNING PSM-0030] VSRC location at (2245.520um, 1130.880um) and size 10.000um, is not located on a power stripe. Moving to closest stripe at (2246.400um, 1114.480um).
[WARNING PSM-0030] VSRC location at (5.520um, 1270.880um) and size 10.000um, is not located on a power stripe. Moving to closest stripe at (5.400um, 1294.480um).
[WARNING PSM-0030] VSRC location at (845.520um, 1270.880um) and size 10.000um, is not located on a power stripe. Moving to closest stripe at (847.800um, 1294.480um).
[WARNING PSM-0030] VSRC location at (1685.520um, 1270.880um) and size 10.000um, is not located on a power stripe. Moving to closest stripe at (1684.800um, 1294.480um).
[WARNING PSM-0030] VSRC location at (2525.520um, 1270.880um) and size 10.000um, is not located on a power stripe. Moving to closest stripe at (2527.200um, 1294.480um).
[WARNING PSM-0030] VSRC location at (285.520um, 1410.880um) and size 10.000um, is not located on a power stripe. Moving to closest stripe at (286.200um, 1474.480um).
[WARNING PSM-0030] VSRC location at (1125.520um, 1410.880um) and size 10.000um, is not located on a power stripe. Moving to closest stripe at (1123.200um, 1474.480um).
[WARNING PSM-0030] VSRC location at (1965.520um, 1410.880um) and size 10.000um, is not located on a power stripe. Moving to closest stripe at (1965.600um, 1474.480um).
[WARNING PSM-0030] VSRC location at (2805.520um, 1410.880um) and size 10.000um, is not located on a power stripe. Moving to closest stripe at (2808.000um, 1474.480um).
[WARNING PSM-0030] VSRC location at (565.520um, 1550.880um) and size 10.000um, is not located on a power stripe. Moving to closest stripe at (567.000um, 1474.480um).
[WARNING PSM-0030] VSRC location at (1405.520um, 1550.880um) and size 10.000um, is not located on a power stripe. Moving to closest stripe at (1404.000um, 1474.480um).
[WARNING PSM-0030] VSRC location at (2245.520um, 1550.880um) and size 10.000um, is not located on a power stripe. Moving to closest stripe at (2246.400um, 1474.480um).
[WARNING PSM-0030] VSRC location at (5.520um, 1690.880um) and size 10.000um, is not located on a power stripe. Moving to closest stripe at (5.400um, 1654.480um).
[WARNING PSM-0030] VSRC location at (845.520um, 1690.880um) and size 10.000um, is not located on a power stripe. Moving to closest stripe at (847.800um, 1654.480um).
[WARNING PSM-0030] VSRC location at (1685.520um, 1690.880um) and size 10.000um, is not located on a power stripe. Moving to closest stripe at (1684.800um, 1654.480um).
[WARNING PSM-0030] VSRC location at (2525.520um, 1690.880um) and size 10.000um, is not located on a power stripe. Moving to closest stripe at (2527.200um, 1654.480um).
[WARNING PSM-0030] VSRC location at (565.520um, 1970.880um) and size 10.000um, is not located on a power stripe. Moving to closest stripe at (567.000um, 2014.480um).
[WARNING PSM-0030] VSRC location at (1405.520um, 1970.880um) and size 10.000um, is not located on a power stripe. Moving to closest stripe at (1404.000um, 2014.480um).
[WARNING PSM-0030] VSRC location at (2245.520um, 1970.880um) and size 10.000um, is not located on a power stripe. Moving to closest stripe at (2246.400um, 2014.480um).
[WARNING PSM-0030] VSRC location at (5.520um, 2110.880um) and size 10.000um, is not located on a power stripe. Moving to closest stripe at (5.400um, 2194.480um).
[WARNING PSM-0030] VSRC location at (845.520um, 2110.880um) and size 10.000um, is not located on a power stripe. Moving to closest stripe at (847.800um, 2194.480um).
[WARNING PSM-0030] VSRC location at (1685.520um, 2110.880um) and size 10.000um, is not located on a power stripe. Moving to closest stripe at (1684.800um, 2194.480um).
[WARNING PSM-0030] VSRC location at (2525.520um, 2110.880um) and size 10.000um, is not located on a power stripe. Moving to closest stripe at (2527.200um, 2194.480um).
[WARNING PSM-0030] VSRC location at (285.520um, 2250.880um) and size 10.000um, is not located on a power stripe. Moving to closest stripe at (286.200um, 2194.480um).
[WARNING PSM-0030] VSRC location at (1125.520um, 2250.880um) and size 10.000um, is not located on a power stripe. Moving to closest stripe at (1123.200um, 2194.480um).
[WARNING PSM-0030] VSRC location at (1965.520um, 2250.880um) and size 10.000um, is not located on a power stripe. Moving to closest stripe at (1965.600um, 2194.480um).
[WARNING PSM-0030] VSRC location at (2805.520um, 2250.880um) and size 10.000um, is not located on a power stripe. Moving to closest stripe at (2808.000um, 2194.480um).
[WARNING PSM-0030] VSRC location at (565.520um, 2390.880um) and size 10.000um, is not located on a power stripe. Moving to closest stripe at (567.000um, 2374.480um).
[WARNING PSM-0030] VSRC location at (1405.520um, 2390.880um) and size 10.000um, is not located on a power stripe. Moving to closest stripe at (1404.000um, 2374.480um).
[WARNING PSM-0030] VSRC location at (2245.520um, 2390.880um) and size 10.000um, is not located on a power stripe. Moving to closest stripe at (2246.400um, 2374.480um).
[WARNING PSM-0030] VSRC location at (5.520um, 2530.880um) and size 10.000um, is not located on a power stripe. Moving to closest stripe at (5.400um, 2554.480um).
[WARNING PSM-0030] VSRC location at (845.520um, 2530.880um) and size 10.000um, is not located on a power stripe. Moving to closest stripe at (847.800um, 2554.480um).
[WARNING PSM-0030] VSRC location at (1685.520um, 2530.880um) and size 10.000um, is not located on a power stripe. Moving to closest stripe at (1684.800um, 2554.480um).
[WARNING PSM-0030] VSRC location at (2525.520um, 2530.880um) and size 10.000um, is not located on a power stripe. Moving to closest stripe at (2527.200um, 2554.480um).
[WARNING PSM-0030] VSRC location at (285.520um, 2670.880um) and size 10.000um, is not located on a power stripe. Moving to closest stripe at (286.200um, 2734.480um).
[WARNING PSM-0030] VSRC location at (1125.520um, 2670.880um) and size 10.000um, is not located on a power stripe. Moving to closest stripe at (1123.200um, 2734.480um).
[WARNING PSM-0030] VSRC location at (1965.520um, 2670.880um) and size 10.000um, is not located on a power stripe. Moving to closest stripe at (1965.600um, 2734.480um).
[WARNING PSM-0030] VSRC location at (2805.520um, 2670.880um) and size 10.000um, is not located on a power stripe. Moving to closest stripe at (2808.000um, 2734.480um).
[WARNING PSM-0030] VSRC location at (565.520um, 2810.880um) and size 10.000um, is not located on a power stripe. Moving to closest stripe at (567.000um, 2734.480um).
[WARNING PSM-0030] VSRC location at (1405.520um, 2810.880um) and size 10.000um, is not located on a power stripe. Moving to closest stripe at (1404.000um, 2734.480um).
[WARNING PSM-0030] VSRC location at (2245.520um, 2810.880um) and size 10.000um, is not located on a power stripe. Moving to closest stripe at (2246.400um, 2734.480um).
[WARNING PSM-0030] VSRC location at (5.520um, 2950.880um) and size 10.000um, is not located on a power stripe. Moving to closest stripe at (5.400um, 2914.480um).
[WARNING PSM-0030] VSRC location at (845.520um, 2950.880um) and size 10.000um, is not located on a power stripe. Moving to closest stripe at (847.800um, 2914.480um).
[WARNING PSM-0030] VSRC location at (1685.520um, 2950.880um) and size 10.000um, is not located on a power stripe. Moving to closest stripe at (1684.800um, 2914.480um).
[WARNING PSM-0030] VSRC location at (2525.520um, 2950.880um) and size 10.000um, is not located on a power stripe. Moving to closest stripe at (2527.200um, 2914.480um).
[WARNING PSM-0030] VSRC location at (565.520um, 3230.880um) and size 10.000um, is not located on a power stripe. Moving to closest stripe at (567.000um, 3274.480um).
[WARNING PSM-0030] VSRC location at (1405.520um, 3230.880um) and size 10.000um, is not located on a power stripe. Moving to closest stripe at (1404.000um, 3274.480um).
[WARNING PSM-0030] VSRC location at (2245.520um, 3230.880um) and size 10.000um, is not located on a power stripe. Moving to closest stripe at (2246.400um, 3274.480um).
[INFO PSM-0031] Number of PDN nodes on net vccd2 = 12139.
[WARNING PSM-0032] Node at (2937600, 1759840) and layer 5 moved from (2937700, 3532400).
[WARNING PSM-0032] Node at (2910600, 1759840) and layer 5 moved from (2909120, 3532400).
[WARNING PSM-0032] Node at (2727000, 1759840) and layer 5 moved from (2729120, 3532400).
[WARNING PSM-0032] Node at (2548800, 1759840) and layer 5 moved from (2549120, 3532400).
[WARNING PSM-0032] Node at (2370600, 3244375) and layer 5 moved from (2369120, 3532400).
[WARNING PSM-0032] Node at (2187000, 3244375) and layer 5 moved from (2189120, 3532400).
[WARNING PSM-0032] Node at (2008800, 3244375) and layer 5 moved from (2009120, 3532400).
[WARNING PSM-0032] Node at (1830600, 3244375) and layer 5 moved from (1829120, 3532400).
[WARNING PSM-0032] Node at (1647000, 3244375) and layer 5 moved from (1649120, 3532400).
[WARNING PSM-0032] Node at (1468800, 3244375) and layer 5 moved from (1469120, 3532400).
[WARNING PSM-0032] Node at (1290600, 3244375) and layer 5 moved from (1289120, 3532400).
[WARNING PSM-0032] Node at (1285200, 3244375) and layer 5 moved from (1109120, 3532400).
[WARNING PSM-0032] Node at (928800, 1759840) and layer 5 moved from (929120, 3532400).
[WARNING PSM-0032] Node at (750600, 1759840) and layer 5 moved from (749120, 3532400).
[WARNING PSM-0032] Node at (567000, 1759840) and layer 5 moved from (569120, 3532400).
[WARNING PSM-0032] Node at (388800, 1759840) and layer 5 moved from (389120, 3532400).
[WARNING PSM-0032] Node at (210600, 1759840) and layer 5 moved from (209120, 3532400).
[WARNING PSM-0032] Node at (27000, 1759840) and layer 5 moved from (29120, 3532400).
[WARNING PSM-0032] Node at (-16200, 1759840) and layer 5 moved from (-18080, 3532400).
[WARNING PSM-0032] Node at (2937600, 1759840) and layer 5 moved from (2937700, 3454480).
[WARNING PSM-0032] Node at (2910600, 1759840) and layer 5 moved from (2909120, 3454480).
[WARNING PSM-0032] Node at (2727000, 1759840) and layer 5 moved from (2729120, 3454480).
[WARNING PSM-0032] Node at (2548800, 1759840) and layer 5 moved from (2549120, 3454480).
[WARNING PSM-0032] Node at (2370600, 3244375) and layer 5 moved from (2369120, 3454480).
[WARNING PSM-0032] Node at (2187000, 3244375) and layer 5 moved from (2189120, 3454480).
[WARNING PSM-0032] Node at (2008800, 3244375) and layer 5 moved from (2009120, 3454480).
[WARNING PSM-0032] Node at (1830600, 3244375) and layer 5 moved from (1829120, 3454480).
[WARNING PSM-0032] Node at (1647000, 3244375) and layer 5 moved from (1649120, 3454480).
[WARNING PSM-0032] Node at (1468800, 3244375) and layer 5 moved from (1469120, 3454480).
[WARNING PSM-0032] Node at (1290600, 3244375) and layer 5 moved from (1289120, 3454480).
[WARNING PSM-0032] Node at (1285200, 3244375) and layer 5 moved from (1109120, 3454480).
[WARNING PSM-0032] Node at (928800, 1759840) and layer 5 moved from (929120, 3454480).
[WARNING PSM-0032] Node at (750600, 1759840) and layer 5 moved from (749120, 3454480).
[WARNING PSM-0032] Node at (567000, 1759840) and layer 5 moved from (569120, 3454480).
[WARNING PSM-0032] Node at (388800, 1759840) and layer 5 moved from (389120, 3454480).
[WARNING PSM-0032] Node at (210600, 1759840) and layer 5 moved from (209120, 3454480).
[WARNING PSM-0032] Node at (27000, 1759840) and layer 5 moved from (29120, 3454480).
[WARNING PSM-0032] Node at (-16200, 1759840) and layer 5 moved from (-18080, 3454480).
[WARNING PSM-0032] Node at (2937600, 1759840) and layer 5 moved from (2937700, 3274480).
[WARNING PSM-0032] Node at (2910600, 1759840) and layer 5 moved from (2909120, 3274480).
[WARNING PSM-0032] Node at (2727000, 1759840) and layer 5 moved from (2729120, 3274480).
[WARNING PSM-0032] Node at (2548800, 1759840) and layer 5 moved from (2549120, 3274480).
[WARNING PSM-0032] Node at (2370600, 3244375) and layer 5 moved from (2369120, 3274480).
[WARNING PSM-0032] Node at (2187000, 3244375) and layer 5 moved from (2189120, 3274480).
[WARNING PSM-0032] Node at (2008800, 3244375) and layer 5 moved from (2009120, 3274480).
[WARNING PSM-0032] Node at (1830600, 3244375) and layer 5 moved from (1829120, 3274480).
[WARNING PSM-0032] Node at (1647000, 3244375) and layer 5 moved from (1649120, 3274480).
[WARNING PSM-0032] Node at (1468800, 3244375) and layer 5 moved from (1469120, 3274480).
[WARNING PSM-0032] Node at (1290600, 3244375) and layer 5 moved from (1289120, 3274480).
[WARNING PSM-0032] Node at (1285200, 3244375) and layer 5 moved from (1109120, 3274480).
[WARNING PSM-0032] Node at (928800, 1759840) and layer 5 moved from (929120, 3274480).
[WARNING PSM-0032] Node at (750600, 1759840) and layer 5 moved from (749120, 3274480).
[WARNING PSM-0032] Node at (567000, 1759840) and layer 5 moved from (569120, 3274480).
[WARNING PSM-0032] Node at (388800, 1759840) and layer 5 moved from (389120, 3274480).
[WARNING PSM-0032] Node at (210600, 1759840) and layer 5 moved from (209120, 3274480).
[WARNING PSM-0032] Node at (27000, 1759840) and layer 5 moved from (29120, 3274480).
[WARNING PSM-0032] Node at (-16200, 1759840) and layer 5 moved from (-18080, 3274480).
[WARNING PSM-0032] Node at (2937600, 1759840) and layer 5 moved from (2937700, 3094480).
[WARNING PSM-0032] Node at (2910600, 1759840) and layer 5 moved from (2909120, 3094480).
[WARNING PSM-0032] Node at (2727000, 1759840) and layer 5 moved from (2729120, 3094480).
[WARNING PSM-0032] Node at (2548800, 1759840) and layer 5 moved from (2549120, 3094480).
[WARNING PSM-0032] Node at (2370600, 3244375) and layer 5 moved from (2369120, 3094480).
[WARNING PSM-0032] Node at (2187000, 3244375) and layer 5 moved from (2189120, 3094480).
[WARNING PSM-0032] Node at (2008800, 3244375) and layer 5 moved from (2009120, 3094480).
[WARNING PSM-0032] Node at (1830600, 3244375) and layer 5 moved from (1829120, 3094480).
[WARNING PSM-0032] Node at (1647000, 3244375) and layer 5 moved from (1649120, 3094480).
[WARNING PSM-0032] Node at (1468800, 3244375) and layer 5 moved from (1469120, 3094480).
[WARNING PSM-0032] Node at (1290600, 3244375) and layer 5 moved from (1289120, 3094480).
[WARNING PSM-0032] Node at (1285200, 3244375) and layer 5 moved from (1109120, 3094480).
[WARNING PSM-0032] Node at (928800, 1759840) and layer 5 moved from (929120, 3094480).
[WARNING PSM-0032] Node at (750600, 1759840) and layer 5 moved from (749120, 3094480).
[WARNING PSM-0032] Node at (567000, 1759840) and layer 5 moved from (569120, 3094480).
[WARNING PSM-0032] Node at (388800, 1759840) and layer 5 moved from (389120, 3094480).
[WARNING PSM-0032] Node at (210600, 1759840) and layer 5 moved from (209120, 3094480).
[WARNING PSM-0032] Node at (27000, 1759840) and layer 5 moved from (29120, 3094480).
[WARNING PSM-0032] Node at (-16200, 1759840) and layer 5 moved from (-18080, 3094480).
[WARNING PSM-0032] Node at (2937600, 1759840) and layer 5 moved from (2937700, 2914480).
[WARNING PSM-0032] Node at (2910600, 1759840) and layer 5 moved from (2909120, 2914480).
[WARNING PSM-0032] Node at (2727000, 1759840) and layer 5 moved from (2729120, 2914480).
[WARNING PSM-0032] Node at (2548800, 1759840) and layer 5 moved from (2549120, 2914480).
[WARNING PSM-0032] Node at (1285200, 3244375) and layer 5 moved from (1109120, 2914480).
[WARNING PSM-0032] Node at (928800, 1759840) and layer 5 moved from (929120, 2914480).
[WARNING PSM-0032] Node at (750600, 1759840) and layer 5 moved from (749120, 2914480).
[WARNING PSM-0032] Node at (567000, 1759840) and layer 5 moved from (569120, 2914480).
[WARNING PSM-0032] Node at (388800, 1759840) and layer 5 moved from (389120, 2914480).
[WARNING PSM-0032] Node at (210600, 1759840) and layer 5 moved from (209120, 2914480).
[WARNING PSM-0032] Node at (27000, 1759840) and layer 5 moved from (29120, 2914480).
[WARNING PSM-0032] Node at (-16200, 1759840) and layer 5 moved from (-18080, 2914480).
[WARNING PSM-0032] Node at (2937600, 1759840) and layer 5 moved from (2937700, 2734480).
[WARNING PSM-0032] Node at (2910600, 1759840) and layer 5 moved from (2909120, 2734480).
[WARNING PSM-0032] Node at (2727000, 1759840) and layer 5 moved from (2729120, 2734480).
[WARNING PSM-0032] Node at (2548800, 1759840) and layer 5 moved from (2549120, 2734480).
[WARNING PSM-0032] Node at (1285200, 3244375) and layer 5 moved from (1109120, 2734480).
[WARNING PSM-0032] Node at (928800, 1759840) and layer 5 moved from (929120, 2734480).
[WARNING PSM-0032] Node at (750600, 1759840) and layer 5 moved from (749120, 2734480).
[WARNING PSM-0032] Node at (567000, 1759840) and layer 5 moved from (569120, 2734480).
[WARNING PSM-0032] Node at (388800, 1759840) and layer 5 moved from (389120, 2734480).
[WARNING PSM-0032] Node at (210600, 1759840) and layer 5 moved from (209120, 2734480).
[WARNING PSM-0032] Node at (27000, 1759840) and layer 5 moved from (29120, 2734480).
[WARNING PSM-0032] Node at (-16200, 1759840) and layer 5 moved from (-18080, 2734480).
[WARNING PSM-0032] Node at (2937600, 1759840) and layer 5 moved from (2937700, 2554480).
[WARNING PSM-0032] Node at (2910600, 1759840) and layer 5 moved from (2909120, 2554480).
[WARNING PSM-0032] Node at (2727000, 1759840) and layer 5 moved from (2729120, 2554480).
[WARNING PSM-0032] Node at (2548800, 1759840) and layer 5 moved from (2549120, 2554480).
[WARNING PSM-0032] Node at (1107000, 1759840) and layer 5 moved from (1109120, 2554480).
[WARNING PSM-0032] Node at (928800, 1759840) and layer 5 moved from (929120, 2554480).
[WARNING PSM-0032] Node at (750600, 1759840) and layer 5 moved from (749120, 2554480).
[WARNING PSM-0032] Node at (567000, 1759840) and layer 5 moved from (569120, 2554480).
[WARNING PSM-0032] Node at (388800, 1759840) and layer 5 moved from (389120, 2554480).
[WARNING PSM-0032] Node at (210600, 1759840) and layer 5 moved from (209120, 2554480).
[WARNING PSM-0032] Node at (27000, 1759840) and layer 5 moved from (29120, 2554480).
[WARNING PSM-0032] Node at (-16200, 1759840) and layer 5 moved from (-18080, 2554480).
[WARNING PSM-0032] Node at (2937600, 1759840) and layer 5 moved from (2937700, 2374480).
[WARNING PSM-0032] Node at (2910600, 1759840) and layer 5 moved from (2909120, 2374480).
[WARNING PSM-0032] Node at (2727000, 1759840) and layer 5 moved from (2729120, 2374480).
[WARNING PSM-0032] Node at (2548800, 1759840) and layer 5 moved from (2549120, 2374480).
[WARNING PSM-0032] Node at (1107000, 1759840) and layer 5 moved from (1109120, 2374480).
[WARNING PSM-0032] Node at (928800, 1759840) and layer 5 moved from (929120, 2374480).
[WARNING PSM-0032] Node at (750600, 1759840) and layer 5 moved from (749120, 2374480).
[WARNING PSM-0032] Node at (567000, 1759840) and layer 5 moved from (569120, 2374480).
[WARNING PSM-0032] Node at (388800, 1759840) and layer 5 moved from (389120, 2374480).
[WARNING PSM-0032] Node at (210600, 1759840) and layer 5 moved from (209120, 2374480).
[WARNING PSM-0032] Node at (27000, 1759840) and layer 5 moved from (29120, 2374480).
[WARNING PSM-0032] Node at (-16200, 1759840) and layer 5 moved from (-18080, 2374480).
[WARNING PSM-0032] Node at (2937600, 1759840) and layer 5 moved from (2937700, 2194480).
[WARNING PSM-0032] Node at (2910600, 1759840) and layer 5 moved from (2909120, 2194480).
[WARNING PSM-0032] Node at (2727000, 1759840) and layer 5 moved from (2729120, 2194480).
[WARNING PSM-0032] Node at (2548800, 1759840) and layer 5 moved from (2549120, 2194480).
[WARNING PSM-0032] Node at (1107000, 1759840) and layer 5 moved from (1109120, 2194480).
[WARNING PSM-0032] Node at (928800, 1759840) and layer 5 moved from (929120, 2194480).
[WARNING PSM-0032] Node at (750600, 1759840) and layer 5 moved from (749120, 2194480).
[WARNING PSM-0032] Node at (567000, 1759840) and layer 5 moved from (569120, 2194480).
[WARNING PSM-0032] Node at (388800, 1759840) and layer 5 moved from (389120, 2194480).
[WARNING PSM-0032] Node at (210600, 1759840) and layer 5 moved from (209120, 2194480).
[WARNING PSM-0032] Node at (27000, 1759840) and layer 5 moved from (29120, 2194480).
[WARNING PSM-0032] Node at (-16200, 1759840) and layer 5 moved from (-18080, 2194480).
[WARNING PSM-0032] Node at (2937600, 1759840) and layer 5 moved from (2937700, 2014480).
[WARNING PSM-0032] Node at (2910600, 1759840) and layer 5 moved from (2909120, 2014480).
[WARNING PSM-0032] Node at (2727000, 1759840) and layer 5 moved from (2729120, 2014480).
[WARNING PSM-0032] Node at (2548800, 1759840) and layer 5 moved from (2549120, 2014480).
[WARNING PSM-0032] Node at (1107000, 1759840) and layer 5 moved from (1109120, 2014480).
[WARNING PSM-0032] Node at (928800, 1759840) and layer 5 moved from (929120, 2014480).
[WARNING PSM-0032] Node at (750600, 1759840) and layer 5 moved from (749120, 2014480).
[WARNING PSM-0032] Node at (567000, 1759840) and layer 5 moved from (569120, 2014480).
[WARNING PSM-0032] Node at (388800, 1759840) and layer 5 moved from (389120, 2014480).
[WARNING PSM-0032] Node at (210600, 1759840) and layer 5 moved from (209120, 2014480).
[WARNING PSM-0032] Node at (27000, 1759840) and layer 5 moved from (29120, 2014480).
[WARNING PSM-0032] Node at (-16200, 1759840) and layer 5 moved from (-18080, 2014480).
[WARNING PSM-0032] Node at (2937600, 1759840) and layer 5 moved from (2937700, 1834480).
[WARNING PSM-0032] Node at (2910600, 1759840) and layer 5 moved from (2909120, 1834480).
[WARNING PSM-0032] Node at (2727000, 1759840) and layer 5 moved from (2729120, 1834480).
[WARNING PSM-0032] Node at (2548800, 1759840) and layer 5 moved from (2549120, 1834480).
[WARNING PSM-0032] Node at (1107000, 1759840) and layer 5 moved from (1109120, 1834480).
[WARNING PSM-0032] Node at (928800, 1759840) and layer 5 moved from (929120, 1834480).
[WARNING PSM-0032] Node at (750600, 1759840) and layer 5 moved from (749120, 1834480).
[WARNING PSM-0032] Node at (567000, 1759840) and layer 5 moved from (569120, 1834480).
[WARNING PSM-0032] Node at (388800, 1759840) and layer 5 moved from (389120, 1834480).
[WARNING PSM-0032] Node at (210600, 1759840) and layer 5 moved from (209120, 1834480).
[WARNING PSM-0032] Node at (27000, 1759840) and layer 5 moved from (29120, 1834480).
[WARNING PSM-0032] Node at (-16200, 1759840) and layer 5 moved from (-18080, 1834480).
[WARNING PSM-0032] Node at (2937600, 1759840) and layer 5 moved from (2937700, 1654480).
[WARNING PSM-0032] Node at (2910600, 1759840) and layer 5 moved from (2909120, 1654480).
[WARNING PSM-0032] Node at (2727000, 1759840) and layer 5 moved from (2729120, 1654480).
[WARNING PSM-0032] Node at (2548800, 1759840) and layer 5 moved from (2549120, 1654480).
[WARNING PSM-0032] Node at (2370600, 830465) and layer 5 moved from (2369120, 1654480).
[WARNING PSM-0032] Node at (2187000, 830465) and layer 5 moved from (2189120, 1654480).
[WARNING PSM-0032] Node at (2008800, 830465) and layer 5 moved from (2009120, 1654480).
[WARNING PSM-0032] Node at (1830600, 830465) and layer 5 moved from (1829120, 1654480).
[WARNING PSM-0032] Node at (1647000, 830465) and layer 5 moved from (1649120, 1654480).
[WARNING PSM-0032] Node at (1468800, 830465) and layer 5 moved from (1469120, 1654480).
[WARNING PSM-0032] Node at (1290600, 830465) and layer 5 moved from (1289120, 1654480).
[WARNING PSM-0032] Node at (1107000, 1759840) and layer 5 moved from (1109120, 1654480).
[WARNING PSM-0032] Node at (928800, 1759840) and layer 5 moved from (929120, 1654480).
[WARNING PSM-0032] Node at (750600, 1759840) and layer 5 moved from (749120, 1654480).
[WARNING PSM-0032] Node at (567000, 1759840) and layer 5 moved from (569120, 1654480).
[WARNING PSM-0032] Node at (388800, 1759840) and layer 5 moved from (389120, 1654480).
[WARNING PSM-0032] Node at (210600, 1759840) and layer 5 moved from (209120, 1654480).
[WARNING PSM-0032] Node at (27000, 1759840) and layer 5 moved from (29120, 1654480).
[WARNING PSM-0032] Node at (-16200, 1759840) and layer 5 moved from (-18080, 1654480).
[WARNING PSM-0032] Node at (2937600, 1759840) and layer 5 moved from (2937700, 1474480).
[WARNING PSM-0032] Node at (2910600, 1759840) and layer 5 moved from (2909120, 1474480).
[WARNING PSM-0032] Node at (2727000, 1759840) and layer 5 moved from (2729120, 1474480).
[WARNING PSM-0032] Node at (2548800, 1759840) and layer 5 moved from (2549120, 1474480).
[WARNING PSM-0032] Node at (2370600, 830465) and layer 5 moved from (2369120, 1474480).
[WARNING PSM-0032] Node at (2187000, 830465) and layer 5 moved from (2189120, 1474480).
[WARNING PSM-0032] Node at (2008800, 830465) and layer 5 moved from (2009120, 1474480).
[WARNING PSM-0032] Node at (1830600, 830465) and layer 5 moved from (1829120, 1474480).
[WARNING PSM-0032] Node at (1647000, 830465) and layer 5 moved from (1649120, 1474480).
[WARNING PSM-0032] Node at (1468800, 830465) and layer 5 moved from (1469120, 1474480).
[WARNING PSM-0032] Node at (1290600, 830465) and layer 5 moved from (1289120, 1474480).
[WARNING PSM-0032] Node at (1107000, 1759840) and layer 5 moved from (1109120, 1474480).
[WARNING PSM-0032] Node at (928800, 1759840) and layer 5 moved from (929120, 1474480).
[WARNING PSM-0032] Node at (750600, 1759840) and layer 5 moved from (749120, 1474480).
[WARNING PSM-0032] Node at (567000, 1759840) and layer 5 moved from (569120, 1474480).
[WARNING PSM-0032] Node at (388800, 1759840) and layer 5 moved from (389120, 1474480).
[WARNING PSM-0032] Node at (210600, 1759840) and layer 5 moved from (209120, 1474480).
[WARNING PSM-0032] Node at (27000, 1759840) and layer 5 moved from (29120, 1474480).
[WARNING PSM-0032] Node at (-16200, 1759840) and layer 5 moved from (-18080, 1474480).
[WARNING PSM-0032] Node at (2937600, 1759840) and layer 5 moved from (2937700, 1294480).
[WARNING PSM-0032] Node at (2910600, 1759840) and layer 5 moved from (2909120, 1294480).
[WARNING PSM-0032] Node at (2727000, 1759840) and layer 5 moved from (2729120, 1294480).
[WARNING PSM-0032] Node at (2548800, 1759840) and layer 5 moved from (2549120, 1294480).
[WARNING PSM-0032] Node at (2370600, 830465) and layer 5 moved from (2369120, 1294480).
[WARNING PSM-0032] Node at (2187000, 830465) and layer 5 moved from (2189120, 1294480).
[WARNING PSM-0032] Node at (2008800, 830465) and layer 5 moved from (2009120, 1294480).
[WARNING PSM-0032] Node at (1830600, 830465) and layer 5 moved from (1829120, 1294480).
[WARNING PSM-0032] Node at (1647000, 830465) and layer 5 moved from (1649120, 1294480).
[WARNING PSM-0032] Node at (1468800, 830465) and layer 5 moved from (1469120, 1294480).
[WARNING PSM-0032] Node at (1290600, 830465) and layer 5 moved from (1289120, 1294480).
[WARNING PSM-0032] Node at (1107000, 1759840) and layer 5 moved from (1109120, 1294480).
[WARNING PSM-0032] Node at (928800, 1759840) and layer 5 moved from (929120, 1294480).
[WARNING PSM-0032] Node at (750600, 1759840) and layer 5 moved from (749120, 1294480).
[WARNING PSM-0032] Node at (567000, 1759840) and layer 5 moved from (569120, 1294480).
[WARNING PSM-0032] Node at (388800, 1759840) and layer 5 moved from (389120, 1294480).
[WARNING PSM-0032] Node at (210600, 1759840) and layer 5 moved from (209120, 1294480).
[WARNING PSM-0032] Node at (27000, 1759840) and layer 5 moved from (29120, 1294480).
[WARNING PSM-0032] Node at (-16200, 1759840) and layer 5 moved from (-18080, 1294480).
[WARNING PSM-0032] Node at (2937600, 1759840) and layer 5 moved from (2937700, 1114480).
[WARNING PSM-0032] Node at (2910600, 1759840) and layer 5 moved from (2909120, 1114480).
[WARNING PSM-0032] Node at (2727000, 1759840) and layer 5 moved from (2729120, 1114480).
[WARNING PSM-0032] Node at (2548800, 1759840) and layer 5 moved from (2549120, 1114480).
[WARNING PSM-0032] Node at (2370600, 830465) and layer 5 moved from (2369120, 1114480).
[WARNING PSM-0032] Node at (2187000, 830465) and layer 5 moved from (2189120, 1114480).
[WARNING PSM-0032] Node at (2008800, 830465) and layer 5 moved from (2009120, 1114480).
[WARNING PSM-0032] Node at (1830600, 830465) and layer 5 moved from (1829120, 1114480).
[WARNING PSM-0032] Node at (1647000, 830465) and layer 5 moved from (1649120, 1114480).
[WARNING PSM-0032] Node at (1468800, 830465) and layer 5 moved from (1469120, 1114480).
[WARNING PSM-0032] Node at (1290600, 830465) and layer 5 moved from (1289120, 1114480).
[WARNING PSM-0032] Node at (1285200, 830465) and layer 5 moved from (1109120, 1114480).
[WARNING PSM-0032] Node at (928800, 1759840) and layer 5 moved from (929120, 1114480).
[WARNING PSM-0032] Node at (750600, 1759840) and layer 5 moved from (749120, 1114480).
[WARNING PSM-0032] Node at (567000, 1759840) and layer 5 moved from (569120, 1114480).
[WARNING PSM-0032] Node at (388800, 1759840) and layer 5 moved from (389120, 1114480).
[WARNING PSM-0032] Node at (210600, 1759840) and layer 5 moved from (209120, 1114480).
[WARNING PSM-0032] Node at (27000, 1759840) and layer 5 moved from (29120, 1114480).
[WARNING PSM-0032] Node at (-16200, 1759840) and layer 5 moved from (-18080, 1114480).
[WARNING PSM-0032] Node at (2937600, 1759840) and layer 5 moved from (2937700, 934480).
[WARNING PSM-0032] Node at (2910600, 1759840) and layer 5 moved from (2909120, 934480).
[WARNING PSM-0032] Node at (2727000, 1759840) and layer 5 moved from (2729120, 934480).
[WARNING PSM-0032] Node at (2548800, 1759840) and layer 5 moved from (2549120, 934480).
[WARNING PSM-0032] Node at (2370600, 830465) and layer 5 moved from (2369120, 934480).
[WARNING PSM-0032] Node at (2187000, 830465) and layer 5 moved from (2189120, 934480).
[WARNING PSM-0032] Node at (2008800, 830465) and layer 5 moved from (2009120, 934480).
[WARNING PSM-0032] Node at (1830600, 830465) and layer 5 moved from (1829120, 934480).
[WARNING PSM-0032] Node at (1647000, 830465) and layer 5 moved from (1649120, 934480).
[WARNING PSM-0032] Node at (1468800, 830465) and layer 5 moved from (1469120, 934480).
[WARNING PSM-0032] Node at (1290600, 830465) and layer 5 moved from (1289120, 934480).
[WARNING PSM-0032] Node at (1285200, 830465) and layer 5 moved from (1109120, 934480).
[WARNING PSM-0032] Node at (928800, 1759840) and layer 5 moved from (929120, 934480).
[WARNING PSM-0032] Node at (750600, 1759840) and layer 5 moved from (749120, 934480).
[WARNING PSM-0032] Node at (567000, 1759840) and layer 5 moved from (569120, 934480).
[WARNING PSM-0032] Node at (388800, 1759840) and layer 5 moved from (389120, 934480).
[WARNING PSM-0032] Node at (210600, 1759840) and layer 5 moved from (209120, 934480).
[WARNING PSM-0032] Node at (27000, 1759840) and layer 5 moved from (29120, 934480).
[WARNING PSM-0032] Node at (-16200, 1759840) and layer 5 moved from (-18080, 934480).
[WARNING PSM-0032] Node at (2937600, 1759840) and layer 5 moved from (2937700, 754480).
[WARNING PSM-0032] Node at (2910600, 1759840) and layer 5 moved from (2909120, 754480).
[WARNING PSM-0032] Node at (2727000, 1759840) and layer 5 moved from (2729120, 754480).
[WARNING PSM-0032] Node at (2548800, 1759840) and layer 5 moved from (2549120, 754480).
[WARNING PSM-0032] Node at (2370600, 830465) and layer 5 moved from (2369120, 754480).
[WARNING PSM-0032] Node at (2187000, 830465) and layer 5 moved from (2189120, 754480).
[WARNING PSM-0032] Node at (2008800, 830465) and layer 5 moved from (2009120, 754480).
[WARNING PSM-0032] Node at (1830600, 830465) and layer 5 moved from (1829120, 754480).
[WARNING PSM-0032] Node at (1647000, 830465) and layer 5 moved from (1649120, 754480).
[WARNING PSM-0032] Node at (1468800, 830465) and layer 5 moved from (1469120, 754480).
[WARNING PSM-0032] Node at (1290600, 830465) and layer 5 moved from (1289120, 754480).
[WARNING PSM-0032] Node at (1285200, 830465) and layer 5 moved from (1109120, 754480).
[WARNING PSM-0032] Node at (928800, 1759840) and layer 5 moved from (929120, 754480).
[WARNING PSM-0032] Node at (750600, 1759840) and layer 5 moved from (749120, 754480).
[WARNING PSM-0032] Node at (567000, 1759840) and layer 5 moved from (569120, 754480).
[WARNING PSM-0032] Node at (388800, 1759840) and layer 5 moved from (389120, 754480).
[WARNING PSM-0032] Node at (210600, 1759840) and layer 5 moved from (209120, 754480).
[WARNING PSM-0032] Node at (27000, 1759840) and layer 5 moved from (29120, 754480).
[WARNING PSM-0032] Node at (-16200, 1759840) and layer 5 moved from (-18080, 754480).
[WARNING PSM-0032] Node at (2937600, 1759840) and layer 5 moved from (2937700, 574480).
[WARNING PSM-0032] Node at (2910600, 1759840) and layer 5 moved from (2909120, 574480).
[WARNING PSM-0032] Node at (2727000, 1759840) and layer 5 moved from (2729120, 574480).
[WARNING PSM-0032] Node at (2548800, 1759840) and layer 5 moved from (2549120, 574480).
[WARNING PSM-0032] Node at (2370600, 830465) and layer 5 moved from (2369120, 574480).
[WARNING PSM-0032] Node at (2187000, 830465) and layer 5 moved from (2189120, 574480).
[WARNING PSM-0032] Node at (2008800, 830465) and layer 5 moved from (2009120, 574480).
[WARNING PSM-0032] Node at (1830600, 830465) and layer 5 moved from (1829120, 574480).
[WARNING PSM-0032] Node at (1647000, 830465) and layer 5 moved from (1649120, 574480).
[WARNING PSM-0032] Node at (1468800, 830465) and layer 5 moved from (1469120, 574480).
[WARNING PSM-0032] Node at (1290600, 830465) and layer 5 moved from (1289120, 574480).
[WARNING PSM-0032] Node at (1285200, 830465) and layer 5 moved from (1109120, 574480).
[WARNING PSM-0032] Node at (928800, 1759840) and layer 5 moved from (929120, 574480).
[WARNING PSM-0032] Node at (750600, 1759840) and layer 5 moved from (749120, 574480).
[WARNING PSM-0032] Node at (567000, 1759840) and layer 5 moved from (569120, 574480).
[WARNING PSM-0032] Node at (388800, 1759840) and layer 5 moved from (389120, 574480).
[WARNING PSM-0032] Node at (210600, 1759840) and layer 5 moved from (209120, 574480).
[WARNING PSM-0032] Node at (27000, 1759840) and layer 5 moved from (29120, 574480).
[WARNING PSM-0032] Node at (-16200, 1759840) and layer 5 moved from (-18080, 574480).
[WARNING PSM-0032] Node at (2937600, 1759840) and layer 5 moved from (2937700, 394480).
[WARNING PSM-0032] Node at (2910600, 1759840) and layer 5 moved from (2909120, 394480).
[WARNING PSM-0032] Node at (2727000, 1759840) and layer 5 moved from (2729120, 394480).
[WARNING PSM-0032] Node at (2548800, 1759840) and layer 5 moved from (2549120, 394480).
[WARNING PSM-0032] Node at (2370600, 830465) and layer 5 moved from (2369120, 394480).
[WARNING PSM-0032] Node at (2187000, 830465) and layer 5 moved from (2189120, 394480).
[WARNING PSM-0032] Node at (2008800, 830465) and layer 5 moved from (2009120, 394480).
[WARNING PSM-0032] Node at (1830600, 830465) and layer 5 moved from (1829120, 394480).
[WARNING PSM-0032] Node at (1647000, 830465) and layer 5 moved from (1649120, 394480).
[WARNING PSM-0032] Node at (1468800, 830465) and layer 5 moved from (1469120, 394480).
[WARNING PSM-0032] Node at (1290600, 830465) and layer 5 moved from (1289120, 394480).
[WARNING PSM-0032] Node at (1285200, 830465) and layer 5 moved from (1109120, 394480).
[WARNING PSM-0032] Node at (928800, 1759840) and layer 5 moved from (929120, 394480).
[WARNING PSM-0032] Node at (750600, 1759840) and layer 5 moved from (749120, 394480).
[WARNING PSM-0032] Node at (567000, 1759840) and layer 5 moved from (569120, 394480).
[WARNING PSM-0032] Node at (388800, 1759840) and layer 5 moved from (389120, 394480).
[WARNING PSM-0032] Node at (210600, 1759840) and layer 5 moved from (209120, 394480).
[WARNING PSM-0032] Node at (27000, 1759840) and layer 5 moved from (29120, 394480).
[WARNING PSM-0032] Node at (-16200, 1759840) and layer 5 moved from (-18080, 394480).
[WARNING PSM-0032] Node at (2937600, 1759840) and layer 5 moved from (2937700, 214480).
[WARNING PSM-0032] Node at (2910600, 1759840) and layer 5 moved from (2909120, 214480).
[WARNING PSM-0032] Node at (2727000, 1759840) and layer 5 moved from (2729120, 214480).
[WARNING PSM-0032] Node at (2548800, 1759840) and layer 5 moved from (2549120, 214480).
[WARNING PSM-0032] Node at (2370600, 830465) and layer 5 moved from (2369120, 214480).
[WARNING PSM-0032] Node at (2187000, 830465) and layer 5 moved from (2189120, 214480).
[WARNING PSM-0032] Node at (2008800, 830465) and layer 5 moved from (2009120, 214480).
[WARNING PSM-0032] Node at (1830600, 830465) and layer 5 moved from (1829120, 214480).
[WARNING PSM-0032] Node at (1647000, 830465) and layer 5 moved from (1649120, 214480).
[WARNING PSM-0032] Node at (1468800, 830465) and layer 5 moved from (1469120, 214480).
[WARNING PSM-0032] Node at (1290600, 830465) and layer 5 moved from (1289120, 214480).
[WARNING PSM-0032] Node at (1285200, 830465) and layer 5 moved from (1109120, 214480).
[WARNING PSM-0032] Node at (928800, 1759840) and layer 5 moved from (929120, 214480).
[WARNING PSM-0032] Node at (750600, 1759840) and layer 5 moved from (749120, 214480).
[WARNING PSM-0032] Node at (567000, 1759840) and layer 5 moved from (569120, 214480).
[WARNING PSM-0032] Node at (388800, 1759840) and layer 5 moved from (389120, 214480).
[WARNING PSM-0032] Node at (210600, 1759840) and layer 5 moved from (209120, 214480).
[WARNING PSM-0032] Node at (27000, 1759840) and layer 5 moved from (29120, 214480).
[WARNING PSM-0032] Node at (-16200, 1759840) and layer 5 moved from (-18080, 214480).
[WARNING PSM-0032] Node at (2937600, 1759840) and layer 5 moved from (2937700, 34480).
[WARNING PSM-0032] Node at (2910600, 1759840) and layer 5 moved from (2909120, 34480).
[WARNING PSM-0032] Node at (2727000, 1759840) and layer 5 moved from (2729120, 34480).
[WARNING PSM-0032] Node at (2548800, 1759840) and layer 5 moved from (2549120, 34480).
[WARNING PSM-0032] Node at (2370600, 830465) and layer 5 moved from (2369120, 34480).
[WARNING PSM-0032] Node at (2187000, 830465) and layer 5 moved from (2189120, 34480).
[WARNING PSM-0032] Node at (2008800, 830465) and layer 5 moved from (2009120, 34480).
[WARNING PSM-0032] Node at (1830600, 830465) and layer 5 moved from (1829120, 34480).
[WARNING PSM-0032] Node at (1647000, 830465) and layer 5 moved from (1649120, 34480).
[WARNING PSM-0032] Node at (1468800, 830465) and layer 5 moved from (1469120, 34480).
[WARNING PSM-0032] Node at (1290600, 830465) and layer 5 moved from (1289120, 34480).
[WARNING PSM-0032] Node at (1285200, 830465) and layer 5 moved from (1109120, 34480).
[WARNING PSM-0032] Node at (928800, 1759840) and layer 5 moved from (929120, 34480).
[WARNING PSM-0032] Node at (750600, 1759840) and layer 5 moved from (749120, 34480).
[WARNING PSM-0032] Node at (567000, 1759840) and layer 5 moved from (569120, 34480).
[WARNING PSM-0032] Node at (388800, 1759840) and layer 5 moved from (389120, 34480).
[WARNING PSM-0032] Node at (210600, 1759840) and layer 5 moved from (209120, 34480).
[WARNING PSM-0032] Node at (27000, 1759840) and layer 5 moved from (29120, 34480).
[WARNING PSM-0032] Node at (-16200, 1759840) and layer 5 moved from (-18080, 34480).
[WARNING PSM-0032] Node at (2937600, 1759840) and layer 5 moved from (2937700, -12720).
[WARNING PSM-0032] Node at (2910600, 1759840) and layer 5 moved from (2909120, -12720).
[WARNING PSM-0032] Node at (2727000, 1759840) and layer 5 moved from (2729120, -12720).
[WARNING PSM-0032] Node at (2548800, 1759840) and layer 5 moved from (2549120, -12720).
[WARNING PSM-0032] Node at (2370600, 830465) and layer 5 moved from (2369120, -12720).
[WARNING PSM-0032] Node at (2187000, 830465) and layer 5 moved from (2189120, -12720).
[WARNING PSM-0032] Node at (2008800, 830465) and layer 5 moved from (2009120, -12720).
[WARNING PSM-0032] Node at (1830600, 830465) and layer 5 moved from (1829120, -12720).
[WARNING PSM-0032] Node at (1647000, 830465) and layer 5 moved from (1649120, -12720).
[WARNING PSM-0032] Node at (1468800, 830465) and layer 5 moved from (1469120, -12720).
[WARNING PSM-0032] Node at (1290600, 830465) and layer 5 moved from (1289120, -12720).
[WARNING PSM-0032] Node at (1285200, 830465) and layer 5 moved from (1109120, -12720).
[WARNING PSM-0032] Node at (928800, 1759840) and layer 5 moved from (929120, -12720).
[WARNING PSM-0032] Node at (750600, 1759840) and layer 5 moved from (749120, -12720).
[WARNING PSM-0032] Node at (567000, 1759840) and layer 5 moved from (569120, -12720).
[WARNING PSM-0032] Node at (388800, 1759840) and layer 5 moved from (389120, -12720).
[WARNING PSM-0032] Node at (210600, 1759840) and layer 5 moved from (209120, -12720).
[WARNING PSM-0032] Node at (27000, 1759840) and layer 5 moved from (29120, -12720).
[WARNING PSM-0032] Node at (-16200, 1759840) and layer 5 moved from (-18080, -12720).
[INFO PSM-0064] Number of voltage sources = 88.
[INFO PSM-0040] All PDN stripes on net vccd2 are connected.
########## IR report #################
Worstcase voltage: 1.80e+00 V
Average IR drop  : 6.06e-14 V
Worstcase IR drop: 5.76e-12 V
######################################
