OpenROAD 8d53e9b018dec98fa63e907ddeb6c5406f035361 
This program is licensed under the BSD-3 license. See the LICENSE file for details.
Components of this program may be licensed under more restrictive licenses which must be honored.
[INFO ODB-0222] Reading LEF file: /home/fatihgulakar/638_proje/shooting_game_verilog/openlane/user_project_wrapper/runs/user_project_wrapper/tmp/merged_unpadded.lef
[INFO ODB-0223]     Created 13 technology layers
[INFO ODB-0224]     Created 25 technology vias
[INFO ODB-0225]     Created 442 library cells
[INFO ODB-0226] Finished LEF file:  /home/fatihgulakar/638_proje/shooting_game_verilog/openlane/user_project_wrapper/runs/user_project_wrapper/tmp/merged_unpadded.lef
[INFO ODB-0127] Reading DEF file: /home/fatihgulakar/638_proje/shooting_game_verilog/openlane/user_project_wrapper/runs/user_project_wrapper/tmp/floorplan/7-pdn.def
[INFO ODB-0128] Design: user_project_wrapper
[INFO ODB-0130]     Created 641 pins.
[INFO ODB-0131]     Created 1 components and 609 component-terminals.
[INFO ODB-0132]     Created 4 special nets and 0 connections.
[INFO ODB-0133]     Created 637 nets and 607 connections.
[INFO ODB-0134] Finished DEF file: /home/fatihgulakar/638_proje/shooting_game_verilog/openlane/user_project_wrapper/runs/user_project_wrapper/tmp/floorplan/7-pdn.def
[INFO PDN-0016] Power Delivery Network Generator: Generating PDN
  config: /openlane/scripts/openroad/pdn_cfg.tcl
[INFO PDN-0008] Design name is user_project_wrapper.
[INFO PDN-0009] Reading technology data.
[INFO PDN-0011] ****** INFO ******
Type: stdcell, stdcell_grid
    Core Rings
      Layer: met4  -  width: 3.100  spacing: 1.700  core_offset: 33.200 
      Layer: met5  -  width: 3.100  spacing: 1.700  core_offset: 33.200 
    Straps
      Layer: met4  -  width: 3.100  pitch: 180.000  offset: 42.200 
      Layer: met5  -  width: 3.100  pitch: 180.000  offset: 42.200 
    Connect: {met4 met5}
Type: macro, CORE_macro_grid_1 -grid_over_pg_pins
    Macro orientation: R0 R180 MX MY R90 R270 MXR90 MYR90
[INFO PDN-0012] **** END INFO ****
[INFO PDN-0013] Inserting stdcell grid - stdcell_grid.
[INFO PDN-0010] Inserting macro grid for 1 macros.
[INFO PDN-0034]   - grid CORE_macro_grid_1 for instance mprj
[INFO PDN-0015] Writing to database.
[INFO]: Setting RC values...
[INFO PSM-0002] Output voltage file is specified as: /home/fatihgulakar/638_proje/shooting_game_verilog/openlane/user_project_wrapper/runs/user_project_wrapper/tmp/floorplan/8-pdn.pga.rpt.
[WARNING PSM-0016] Voltage pad location (VSRC) file not specified, defaulting pad location to checkerboard pattern on core area.
[WARNING PSM-0017] X direction bump pitch is not specified, defaulting to 140um.
[WARNING PSM-0018] Y direction bump pitch is not specified, defaulting to 140um.
[WARNING PSM-0019] Voltage on net vdda1 is not explicitly set.
[WARNING PSM-0022] Using voltage 1.800V for VDD network.
[WARNING PSM-0065] VSRC location not specified, using default checkerboard pattern with one VDD every size bumps in x-direction and one in two bumps in the y-direction
[WARNING PSM-0030] VSRC location at (5.520um, 10.880um) and size 10.000um, is not located on a power stripe. Moving to closest stripe at (5.400um, -22.320um).
[WARNING PSM-0030] VSRC location at (845.520um, 10.880um) and size 10.000um, is not located on a power stripe. Moving to closest stripe at (847.800um, -22.320um).
[WARNING PSM-0030] VSRC location at (1685.520um, 10.880um) and size 10.000um, is not located on a power stripe. Moving to closest stripe at (1684.800um, -22.320um).
[WARNING PSM-0030] VSRC location at (2525.520um, 10.880um) and size 10.000um, is not located on a power stripe. Moving to closest stripe at (2527.200um, -22.320um).
[WARNING PSM-0030] VSRC location at (285.520um, 150.880um) and size 10.000um, is not located on a power stripe. Moving to closest stripe at (286.200um, 233.080um).
[WARNING PSM-0030] VSRC location at (1125.520um, 150.880um) and size 10.000um, is not located on a power stripe. Moving to closest stripe at (1123.200um, 233.080um).
[WARNING PSM-0030] VSRC location at (1965.520um, 150.880um) and size 10.000um, is not located on a power stripe. Moving to closest stripe at (1965.600um, 233.080um).
[WARNING PSM-0030] VSRC location at (2805.520um, 150.880um) and size 10.000um, is not located on a power stripe. Moving to closest stripe at (2808.000um, 233.080um).
[WARNING PSM-0030] VSRC location at (565.520um, 290.880um) and size 10.000um, is not located on a power stripe. Moving to closest stripe at (567.000um, 233.080um).
[WARNING PSM-0030] VSRC location at (1405.520um, 290.880um) and size 10.000um, is not located on a power stripe. Moving to closest stripe at (1404.000um, 233.080um).
[WARNING PSM-0030] VSRC location at (2245.520um, 290.880um) and size 10.000um, is not located on a power stripe. Moving to closest stripe at (2246.400um, 233.080um).
[WARNING PSM-0030] VSRC location at (5.520um, 430.880um) and size 10.000um, is not located on a power stripe. Moving to closest stripe at (5.400um, 413.080um).
[WARNING PSM-0030] VSRC location at (845.520um, 430.880um) and size 10.000um, is not located on a power stripe. Moving to closest stripe at (847.800um, 413.080um).
[WARNING PSM-0030] VSRC location at (1685.520um, 430.880um) and size 10.000um, is not located on a power stripe. Moving to closest stripe at (1684.800um, 413.080um).
[WARNING PSM-0030] VSRC location at (2525.520um, 430.880um) and size 10.000um, is not located on a power stripe. Moving to closest stripe at (2527.200um, 413.080um).
[WARNING PSM-0030] VSRC location at (285.520um, 570.880um) and size 10.000um, is not located on a power stripe. Moving to closest stripe at (286.200um, 593.080um).
[WARNING PSM-0030] VSRC location at (1125.520um, 570.880um) and size 10.000um, is not located on a power stripe. Moving to closest stripe at (1123.200um, 593.080um).
[WARNING PSM-0030] VSRC location at (1965.520um, 570.880um) and size 10.000um, is not located on a power stripe. Moving to closest stripe at (1965.600um, 593.080um).
[WARNING PSM-0030] VSRC location at (2805.520um, 570.880um) and size 10.000um, is not located on a power stripe. Moving to closest stripe at (2808.000um, 593.080um).
[WARNING PSM-0030] VSRC location at (565.520um, 710.880um) and size 10.000um, is not located on a power stripe. Moving to closest stripe at (567.000um, 773.080um).
[WARNING PSM-0030] VSRC location at (1405.520um, 710.880um) and size 10.000um, is not located on a power stripe. Moving to closest stripe at (1404.000um, 773.080um).
[WARNING PSM-0030] VSRC location at (2245.520um, 710.880um) and size 10.000um, is not located on a power stripe. Moving to closest stripe at (2246.400um, 773.080um).
[WARNING PSM-0030] VSRC location at (5.520um, 850.880um) and size 10.000um, is not located on a power stripe. Moving to closest stripe at (5.400um, 773.080um).
[WARNING PSM-0030] VSRC location at (845.520um, 850.880um) and size 10.000um, is not located on a power stripe. Moving to closest stripe at (847.800um, 773.080um).
[WARNING PSM-0030] VSRC location at (1685.520um, 850.880um) and size 10.000um, is not located on a power stripe. Moving to closest stripe at (1684.800um, 773.080um).
[WARNING PSM-0030] VSRC location at (2525.520um, 850.880um) and size 10.000um, is not located on a power stripe. Moving to closest stripe at (2527.200um, 773.080um).
[WARNING PSM-0030] VSRC location at (285.520um, 990.880um) and size 10.000um, is not located on a power stripe. Moving to closest stripe at (286.200um, 953.080um).
[WARNING PSM-0030] VSRC location at (1125.520um, 990.880um) and size 10.000um, is not located on a power stripe. Moving to closest stripe at (1123.200um, 953.080um).
[WARNING PSM-0030] VSRC location at (1965.520um, 990.880um) and size 10.000um, is not located on a power stripe. Moving to closest stripe at (1965.600um, 953.080um).
[WARNING PSM-0030] VSRC location at (2805.520um, 990.880um) and size 10.000um, is not located on a power stripe. Moving to closest stripe at (2808.000um, 953.080um).
[WARNING PSM-0030] VSRC location at (5.520um, 1270.880um) and size 10.000um, is not located on a power stripe. Moving to closest stripe at (5.400um, 1313.080um).
[WARNING PSM-0030] VSRC location at (845.520um, 1270.880um) and size 10.000um, is not located on a power stripe. Moving to closest stripe at (847.800um, 1313.080um).
[WARNING PSM-0030] VSRC location at (1685.520um, 1270.880um) and size 10.000um, is not located on a power stripe. Moving to closest stripe at (1684.800um, 1313.080um).
[WARNING PSM-0030] VSRC location at (2525.520um, 1270.880um) and size 10.000um, is not located on a power stripe. Moving to closest stripe at (2527.200um, 1313.080um).
[WARNING PSM-0030] VSRC location at (285.520um, 1410.880um) and size 10.000um, is not located on a power stripe. Moving to closest stripe at (286.200um, 1493.080um).
[WARNING PSM-0030] VSRC location at (1125.520um, 1410.880um) and size 10.000um, is not located on a power stripe. Moving to closest stripe at (1123.200um, 1493.080um).
[WARNING PSM-0030] VSRC location at (1965.520um, 1410.880um) and size 10.000um, is not located on a power stripe. Moving to closest stripe at (1965.600um, 1493.080um).
[WARNING PSM-0030] VSRC location at (2805.520um, 1410.880um) and size 10.000um, is not located on a power stripe. Moving to closest stripe at (2808.000um, 1493.080um).
[WARNING PSM-0030] VSRC location at (565.520um, 1550.880um) and size 10.000um, is not located on a power stripe. Moving to closest stripe at (567.000um, 1493.080um).
[WARNING PSM-0030] VSRC location at (1405.520um, 1550.880um) and size 10.000um, is not located on a power stripe. Moving to closest stripe at (1404.000um, 1493.080um).
[WARNING PSM-0030] VSRC location at (2245.520um, 1550.880um) and size 10.000um, is not located on a power stripe. Moving to closest stripe at (2246.400um, 1493.080um).
[WARNING PSM-0030] VSRC location at (5.520um, 1690.880um) and size 10.000um, is not located on a power stripe. Moving to closest stripe at (5.400um, 1673.080um).
[WARNING PSM-0030] VSRC location at (845.520um, 1690.880um) and size 10.000um, is not located on a power stripe. Moving to closest stripe at (847.800um, 1673.080um).
[WARNING PSM-0030] VSRC location at (1685.520um, 1690.880um) and size 10.000um, is not located on a power stripe. Moving to closest stripe at (1684.800um, 1673.080um).
[WARNING PSM-0030] VSRC location at (2525.520um, 1690.880um) and size 10.000um, is not located on a power stripe. Moving to closest stripe at (2527.200um, 1673.080um).
[WARNING PSM-0030] VSRC location at (285.520um, 1830.880um) and size 10.000um, is not located on a power stripe. Moving to closest stripe at (286.200um, 1853.080um).
[WARNING PSM-0030] VSRC location at (1125.520um, 1830.880um) and size 10.000um, is not located on a power stripe. Moving to closest stripe at (1123.200um, 1853.080um).
[WARNING PSM-0030] VSRC location at (1965.520um, 1830.880um) and size 10.000um, is not located on a power stripe. Moving to closest stripe at (1965.600um, 1853.080um).
[WARNING PSM-0030] VSRC location at (2805.520um, 1830.880um) and size 10.000um, is not located on a power stripe. Moving to closest stripe at (2808.000um, 1853.080um).
[WARNING PSM-0030] VSRC location at (565.520um, 1970.880um) and size 10.000um, is not located on a power stripe. Moving to closest stripe at (567.000um, 2033.080um).
[WARNING PSM-0030] VSRC location at (1405.520um, 1970.880um) and size 10.000um, is not located on a power stripe. Moving to closest stripe at (1404.000um, 2033.080um).
[WARNING PSM-0030] VSRC location at (2245.520um, 1970.880um) and size 10.000um, is not located on a power stripe. Moving to closest stripe at (2246.400um, 2033.080um).
[WARNING PSM-0030] VSRC location at (5.520um, 2110.880um) and size 10.000um, is not located on a power stripe. Moving to closest stripe at (5.400um, 2033.080um).
[WARNING PSM-0030] VSRC location at (845.520um, 2110.880um) and size 10.000um, is not located on a power stripe. Moving to closest stripe at (847.800um, 2033.080um).
[WARNING PSM-0030] VSRC location at (1685.520um, 2110.880um) and size 10.000um, is not located on a power stripe. Moving to closest stripe at (1684.800um, 2033.080um).
[WARNING PSM-0030] VSRC location at (2525.520um, 2110.880um) and size 10.000um, is not located on a power stripe. Moving to closest stripe at (2527.200um, 2033.080um).
[WARNING PSM-0030] VSRC location at (285.520um, 2250.880um) and size 10.000um, is not located on a power stripe. Moving to closest stripe at (286.200um, 2213.080um).
[WARNING PSM-0030] VSRC location at (1125.520um, 2250.880um) and size 10.000um, is not located on a power stripe. Moving to closest stripe at (1123.200um, 2213.080um).
[WARNING PSM-0030] VSRC location at (1965.520um, 2250.880um) and size 10.000um, is not located on a power stripe. Moving to closest stripe at (1965.600um, 2213.080um).
[WARNING PSM-0030] VSRC location at (2805.520um, 2250.880um) and size 10.000um, is not located on a power stripe. Moving to closest stripe at (2808.000um, 2213.080um).
[WARNING PSM-0030] VSRC location at (5.520um, 2530.880um) and size 10.000um, is not located on a power stripe. Moving to closest stripe at (5.400um, 2573.080um).
[WARNING PSM-0030] VSRC location at (845.520um, 2530.880um) and size 10.000um, is not located on a power stripe. Moving to closest stripe at (847.800um, 2573.080um).
[WARNING PSM-0030] VSRC location at (1685.520um, 2530.880um) and size 10.000um, is not located on a power stripe. Moving to closest stripe at (1684.800um, 2573.080um).
[WARNING PSM-0030] VSRC location at (2525.520um, 2530.880um) and size 10.000um, is not located on a power stripe. Moving to closest stripe at (2527.200um, 2573.080um).
[WARNING PSM-0030] VSRC location at (285.520um, 2670.880um) and size 10.000um, is not located on a power stripe. Moving to closest stripe at (286.200um, 2753.080um).
[WARNING PSM-0030] VSRC location at (1125.520um, 2670.880um) and size 10.000um, is not located on a power stripe. Moving to closest stripe at (1123.200um, 2753.080um).
[WARNING PSM-0030] VSRC location at (1965.520um, 2670.880um) and size 10.000um, is not located on a power stripe. Moving to closest stripe at (1965.600um, 2753.080um).
[WARNING PSM-0030] VSRC location at (2805.520um, 2670.880um) and size 10.000um, is not located on a power stripe. Moving to closest stripe at (2808.000um, 2753.080um).
[WARNING PSM-0030] VSRC location at (565.520um, 2810.880um) and size 10.000um, is not located on a power stripe. Moving to closest stripe at (567.000um, 2753.080um).
[WARNING PSM-0030] VSRC location at (1405.520um, 2810.880um) and size 10.000um, is not located on a power stripe. Moving to closest stripe at (1404.000um, 2753.080um).
[WARNING PSM-0030] VSRC location at (2245.520um, 2810.880um) and size 10.000um, is not located on a power stripe. Moving to closest stripe at (2246.400um, 2753.080um).
[WARNING PSM-0030] VSRC location at (5.520um, 2950.880um) and size 10.000um, is not located on a power stripe. Moving to closest stripe at (5.400um, 2933.080um).
[WARNING PSM-0030] VSRC location at (845.520um, 2950.880um) and size 10.000um, is not located on a power stripe. Moving to closest stripe at (847.800um, 2933.080um).
[WARNING PSM-0030] VSRC location at (1685.520um, 2950.880um) and size 10.000um, is not located on a power stripe. Moving to closest stripe at (1684.800um, 2933.080um).
[WARNING PSM-0030] VSRC location at (2525.520um, 2950.880um) and size 10.000um, is not located on a power stripe. Moving to closest stripe at (2527.200um, 2933.080um).
[WARNING PSM-0030] VSRC location at (285.520um, 3090.880um) and size 10.000um, is not located on a power stripe. Moving to closest stripe at (286.200um, 3113.080um).
[WARNING PSM-0030] VSRC location at (1125.520um, 3090.880um) and size 10.000um, is not located on a power stripe. Moving to closest stripe at (1123.200um, 3113.080um).
[WARNING PSM-0030] VSRC location at (1965.520um, 3090.880um) and size 10.000um, is not located on a power stripe. Moving to closest stripe at (1965.600um, 3113.080um).
[WARNING PSM-0030] VSRC location at (2805.520um, 3090.880um) and size 10.000um, is not located on a power stripe. Moving to closest stripe at (2808.000um, 3113.080um).
[WARNING PSM-0030] VSRC location at (565.520um, 3230.880um) and size 10.000um, is not located on a power stripe. Moving to closest stripe at (567.000um, 3293.080um).
[WARNING PSM-0030] VSRC location at (1405.520um, 3230.880um) and size 10.000um, is not located on a power stripe. Moving to closest stripe at (1404.000um, 3293.080um).
[WARNING PSM-0030] VSRC location at (2245.520um, 3230.880um) and size 10.000um, is not located on a power stripe. Moving to closest stripe at (2246.400um, 3293.080um).
[INFO PSM-0031] Number of PDN nodes on net vdda1 = 12207.
[WARNING PSM-0032] Node at (2948400, 1759840) and layer 5 moved from (2947300, 3542000).
[WARNING PSM-0032] Node at (2748600, 1759840) and layer 5 moved from (2747720, 3542000).
[WARNING PSM-0032] Node at (2565000, 1759840) and layer 5 moved from (2567720, 3542000).
[WARNING PSM-0032] Node at (2386800, 3249175) and layer 5 moved from (2387720, 3542000).
[WARNING PSM-0032] Node at (2208600, 3249175) and layer 5 moved from (2207720, 3542000).
[WARNING PSM-0032] Node at (2025000, 3249175) and layer 5 moved from (2027720, 3542000).
[WARNING PSM-0032] Node at (1846800, 3249175) and layer 5 moved from (1847720, 3542000).
[WARNING PSM-0032] Node at (1668600, 3249175) and layer 5 moved from (1667720, 3542000).
[WARNING PSM-0032] Node at (1485000, 3249175) and layer 5 moved from (1487720, 3542000).
[WARNING PSM-0032] Node at (1306800, 3249175) and layer 5 moved from (1307720, 3542000).
[WARNING PSM-0032] Node at (1128600, 1759840) and layer 5 moved from (1127720, 3542000).
[WARNING PSM-0032] Node at (945000, 1759840) and layer 5 moved from (947720, 3542000).
[WARNING PSM-0032] Node at (766800, 1759840) and layer 5 moved from (767720, 3542000).
[WARNING PSM-0032] Node at (588600, 1759840) and layer 5 moved from (587720, 3542000).
[WARNING PSM-0032] Node at (405000, 1759840) and layer 5 moved from (407720, 3542000).
[WARNING PSM-0032] Node at (226800, 1759840) and layer 5 moved from (227720, 3542000).
[WARNING PSM-0032] Node at (48600, 1759840) and layer 5 moved from (47720, 3542000).
[WARNING PSM-0032] Node at (-27000, 1759840) and layer 5 moved from (-27680, 3542000).
[WARNING PSM-0032] Node at (2948400, 1759840) and layer 5 moved from (2947300, 3473080).
[WARNING PSM-0032] Node at (2748600, 1759840) and layer 5 moved from (2747720, 3473080).
[WARNING PSM-0032] Node at (2565000, 1759840) and layer 5 moved from (2567720, 3473080).
[WARNING PSM-0032] Node at (2386800, 3249175) and layer 5 moved from (2387720, 3473080).
[WARNING PSM-0032] Node at (2208600, 3249175) and layer 5 moved from (2207720, 3473080).
[WARNING PSM-0032] Node at (2025000, 3249175) and layer 5 moved from (2027720, 3473080).
[WARNING PSM-0032] Node at (1846800, 3249175) and layer 5 moved from (1847720, 3473080).
[WARNING PSM-0032] Node at (1668600, 3249175) and layer 5 moved from (1667720, 3473080).
[WARNING PSM-0032] Node at (1485000, 3249175) and layer 5 moved from (1487720, 3473080).
[WARNING PSM-0032] Node at (1306800, 3249175) and layer 5 moved from (1307720, 3473080).
[WARNING PSM-0032] Node at (1128600, 1759840) and layer 5 moved from (1127720, 3473080).
[WARNING PSM-0032] Node at (945000, 1759840) and layer 5 moved from (947720, 3473080).
[WARNING PSM-0032] Node at (766800, 1759840) and layer 5 moved from (767720, 3473080).
[WARNING PSM-0032] Node at (588600, 1759840) and layer 5 moved from (587720, 3473080).
[WARNING PSM-0032] Node at (405000, 1759840) and layer 5 moved from (407720, 3473080).
[WARNING PSM-0032] Node at (226800, 1759840) and layer 5 moved from (227720, 3473080).
[WARNING PSM-0032] Node at (48600, 1759840) and layer 5 moved from (47720, 3473080).
[WARNING PSM-0032] Node at (-27000, 1759840) and layer 5 moved from (-27680, 3473080).
[WARNING PSM-0032] Node at (2948400, 1759840) and layer 5 moved from (2947300, 3293080).
[WARNING PSM-0032] Node at (2748600, 1759840) and layer 5 moved from (2747720, 3293080).
[WARNING PSM-0032] Node at (2565000, 1759840) and layer 5 moved from (2567720, 3293080).
[WARNING PSM-0032] Node at (2386800, 3249175) and layer 5 moved from (2387720, 3293080).
[WARNING PSM-0032] Node at (2208600, 3249175) and layer 5 moved from (2207720, 3293080).
[WARNING PSM-0032] Node at (2025000, 3249175) and layer 5 moved from (2027720, 3293080).
[WARNING PSM-0032] Node at (1846800, 3249175) and layer 5 moved from (1847720, 3293080).
[WARNING PSM-0032] Node at (1668600, 3249175) and layer 5 moved from (1667720, 3293080).
[WARNING PSM-0032] Node at (1485000, 3249175) and layer 5 moved from (1487720, 3293080).
[WARNING PSM-0032] Node at (1306800, 3249175) and layer 5 moved from (1307720, 3293080).
[WARNING PSM-0032] Node at (1128600, 1759840) and layer 5 moved from (1127720, 3293080).
[WARNING PSM-0032] Node at (945000, 1759840) and layer 5 moved from (947720, 3293080).
[WARNING PSM-0032] Node at (766800, 1759840) and layer 5 moved from (767720, 3293080).
[WARNING PSM-0032] Node at (588600, 1759840) and layer 5 moved from (587720, 3293080).
[WARNING PSM-0032] Node at (405000, 1759840) and layer 5 moved from (407720, 3293080).
[WARNING PSM-0032] Node at (226800, 1759840) and layer 5 moved from (227720, 3293080).
[WARNING PSM-0032] Node at (48600, 1759840) and layer 5 moved from (47720, 3293080).
[WARNING PSM-0032] Node at (-27000, 1759840) and layer 5 moved from (-27680, 3293080).
[WARNING PSM-0032] Node at (2948400, 1759840) and layer 5 moved from (2947300, 3113080).
[WARNING PSM-0032] Node at (2748600, 1759840) and layer 5 moved from (2747720, 3113080).
[WARNING PSM-0032] Node at (2565000, 1759840) and layer 5 moved from (2567720, 3113080).
[WARNING PSM-0032] Node at (2386800, 3249175) and layer 5 moved from (2387720, 3113080).
[WARNING PSM-0032] Node at (2208600, 3249175) and layer 5 moved from (2207720, 3113080).
[WARNING PSM-0032] Node at (2025000, 3249175) and layer 5 moved from (2027720, 3113080).
[WARNING PSM-0032] Node at (1846800, 3249175) and layer 5 moved from (1847720, 3113080).
[WARNING PSM-0032] Node at (1668600, 3249175) and layer 5 moved from (1667720, 3113080).
[WARNING PSM-0032] Node at (1485000, 3249175) and layer 5 moved from (1487720, 3113080).
[WARNING PSM-0032] Node at (1306800, 3249175) and layer 5 moved from (1307720, 3113080).
[WARNING PSM-0032] Node at (1128600, 1759840) and layer 5 moved from (1127720, 3113080).
[WARNING PSM-0032] Node at (945000, 1759840) and layer 5 moved from (947720, 3113080).
[WARNING PSM-0032] Node at (766800, 1759840) and layer 5 moved from (767720, 3113080).
[WARNING PSM-0032] Node at (588600, 1759840) and layer 5 moved from (587720, 3113080).
[WARNING PSM-0032] Node at (405000, 1759840) and layer 5 moved from (407720, 3113080).
[WARNING PSM-0032] Node at (226800, 1759840) and layer 5 moved from (227720, 3113080).
[WARNING PSM-0032] Node at (48600, 1759840) and layer 5 moved from (47720, 3113080).
[WARNING PSM-0032] Node at (-27000, 1759840) and layer 5 moved from (-27680, 3113080).
[WARNING PSM-0032] Node at (2948400, 1759840) and layer 5 moved from (2947300, 2933080).
[WARNING PSM-0032] Node at (2748600, 1759840) and layer 5 moved from (2747720, 2933080).
[WARNING PSM-0032] Node at (2565000, 1759840) and layer 5 moved from (2567720, 2933080).
[WARNING PSM-0032] Node at (1128600, 1759840) and layer 5 moved from (1127720, 2933080).
[WARNING PSM-0032] Node at (945000, 1759840) and layer 5 moved from (947720, 2933080).
[WARNING PSM-0032] Node at (766800, 1759840) and layer 5 moved from (767720, 2933080).
[WARNING PSM-0032] Node at (588600, 1759840) and layer 5 moved from (587720, 2933080).
[WARNING PSM-0032] Node at (405000, 1759840) and layer 5 moved from (407720, 2933080).
[WARNING PSM-0032] Node at (226800, 1759840) and layer 5 moved from (227720, 2933080).
[WARNING PSM-0032] Node at (48600, 1759840) and layer 5 moved from (47720, 2933080).
[WARNING PSM-0032] Node at (-27000, 1759840) and layer 5 moved from (-27680, 2933080).
[WARNING PSM-0032] Node at (2948400, 1759840) and layer 5 moved from (2947300, 2753080).
[WARNING PSM-0032] Node at (2748600, 1759840) and layer 5 moved from (2747720, 2753080).
[WARNING PSM-0032] Node at (2565000, 1759840) and layer 5 moved from (2567720, 2753080).
[WARNING PSM-0032] Node at (1128600, 1759840) and layer 5 moved from (1127720, 2753080).
[WARNING PSM-0032] Node at (945000, 1759840) and layer 5 moved from (947720, 2753080).
[WARNING PSM-0032] Node at (766800, 1759840) and layer 5 moved from (767720, 2753080).
[WARNING PSM-0032] Node at (588600, 1759840) and layer 5 moved from (587720, 2753080).
[WARNING PSM-0032] Node at (405000, 1759840) and layer 5 moved from (407720, 2753080).
[WARNING PSM-0032] Node at (226800, 1759840) and layer 5 moved from (227720, 2753080).
[WARNING PSM-0032] Node at (48600, 1759840) and layer 5 moved from (47720, 2753080).
[WARNING PSM-0032] Node at (-27000, 1759840) and layer 5 moved from (-27680, 2753080).
[WARNING PSM-0032] Node at (2948400, 1759840) and layer 5 moved from (2947300, 2573080).
[WARNING PSM-0032] Node at (2748600, 1759840) and layer 5 moved from (2747720, 2573080).
[WARNING PSM-0032] Node at (2565000, 1759840) and layer 5 moved from (2567720, 2573080).
[WARNING PSM-0032] Node at (1128600, 1759840) and layer 5 moved from (1127720, 2573080).
[WARNING PSM-0032] Node at (945000, 1759840) and layer 5 moved from (947720, 2573080).
[WARNING PSM-0032] Node at (766800, 1759840) and layer 5 moved from (767720, 2573080).
[WARNING PSM-0032] Node at (588600, 1759840) and layer 5 moved from (587720, 2573080).
[WARNING PSM-0032] Node at (405000, 1759840) and layer 5 moved from (407720, 2573080).
[WARNING PSM-0032] Node at (226800, 1759840) and layer 5 moved from (227720, 2573080).
[WARNING PSM-0032] Node at (48600, 1759840) and layer 5 moved from (47720, 2573080).
[WARNING PSM-0032] Node at (-27000, 1759840) and layer 5 moved from (-27680, 2573080).
[WARNING PSM-0032] Node at (2948400, 1759840) and layer 5 moved from (2947300, 2393080).
[WARNING PSM-0032] Node at (2748600, 1759840) and layer 5 moved from (2747720, 2393080).
[WARNING PSM-0032] Node at (2565000, 1759840) and layer 5 moved from (2567720, 2393080).
[WARNING PSM-0032] Node at (1128600, 1759840) and layer 5 moved from (1127720, 2393080).
[WARNING PSM-0032] Node at (945000, 1759840) and layer 5 moved from (947720, 2393080).
[WARNING PSM-0032] Node at (766800, 1759840) and layer 5 moved from (767720, 2393080).
[WARNING PSM-0032] Node at (588600, 1759840) and layer 5 moved from (587720, 2393080).
[WARNING PSM-0032] Node at (405000, 1759840) and layer 5 moved from (407720, 2393080).
[WARNING PSM-0032] Node at (226800, 1759840) and layer 5 moved from (227720, 2393080).
[WARNING PSM-0032] Node at (48600, 1759840) and layer 5 moved from (47720, 2393080).
[WARNING PSM-0032] Node at (-27000, 1759840) and layer 5 moved from (-27680, 2393080).
[WARNING PSM-0032] Node at (2948400, 1759840) and layer 5 moved from (2947300, 2213080).
[WARNING PSM-0032] Node at (2748600, 1759840) and layer 5 moved from (2747720, 2213080).
[WARNING PSM-0032] Node at (2565000, 1759840) and layer 5 moved from (2567720, 2213080).
[WARNING PSM-0032] Node at (1128600, 1759840) and layer 5 moved from (1127720, 2213080).
[WARNING PSM-0032] Node at (945000, 1759840) and layer 5 moved from (947720, 2213080).
[WARNING PSM-0032] Node at (766800, 1759840) and layer 5 moved from (767720, 2213080).
[WARNING PSM-0032] Node at (588600, 1759840) and layer 5 moved from (587720, 2213080).
[WARNING PSM-0032] Node at (405000, 1759840) and layer 5 moved from (407720, 2213080).
[WARNING PSM-0032] Node at (226800, 1759840) and layer 5 moved from (227720, 2213080).
[WARNING PSM-0032] Node at (48600, 1759840) and layer 5 moved from (47720, 2213080).
[WARNING PSM-0032] Node at (-27000, 1759840) and layer 5 moved from (-27680, 2213080).
[WARNING PSM-0032] Node at (2948400, 1759840) and layer 5 moved from (2947300, 2033080).
[WARNING PSM-0032] Node at (2748600, 1759840) and layer 5 moved from (2747720, 2033080).
[WARNING PSM-0032] Node at (2565000, 1759840) and layer 5 moved from (2567720, 2033080).
[WARNING PSM-0032] Node at (1128600, 1759840) and layer 5 moved from (1127720, 2033080).
[WARNING PSM-0032] Node at (945000, 1759840) and layer 5 moved from (947720, 2033080).
[WARNING PSM-0032] Node at (766800, 1759840) and layer 5 moved from (767720, 2033080).
[WARNING PSM-0032] Node at (588600, 1759840) and layer 5 moved from (587720, 2033080).
[WARNING PSM-0032] Node at (405000, 1759840) and layer 5 moved from (407720, 2033080).
[WARNING PSM-0032] Node at (226800, 1759840) and layer 5 moved from (227720, 2033080).
[WARNING PSM-0032] Node at (48600, 1759840) and layer 5 moved from (47720, 2033080).
[WARNING PSM-0032] Node at (-27000, 1759840) and layer 5 moved from (-27680, 2033080).
[WARNING PSM-0032] Node at (2948400, 1759840) and layer 5 moved from (2947300, 1853080).
[WARNING PSM-0032] Node at (2748600, 1759840) and layer 5 moved from (2747720, 1853080).
[WARNING PSM-0032] Node at (2565000, 1759840) and layer 5 moved from (2567720, 1853080).
[WARNING PSM-0032] Node at (1128600, 1759840) and layer 5 moved from (1127720, 1853080).
[WARNING PSM-0032] Node at (945000, 1759840) and layer 5 moved from (947720, 1853080).
[WARNING PSM-0032] Node at (766800, 1759840) and layer 5 moved from (767720, 1853080).
[WARNING PSM-0032] Node at (588600, 1759840) and layer 5 moved from (587720, 1853080).
[WARNING PSM-0032] Node at (405000, 1759840) and layer 5 moved from (407720, 1853080).
[WARNING PSM-0032] Node at (226800, 1759840) and layer 5 moved from (227720, 1853080).
[WARNING PSM-0032] Node at (48600, 1759840) and layer 5 moved from (47720, 1853080).
[WARNING PSM-0032] Node at (-27000, 1759840) and layer 5 moved from (-27680, 1853080).
[WARNING PSM-0032] Node at (2948400, 1759840) and layer 5 moved from (2947300, 1673080).
[WARNING PSM-0032] Node at (2748600, 1759840) and layer 5 moved from (2747720, 1673080).
[WARNING PSM-0032] Node at (2565000, 1759840) and layer 5 moved from (2567720, 1673080).
[WARNING PSM-0032] Node at (2565000, 1759840) and layer 5 moved from (2387720, 1673080).
[WARNING PSM-0032] Node at (2208600, 825665) and layer 5 moved from (2207720, 1673080).
[WARNING PSM-0032] Node at (2025000, 825665) and layer 5 moved from (2027720, 1673080).
[WARNING PSM-0032] Node at (1846800, 825665) and layer 5 moved from (1847720, 1673080).
[WARNING PSM-0032] Node at (1668600, 825665) and layer 5 moved from (1667720, 1673080).
[WARNING PSM-0032] Node at (1485000, 825665) and layer 5 moved from (1487720, 1673080).
[WARNING PSM-0032] Node at (1306800, 825665) and layer 5 moved from (1307720, 1673080).
[WARNING PSM-0032] Node at (1128600, 1759840) and layer 5 moved from (1127720, 1673080).
[WARNING PSM-0032] Node at (945000, 1759840) and layer 5 moved from (947720, 1673080).
[WARNING PSM-0032] Node at (766800, 1759840) and layer 5 moved from (767720, 1673080).
[WARNING PSM-0032] Node at (588600, 1759840) and layer 5 moved from (587720, 1673080).
[WARNING PSM-0032] Node at (405000, 1759840) and layer 5 moved from (407720, 1673080).
[WARNING PSM-0032] Node at (226800, 1759840) and layer 5 moved from (227720, 1673080).
[WARNING PSM-0032] Node at (48600, 1759840) and layer 5 moved from (47720, 1673080).
[WARNING PSM-0032] Node at (-27000, 1759840) and layer 5 moved from (-27680, 1673080).
[WARNING PSM-0032] Node at (2948400, 1759840) and layer 5 moved from (2947300, 1493080).
[WARNING PSM-0032] Node at (2748600, 1759840) and layer 5 moved from (2747720, 1493080).
[WARNING PSM-0032] Node at (2565000, 1759840) and layer 5 moved from (2567720, 1493080).
[WARNING PSM-0032] Node at (2565000, 1759840) and layer 5 moved from (2387720, 1493080).
[WARNING PSM-0032] Node at (2208600, 825665) and layer 5 moved from (2207720, 1493080).
[WARNING PSM-0032] Node at (2025000, 825665) and layer 5 moved from (2027720, 1493080).
[WARNING PSM-0032] Node at (1846800, 825665) and layer 5 moved from (1847720, 1493080).
[WARNING PSM-0032] Node at (1668600, 825665) and layer 5 moved from (1667720, 1493080).
[WARNING PSM-0032] Node at (1485000, 825665) and layer 5 moved from (1487720, 1493080).
[WARNING PSM-0032] Node at (1306800, 825665) and layer 5 moved from (1307720, 1493080).
[WARNING PSM-0032] Node at (1128600, 1759840) and layer 5 moved from (1127720, 1493080).
[WARNING PSM-0032] Node at (945000, 1759840) and layer 5 moved from (947720, 1493080).
[WARNING PSM-0032] Node at (766800, 1759840) and layer 5 moved from (767720, 1493080).
[WARNING PSM-0032] Node at (588600, 1759840) and layer 5 moved from (587720, 1493080).
[WARNING PSM-0032] Node at (405000, 1759840) and layer 5 moved from (407720, 1493080).
[WARNING PSM-0032] Node at (226800, 1759840) and layer 5 moved from (227720, 1493080).
[WARNING PSM-0032] Node at (48600, 1759840) and layer 5 moved from (47720, 1493080).
[WARNING PSM-0032] Node at (-27000, 1759840) and layer 5 moved from (-27680, 1493080).
[WARNING PSM-0032] Node at (2948400, 1759840) and layer 5 moved from (2947300, 1313080).
[WARNING PSM-0032] Node at (2748600, 1759840) and layer 5 moved from (2747720, 1313080).
[WARNING PSM-0032] Node at (2565000, 1759840) and layer 5 moved from (2567720, 1313080).
[WARNING PSM-0032] Node at (2386800, 825665) and layer 5 moved from (2387720, 1313080).
[WARNING PSM-0032] Node at (2208600, 825665) and layer 5 moved from (2207720, 1313080).
[WARNING PSM-0032] Node at (2025000, 825665) and layer 5 moved from (2027720, 1313080).
[WARNING PSM-0032] Node at (1846800, 825665) and layer 5 moved from (1847720, 1313080).
[WARNING PSM-0032] Node at (1668600, 825665) and layer 5 moved from (1667720, 1313080).
[WARNING PSM-0032] Node at (1485000, 825665) and layer 5 moved from (1487720, 1313080).
[WARNING PSM-0032] Node at (1306800, 825665) and layer 5 moved from (1307720, 1313080).
[WARNING PSM-0032] Node at (1128600, 1759840) and layer 5 moved from (1127720, 1313080).
[WARNING PSM-0032] Node at (945000, 1759840) and layer 5 moved from (947720, 1313080).
[WARNING PSM-0032] Node at (766800, 1759840) and layer 5 moved from (767720, 1313080).
[WARNING PSM-0032] Node at (588600, 1759840) and layer 5 moved from (587720, 1313080).
[WARNING PSM-0032] Node at (405000, 1759840) and layer 5 moved from (407720, 1313080).
[WARNING PSM-0032] Node at (226800, 1759840) and layer 5 moved from (227720, 1313080).
[WARNING PSM-0032] Node at (48600, 1759840) and layer 5 moved from (47720, 1313080).
[WARNING PSM-0032] Node at (-27000, 1759840) and layer 5 moved from (-27680, 1313080).
[WARNING PSM-0032] Node at (2948400, 1759840) and layer 5 moved from (2947300, 1133080).
[WARNING PSM-0032] Node at (2748600, 1759840) and layer 5 moved from (2747720, 1133080).
[WARNING PSM-0032] Node at (2565000, 1759840) and layer 5 moved from (2567720, 1133080).
[WARNING PSM-0032] Node at (2386800, 825665) and layer 5 moved from (2387720, 1133080).
[WARNING PSM-0032] Node at (2208600, 825665) and layer 5 moved from (2207720, 1133080).
[WARNING PSM-0032] Node at (2025000, 825665) and layer 5 moved from (2027720, 1133080).
[WARNING PSM-0032] Node at (1846800, 825665) and layer 5 moved from (1847720, 1133080).
[WARNING PSM-0032] Node at (1668600, 825665) and layer 5 moved from (1667720, 1133080).
[WARNING PSM-0032] Node at (1485000, 825665) and layer 5 moved from (1487720, 1133080).
[WARNING PSM-0032] Node at (1306800, 825665) and layer 5 moved from (1307720, 1133080).
[WARNING PSM-0032] Node at (1128600, 1759840) and layer 5 moved from (1127720, 1133080).
[WARNING PSM-0032] Node at (945000, 1759840) and layer 5 moved from (947720, 1133080).
[WARNING PSM-0032] Node at (766800, 1759840) and layer 5 moved from (767720, 1133080).
[WARNING PSM-0032] Node at (588600, 1759840) and layer 5 moved from (587720, 1133080).
[WARNING PSM-0032] Node at (405000, 1759840) and layer 5 moved from (407720, 1133080).
[WARNING PSM-0032] Node at (226800, 1759840) and layer 5 moved from (227720, 1133080).
[WARNING PSM-0032] Node at (48600, 1759840) and layer 5 moved from (47720, 1133080).
[WARNING PSM-0032] Node at (-27000, 1759840) and layer 5 moved from (-27680, 1133080).
[WARNING PSM-0032] Node at (2948400, 1759840) and layer 5 moved from (2947300, 953080).
[WARNING PSM-0032] Node at (2748600, 1759840) and layer 5 moved from (2747720, 953080).
[WARNING PSM-0032] Node at (2565000, 1759840) and layer 5 moved from (2567720, 953080).
[WARNING PSM-0032] Node at (2386800, 825665) and layer 5 moved from (2387720, 953080).
[WARNING PSM-0032] Node at (2208600, 825665) and layer 5 moved from (2207720, 953080).
[WARNING PSM-0032] Node at (2025000, 825665) and layer 5 moved from (2027720, 953080).
[WARNING PSM-0032] Node at (1846800, 825665) and layer 5 moved from (1847720, 953080).
[WARNING PSM-0032] Node at (1668600, 825665) and layer 5 moved from (1667720, 953080).
[WARNING PSM-0032] Node at (1485000, 825665) and layer 5 moved from (1487720, 953080).
[WARNING PSM-0032] Node at (1306800, 825665) and layer 5 moved from (1307720, 953080).
[WARNING PSM-0032] Node at (1128600, 1759840) and layer 5 moved from (1127720, 953080).
[WARNING PSM-0032] Node at (945000, 1759840) and layer 5 moved from (947720, 953080).
[WARNING PSM-0032] Node at (766800, 1759840) and layer 5 moved from (767720, 953080).
[WARNING PSM-0032] Node at (588600, 1759840) and layer 5 moved from (587720, 953080).
[WARNING PSM-0032] Node at (405000, 1759840) and layer 5 moved from (407720, 953080).
[WARNING PSM-0032] Node at (226800, 1759840) and layer 5 moved from (227720, 953080).
[WARNING PSM-0032] Node at (48600, 1759840) and layer 5 moved from (47720, 953080).
[WARNING PSM-0032] Node at (-27000, 1759840) and layer 5 moved from (-27680, 953080).
[WARNING PSM-0032] Node at (2948400, 1759840) and layer 5 moved from (2947300, 773080).
[WARNING PSM-0032] Node at (2748600, 1759840) and layer 5 moved from (2747720, 773080).
[WARNING PSM-0032] Node at (2565000, 1759840) and layer 5 moved from (2567720, 773080).
[WARNING PSM-0032] Node at (2386800, 825665) and layer 5 moved from (2387720, 773080).
[WARNING PSM-0032] Node at (2208600, 825665) and layer 5 moved from (2207720, 773080).
[WARNING PSM-0032] Node at (2025000, 825665) and layer 5 moved from (2027720, 773080).
[WARNING PSM-0032] Node at (1846800, 825665) and layer 5 moved from (1847720, 773080).
[WARNING PSM-0032] Node at (1668600, 825665) and layer 5 moved from (1667720, 773080).
[WARNING PSM-0032] Node at (1485000, 825665) and layer 5 moved from (1487720, 773080).
[WARNING PSM-0032] Node at (1306800, 825665) and layer 5 moved from (1307720, 773080).
[WARNING PSM-0032] Node at (1128600, 1759840) and layer 5 moved from (1127720, 773080).
[WARNING PSM-0032] Node at (945000, 1759840) and layer 5 moved from (947720, 773080).
[WARNING PSM-0032] Node at (766800, 1759840) and layer 5 moved from (767720, 773080).
[WARNING PSM-0032] Node at (588600, 1759840) and layer 5 moved from (587720, 773080).
[WARNING PSM-0032] Node at (405000, 1759840) and layer 5 moved from (407720, 773080).
[WARNING PSM-0032] Node at (226800, 1759840) and layer 5 moved from (227720, 773080).
[WARNING PSM-0032] Node at (48600, 1759840) and layer 5 moved from (47720, 773080).
[WARNING PSM-0032] Node at (-27000, 1759840) and layer 5 moved from (-27680, 773080).
[WARNING PSM-0032] Node at (2948400, 1759840) and layer 5 moved from (2947300, 593080).
[WARNING PSM-0032] Node at (2748600, 1759840) and layer 5 moved from (2747720, 593080).
[WARNING PSM-0032] Node at (2565000, 1759840) and layer 5 moved from (2567720, 593080).
[WARNING PSM-0032] Node at (2386800, 825665) and layer 5 moved from (2387720, 593080).
[WARNING PSM-0032] Node at (2208600, 825665) and layer 5 moved from (2207720, 593080).
[WARNING PSM-0032] Node at (2025000, 825665) and layer 5 moved from (2027720, 593080).
[WARNING PSM-0032] Node at (1846800, 825665) and layer 5 moved from (1847720, 593080).
[WARNING PSM-0032] Node at (1668600, 825665) and layer 5 moved from (1667720, 593080).
[WARNING PSM-0032] Node at (1485000, 825665) and layer 5 moved from (1487720, 593080).
[WARNING PSM-0032] Node at (1306800, 825665) and layer 5 moved from (1307720, 593080).
[WARNING PSM-0032] Node at (1128600, 1759840) and layer 5 moved from (1127720, 593080).
[WARNING PSM-0032] Node at (945000, 1759840) and layer 5 moved from (947720, 593080).
[WARNING PSM-0032] Node at (766800, 1759840) and layer 5 moved from (767720, 593080).
[WARNING PSM-0032] Node at (588600, 1759840) and layer 5 moved from (587720, 593080).
[WARNING PSM-0032] Node at (405000, 1759840) and layer 5 moved from (407720, 593080).
[WARNING PSM-0032] Node at (226800, 1759840) and layer 5 moved from (227720, 593080).
[WARNING PSM-0032] Node at (48600, 1759840) and layer 5 moved from (47720, 593080).
[WARNING PSM-0032] Node at (-27000, 1759840) and layer 5 moved from (-27680, 593080).
[WARNING PSM-0032] Node at (2948400, 1759840) and layer 5 moved from (2947300, 413080).
[WARNING PSM-0032] Node at (2748600, 1759840) and layer 5 moved from (2747720, 413080).
[WARNING PSM-0032] Node at (2565000, 1759840) and layer 5 moved from (2567720, 413080).
[WARNING PSM-0032] Node at (2386800, 825665) and layer 5 moved from (2387720, 413080).
[WARNING PSM-0032] Node at (2208600, 825665) and layer 5 moved from (2207720, 413080).
[WARNING PSM-0032] Node at (2025000, 825665) and layer 5 moved from (2027720, 413080).
[WARNING PSM-0032] Node at (1846800, 825665) and layer 5 moved from (1847720, 413080).
[WARNING PSM-0032] Node at (1668600, 825665) and layer 5 moved from (1667720, 413080).
[WARNING PSM-0032] Node at (1485000, 825665) and layer 5 moved from (1487720, 413080).
[WARNING PSM-0032] Node at (1306800, 825665) and layer 5 moved from (1307720, 413080).
[WARNING PSM-0032] Node at (1128600, 1759840) and layer 5 moved from (1127720, 413080).
[WARNING PSM-0032] Node at (945000, 1759840) and layer 5 moved from (947720, 413080).
[WARNING PSM-0032] Node at (766800, 1759840) and layer 5 moved from (767720, 413080).
[WARNING PSM-0032] Node at (588600, 1759840) and layer 5 moved from (587720, 413080).
[WARNING PSM-0032] Node at (405000, 1759840) and layer 5 moved from (407720, 413080).
[WARNING PSM-0032] Node at (226800, 1759840) and layer 5 moved from (227720, 413080).
[WARNING PSM-0032] Node at (48600, 1759840) and layer 5 moved from (47720, 413080).
[WARNING PSM-0032] Node at (-27000, 1759840) and layer 5 moved from (-27680, 413080).
[WARNING PSM-0032] Node at (2948400, 1759840) and layer 5 moved from (2947300, 233080).
[WARNING PSM-0032] Node at (2748600, 1759840) and layer 5 moved from (2747720, 233080).
[WARNING PSM-0032] Node at (2565000, 1759840) and layer 5 moved from (2567720, 233080).
[WARNING PSM-0032] Node at (2386800, 825665) and layer 5 moved from (2387720, 233080).
[WARNING PSM-0032] Node at (2208600, 825665) and layer 5 moved from (2207720, 233080).
[WARNING PSM-0032] Node at (2025000, 825665) and layer 5 moved from (2027720, 233080).
[WARNING PSM-0032] Node at (1846800, 825665) and layer 5 moved from (1847720, 233080).
[WARNING PSM-0032] Node at (1668600, 825665) and layer 5 moved from (1667720, 233080).
[WARNING PSM-0032] Node at (1485000, 825665) and layer 5 moved from (1487720, 233080).
[WARNING PSM-0032] Node at (1306800, 825665) and layer 5 moved from (1307720, 233080).
[WARNING PSM-0032] Node at (1128600, 1759840) and layer 5 moved from (1127720, 233080).
[WARNING PSM-0032] Node at (945000, 1759840) and layer 5 moved from (947720, 233080).
[WARNING PSM-0032] Node at (766800, 1759840) and layer 5 moved from (767720, 233080).
[WARNING PSM-0032] Node at (588600, 1759840) and layer 5 moved from (587720, 233080).
[WARNING PSM-0032] Node at (405000, 1759840) and layer 5 moved from (407720, 233080).
[WARNING PSM-0032] Node at (226800, 1759840) and layer 5 moved from (227720, 233080).
[WARNING PSM-0032] Node at (48600, 1759840) and layer 5 moved from (47720, 233080).
[WARNING PSM-0032] Node at (-27000, 1759840) and layer 5 moved from (-27680, 233080).
[WARNING PSM-0032] Node at (2948400, 1759840) and layer 5 moved from (2947300, 53080).
[WARNING PSM-0032] Node at (2748600, 1759840) and layer 5 moved from (2747720, 53080).
[WARNING PSM-0032] Node at (2565000, 1759840) and layer 5 moved from (2567720, 53080).
[WARNING PSM-0032] Node at (2386800, 825665) and layer 5 moved from (2387720, 53080).
[WARNING PSM-0032] Node at (2208600, 825665) and layer 5 moved from (2207720, 53080).
[WARNING PSM-0032] Node at (2025000, 825665) and layer 5 moved from (2027720, 53080).
[WARNING PSM-0032] Node at (1846800, 825665) and layer 5 moved from (1847720, 53080).
[WARNING PSM-0032] Node at (1668600, 825665) and layer 5 moved from (1667720, 53080).
[WARNING PSM-0032] Node at (1485000, 825665) and layer 5 moved from (1487720, 53080).
[WARNING PSM-0032] Node at (1306800, 825665) and layer 5 moved from (1307720, 53080).
[WARNING PSM-0032] Node at (1128600, 1759840) and layer 5 moved from (1127720, 53080).
[WARNING PSM-0032] Node at (945000, 1759840) and layer 5 moved from (947720, 53080).
[WARNING PSM-0032] Node at (766800, 1759840) and layer 5 moved from (767720, 53080).
[WARNING PSM-0032] Node at (588600, 1759840) and layer 5 moved from (587720, 53080).
[WARNING PSM-0032] Node at (405000, 1759840) and layer 5 moved from (407720, 53080).
[WARNING PSM-0032] Node at (226800, 1759840) and layer 5 moved from (227720, 53080).
[WARNING PSM-0032] Node at (48600, 1759840) and layer 5 moved from (47720, 53080).
[WARNING PSM-0032] Node at (-27000, 1759840) and layer 5 moved from (-27680, 53080).
[WARNING PSM-0032] Node at (2948400, 1759840) and layer 5 moved from (2947300, -22320).
[WARNING PSM-0032] Node at (2748600, 1759840) and layer 5 moved from (2747720, -22320).
[WARNING PSM-0032] Node at (2565000, 1759840) and layer 5 moved from (2567720, -22320).
[WARNING PSM-0032] Node at (2386800, 825665) and layer 5 moved from (2387720, -22320).
[WARNING PSM-0032] Node at (2208600, 825665) and layer 5 moved from (2207720, -22320).
[WARNING PSM-0032] Node at (2025000, 825665) and layer 5 moved from (2027720, -22320).
[WARNING PSM-0032] Node at (1846800, 825665) and layer 5 moved from (1847720, -22320).
[WARNING PSM-0032] Node at (1668600, 825665) and layer 5 moved from (1667720, -22320).
[WARNING PSM-0032] Node at (1485000, 825665) and layer 5 moved from (1487720, -22320).
[WARNING PSM-0032] Node at (1306800, 825665) and layer 5 moved from (1307720, -22320).
[WARNING PSM-0032] Node at (1128600, 1759840) and layer 5 moved from (1127720, -22320).
[WARNING PSM-0032] Node at (945000, 1759840) and layer 5 moved from (947720, -22320).
[WARNING PSM-0032] Node at (766800, 1759840) and layer 5 moved from (767720, -22320).
[WARNING PSM-0032] Node at (588600, 1759840) and layer 5 moved from (587720, -22320).
[WARNING PSM-0032] Node at (405000, 1759840) and layer 5 moved from (407720, -22320).
[WARNING PSM-0032] Node at (226800, 1759840) and layer 5 moved from (227720, -22320).
[WARNING PSM-0032] Node at (48600, 1759840) and layer 5 moved from (47720, -22320).
[WARNING PSM-0032] Node at (-27000, 1759840) and layer 5 moved from (-27680, -22320).
[INFO PSM-0064] Number of voltage sources = 88.
[INFO PSM-0040] All PDN stripes on net vdda1 are connected.
########## IR report #################
Worstcase voltage: 1.80e+00 V
Average IR drop  : 1.73e-14 V
Worstcase IR drop: 8.59e-12 V
######################################
