OpenROAD 8d53e9b018dec98fa63e907ddeb6c5406f035361 
This program is licensed under the BSD-3 license. See the LICENSE file for details.
Components of this program may be licensed under more restrictive licenses which must be honored.
[INFO ODB-0222] Reading LEF file: /home/fatihgulakar/638_proje/shooting_game_verilog/openlane/user_project_wrapper/runs/user_project_wrapper/tmp/merged_unpadded.lef
[INFO ODB-0223]     Created 13 technology layers
[INFO ODB-0224]     Created 25 technology vias
[INFO ODB-0225]     Created 442 library cells
[INFO ODB-0226] Finished LEF file:  /home/fatihgulakar/638_proje/shooting_game_verilog/openlane/user_project_wrapper/runs/user_project_wrapper/tmp/merged_unpadded.lef
[INFO ODB-0127] Reading DEF file: /home/fatihgulakar/638_proje/shooting_game_verilog/openlane/user_project_wrapper/runs/user_project_wrapper/tmp/floorplan/8-pdn.def
[INFO ODB-0128] Design: user_project_wrapper
[INFO ODB-0130]     Created 643 pins.
[INFO ODB-0131]     Created 1 components and 609 component-terminals.
[INFO ODB-0132]     Created 6 special nets and 0 connections.
[INFO ODB-0133]     Created 637 nets and 607 connections.
[INFO ODB-0134] Finished DEF file: /home/fatihgulakar/638_proje/shooting_game_verilog/openlane/user_project_wrapper/runs/user_project_wrapper/tmp/floorplan/8-pdn.def
[INFO PDN-0016] Power Delivery Network Generator: Generating PDN
  config: /openlane/scripts/openroad/pdn_cfg.tcl
[INFO PDN-0008] Design name is user_project_wrapper.
[INFO PDN-0009] Reading technology data.
[INFO PDN-0011] ****** INFO ******
Type: stdcell, stdcell_grid
    Core Rings
      Layer: met4  -  width: 3.100  spacing: 1.700  core_offset: 42.800 
      Layer: met5  -  width: 3.100  spacing: 1.700  core_offset: 42.800 
    Straps
      Layer: met4  -  width: 3.100  pitch: 180.000  offset: 60.800 
      Layer: met5  -  width: 3.100  pitch: 180.000  offset: 60.800 
    Connect: {met4 met5}
Type: macro, CORE_macro_grid_1 -grid_over_pg_pins
    Macro orientation: R0 R180 MX MY R90 R270 MXR90 MYR90
[INFO PDN-0012] **** END INFO ****
[INFO PDN-0013] Inserting stdcell grid - stdcell_grid.
[INFO PDN-0010] Inserting macro grid for 1 macros.
[INFO PDN-0034]   - grid CORE_macro_grid_1 for instance mprj
[INFO PDN-0015] Writing to database.
[INFO]: Setting RC values...
[INFO PSM-0002] Output voltage file is specified as: /home/fatihgulakar/638_proje/shooting_game_verilog/openlane/user_project_wrapper/runs/user_project_wrapper/tmp/floorplan/9-pdn.pga.rpt.
[WARNING PSM-0016] Voltage pad location (VSRC) file not specified, defaulting pad location to checkerboard pattern on core area.
[WARNING PSM-0017] X direction bump pitch is not specified, defaulting to 140um.
[WARNING PSM-0018] Y direction bump pitch is not specified, defaulting to 140um.
[WARNING PSM-0019] Voltage on net vdda2 is not explicitly set.
[WARNING PSM-0022] Using voltage 1.800V for VDD network.
[WARNING PSM-0065] VSRC location not specified, using default checkerboard pattern with one VDD every size bumps in x-direction and one in two bumps in the y-direction
[WARNING PSM-0030] VSRC location at (5.520um, 10.880um) and size 10.000um, is not located on a power stripe. Moving to closest stripe at (5.400um, -31.920um).
[WARNING PSM-0030] VSRC location at (845.520um, 10.880um) and size 10.000um, is not located on a power stripe. Moving to closest stripe at (847.800um, -31.920um).
[WARNING PSM-0030] VSRC location at (1685.520um, 10.880um) and size 10.000um, is not located on a power stripe. Moving to closest stripe at (1684.800um, -31.920um).
[WARNING PSM-0030] VSRC location at (2525.520um, 10.880um) and size 10.000um, is not located on a power stripe. Moving to closest stripe at (2527.200um, -31.920um).
[WARNING PSM-0030] VSRC location at (285.520um, 150.880um) and size 10.000um, is not located on a power stripe. Moving to closest stripe at (286.200um, 71.680um).
[WARNING PSM-0030] VSRC location at (1125.520um, 150.880um) and size 10.000um, is not located on a power stripe. Moving to closest stripe at (1123.200um, 71.680um).
[WARNING PSM-0030] VSRC location at (1965.520um, 150.880um) and size 10.000um, is not located on a power stripe. Moving to closest stripe at (1965.600um, 71.680um).
[WARNING PSM-0030] VSRC location at (2805.520um, 150.880um) and size 10.000um, is not located on a power stripe. Moving to closest stripe at (2808.000um, 71.680um).
[WARNING PSM-0030] VSRC location at (565.520um, 290.880um) and size 10.000um, is not located on a power stripe. Moving to closest stripe at (567.000um, 251.680um).
[WARNING PSM-0030] VSRC location at (1405.520um, 290.880um) and size 10.000um, is not located on a power stripe. Moving to closest stripe at (1404.000um, 251.680um).
[WARNING PSM-0030] VSRC location at (2245.520um, 290.880um) and size 10.000um, is not located on a power stripe. Moving to closest stripe at (2246.400um, 251.680um).
[WARNING PSM-0030] VSRC location at (285.520um, 570.880um) and size 10.000um, is not located on a power stripe. Moving to closest stripe at (286.200um, 611.680um).
[WARNING PSM-0030] VSRC location at (1125.520um, 570.880um) and size 10.000um, is not located on a power stripe. Moving to closest stripe at (1123.200um, 611.680um).
[WARNING PSM-0030] VSRC location at (1965.520um, 570.880um) and size 10.000um, is not located on a power stripe. Moving to closest stripe at (1965.600um, 611.680um).
[WARNING PSM-0030] VSRC location at (2805.520um, 570.880um) and size 10.000um, is not located on a power stripe. Moving to closest stripe at (2808.000um, 611.680um).
[WARNING PSM-0030] VSRC location at (565.520um, 710.880um) and size 10.000um, is not located on a power stripe. Moving to closest stripe at (567.000um, 791.680um).
[WARNING PSM-0030] VSRC location at (1405.520um, 710.880um) and size 10.000um, is not located on a power stripe. Moving to closest stripe at (1404.000um, 791.680um).
[WARNING PSM-0030] VSRC location at (2245.520um, 710.880um) and size 10.000um, is not located on a power stripe. Moving to closest stripe at (2246.400um, 791.680um).
[WARNING PSM-0030] VSRC location at (5.520um, 850.880um) and size 10.000um, is not located on a power stripe. Moving to closest stripe at (5.400um, 791.680um).
[WARNING PSM-0030] VSRC location at (845.520um, 850.880um) and size 10.000um, is not located on a power stripe. Moving to closest stripe at (847.800um, 791.680um).
[WARNING PSM-0030] VSRC location at (1685.520um, 850.880um) and size 10.000um, is not located on a power stripe. Moving to closest stripe at (1684.800um, 791.680um).
[WARNING PSM-0030] VSRC location at (2525.520um, 850.880um) and size 10.000um, is not located on a power stripe. Moving to closest stripe at (2527.200um, 791.680um).
[WARNING PSM-0030] VSRC location at (285.520um, 990.880um) and size 10.000um, is not located on a power stripe. Moving to closest stripe at (286.200um, 971.680um).
[WARNING PSM-0030] VSRC location at (1125.520um, 990.880um) and size 10.000um, is not located on a power stripe. Moving to closest stripe at (1123.200um, 971.680um).
[WARNING PSM-0030] VSRC location at (1965.520um, 990.880um) and size 10.000um, is not located on a power stripe. Moving to closest stripe at (1965.600um, 971.680um).
[WARNING PSM-0030] VSRC location at (2805.520um, 990.880um) and size 10.000um, is not located on a power stripe. Moving to closest stripe at (2808.000um, 971.680um).
[WARNING PSM-0030] VSRC location at (565.520um, 1130.880um) and size 10.000um, is not located on a power stripe. Moving to closest stripe at (567.000um, 1151.680um).
[WARNING PSM-0030] VSRC location at (1405.520um, 1130.880um) and size 10.000um, is not located on a power stripe. Moving to closest stripe at (1404.000um, 1151.680um).
[WARNING PSM-0030] VSRC location at (2245.520um, 1130.880um) and size 10.000um, is not located on a power stripe. Moving to closest stripe at (2246.400um, 1151.680um).
[WARNING PSM-0030] VSRC location at (5.520um, 1270.880um) and size 10.000um, is not located on a power stripe. Moving to closest stripe at (5.400um, 1331.680um).
[WARNING PSM-0030] VSRC location at (845.520um, 1270.880um) and size 10.000um, is not located on a power stripe. Moving to closest stripe at (847.800um, 1331.680um).
[WARNING PSM-0030] VSRC location at (1685.520um, 1270.880um) and size 10.000um, is not located on a power stripe. Moving to closest stripe at (1684.800um, 1331.680um).
[WARNING PSM-0030] VSRC location at (2525.520um, 1270.880um) and size 10.000um, is not located on a power stripe. Moving to closest stripe at (2527.200um, 1331.680um).
[WARNING PSM-0030] VSRC location at (285.520um, 1410.880um) and size 10.000um, is not located on a power stripe. Moving to closest stripe at (286.200um, 1331.680um).
[WARNING PSM-0030] VSRC location at (1125.520um, 1410.880um) and size 10.000um, is not located on a power stripe. Moving to closest stripe at (1123.200um, 1331.680um).
[WARNING PSM-0030] VSRC location at (1965.520um, 1410.880um) and size 10.000um, is not located on a power stripe. Moving to closest stripe at (1965.600um, 1331.680um).
[WARNING PSM-0030] VSRC location at (2805.520um, 1410.880um) and size 10.000um, is not located on a power stripe. Moving to closest stripe at (2808.000um, 1331.680um).
[WARNING PSM-0030] VSRC location at (565.520um, 1550.880um) and size 10.000um, is not located on a power stripe. Moving to closest stripe at (567.000um, 1511.680um).
[WARNING PSM-0030] VSRC location at (1405.520um, 1550.880um) and size 10.000um, is not located on a power stripe. Moving to closest stripe at (1404.000um, 1511.680um).
[WARNING PSM-0030] VSRC location at (2245.520um, 1550.880um) and size 10.000um, is not located on a power stripe. Moving to closest stripe at (2246.400um, 1511.680um).
[WARNING PSM-0030] VSRC location at (285.520um, 1830.880um) and size 10.000um, is not located on a power stripe. Moving to closest stripe at (286.200um, 1871.680um).
[WARNING PSM-0030] VSRC location at (1125.520um, 1830.880um) and size 10.000um, is not located on a power stripe. Moving to closest stripe at (1123.200um, 1871.680um).
[WARNING PSM-0030] VSRC location at (1965.520um, 1830.880um) and size 10.000um, is not located on a power stripe. Moving to closest stripe at (1965.600um, 1871.680um).
[WARNING PSM-0030] VSRC location at (2805.520um, 1830.880um) and size 10.000um, is not located on a power stripe. Moving to closest stripe at (2808.000um, 1871.680um).
[WARNING PSM-0030] VSRC location at (565.520um, 1970.880um) and size 10.000um, is not located on a power stripe. Moving to closest stripe at (567.000um, 2051.680um).
[WARNING PSM-0030] VSRC location at (1405.520um, 1970.880um) and size 10.000um, is not located on a power stripe. Moving to closest stripe at (1404.000um, 2051.680um).
[WARNING PSM-0030] VSRC location at (2245.520um, 1970.880um) and size 10.000um, is not located on a power stripe. Moving to closest stripe at (2246.400um, 2051.680um).
[WARNING PSM-0030] VSRC location at (5.520um, 2110.880um) and size 10.000um, is not located on a power stripe. Moving to closest stripe at (5.400um, 2051.680um).
[WARNING PSM-0030] VSRC location at (845.520um, 2110.880um) and size 10.000um, is not located on a power stripe. Moving to closest stripe at (847.800um, 2051.680um).
[WARNING PSM-0030] VSRC location at (1685.520um, 2110.880um) and size 10.000um, is not located on a power stripe. Moving to closest stripe at (1684.800um, 2051.680um).
[WARNING PSM-0030] VSRC location at (2525.520um, 2110.880um) and size 10.000um, is not located on a power stripe. Moving to closest stripe at (2527.200um, 2051.680um).
[WARNING PSM-0030] VSRC location at (285.520um, 2250.880um) and size 10.000um, is not located on a power stripe. Moving to closest stripe at (286.200um, 2231.680um).
[WARNING PSM-0030] VSRC location at (1125.520um, 2250.880um) and size 10.000um, is not located on a power stripe. Moving to closest stripe at (1123.200um, 2231.680um).
[WARNING PSM-0030] VSRC location at (1965.520um, 2250.880um) and size 10.000um, is not located on a power stripe. Moving to closest stripe at (1965.600um, 2231.680um).
[WARNING PSM-0030] VSRC location at (2805.520um, 2250.880um) and size 10.000um, is not located on a power stripe. Moving to closest stripe at (2808.000um, 2231.680um).
[WARNING PSM-0030] VSRC location at (565.520um, 2390.880um) and size 10.000um, is not located on a power stripe. Moving to closest stripe at (567.000um, 2411.680um).
[WARNING PSM-0030] VSRC location at (1405.520um, 2390.880um) and size 10.000um, is not located on a power stripe. Moving to closest stripe at (1404.000um, 2411.680um).
[WARNING PSM-0030] VSRC location at (2245.520um, 2390.880um) and size 10.000um, is not located on a power stripe. Moving to closest stripe at (2246.400um, 2411.680um).
[WARNING PSM-0030] VSRC location at (5.520um, 2530.880um) and size 10.000um, is not located on a power stripe. Moving to closest stripe at (5.400um, 2591.680um).
[WARNING PSM-0030] VSRC location at (845.520um, 2530.880um) and size 10.000um, is not located on a power stripe. Moving to closest stripe at (847.800um, 2591.680um).
[WARNING PSM-0030] VSRC location at (1685.520um, 2530.880um) and size 10.000um, is not located on a power stripe. Moving to closest stripe at (1684.800um, 2591.680um).
[WARNING PSM-0030] VSRC location at (2525.520um, 2530.880um) and size 10.000um, is not located on a power stripe. Moving to closest stripe at (2527.200um, 2591.680um).
[WARNING PSM-0030] VSRC location at (285.520um, 2670.880um) and size 10.000um, is not located on a power stripe. Moving to closest stripe at (286.200um, 2591.680um).
[WARNING PSM-0030] VSRC location at (1125.520um, 2670.880um) and size 10.000um, is not located on a power stripe. Moving to closest stripe at (1123.200um, 2591.680um).
[WARNING PSM-0030] VSRC location at (1965.520um, 2670.880um) and size 10.000um, is not located on a power stripe. Moving to closest stripe at (1965.600um, 2591.680um).
[WARNING PSM-0030] VSRC location at (2805.520um, 2670.880um) and size 10.000um, is not located on a power stripe. Moving to closest stripe at (2808.000um, 2591.680um).
[WARNING PSM-0030] VSRC location at (565.520um, 2810.880um) and size 10.000um, is not located on a power stripe. Moving to closest stripe at (567.000um, 2771.680um).
[WARNING PSM-0030] VSRC location at (1405.520um, 2810.880um) and size 10.000um, is not located on a power stripe. Moving to closest stripe at (1404.000um, 2771.680um).
[WARNING PSM-0030] VSRC location at (2245.520um, 2810.880um) and size 10.000um, is not located on a power stripe. Moving to closest stripe at (2246.400um, 2771.680um).
[WARNING PSM-0030] VSRC location at (285.520um, 3090.880um) and size 10.000um, is not located on a power stripe. Moving to closest stripe at (286.200um, 3131.680um).
[WARNING PSM-0030] VSRC location at (1125.520um, 3090.880um) and size 10.000um, is not located on a power stripe. Moving to closest stripe at (1123.200um, 3131.680um).
[WARNING PSM-0030] VSRC location at (1965.520um, 3090.880um) and size 10.000um, is not located on a power stripe. Moving to closest stripe at (1965.600um, 3131.680um).
[WARNING PSM-0030] VSRC location at (2805.520um, 3090.880um) and size 10.000um, is not located on a power stripe. Moving to closest stripe at (2808.000um, 3131.680um).
[WARNING PSM-0030] VSRC location at (565.520um, 3230.880um) and size 10.000um, is not located on a power stripe. Moving to closest stripe at (567.000um, 3311.680um).
[WARNING PSM-0030] VSRC location at (1405.520um, 3230.880um) and size 10.000um, is not located on a power stripe. Moving to closest stripe at (1404.000um, 3311.680um).
[WARNING PSM-0030] VSRC location at (2245.520um, 3230.880um) and size 10.000um, is not located on a power stripe. Moving to closest stripe at (2246.400um, 3311.680um).
[INFO PSM-0031] Number of PDN nodes on net vdda2 = 12291.
[WARNING PSM-0032] Node at (2953800, 1759840) and layer 5 moved from (2956900, 3551600).
[WARNING PSM-0032] Node at (2764800, 1759840) and layer 5 moved from (2766320, 3551600).
[WARNING PSM-0032] Node at (2586600, 1759840) and layer 5 moved from (2586320, 3551600).
[WARNING PSM-0032] Node at (2403000, 3253975) and layer 5 moved from (2406320, 3551600).
[WARNING PSM-0032] Node at (2224800, 3253975) and layer 5 moved from (2226320, 3551600).
[WARNING PSM-0032] Node at (2046600, 3253975) and layer 5 moved from (2046320, 3551600).
[WARNING PSM-0032] Node at (1863000, 3253975) and layer 5 moved from (1866320, 3551600).
[WARNING PSM-0032] Node at (1684800, 3253975) and layer 5 moved from (1686320, 3551600).
[WARNING PSM-0032] Node at (1506600, 3253975) and layer 5 moved from (1506320, 3551600).
[WARNING PSM-0032] Node at (1323000, 3253975) and layer 5 moved from (1326320, 3551600).
[WARNING PSM-0032] Node at (1323000, 3253975) and layer 5 moved from (1146320, 3551600).
[WARNING PSM-0032] Node at (966600, 1759840) and layer 5 moved from (966320, 3551600).
[WARNING PSM-0032] Node at (783000, 1759840) and layer 5 moved from (786320, 3551600).
[WARNING PSM-0032] Node at (604800, 1759840) and layer 5 moved from (606320, 3551600).
[WARNING PSM-0032] Node at (426600, 1759840) and layer 5 moved from (426320, 3551600).
[WARNING PSM-0032] Node at (243000, 1759840) and layer 5 moved from (246320, 3551600).
[WARNING PSM-0032] Node at (64800, 1759840) and layer 5 moved from (66320, 3551600).
[WARNING PSM-0032] Node at (-37800, 1759840) and layer 5 moved from (-37280, 3551600).
[WARNING PSM-0032] Node at (2953800, 1759840) and layer 5 moved from (2956900, 3491680).
[WARNING PSM-0032] Node at (2764800, 1759840) and layer 5 moved from (2766320, 3491680).
[WARNING PSM-0032] Node at (2586600, 1759840) and layer 5 moved from (2586320, 3491680).
[WARNING PSM-0032] Node at (2403000, 3253975) and layer 5 moved from (2406320, 3491680).
[WARNING PSM-0032] Node at (2224800, 3253975) and layer 5 moved from (2226320, 3491680).
[WARNING PSM-0032] Node at (2046600, 3253975) and layer 5 moved from (2046320, 3491680).
[WARNING PSM-0032] Node at (1863000, 3253975) and layer 5 moved from (1866320, 3491680).
[WARNING PSM-0032] Node at (1684800, 3253975) and layer 5 moved from (1686320, 3491680).
[WARNING PSM-0032] Node at (1506600, 3253975) and layer 5 moved from (1506320, 3491680).
[WARNING PSM-0032] Node at (1323000, 3253975) and layer 5 moved from (1326320, 3491680).
[WARNING PSM-0032] Node at (1323000, 3253975) and layer 5 moved from (1146320, 3491680).
[WARNING PSM-0032] Node at (966600, 1759840) and layer 5 moved from (966320, 3491680).
[WARNING PSM-0032] Node at (783000, 1759840) and layer 5 moved from (786320, 3491680).
[WARNING PSM-0032] Node at (604800, 1759840) and layer 5 moved from (606320, 3491680).
[WARNING PSM-0032] Node at (426600, 1759840) and layer 5 moved from (426320, 3491680).
[WARNING PSM-0032] Node at (243000, 1759840) and layer 5 moved from (246320, 3491680).
[WARNING PSM-0032] Node at (64800, 1759840) and layer 5 moved from (66320, 3491680).
[WARNING PSM-0032] Node at (-37800, 1759840) and layer 5 moved from (-37280, 3491680).
[WARNING PSM-0032] Node at (2953800, 1759840) and layer 5 moved from (2956900, 3311680).
[WARNING PSM-0032] Node at (2764800, 1759840) and layer 5 moved from (2766320, 3311680).
[WARNING PSM-0032] Node at (2586600, 1759840) and layer 5 moved from (2586320, 3311680).
[WARNING PSM-0032] Node at (2403000, 3253975) and layer 5 moved from (2406320, 3311680).
[WARNING PSM-0032] Node at (2224800, 3253975) and layer 5 moved from (2226320, 3311680).
[WARNING PSM-0032] Node at (2046600, 3253975) and layer 5 moved from (2046320, 3311680).
[WARNING PSM-0032] Node at (1863000, 3253975) and layer 5 moved from (1866320, 3311680).
[WARNING PSM-0032] Node at (1684800, 3253975) and layer 5 moved from (1686320, 3311680).
[WARNING PSM-0032] Node at (1506600, 3253975) and layer 5 moved from (1506320, 3311680).
[WARNING PSM-0032] Node at (1323000, 3253975) and layer 5 moved from (1326320, 3311680).
[WARNING PSM-0032] Node at (1323000, 3253975) and layer 5 moved from (1146320, 3311680).
[WARNING PSM-0032] Node at (966600, 1759840) and layer 5 moved from (966320, 3311680).
[WARNING PSM-0032] Node at (783000, 1759840) and layer 5 moved from (786320, 3311680).
[WARNING PSM-0032] Node at (604800, 1759840) and layer 5 moved from (606320, 3311680).
[WARNING PSM-0032] Node at (426600, 1759840) and layer 5 moved from (426320, 3311680).
[WARNING PSM-0032] Node at (243000, 1759840) and layer 5 moved from (246320, 3311680).
[WARNING PSM-0032] Node at (64800, 1759840) and layer 5 moved from (66320, 3311680).
[WARNING PSM-0032] Node at (-37800, 1759840) and layer 5 moved from (-37280, 3311680).
[WARNING PSM-0032] Node at (2953800, 1759840) and layer 5 moved from (2956900, 3131680).
[WARNING PSM-0032] Node at (2764800, 1759840) and layer 5 moved from (2766320, 3131680).
[WARNING PSM-0032] Node at (2586600, 1759840) and layer 5 moved from (2586320, 3131680).
[WARNING PSM-0032] Node at (2403000, 3253975) and layer 5 moved from (2406320, 3131680).
[WARNING PSM-0032] Node at (2224800, 3253975) and layer 5 moved from (2226320, 3131680).
[WARNING PSM-0032] Node at (2046600, 3253975) and layer 5 moved from (2046320, 3131680).
[WARNING PSM-0032] Node at (1863000, 3253975) and layer 5 moved from (1866320, 3131680).
[WARNING PSM-0032] Node at (1684800, 3253975) and layer 5 moved from (1686320, 3131680).
[WARNING PSM-0032] Node at (1506600, 3253975) and layer 5 moved from (1506320, 3131680).
[WARNING PSM-0032] Node at (1323000, 3253975) and layer 5 moved from (1326320, 3131680).
[WARNING PSM-0032] Node at (1323000, 3253975) and layer 5 moved from (1146320, 3131680).
[WARNING PSM-0032] Node at (966600, 1759840) and layer 5 moved from (966320, 3131680).
[WARNING PSM-0032] Node at (783000, 1759840) and layer 5 moved from (786320, 3131680).
[WARNING PSM-0032] Node at (604800, 1759840) and layer 5 moved from (606320, 3131680).
[WARNING PSM-0032] Node at (426600, 1759840) and layer 5 moved from (426320, 3131680).
[WARNING PSM-0032] Node at (243000, 1759840) and layer 5 moved from (246320, 3131680).
[WARNING PSM-0032] Node at (64800, 1759840) and layer 5 moved from (66320, 3131680).
[WARNING PSM-0032] Node at (-37800, 1759840) and layer 5 moved from (-37280, 3131680).
[WARNING PSM-0032] Node at (2953800, 1759840) and layer 5 moved from (2956900, 2951680).
[WARNING PSM-0032] Node at (2764800, 1759840) and layer 5 moved from (2766320, 2951680).
[WARNING PSM-0032] Node at (2586600, 1759840) and layer 5 moved from (2586320, 2951680).
[WARNING PSM-0032] Node at (2403000, 3253975) and layer 5 moved from (2406320, 2951680).
[WARNING PSM-0032] Node at (2224800, 3253975) and layer 5 moved from (2226320, 2951680).
[WARNING PSM-0032] Node at (2046600, 3253975) and layer 5 moved from (2046320, 2951680).
[WARNING PSM-0032] Node at (1863000, 3253975) and layer 5 moved from (1866320, 2951680).
[WARNING PSM-0032] Node at (1684800, 3253975) and layer 5 moved from (1686320, 2951680).
[WARNING PSM-0032] Node at (1506600, 3253975) and layer 5 moved from (1506320, 2951680).
[WARNING PSM-0032] Node at (1323000, 3253975) and layer 5 moved from (1326320, 2951680).
[WARNING PSM-0032] Node at (1323000, 3253975) and layer 5 moved from (1146320, 2951680).
[WARNING PSM-0032] Node at (966600, 1759840) and layer 5 moved from (966320, 2951680).
[WARNING PSM-0032] Node at (783000, 1759840) and layer 5 moved from (786320, 2951680).
[WARNING PSM-0032] Node at (604800, 1759840) and layer 5 moved from (606320, 2951680).
[WARNING PSM-0032] Node at (426600, 1759840) and layer 5 moved from (426320, 2951680).
[WARNING PSM-0032] Node at (243000, 1759840) and layer 5 moved from (246320, 2951680).
[WARNING PSM-0032] Node at (64800, 1759840) and layer 5 moved from (66320, 2951680).
[WARNING PSM-0032] Node at (-37800, 1759840) and layer 5 moved from (-37280, 2951680).
[WARNING PSM-0032] Node at (2953800, 1759840) and layer 5 moved from (2956900, 2771680).
[WARNING PSM-0032] Node at (2764800, 1759840) and layer 5 moved from (2766320, 2771680).
[WARNING PSM-0032] Node at (2586600, 1759840) and layer 5 moved from (2586320, 2771680).
[WARNING PSM-0032] Node at (1323000, 3253975) and layer 5 moved from (1146320, 2771680).
[WARNING PSM-0032] Node at (966600, 1759840) and layer 5 moved from (966320, 2771680).
[WARNING PSM-0032] Node at (783000, 1759840) and layer 5 moved from (786320, 2771680).
[WARNING PSM-0032] Node at (604800, 1759840) and layer 5 moved from (606320, 2771680).
[WARNING PSM-0032] Node at (426600, 1759840) and layer 5 moved from (426320, 2771680).
[WARNING PSM-0032] Node at (243000, 1759840) and layer 5 moved from (246320, 2771680).
[WARNING PSM-0032] Node at (64800, 1759840) and layer 5 moved from (66320, 2771680).
[WARNING PSM-0032] Node at (-37800, 1759840) and layer 5 moved from (-37280, 2771680).
[WARNING PSM-0032] Node at (2953800, 1759840) and layer 5 moved from (2956900, 2591680).
[WARNING PSM-0032] Node at (2764800, 1759840) and layer 5 moved from (2766320, 2591680).
[WARNING PSM-0032] Node at (2586600, 1759840) and layer 5 moved from (2586320, 2591680).
[WARNING PSM-0032] Node at (1144800, 1759840) and layer 5 moved from (1146320, 2591680).
[WARNING PSM-0032] Node at (966600, 1759840) and layer 5 moved from (966320, 2591680).
[WARNING PSM-0032] Node at (783000, 1759840) and layer 5 moved from (786320, 2591680).
[WARNING PSM-0032] Node at (604800, 1759840) and layer 5 moved from (606320, 2591680).
[WARNING PSM-0032] Node at (426600, 1759840) and layer 5 moved from (426320, 2591680).
[WARNING PSM-0032] Node at (243000, 1759840) and layer 5 moved from (246320, 2591680).
[WARNING PSM-0032] Node at (64800, 1759840) and layer 5 moved from (66320, 2591680).
[WARNING PSM-0032] Node at (-37800, 1759840) and layer 5 moved from (-37280, 2591680).
[WARNING PSM-0032] Node at (2953800, 1759840) and layer 5 moved from (2956900, 2411680).
[WARNING PSM-0032] Node at (2764800, 1759840) and layer 5 moved from (2766320, 2411680).
[WARNING PSM-0032] Node at (2586600, 1759840) and layer 5 moved from (2586320, 2411680).
[WARNING PSM-0032] Node at (1144800, 1759840) and layer 5 moved from (1146320, 2411680).
[WARNING PSM-0032] Node at (966600, 1759840) and layer 5 moved from (966320, 2411680).
[WARNING PSM-0032] Node at (783000, 1759840) and layer 5 moved from (786320, 2411680).
[WARNING PSM-0032] Node at (604800, 1759840) and layer 5 moved from (606320, 2411680).
[WARNING PSM-0032] Node at (426600, 1759840) and layer 5 moved from (426320, 2411680).
[WARNING PSM-0032] Node at (243000, 1759840) and layer 5 moved from (246320, 2411680).
[WARNING PSM-0032] Node at (64800, 1759840) and layer 5 moved from (66320, 2411680).
[WARNING PSM-0032] Node at (-37800, 1759840) and layer 5 moved from (-37280, 2411680).
[WARNING PSM-0032] Node at (2953800, 1759840) and layer 5 moved from (2956900, 2231680).
[WARNING PSM-0032] Node at (2764800, 1759840) and layer 5 moved from (2766320, 2231680).
[WARNING PSM-0032] Node at (2586600, 1759840) and layer 5 moved from (2586320, 2231680).
[WARNING PSM-0032] Node at (1144800, 1759840) and layer 5 moved from (1146320, 2231680).
[WARNING PSM-0032] Node at (966600, 1759840) and layer 5 moved from (966320, 2231680).
[WARNING PSM-0032] Node at (783000, 1759840) and layer 5 moved from (786320, 2231680).
[WARNING PSM-0032] Node at (604800, 1759840) and layer 5 moved from (606320, 2231680).
[WARNING PSM-0032] Node at (426600, 1759840) and layer 5 moved from (426320, 2231680).
[WARNING PSM-0032] Node at (243000, 1759840) and layer 5 moved from (246320, 2231680).
[WARNING PSM-0032] Node at (64800, 1759840) and layer 5 moved from (66320, 2231680).
[WARNING PSM-0032] Node at (-37800, 1759840) and layer 5 moved from (-37280, 2231680).
[WARNING PSM-0032] Node at (2953800, 1759840) and layer 5 moved from (2956900, 2051680).
[WARNING PSM-0032] Node at (2764800, 1759840) and layer 5 moved from (2766320, 2051680).
[WARNING PSM-0032] Node at (2586600, 1759840) and layer 5 moved from (2586320, 2051680).
[WARNING PSM-0032] Node at (1144800, 1759840) and layer 5 moved from (1146320, 2051680).
[WARNING PSM-0032] Node at (966600, 1759840) and layer 5 moved from (966320, 2051680).
[WARNING PSM-0032] Node at (783000, 1759840) and layer 5 moved from (786320, 2051680).
[WARNING PSM-0032] Node at (604800, 1759840) and layer 5 moved from (606320, 2051680).
[WARNING PSM-0032] Node at (426600, 1759840) and layer 5 moved from (426320, 2051680).
[WARNING PSM-0032] Node at (243000, 1759840) and layer 5 moved from (246320, 2051680).
[WARNING PSM-0032] Node at (64800, 1759840) and layer 5 moved from (66320, 2051680).
[WARNING PSM-0032] Node at (-37800, 1759840) and layer 5 moved from (-37280, 2051680).
[WARNING PSM-0032] Node at (2953800, 1759840) and layer 5 moved from (2956900, 1871680).
[WARNING PSM-0032] Node at (2764800, 1759840) and layer 5 moved from (2766320, 1871680).
[WARNING PSM-0032] Node at (2586600, 1759840) and layer 5 moved from (2586320, 1871680).
[WARNING PSM-0032] Node at (1144800, 1759840) and layer 5 moved from (1146320, 1871680).
[WARNING PSM-0032] Node at (966600, 1759840) and layer 5 moved from (966320, 1871680).
[WARNING PSM-0032] Node at (783000, 1759840) and layer 5 moved from (786320, 1871680).
[WARNING PSM-0032] Node at (604800, 1759840) and layer 5 moved from (606320, 1871680).
[WARNING PSM-0032] Node at (426600, 1759840) and layer 5 moved from (426320, 1871680).
[WARNING PSM-0032] Node at (243000, 1759840) and layer 5 moved from (246320, 1871680).
[WARNING PSM-0032] Node at (64800, 1759840) and layer 5 moved from (66320, 1871680).
[WARNING PSM-0032] Node at (-37800, 1759840) and layer 5 moved from (-37280, 1871680).
[WARNING PSM-0032] Node at (2953800, 1759840) and layer 5 moved from (2956900, 1691680).
[WARNING PSM-0032] Node at (2764800, 1759840) and layer 5 moved from (2766320, 1691680).
[WARNING PSM-0032] Node at (2586600, 1759840) and layer 5 moved from (2586320, 1691680).
[WARNING PSM-0032] Node at (1144800, 1759840) and layer 5 moved from (1146320, 1691680).
[WARNING PSM-0032] Node at (966600, 1759840) and layer 5 moved from (966320, 1691680).
[WARNING PSM-0032] Node at (783000, 1759840) and layer 5 moved from (786320, 1691680).
[WARNING PSM-0032] Node at (604800, 1759840) and layer 5 moved from (606320, 1691680).
[WARNING PSM-0032] Node at (426600, 1759840) and layer 5 moved from (426320, 1691680).
[WARNING PSM-0032] Node at (243000, 1759840) and layer 5 moved from (246320, 1691680).
[WARNING PSM-0032] Node at (64800, 1759840) and layer 5 moved from (66320, 1691680).
[WARNING PSM-0032] Node at (-37800, 1759840) and layer 5 moved from (-37280, 1691680).
[WARNING PSM-0032] Node at (2953800, 1759840) and layer 5 moved from (2956900, 1511680).
[WARNING PSM-0032] Node at (2764800, 1759840) and layer 5 moved from (2766320, 1511680).
[WARNING PSM-0032] Node at (2586600, 1759840) and layer 5 moved from (2586320, 1511680).
[WARNING PSM-0032] Node at (2581200, 1759840) and layer 5 moved from (2406320, 1511680).
[WARNING PSM-0032] Node at (2224800, 820865) and layer 5 moved from (2226320, 1511680).
[WARNING PSM-0032] Node at (2046600, 820865) and layer 5 moved from (2046320, 1511680).
[WARNING PSM-0032] Node at (1863000, 820865) and layer 5 moved from (1866320, 1511680).
[WARNING PSM-0032] Node at (1684800, 820865) and layer 5 moved from (1686320, 1511680).
[WARNING PSM-0032] Node at (1506600, 820865) and layer 5 moved from (1506320, 1511680).
[WARNING PSM-0032] Node at (1323000, 820865) and layer 5 moved from (1326320, 1511680).
[WARNING PSM-0032] Node at (1144800, 1759840) and layer 5 moved from (1146320, 1511680).
[WARNING PSM-0032] Node at (966600, 1759840) and layer 5 moved from (966320, 1511680).
[WARNING PSM-0032] Node at (783000, 1759840) and layer 5 moved from (786320, 1511680).
[WARNING PSM-0032] Node at (604800, 1759840) and layer 5 moved from (606320, 1511680).
[WARNING PSM-0032] Node at (426600, 1759840) and layer 5 moved from (426320, 1511680).
[WARNING PSM-0032] Node at (243000, 1759840) and layer 5 moved from (246320, 1511680).
[WARNING PSM-0032] Node at (64800, 1759840) and layer 5 moved from (66320, 1511680).
[WARNING PSM-0032] Node at (-37800, 1759840) and layer 5 moved from (-37280, 1511680).
[WARNING PSM-0032] Node at (2953800, 1759840) and layer 5 moved from (2956900, 1331680).
[WARNING PSM-0032] Node at (2764800, 1759840) and layer 5 moved from (2766320, 1331680).
[WARNING PSM-0032] Node at (2586600, 1759840) and layer 5 moved from (2586320, 1331680).
[WARNING PSM-0032] Node at (2403000, 820865) and layer 5 moved from (2406320, 1331680).
[WARNING PSM-0032] Node at (2224800, 820865) and layer 5 moved from (2226320, 1331680).
[WARNING PSM-0032] Node at (2046600, 820865) and layer 5 moved from (2046320, 1331680).
[WARNING PSM-0032] Node at (1863000, 820865) and layer 5 moved from (1866320, 1331680).
[WARNING PSM-0032] Node at (1684800, 820865) and layer 5 moved from (1686320, 1331680).
[WARNING PSM-0032] Node at (1506600, 820865) and layer 5 moved from (1506320, 1331680).
[WARNING PSM-0032] Node at (1323000, 820865) and layer 5 moved from (1326320, 1331680).
[WARNING PSM-0032] Node at (1144800, 1759840) and layer 5 moved from (1146320, 1331680).
[WARNING PSM-0032] Node at (966600, 1759840) and layer 5 moved from (966320, 1331680).
[WARNING PSM-0032] Node at (783000, 1759840) and layer 5 moved from (786320, 1331680).
[WARNING PSM-0032] Node at (604800, 1759840) and layer 5 moved from (606320, 1331680).
[WARNING PSM-0032] Node at (426600, 1759840) and layer 5 moved from (426320, 1331680).
[WARNING PSM-0032] Node at (243000, 1759840) and layer 5 moved from (246320, 1331680).
[WARNING PSM-0032] Node at (64800, 1759840) and layer 5 moved from (66320, 1331680).
[WARNING PSM-0032] Node at (-37800, 1759840) and layer 5 moved from (-37280, 1331680).
[WARNING PSM-0032] Node at (2953800, 1759840) and layer 5 moved from (2956900, 1151680).
[WARNING PSM-0032] Node at (2764800, 1759840) and layer 5 moved from (2766320, 1151680).
[WARNING PSM-0032] Node at (2586600, 1759840) and layer 5 moved from (2586320, 1151680).
[WARNING PSM-0032] Node at (2403000, 820865) and layer 5 moved from (2406320, 1151680).
[WARNING PSM-0032] Node at (2224800, 820865) and layer 5 moved from (2226320, 1151680).
[WARNING PSM-0032] Node at (2046600, 820865) and layer 5 moved from (2046320, 1151680).
[WARNING PSM-0032] Node at (1863000, 820865) and layer 5 moved from (1866320, 1151680).
[WARNING PSM-0032] Node at (1684800, 820865) and layer 5 moved from (1686320, 1151680).
[WARNING PSM-0032] Node at (1506600, 820865) and layer 5 moved from (1506320, 1151680).
[WARNING PSM-0032] Node at (1323000, 820865) and layer 5 moved from (1326320, 1151680).
[WARNING PSM-0032] Node at (1323000, 820865) and layer 5 moved from (1146320, 1151680).
[WARNING PSM-0032] Node at (966600, 1759840) and layer 5 moved from (966320, 1151680).
[WARNING PSM-0032] Node at (783000, 1759840) and layer 5 moved from (786320, 1151680).
[WARNING PSM-0032] Node at (604800, 1759840) and layer 5 moved from (606320, 1151680).
[WARNING PSM-0032] Node at (426600, 1759840) and layer 5 moved from (426320, 1151680).
[WARNING PSM-0032] Node at (243000, 1759840) and layer 5 moved from (246320, 1151680).
[WARNING PSM-0032] Node at (64800, 1759840) and layer 5 moved from (66320, 1151680).
[WARNING PSM-0032] Node at (-37800, 1759840) and layer 5 moved from (-37280, 1151680).
[WARNING PSM-0032] Node at (2953800, 1759840) and layer 5 moved from (2956900, 971680).
[WARNING PSM-0032] Node at (2764800, 1759840) and layer 5 moved from (2766320, 971680).
[WARNING PSM-0032] Node at (2586600, 1759840) and layer 5 moved from (2586320, 971680).
[WARNING PSM-0032] Node at (2403000, 820865) and layer 5 moved from (2406320, 971680).
[WARNING PSM-0032] Node at (2224800, 820865) and layer 5 moved from (2226320, 971680).
[WARNING PSM-0032] Node at (2046600, 820865) and layer 5 moved from (2046320, 971680).
[WARNING PSM-0032] Node at (1863000, 820865) and layer 5 moved from (1866320, 971680).
[WARNING PSM-0032] Node at (1684800, 820865) and layer 5 moved from (1686320, 971680).
[WARNING PSM-0032] Node at (1506600, 820865) and layer 5 moved from (1506320, 971680).
[WARNING PSM-0032] Node at (1323000, 820865) and layer 5 moved from (1326320, 971680).
[WARNING PSM-0032] Node at (1323000, 820865) and layer 5 moved from (1146320, 971680).
[WARNING PSM-0032] Node at (966600, 1759840) and layer 5 moved from (966320, 971680).
[WARNING PSM-0032] Node at (783000, 1759840) and layer 5 moved from (786320, 971680).
[WARNING PSM-0032] Node at (604800, 1759840) and layer 5 moved from (606320, 971680).
[WARNING PSM-0032] Node at (426600, 1759840) and layer 5 moved from (426320, 971680).
[WARNING PSM-0032] Node at (243000, 1759840) and layer 5 moved from (246320, 971680).
[WARNING PSM-0032] Node at (64800, 1759840) and layer 5 moved from (66320, 971680).
[WARNING PSM-0032] Node at (-37800, 1759840) and layer 5 moved from (-37280, 971680).
[WARNING PSM-0032] Node at (2953800, 1759840) and layer 5 moved from (2956900, 791680).
[WARNING PSM-0032] Node at (2764800, 1759840) and layer 5 moved from (2766320, 791680).
[WARNING PSM-0032] Node at (2586600, 1759840) and layer 5 moved from (2586320, 791680).
[WARNING PSM-0032] Node at (2403000, 820865) and layer 5 moved from (2406320, 791680).
[WARNING PSM-0032] Node at (2224800, 820865) and layer 5 moved from (2226320, 791680).
[WARNING PSM-0032] Node at (2046600, 820865) and layer 5 moved from (2046320, 791680).
[WARNING PSM-0032] Node at (1863000, 820865) and layer 5 moved from (1866320, 791680).
[WARNING PSM-0032] Node at (1684800, 820865) and layer 5 moved from (1686320, 791680).
[WARNING PSM-0032] Node at (1506600, 820865) and layer 5 moved from (1506320, 791680).
[WARNING PSM-0032] Node at (1323000, 820865) and layer 5 moved from (1326320, 791680).
[WARNING PSM-0032] Node at (1323000, 820865) and layer 5 moved from (1146320, 791680).
[WARNING PSM-0032] Node at (966600, 1759840) and layer 5 moved from (966320, 791680).
[WARNING PSM-0032] Node at (783000, 1759840) and layer 5 moved from (786320, 791680).
[WARNING PSM-0032] Node at (604800, 1759840) and layer 5 moved from (606320, 791680).
[WARNING PSM-0032] Node at (426600, 1759840) and layer 5 moved from (426320, 791680).
[WARNING PSM-0032] Node at (243000, 1759840) and layer 5 moved from (246320, 791680).
[WARNING PSM-0032] Node at (64800, 1759840) and layer 5 moved from (66320, 791680).
[WARNING PSM-0032] Node at (-37800, 1759840) and layer 5 moved from (-37280, 791680).
[WARNING PSM-0032] Node at (2953800, 1759840) and layer 5 moved from (2956900, 611680).
[WARNING PSM-0032] Node at (2764800, 1759840) and layer 5 moved from (2766320, 611680).
[WARNING PSM-0032] Node at (2586600, 1759840) and layer 5 moved from (2586320, 611680).
[WARNING PSM-0032] Node at (2403000, 820865) and layer 5 moved from (2406320, 611680).
[WARNING PSM-0032] Node at (2224800, 820865) and layer 5 moved from (2226320, 611680).
[WARNING PSM-0032] Node at (2046600, 820865) and layer 5 moved from (2046320, 611680).
[WARNING PSM-0032] Node at (1863000, 820865) and layer 5 moved from (1866320, 611680).
[WARNING PSM-0032] Node at (1684800, 820865) and layer 5 moved from (1686320, 611680).
[WARNING PSM-0032] Node at (1506600, 820865) and layer 5 moved from (1506320, 611680).
[WARNING PSM-0032] Node at (1323000, 820865) and layer 5 moved from (1326320, 611680).
[WARNING PSM-0032] Node at (1323000, 820865) and layer 5 moved from (1146320, 611680).
[WARNING PSM-0032] Node at (966600, 1759840) and layer 5 moved from (966320, 611680).
[WARNING PSM-0032] Node at (783000, 1759840) and layer 5 moved from (786320, 611680).
[WARNING PSM-0032] Node at (604800, 1759840) and layer 5 moved from (606320, 611680).
[WARNING PSM-0032] Node at (426600, 1759840) and layer 5 moved from (426320, 611680).
[WARNING PSM-0032] Node at (243000, 1759840) and layer 5 moved from (246320, 611680).
[WARNING PSM-0032] Node at (64800, 1759840) and layer 5 moved from (66320, 611680).
[WARNING PSM-0032] Node at (-37800, 1759840) and layer 5 moved from (-37280, 611680).
[WARNING PSM-0032] Node at (2953800, 1759840) and layer 5 moved from (2956900, 431680).
[WARNING PSM-0032] Node at (2764800, 1759840) and layer 5 moved from (2766320, 431680).
[WARNING PSM-0032] Node at (2586600, 1759840) and layer 5 moved from (2586320, 431680).
[WARNING PSM-0032] Node at (2403000, 820865) and layer 5 moved from (2406320, 431680).
[WARNING PSM-0032] Node at (2224800, 820865) and layer 5 moved from (2226320, 431680).
[WARNING PSM-0032] Node at (2046600, 820865) and layer 5 moved from (2046320, 431680).
[WARNING PSM-0032] Node at (1863000, 820865) and layer 5 moved from (1866320, 431680).
[WARNING PSM-0032] Node at (1684800, 820865) and layer 5 moved from (1686320, 431680).
[WARNING PSM-0032] Node at (1506600, 820865) and layer 5 moved from (1506320, 431680).
[WARNING PSM-0032] Node at (1323000, 820865) and layer 5 moved from (1326320, 431680).
[WARNING PSM-0032] Node at (1323000, 820865) and layer 5 moved from (1146320, 431680).
[WARNING PSM-0032] Node at (966600, 1759840) and layer 5 moved from (966320, 431680).
[WARNING PSM-0032] Node at (783000, 1759840) and layer 5 moved from (786320, 431680).
[WARNING PSM-0032] Node at (604800, 1759840) and layer 5 moved from (606320, 431680).
[WARNING PSM-0032] Node at (426600, 1759840) and layer 5 moved from (426320, 431680).
[WARNING PSM-0032] Node at (243000, 1759840) and layer 5 moved from (246320, 431680).
[WARNING PSM-0032] Node at (64800, 1759840) and layer 5 moved from (66320, 431680).
[WARNING PSM-0032] Node at (-37800, 1759840) and layer 5 moved from (-37280, 431680).
[WARNING PSM-0032] Node at (2953800, 1759840) and layer 5 moved from (2956900, 251680).
[WARNING PSM-0032] Node at (2764800, 1759840) and layer 5 moved from (2766320, 251680).
[WARNING PSM-0032] Node at (2586600, 1759840) and layer 5 moved from (2586320, 251680).
[WARNING PSM-0032] Node at (2403000, 820865) and layer 5 moved from (2406320, 251680).
[WARNING PSM-0032] Node at (2224800, 820865) and layer 5 moved from (2226320, 251680).
[WARNING PSM-0032] Node at (2046600, 820865) and layer 5 moved from (2046320, 251680).
[WARNING PSM-0032] Node at (1863000, 820865) and layer 5 moved from (1866320, 251680).
[WARNING PSM-0032] Node at (1684800, 820865) and layer 5 moved from (1686320, 251680).
[WARNING PSM-0032] Node at (1506600, 820865) and layer 5 moved from (1506320, 251680).
[WARNING PSM-0032] Node at (1323000, 820865) and layer 5 moved from (1326320, 251680).
[WARNING PSM-0032] Node at (1323000, 820865) and layer 5 moved from (1146320, 251680).
[WARNING PSM-0032] Node at (966600, 1759840) and layer 5 moved from (966320, 251680).
[WARNING PSM-0032] Node at (783000, 1759840) and layer 5 moved from (786320, 251680).
[WARNING PSM-0032] Node at (604800, 1759840) and layer 5 moved from (606320, 251680).
[WARNING PSM-0032] Node at (426600, 1759840) and layer 5 moved from (426320, 251680).
[WARNING PSM-0032] Node at (243000, 1759840) and layer 5 moved from (246320, 251680).
[WARNING PSM-0032] Node at (64800, 1759840) and layer 5 moved from (66320, 251680).
[WARNING PSM-0032] Node at (-37800, 1759840) and layer 5 moved from (-37280, 251680).
[WARNING PSM-0032] Node at (2953800, 1759840) and layer 5 moved from (2956900, 71680).
[WARNING PSM-0032] Node at (2764800, 1759840) and layer 5 moved from (2766320, 71680).
[WARNING PSM-0032] Node at (2586600, 1759840) and layer 5 moved from (2586320, 71680).
[WARNING PSM-0032] Node at (2403000, 820865) and layer 5 moved from (2406320, 71680).
[WARNING PSM-0032] Node at (2224800, 820865) and layer 5 moved from (2226320, 71680).
[WARNING PSM-0032] Node at (2046600, 820865) and layer 5 moved from (2046320, 71680).
[WARNING PSM-0032] Node at (1863000, 820865) and layer 5 moved from (1866320, 71680).
[WARNING PSM-0032] Node at (1684800, 820865) and layer 5 moved from (1686320, 71680).
[WARNING PSM-0032] Node at (1506600, 820865) and layer 5 moved from (1506320, 71680).
[WARNING PSM-0032] Node at (1323000, 820865) and layer 5 moved from (1326320, 71680).
[WARNING PSM-0032] Node at (1323000, 820865) and layer 5 moved from (1146320, 71680).
[WARNING PSM-0032] Node at (966600, 1759840) and layer 5 moved from (966320, 71680).
[WARNING PSM-0032] Node at (783000, 1759840) and layer 5 moved from (786320, 71680).
[WARNING PSM-0032] Node at (604800, 1759840) and layer 5 moved from (606320, 71680).
[WARNING PSM-0032] Node at (426600, 1759840) and layer 5 moved from (426320, 71680).
[WARNING PSM-0032] Node at (243000, 1759840) and layer 5 moved from (246320, 71680).
[WARNING PSM-0032] Node at (64800, 1759840) and layer 5 moved from (66320, 71680).
[WARNING PSM-0032] Node at (-37800, 1759840) and layer 5 moved from (-37280, 71680).
[WARNING PSM-0032] Node at (2953800, 1759840) and layer 5 moved from (2956900, -31920).
[WARNING PSM-0032] Node at (2764800, 1759840) and layer 5 moved from (2766320, -31920).
[WARNING PSM-0032] Node at (2586600, 1759840) and layer 5 moved from (2586320, -31920).
[WARNING PSM-0032] Node at (2403000, 820865) and layer 5 moved from (2406320, -31920).
[WARNING PSM-0032] Node at (2224800, 820865) and layer 5 moved from (2226320, -31920).
[WARNING PSM-0032] Node at (2046600, 820865) and layer 5 moved from (2046320, -31920).
[WARNING PSM-0032] Node at (1863000, 820865) and layer 5 moved from (1866320, -31920).
[WARNING PSM-0032] Node at (1684800, 820865) and layer 5 moved from (1686320, -31920).
[WARNING PSM-0032] Node at (1506600, 820865) and layer 5 moved from (1506320, -31920).
[WARNING PSM-0032] Node at (1323000, 820865) and layer 5 moved from (1326320, -31920).
[WARNING PSM-0032] Node at (1323000, 820865) and layer 5 moved from (1146320, -31920).
[WARNING PSM-0032] Node at (966600, 1759840) and layer 5 moved from (966320, -31920).
[WARNING PSM-0032] Node at (783000, 1759840) and layer 5 moved from (786320, -31920).
[WARNING PSM-0032] Node at (604800, 1759840) and layer 5 moved from (606320, -31920).
[WARNING PSM-0032] Node at (426600, 1759840) and layer 5 moved from (426320, -31920).
[WARNING PSM-0032] Node at (243000, 1759840) and layer 5 moved from (246320, -31920).
[WARNING PSM-0032] Node at (64800, 1759840) and layer 5 moved from (66320, -31920).
[WARNING PSM-0032] Node at (-37800, 1759840) and layer 5 moved from (-37280, -31920).
[INFO PSM-0064] Number of voltage sources = 88.
[INFO PSM-0040] All PDN stripes on net vdda2 are connected.
########## IR report #################
Worstcase voltage: 1.80e+00 V
Average IR drop  : 2.82e-14 V
Worstcase IR drop: 1.57e-12 V
######################################
