
===========================================================================
 report_check_types -max_slew -max_cap -max_fanout -violators
============================================================================
max slew

Pin                                    Limit    Slew   Slack
------------------------------------------------------------
_12310_/A                               1.50    1.75   -0.25 (VIOLATED)
_16623_/CLK                             1.50    1.75   -0.25 (VIOLATED)
_16624_/CLK                             1.50    1.75   -0.25 (VIOLATED)
_16625_/CLK                             1.50    1.75   -0.25 (VIOLATED)
_16626_/CLK                             1.50    1.75   -0.25 (VIOLATED)
_16736_/CLK                             1.50    1.75   -0.25 (VIOLATED)
_16737_/CLK                             1.50    1.75   -0.25 (VIOLATED)
_16738_/CLK                             1.50    1.75   -0.25 (VIOLATED)
_16739_/CLK                             1.50    1.75   -0.25 (VIOLATED)
_16740_/CLK                             1.50    1.75   -0.25 (VIOLATED)
_16741_/CLK                             1.50    1.75   -0.25 (VIOLATED)
_16742_/CLK                             1.50    1.75   -0.25 (VIOLATED)
_16743_/CLK                             1.50    1.75   -0.25 (VIOLATED)
_16744_/CLK                             1.50    1.75   -0.25 (VIOLATED)
_16745_/CLK                             1.50    1.75   -0.25 (VIOLATED)
_16746_/CLK                             1.50    1.75   -0.25 (VIOLATED)
_16747_/CLK                             1.50    1.75   -0.25 (VIOLATED)
_16748_/CLK                             1.50    1.75   -0.25 (VIOLATED)
_16749_/CLK                             1.50    1.75   -0.25 (VIOLATED)
_16750_/CLK                             1.50    1.75   -0.25 (VIOLATED)
_16751_/CLK                             1.50    1.75   -0.25 (VIOLATED)
_16752_/CLK                             1.50    1.75   -0.25 (VIOLATED)
_16753_/CLK                             1.50    1.75   -0.25 (VIOLATED)
_16754_/CLK                             1.50    1.75   -0.25 (VIOLATED)
_16755_/CLK                             1.50    1.75   -0.25 (VIOLATED)
_16756_/CLK                             1.50    1.75   -0.25 (VIOLATED)
_16757_/CLK                             1.50    1.75   -0.25 (VIOLATED)
_16758_/CLK                             1.50    1.75   -0.25 (VIOLATED)
_16759_/CLK                             1.50    1.75   -0.25 (VIOLATED)
_16760_/CLK                             1.50    1.75   -0.25 (VIOLATED)
_16761_/CLK                             1.50    1.75   -0.25 (VIOLATED)
_16762_/CLK                             1.50    1.75   -0.25 (VIOLATED)
_16763_/CLK                             1.50    1.75   -0.25 (VIOLATED)
_16764_/CLK                             1.50    1.75   -0.25 (VIOLATED)
_16765_/CLK                             1.50    1.75   -0.25 (VIOLATED)
_16766_/CLK                             1.50    1.75   -0.25 (VIOLATED)
_16867_/CLK                             1.50    1.75   -0.25 (VIOLATED)
_16881_/CLK                             1.50    1.75   -0.25 (VIOLATED)
_16890_/CLK                             1.50    1.75   -0.25 (VIOLATED)
_16891_/CLK                             1.50    1.75   -0.25 (VIOLATED)
_16892_/CLK                             1.50    1.75   -0.25 (VIOLATED)
_16893_/CLK                             1.50    1.75   -0.25 (VIOLATED)
_16894_/CLK                             1.50    1.75   -0.25 (VIOLATED)
_16895_/CLK                             1.50    1.75   -0.25 (VIOLATED)
_16896_/CLK                             1.50    1.75   -0.25 (VIOLATED)
_16897_/CLK                             1.50    1.75   -0.25 (VIOLATED)
_16898_/CLK                             1.50    1.75   -0.25 (VIOLATED)
_16899_/CLK                             1.50    1.75   -0.25 (VIOLATED)
_16900_/CLK                             1.50    1.75   -0.25 (VIOLATED)
_16901_/CLK                             1.50    1.75   -0.25 (VIOLATED)
_16902_/CLK                             1.50    1.75   -0.25 (VIOLATED)
_16903_/CLK                             1.50    1.75   -0.25 (VIOLATED)
_16904_/CLK                             1.50    1.75   -0.25 (VIOLATED)
_16905_/CLK                             1.50    1.75   -0.25 (VIOLATED)
_16906_/CLK                             1.50    1.75   -0.25 (VIOLATED)
_16907_/CLK                             1.50    1.75   -0.25 (VIOLATED)
_16908_/CLK                             1.50    1.75   -0.25 (VIOLATED)
_16909_/CLK                             1.50    1.75   -0.25 (VIOLATED)
_16910_/CLK                             1.50    1.75   -0.25 (VIOLATED)
_16911_/CLK                             1.50    1.75   -0.25 (VIOLATED)
_16912_/CLK                             1.50    1.75   -0.25 (VIOLATED)
_16913_/CLK                             1.50    1.75   -0.25 (VIOLATED)
_16914_/CLK                             1.50    1.75   -0.25 (VIOLATED)
_16915_/CLK                             1.50    1.75   -0.25 (VIOLATED)
_16916_/CLK                             1.50    1.75   -0.25 (VIOLATED)
_16917_/CLK                             1.50    1.75   -0.25 (VIOLATED)
_16918_/CLK                             1.50    1.75   -0.25 (VIOLATED)
_16919_/CLK                             1.50    1.75   -0.25 (VIOLATED)
_16920_/CLK                             1.50    1.75   -0.25 (VIOLATED)
_16921_/CLK                             1.50    1.75   -0.25 (VIOLATED)
_16922_/CLK                             1.50    1.75   -0.25 (VIOLATED)
_16923_/CLK                             1.50    1.75   -0.25 (VIOLATED)
_16924_/CLK                             1.50    1.75   -0.25 (VIOLATED)
_16925_/CLK                             1.50    1.75   -0.25 (VIOLATED)
_16926_/CLK                             1.50    1.75   -0.25 (VIOLATED)
_16927_/CLK                             1.50    1.75   -0.25 (VIOLATED)
_16928_/CLK                             1.50    1.75   -0.25 (VIOLATED)
_16929_/CLK                             1.50    1.75   -0.25 (VIOLATED)
_16930_/CLK                             1.50    1.75   -0.25 (VIOLATED)
_16931_/CLK                             1.50    1.75   -0.25 (VIOLATED)
_16932_/CLK                             1.50    1.75   -0.25 (VIOLATED)
_16933_/CLK                             1.50    1.75   -0.25 (VIOLATED)
_16934_/CLK                             1.50    1.75   -0.25 (VIOLATED)
_16935_/CLK                             1.50    1.75   -0.25 (VIOLATED)
_16936_/CLK                             1.50    1.75   -0.25 (VIOLATED)
_16937_/CLK                             1.50    1.75   -0.25 (VIOLATED)
_16938_/CLK                             1.50    1.75   -0.25 (VIOLATED)
_16939_/CLK                             1.50    1.75   -0.25 (VIOLATED)
_16940_/CLK                             1.50    1.75   -0.25 (VIOLATED)
_16941_/CLK                             1.50    1.75   -0.25 (VIOLATED)
_16942_/CLK                             1.50    1.75   -0.25 (VIOLATED)
_16943_/CLK                             1.50    1.75   -0.25 (VIOLATED)
_16944_/CLK                             1.50    1.75   -0.25 (VIOLATED)
_16945_/CLK                             1.50    1.75   -0.25 (VIOLATED)
_16946_/CLK                             1.50    1.75   -0.25 (VIOLATED)
_16947_/CLK                             1.50    1.75   -0.25 (VIOLATED)
_16948_/CLK                             1.50    1.75   -0.25 (VIOLATED)
_16949_/CLK                             1.50    1.75   -0.25 (VIOLATED)
_16950_/CLK                             1.50    1.75   -0.25 (VIOLATED)
_16951_/CLK                             1.50    1.75   -0.25 (VIOLATED)
_16952_/CLK                             1.50    1.75   -0.25 (VIOLATED)
_16953_/CLK                             1.50    1.75   -0.25 (VIOLATED)
_16954_/CLK                             1.50    1.75   -0.25 (VIOLATED)
_16955_/CLK                             1.50    1.75   -0.25 (VIOLATED)
_16956_/CLK                             1.50    1.75   -0.25 (VIOLATED)
_16957_/CLK                             1.50    1.75   -0.25 (VIOLATED)
_16958_/CLK                             1.50    1.75   -0.25 (VIOLATED)
_16959_/CLK                             1.50    1.75   -0.25 (VIOLATED)
_16960_/CLK                             1.50    1.75   -0.25 (VIOLATED)
_16961_/CLK                             1.50    1.75   -0.25 (VIOLATED)
_16962_/CLK                             1.50    1.75   -0.25 (VIOLATED)
_16963_/CLK                             1.50    1.75   -0.25 (VIOLATED)
_16964_/CLK                             1.50    1.75   -0.25 (VIOLATED)
_16965_/CLK                             1.50    1.75   -0.25 (VIOLATED)
_16966_/CLK                             1.50    1.75   -0.25 (VIOLATED)
_16967_/CLK                             1.50    1.75   -0.25 (VIOLATED)
_16968_/CLK                             1.50    1.75   -0.25 (VIOLATED)
_16969_/CLK                             1.50    1.75   -0.25 (VIOLATED)
_16970_/CLK                             1.50    1.75   -0.25 (VIOLATED)
_16971_/CLK                             1.50    1.75   -0.25 (VIOLATED)
_16972_/CLK                             1.50    1.75   -0.25 (VIOLATED)
_16973_/CLK                             1.50    1.75   -0.25 (VIOLATED)
_16974_/CLK                             1.50    1.75   -0.25 (VIOLATED)
_16975_/CLK                             1.50    1.75   -0.25 (VIOLATED)
_16976_/CLK                             1.50    1.75   -0.25 (VIOLATED)
_16977_/CLK                             1.50    1.75   -0.25 (VIOLATED)
_16978_/CLK                             1.50    1.75   -0.25 (VIOLATED)
_16979_/CLK                             1.50    1.75   -0.25 (VIOLATED)
_16980_/CLK                             1.50    1.75   -0.25 (VIOLATED)
_16981_/CLK                             1.50    1.75   -0.25 (VIOLATED)
_16982_/CLK                             1.50    1.75   -0.25 (VIOLATED)
_16983_/CLK                             1.50    1.75   -0.25 (VIOLATED)
_16984_/CLK                             1.50    1.75   -0.25 (VIOLATED)
_16985_/CLK                             1.50    1.75   -0.25 (VIOLATED)
_16986_/CLK                             1.50    1.75   -0.25 (VIOLATED)
_16987_/CLK                             1.50    1.75   -0.25 (VIOLATED)
_16988_/CLK                             1.50    1.75   -0.25 (VIOLATED)
_16989_/CLK                             1.50    1.75   -0.25 (VIOLATED)
_16990_/CLK                             1.50    1.75   -0.25 (VIOLATED)
_16991_/CLK                             1.50    1.75   -0.25 (VIOLATED)
_16992_/CLK                             1.50    1.75   -0.25 (VIOLATED)
_16993_/CLK                             1.50    1.75   -0.25 (VIOLATED)
_16994_/CLK                             1.50    1.75   -0.25 (VIOLATED)
_16995_/CLK                             1.50    1.75   -0.25 (VIOLATED)
_16996_/CLK                             1.50    1.75   -0.25 (VIOLATED)
_16997_/CLK                             1.50    1.75   -0.25 (VIOLATED)
_16998_/CLK                             1.50    1.75   -0.25 (VIOLATED)
_16999_/CLK                             1.50    1.75   -0.25 (VIOLATED)
_17000_/CLK                             1.50    1.75   -0.25 (VIOLATED)
_17001_/CLK                             1.50    1.75   -0.25 (VIOLATED)
_17002_/CLK                             1.50    1.75   -0.25 (VIOLATED)
_17003_/CLK                             1.50    1.75   -0.25 (VIOLATED)
_17004_/CLK                             1.50    1.75   -0.25 (VIOLATED)
_17005_/CLK                             1.50    1.75   -0.25 (VIOLATED)
_17006_/CLK                             1.50    1.75   -0.25 (VIOLATED)
_17007_/CLK                             1.50    1.75   -0.25 (VIOLATED)
_17008_/CLK                             1.50    1.75   -0.25 (VIOLATED)
_17009_/CLK                             1.50    1.75   -0.25 (VIOLATED)
_17010_/CLK                             1.50    1.75   -0.25 (VIOLATED)
_17011_/CLK                             1.50    1.75   -0.25 (VIOLATED)
_17012_/CLK                             1.50    1.75   -0.25 (VIOLATED)
_17013_/CLK                             1.50    1.75   -0.25 (VIOLATED)
_17014_/CLK                             1.50    1.75   -0.25 (VIOLATED)
_17015_/CLK                             1.50    1.75   -0.25 (VIOLATED)
_17016_/CLK                             1.50    1.75   -0.25 (VIOLATED)
_17017_/CLK                             1.50    1.75   -0.25 (VIOLATED)
_17018_/CLK                             1.50    1.75   -0.25 (VIOLATED)
_17019_/CLK                             1.50    1.75   -0.25 (VIOLATED)
_17020_/CLK                             1.50    1.75   -0.25 (VIOLATED)
_17021_/CLK                             1.50    1.75   -0.25 (VIOLATED)
_17022_/CLK                             1.50    1.75   -0.25 (VIOLATED)
_17023_/CLK                             1.50    1.75   -0.25 (VIOLATED)
_17024_/CLK                             1.50    1.75   -0.25 (VIOLATED)
_17025_/CLK                             1.50    1.75   -0.25 (VIOLATED)
_17026_/CLK                             1.50    1.75   -0.25 (VIOLATED)
_17027_/CLK                             1.50    1.75   -0.25 (VIOLATED)
_17028_/CLK                             1.50    1.75   -0.25 (VIOLATED)
_17029_/CLK                             1.50    1.75   -0.25 (VIOLATED)
_17030_/CLK                             1.50    1.75   -0.25 (VIOLATED)
_17031_/CLK                             1.50    1.75   -0.25 (VIOLATED)
_17032_/CLK                             1.50    1.75   -0.25 (VIOLATED)
_17033_/CLK                             1.50    1.75   -0.25 (VIOLATED)
_17034_/CLK                             1.50    1.75   -0.25 (VIOLATED)
_17035_/CLK                             1.50    1.75   -0.25 (VIOLATED)
_17036_/CLK                             1.50    1.75   -0.25 (VIOLATED)
_17037_/CLK                             1.50    1.75   -0.25 (VIOLATED)
_17038_/CLK                             1.50    1.75   -0.25 (VIOLATED)
_16696_/Q                               1.50    1.75   -0.25 (VIOLATED)

max capacitance

Pin                                    Limit     Cap   Slack
------------------------------------------------------------
_16696_/Q                               0.32    0.38   -0.06 (VIOLATED)


===========================================================================
max slew violation count 188
max fanout violation count 0
max cap violation count 1
============================================================================
