
===========================================================================
report_checks -path_delay min (Hold)
============================================================================
Startpoint: _16879_ (rising edge-triggered flip-flop clocked by wb_clk_i)
Endpoint: _16674_ (removal check against rising-edge clock wb_clk_i)
Path Group: **async_default**
Path Type: min

Fanout     Cap    Slew   Delay    Time   Description
-----------------------------------------------------------------------------
                  0.15    0.00    0.00   clock wb_clk_i (rise edge)
                          0.00    0.00   clock network delay (ideal)
                  0.15    0.00    0.00 ^ _16879_/CLK (sky130_fd_sc_hd__dfxtp_2)
                  0.04    0.34    0.34 v _16879_/Q (sky130_fd_sc_hd__dfxtp_2)
     4    0.01                           game.color.reset (net)
                  0.04    0.00    0.34 v _12312_/A (sky130_fd_sc_hd__buf_1)
                  0.07    0.11    0.45 v _12312_/X (sky130_fd_sc_hd__buf_1)
     5    0.01                           _04426_ (net)
                  0.07    0.00    0.46 v _12373_/A (sky130_fd_sc_hd__buf_1)
                  0.07    0.13    0.59 v _12373_/X (sky130_fd_sc_hd__buf_1)
     5    0.01                           _04440_ (net)
                  0.07    0.00    0.59 v _12374_/A (sky130_fd_sc_hd__buf_1)
                  0.14    0.18    0.76 v _12374_/X (sky130_fd_sc_hd__buf_1)
     5    0.02                           _04441_ (net)
                  0.14    0.01    0.77 v _12379_/A (sky130_fd_sc_hd__inv_2)
                  0.05    0.07    0.84 ^ _12379_/Y (sky130_fd_sc_hd__inv_2)
     1    0.00                           _00305_ (net)
                  0.05    0.01    0.85 ^ _16674_/RESET_B (sky130_fd_sc_hd__dfrtp_2)
                                  0.85   data arrival time

                  0.15    0.00    0.00   clock wb_clk_i (rise edge)
                          0.00    0.00   clock network delay (ideal)
                          0.25    0.25   clock uncertainty
                          0.00    0.25   clock reconvergence pessimism
                                  0.25 ^ _16674_/CLK (sky130_fd_sc_hd__dfrtp_2)
                          0.35    0.60   library removal time
                                  0.60   data required time
-----------------------------------------------------------------------------
                                  0.60   data required time
                                 -0.85   data arrival time
-----------------------------------------------------------------------------
                                  0.25   slack (MET)


Startpoint: _16879_ (rising edge-triggered flip-flop clocked by wb_clk_i)
Endpoint: _16675_ (removal check against rising-edge clock wb_clk_i)
Path Group: **async_default**
Path Type: min

Fanout     Cap    Slew   Delay    Time   Description
-----------------------------------------------------------------------------
                  0.15    0.00    0.00   clock wb_clk_i (rise edge)
                          0.00    0.00   clock network delay (ideal)
                  0.15    0.00    0.00 ^ _16879_/CLK (sky130_fd_sc_hd__dfxtp_2)
                  0.04    0.34    0.34 v _16879_/Q (sky130_fd_sc_hd__dfxtp_2)
     4    0.01                           game.color.reset (net)
                  0.04    0.00    0.34 v _12312_/A (sky130_fd_sc_hd__buf_1)
                  0.07    0.11    0.45 v _12312_/X (sky130_fd_sc_hd__buf_1)
     5    0.01                           _04426_ (net)
                  0.07    0.00    0.46 v _12373_/A (sky130_fd_sc_hd__buf_1)
                  0.07    0.13    0.59 v _12373_/X (sky130_fd_sc_hd__buf_1)
     5    0.01                           _04440_ (net)
                  0.07    0.00    0.59 v _12380_/A (sky130_fd_sc_hd__buf_1)
                  0.14    0.18    0.76 v _12380_/X (sky130_fd_sc_hd__buf_1)
     5    0.02                           _04442_ (net)
                  0.14    0.01    0.77 v _12381_/A (sky130_fd_sc_hd__inv_2)
                  0.05    0.07    0.84 ^ _12381_/Y (sky130_fd_sc_hd__inv_2)
     1    0.00                           _00306_ (net)
                  0.05    0.01    0.85 ^ _16675_/RESET_B (sky130_fd_sc_hd__dfrtp_2)
                                  0.85   data arrival time

                  0.15    0.00    0.00   clock wb_clk_i (rise edge)
                          0.00    0.00   clock network delay (ideal)
                          0.25    0.25   clock uncertainty
                          0.00    0.25   clock reconvergence pessimism
                                  0.25 ^ _16675_/CLK (sky130_fd_sc_hd__dfrtp_2)
                          0.35    0.60   library removal time
                                  0.60   data required time
-----------------------------------------------------------------------------
                                  0.60   data required time
                                 -0.85   data arrival time
-----------------------------------------------------------------------------
                                  0.25   slack (MET)


Startpoint: _16879_ (rising edge-triggered flip-flop clocked by wb_clk_i)
Endpoint: _16676_ (removal check against rising-edge clock wb_clk_i)
Path Group: **async_default**
Path Type: min

Fanout     Cap    Slew   Delay    Time   Description
-----------------------------------------------------------------------------
                  0.15    0.00    0.00   clock wb_clk_i (rise edge)
                          0.00    0.00   clock network delay (ideal)
                  0.15    0.00    0.00 ^ _16879_/CLK (sky130_fd_sc_hd__dfxtp_2)
                  0.04    0.34    0.34 v _16879_/Q (sky130_fd_sc_hd__dfxtp_2)
     4    0.01                           game.color.reset (net)
                  0.04    0.00    0.34 v _12312_/A (sky130_fd_sc_hd__buf_1)
                  0.07    0.11    0.45 v _12312_/X (sky130_fd_sc_hd__buf_1)
     5    0.01                           _04426_ (net)
                  0.07    0.00    0.46 v _12373_/A (sky130_fd_sc_hd__buf_1)
                  0.07    0.13    0.59 v _12373_/X (sky130_fd_sc_hd__buf_1)
     5    0.01                           _04440_ (net)
                  0.07    0.00    0.59 v _12380_/A (sky130_fd_sc_hd__buf_1)
                  0.14    0.18    0.76 v _12380_/X (sky130_fd_sc_hd__buf_1)
     5    0.02                           _04442_ (net)
                  0.14    0.01    0.77 v _12382_/A (sky130_fd_sc_hd__inv_2)
                  0.05    0.07    0.84 ^ _12382_/Y (sky130_fd_sc_hd__inv_2)
     1    0.00                           _00307_ (net)
                  0.05    0.01    0.85 ^ _16676_/RESET_B (sky130_fd_sc_hd__dfrtp_2)
                                  0.85   data arrival time

                  0.15    0.00    0.00   clock wb_clk_i (rise edge)
                          0.00    0.00   clock network delay (ideal)
                          0.25    0.25   clock uncertainty
                          0.00    0.25   clock reconvergence pessimism
                                  0.25 ^ _16676_/CLK (sky130_fd_sc_hd__dfrtp_2)
                          0.35    0.60   library removal time
                                  0.60   data required time
-----------------------------------------------------------------------------
                                  0.60   data required time
                                 -0.85   data arrival time
-----------------------------------------------------------------------------
                                  0.25   slack (MET)


Startpoint: _16879_ (rising edge-triggered flip-flop clocked by wb_clk_i)
Endpoint: _16677_ (removal check against rising-edge clock wb_clk_i)
Path Group: **async_default**
Path Type: min

Fanout     Cap    Slew   Delay    Time   Description
-----------------------------------------------------------------------------
                  0.15    0.00    0.00   clock wb_clk_i (rise edge)
                          0.00    0.00   clock network delay (ideal)
                  0.15    0.00    0.00 ^ _16879_/CLK (sky130_fd_sc_hd__dfxtp_2)
                  0.04    0.34    0.34 v _16879_/Q (sky130_fd_sc_hd__dfxtp_2)
     4    0.01                           game.color.reset (net)
                  0.04    0.00    0.34 v _12312_/A (sky130_fd_sc_hd__buf_1)
                  0.07    0.11    0.45 v _12312_/X (sky130_fd_sc_hd__buf_1)
     5    0.01                           _04426_ (net)
                  0.07    0.00    0.46 v _12373_/A (sky130_fd_sc_hd__buf_1)
                  0.07    0.13    0.59 v _12373_/X (sky130_fd_sc_hd__buf_1)
     5    0.01                           _04440_ (net)
                  0.07    0.00    0.59 v _12380_/A (sky130_fd_sc_hd__buf_1)
                  0.14    0.18    0.76 v _12380_/X (sky130_fd_sc_hd__buf_1)
     5    0.02                           _04442_ (net)
                  0.14    0.01    0.77 v _12383_/A (sky130_fd_sc_hd__inv_2)
                  0.05    0.07    0.84 ^ _12383_/Y (sky130_fd_sc_hd__inv_2)
     1    0.00                           _00308_ (net)
                  0.05    0.01    0.85 ^ _16677_/RESET_B (sky130_fd_sc_hd__dfrtp_2)
                                  0.85   data arrival time

                  0.15    0.00    0.00   clock wb_clk_i (rise edge)
                          0.00    0.00   clock network delay (ideal)
                          0.25    0.25   clock uncertainty
                          0.00    0.25   clock reconvergence pessimism
                                  0.25 ^ _16677_/CLK (sky130_fd_sc_hd__dfrtp_2)
                          0.35    0.60   library removal time
                                  0.60   data required time
-----------------------------------------------------------------------------
                                  0.60   data required time
                                 -0.85   data arrival time
-----------------------------------------------------------------------------
                                  0.25   slack (MET)


Startpoint: _16879_ (rising edge-triggered flip-flop clocked by wb_clk_i)
Endpoint: _16678_ (removal check against rising-edge clock wb_clk_i)
Path Group: **async_default**
Path Type: min

Fanout     Cap    Slew   Delay    Time   Description
-----------------------------------------------------------------------------
                  0.15    0.00    0.00   clock wb_clk_i (rise edge)
                          0.00    0.00   clock network delay (ideal)
                  0.15    0.00    0.00 ^ _16879_/CLK (sky130_fd_sc_hd__dfxtp_2)
                  0.04    0.34    0.34 v _16879_/Q (sky130_fd_sc_hd__dfxtp_2)
     4    0.01                           game.color.reset (net)
                  0.04    0.00    0.34 v _12312_/A (sky130_fd_sc_hd__buf_1)
                  0.07    0.11    0.45 v _12312_/X (sky130_fd_sc_hd__buf_1)
     5    0.01                           _04426_ (net)
                  0.07    0.00    0.46 v _12373_/A (sky130_fd_sc_hd__buf_1)
                  0.07    0.13    0.59 v _12373_/X (sky130_fd_sc_hd__buf_1)
     5    0.01                           _04440_ (net)
                  0.07    0.00    0.59 v _12380_/A (sky130_fd_sc_hd__buf_1)
                  0.14    0.18    0.76 v _12380_/X (sky130_fd_sc_hd__buf_1)
     5    0.02                           _04442_ (net)
                  0.14    0.01    0.77 v _12384_/A (sky130_fd_sc_hd__inv_2)
                  0.05    0.07    0.84 ^ _12384_/Y (sky130_fd_sc_hd__inv_2)
     1    0.00                           _00309_ (net)
                  0.05    0.01    0.85 ^ _16678_/RESET_B (sky130_fd_sc_hd__dfrtp_2)
                                  0.85   data arrival time

                  0.15    0.00    0.00   clock wb_clk_i (rise edge)
                          0.00    0.00   clock network delay (ideal)
                          0.25    0.25   clock uncertainty
                          0.00    0.25   clock reconvergence pessimism
                                  0.25 ^ _16678_/CLK (sky130_fd_sc_hd__dfrtp_2)
                          0.35    0.60   library removal time
                                  0.60   data required time
-----------------------------------------------------------------------------
                                  0.60   data required time
                                 -0.85   data arrival time
-----------------------------------------------------------------------------
                                  0.25   slack (MET)


Startpoint: _16878_ (rising edge-triggered flip-flop clocked by wb_clk_i)
Endpoint: _16878_ (rising edge-triggered flip-flop clocked by wb_clk_i)
Path Group: wb_clk_i
Path Type: min

Fanout     Cap    Slew   Delay    Time   Description
-----------------------------------------------------------------------------
                  0.15    0.00    0.00   clock wb_clk_i (rise edge)
                          0.00    0.00   clock network delay (ideal)
                  0.15    0.00    0.00 ^ _16878_/CLK (sky130_fd_sc_hd__dfxtp_2)
                  0.07    0.35    0.35 ^ _16878_/Q (sky130_fd_sc_hd__dfxtp_2)
     3    0.01                           game.debounce.cnt1[4] (net)
                  0.07    0.01    0.36 ^ _12692_/A1 (sky130_fd_sc_hd__o21ai_2)
                  0.02    0.05    0.41 v _12692_/Y (sky130_fd_sc_hd__o21ai_2)
     1    0.00                           _00779_ (net)
                  0.02    0.00    0.42 v _16878_/D (sky130_fd_sc_hd__dfxtp_2)
                                  0.42   data arrival time

                  0.15    0.00    0.00   clock wb_clk_i (rise edge)
                          0.00    0.00   clock network delay (ideal)
                          0.25    0.25   clock uncertainty
                          0.00    0.25   clock reconvergence pessimism
                                  0.25 ^ _16878_/CLK (sky130_fd_sc_hd__dfxtp_2)
                         -0.01    0.24   library hold time
                                  0.24   data required time
-----------------------------------------------------------------------------
                                  0.24   data required time
                                 -0.42   data arrival time
-----------------------------------------------------------------------------
                                  0.18   slack (MET)


Startpoint: _16674_ (rising edge-triggered flip-flop clocked by wb_clk_i)
Endpoint: _16674_ (rising edge-triggered flip-flop clocked by wb_clk_i)
Path Group: wb_clk_i
Path Type: min

Fanout     Cap    Slew   Delay    Time   Description
-----------------------------------------------------------------------------
                  0.15    0.00    0.00   clock wb_clk_i (rise edge)
                          0.00    0.00   clock network delay (ideal)
                  0.15    0.00    0.00 ^ _16674_/CLK (sky130_fd_sc_hd__dfrtp_2)
                  0.09    0.39    0.39 ^ _16674_/Q (sky130_fd_sc_hd__dfrtp_2)
     2    0.01                           game.freq_2.counter[0] (net)
                  0.09    0.01    0.40 ^ _10533_/A (sky130_fd_sc_hd__inv_2)
                  0.02    0.03    0.43 v _10533_/Y (sky130_fd_sc_hd__inv_2)
     1    0.00                           _00231_ (net)
                  0.02    0.00    0.43 v _16674_/D (sky130_fd_sc_hd__dfrtp_2)
                                  0.43   data arrival time

                  0.15    0.00    0.00   clock wb_clk_i (rise edge)
                          0.00    0.00   clock network delay (ideal)
                          0.25    0.25   clock uncertainty
                          0.00    0.25   clock reconvergence pessimism
                                  0.25 ^ _16674_/CLK (sky130_fd_sc_hd__dfrtp_2)
                         -0.01    0.24   library hold time
                                  0.24   data required time
-----------------------------------------------------------------------------
                                  0.24   data required time
                                 -0.43   data arrival time
-----------------------------------------------------------------------------
                                  0.19   slack (MET)


Startpoint: _16869_ (rising edge-triggered flip-flop clocked by wb_clk_i)
Endpoint: _16869_ (rising edge-triggered flip-flop clocked by wb_clk_i)
Path Group: wb_clk_i
Path Type: min

Fanout     Cap    Slew   Delay    Time   Description
-----------------------------------------------------------------------------
                  0.15    0.00    0.00   clock wb_clk_i (rise edge)
                          0.00    0.00   clock network delay (ideal)
                  0.15    0.00    0.00 ^ _16869_/CLK (sky130_fd_sc_hd__dfxtp_2)
                  0.10    0.37    0.37 ^ _16869_/Q (sky130_fd_sc_hd__dfxtp_2)
     5    0.02                           game.debounce.cnt0[0] (net)
                  0.10    0.01    0.38 ^ _12659_/A1 (sky130_fd_sc_hd__a21oi_2)
                  0.03    0.05    0.43 v _12659_/Y (sky130_fd_sc_hd__a21oi_2)
     1    0.00                           _00770_ (net)
                  0.03    0.00    0.43 v _16869_/D (sky130_fd_sc_hd__dfxtp_2)
                                  0.43   data arrival time

                  0.15    0.00    0.00   clock wb_clk_i (rise edge)
                          0.00    0.00   clock network delay (ideal)
                          0.25    0.25   clock uncertainty
                          0.00    0.25   clock reconvergence pessimism
                                  0.25 ^ _16869_/CLK (sky130_fd_sc_hd__dfxtp_2)
                         -0.02    0.23   library hold time
                                  0.23   data required time
-----------------------------------------------------------------------------
                                  0.23   data required time
                                 -0.43   data arrival time
-----------------------------------------------------------------------------
                                  0.20   slack (MET)


Startpoint: _16676_ (rising edge-triggered flip-flop clocked by wb_clk_i)
Endpoint: _16676_ (rising edge-triggered flip-flop clocked by wb_clk_i)
Path Group: wb_clk_i
Path Type: min

Fanout     Cap    Slew   Delay    Time   Description
-----------------------------------------------------------------------------
                  0.15    0.00    0.00   clock wb_clk_i (rise edge)
                          0.00    0.00   clock network delay (ideal)
                  0.15    0.00    0.00 ^ _16676_/CLK (sky130_fd_sc_hd__dfrtp_2)
                  0.12    0.41    0.41 ^ _16676_/Q (sky130_fd_sc_hd__dfrtp_2)
     4    0.02                           game.freq_21.counter[0] (net)
                  0.12    0.01    0.42 ^ _10531_/A (sky130_fd_sc_hd__inv_2)
                  0.03    0.03    0.45 v _10531_/Y (sky130_fd_sc_hd__inv_2)
     1    0.00                           _00233_ (net)
                  0.03    0.00    0.46 v _16676_/D (sky130_fd_sc_hd__dfrtp_2)
                                  0.46   data arrival time

                  0.15    0.00    0.00   clock wb_clk_i (rise edge)
                          0.00    0.00   clock network delay (ideal)
                          0.25    0.25   clock uncertainty
                          0.00    0.25   clock reconvergence pessimism
                                  0.25 ^ _16676_/CLK (sky130_fd_sc_hd__dfrtp_2)
                         -0.01    0.24   library hold time
                                  0.24   data required time
-----------------------------------------------------------------------------
                                  0.24   data required time
                                 -0.46   data arrival time
-----------------------------------------------------------------------------
                                  0.22   slack (MET)


Startpoint: _16694_ (rising edge-triggered flip-flop clocked by wb_clk_i)
Endpoint: _16694_ (rising edge-triggered flip-flop clocked by wb_clk_i)
Path Group: wb_clk_i
Path Type: min

Fanout     Cap    Slew   Delay    Time   Description
-----------------------------------------------------------------------------
                  0.15    0.00    0.00   clock wb_clk_i (rise edge)
                          0.00    0.00   clock network delay (ideal)
                  0.15    0.00    0.00 ^ _16694_/CLK (sky130_fd_sc_hd__dfrtp_2)
                  0.09    0.39    0.39 ^ _16694_/Q (sky130_fd_sc_hd__dfrtp_2)
     3    0.01                           game.freq_21.counter[18] (net)
                  0.09    0.01    0.40 ^ _12305_/A (sky130_fd_sc_hd__xor2_2)
                  0.03    0.06    0.46 v _12305_/X (sky130_fd_sc_hd__xor2_2)
     1    0.00                           _00242_ (net)
                  0.03    0.00    0.47 v _16694_/D (sky130_fd_sc_hd__dfrtp_2)
                                  0.47   data arrival time

                  0.15    0.00    0.00   clock wb_clk_i (rise edge)
                          0.00    0.00   clock network delay (ideal)
                          0.25    0.25   clock uncertainty
                          0.00    0.25   clock reconvergence pessimism
                                  0.25 ^ _16694_/CLK (sky130_fd_sc_hd__dfrtp_2)
                         -0.01    0.24   library hold time
                                  0.24   data required time
-----------------------------------------------------------------------------
                                  0.24   data required time
                                 -0.47   data arrival time
-----------------------------------------------------------------------------
                                  0.23   slack (MET)


