
===========================================================================
report_checks -unconstrained
============================================================================
Startpoint: _16924_ (rising edge-triggered flip-flop clocked by wb_clk_i)
Endpoint: _16750_ (recovery check against rising-edge clock wb_clk_i)
Path Group: **async_default**
Path Type: max

Fanout     Cap    Slew   Delay    Time   Description
-----------------------------------------------------------------------------
                  0.15    0.00    0.00   clock wb_clk_i (rise edge)
                          0.00    0.00   clock network delay (ideal)
                  0.15    0.00    0.00 ^ _16924_/CLK (sky130_fd_sc_hd__dfxtp_2)
                  0.04    0.37    0.37 v _16924_/Q (sky130_fd_sc_hd__dfxtp_2)
     4    0.01                           game.color.reset (net)
                  0.04    0.00    0.38 v _12417_/A (sky130_fd_sc_hd__buf_1)
                  0.07    0.13    0.50 v _12417_/X (sky130_fd_sc_hd__buf_1)
     5    0.01                           _04494_ (net)
                  0.07    0.00    0.50 v _12478_/A (sky130_fd_sc_hd__buf_1)
                  0.07    0.14    0.65 v _12478_/X (sky130_fd_sc_hd__buf_1)
     5    0.01                           _04508_ (net)
                  0.07    0.00    0.65 v _12479_/A (sky130_fd_sc_hd__buf_1)
                  0.14    0.19    0.84 v _12479_/X (sky130_fd_sc_hd__buf_1)
     5    0.02                           _04509_ (net)
                  0.14    0.01    0.85 v _12484_/A (sky130_fd_sc_hd__inv_2)
                  0.05    0.08    0.93 ^ _12484_/Y (sky130_fd_sc_hd__inv_2)
     1    0.00                           _00305_ (net)
                  0.05    0.01    0.94 ^ _16750_/RESET_B (sky130_fd_sc_hd__dfrtp_2)
                                  0.94   data arrival time

                  0.15   10.00   10.00   clock wb_clk_i (rise edge)
                          0.00   10.00   clock network delay (ideal)
                         -0.25    9.75   clock uncertainty
                          0.00    9.75   clock reconvergence pessimism
                                  9.75 ^ _16750_/CLK (sky130_fd_sc_hd__dfrtp_2)
                          0.25   10.00   library recovery time
                                 10.00   data required time
-----------------------------------------------------------------------------
                                 10.00   data required time
                                 -0.94   data arrival time
-----------------------------------------------------------------------------
                                  9.06   slack (MET)


Startpoint: _16753_ (rising edge-triggered flip-flop clocked by wb_clk_i)
Endpoint: _16771_ (rising edge-triggered flip-flop clocked by wb_clk_i)
Path Group: wb_clk_i
Path Type: max

Fanout     Cap    Slew   Delay    Time   Description
-----------------------------------------------------------------------------
                  0.15    0.00    0.00   clock wb_clk_i (rise edge)
                          0.00    0.00   clock network delay (ideal)
                  0.15    0.00    0.00 ^ _16753_/CLK (sky130_fd_sc_hd__dfrtp_2)
                  0.07    0.48    0.48 v _16753_/Q (sky130_fd_sc_hd__dfrtp_2)
     3    0.01                           game.freq_21.counter[1] (net)
                  0.07    0.00    0.48 v _12372_/B (sky130_fd_sc_hd__and3_2)
                  0.06    0.23    0.71 v _12372_/X (sky130_fd_sc_hd__and3_2)
     3    0.01                           _04469_ (net)
                  0.06    0.00    0.72 v _12375_/B (sky130_fd_sc_hd__and2_2)
                  0.07    0.24    0.96 v _12375_/X (sky130_fd_sc_hd__and2_2)
     4    0.02                           _04471_ (net)
                  0.07    0.00    0.96 v _12379_/C (sky130_fd_sc_hd__and3_2)
                  0.06    0.25    1.21 v _12379_/X (sky130_fd_sc_hd__and3_2)
     3    0.01                           _04473_ (net)
                  0.06    0.00    1.21 v _12382_/B (sky130_fd_sc_hd__and2_2)
                  0.07    0.24    1.46 v _12382_/X (sky130_fd_sc_hd__and2_2)
     4    0.02                           _04475_ (net)
                  0.07    0.00    1.46 v _12386_/C (sky130_fd_sc_hd__and3_2)
                  0.06    0.25    1.71 v _12386_/X (sky130_fd_sc_hd__and3_2)
     3    0.01                           _04477_ (net)
                  0.06    0.00    1.71 v _12389_/B (sky130_fd_sc_hd__and2_2)
                  0.07    0.24    1.95 v _12389_/X (sky130_fd_sc_hd__and2_2)
     4    0.02                           _04479_ (net)
                  0.07    0.00    1.95 v _12393_/C (sky130_fd_sc_hd__and3_2)
                  0.06    0.25    2.20 v _12393_/X (sky130_fd_sc_hd__and3_2)
     3    0.01                           _04481_ (net)
                  0.06    0.00    2.21 v _12396_/B (sky130_fd_sc_hd__and2_2)
                  0.07    0.24    2.45 v _12396_/X (sky130_fd_sc_hd__and2_2)
     4    0.02                           _04483_ (net)
                  0.07    0.00    2.45 v _12400_/C (sky130_fd_sc_hd__and3_2)
                  0.06    0.25    2.70 v _12400_/X (sky130_fd_sc_hd__and3_2)
     3    0.01                           _04485_ (net)
                  0.06    0.00    2.70 v _12403_/B (sky130_fd_sc_hd__and2_2)
                  0.07    0.24    2.95 v _12403_/X (sky130_fd_sc_hd__and2_2)
     4    0.02                           _04487_ (net)
                  0.07    0.00    2.95 v _12407_/C (sky130_fd_sc_hd__and3_2)
                  0.07    0.27    3.21 v _12407_/X (sky130_fd_sc_hd__and3_2)
     4    0.02                           _04489_ (net)
                  0.07    0.00    3.22 v _12411_/C (sky130_fd_sc_hd__and3_2)
                  0.06    0.24    3.46 v _12411_/X (sky130_fd_sc_hd__and3_2)
     2    0.01                           _04491_ (net)
                  0.06    0.00    3.46 v _12413_/A_N (sky130_fd_sc_hd__and2b_2)
                  0.03    0.21    3.68 ^ _12413_/X (sky130_fd_sc_hd__and2b_2)
     1    0.00                           _04493_ (net)
                  0.04    0.00    3.68 ^ _12414_/A (sky130_fd_sc_hd__buf_1)
                  0.04    0.08    3.76 ^ _12414_/X (sky130_fd_sc_hd__buf_1)
     1    0.00                           _00243_ (net)
                  0.04    0.00    3.76 ^ _16771_/D (sky130_fd_sc_hd__dfrtp_2)
                                  3.76   data arrival time

                  0.15   10.00   10.00   clock wb_clk_i (rise edge)
                          0.00   10.00   clock network delay (ideal)
                         -0.25    9.75   clock uncertainty
                          0.00    9.75   clock reconvergence pessimism
                                  9.75 ^ _16771_/CLK (sky130_fd_sc_hd__dfrtp_2)
                         -0.05    9.70   library setup time
                                  9.70   data required time
-----------------------------------------------------------------------------
                                  9.70   data required time
                                 -3.76   data arrival time
-----------------------------------------------------------------------------
                                  5.94   slack (MET)



===========================================================================
report_checks --slack_max -0.01
============================================================================
No paths found.
