
===========================================================================
report_checks -path_delay max (Setup)
============================================================================
Startpoint: _16924_ (rising edge-triggered flip-flop clocked by wb_clk_i)
Endpoint: _16750_ (recovery check against rising-edge clock wb_clk_i)
Path Group: **async_default**
Path Type: max

Fanout     Cap    Slew   Delay    Time   Description
-----------------------------------------------------------------------------
                  0.15    0.00    0.00   clock wb_clk_i (rise edge)
                          0.00    0.00   clock network delay (ideal)
                  0.15    0.00    0.00 ^ _16924_/CLK (sky130_fd_sc_hd__dfxtp_2)
                  0.04    0.37    0.37 v _16924_/Q (sky130_fd_sc_hd__dfxtp_2)
     4    0.01                           game.color.reset (net)
                  0.04    0.00    0.38 v _12417_/A (sky130_fd_sc_hd__buf_1)
                  0.07    0.13    0.50 v _12417_/X (sky130_fd_sc_hd__buf_1)
     5    0.01                           _04494_ (net)
                  0.07    0.00    0.50 v _12478_/A (sky130_fd_sc_hd__buf_1)
                  0.07    0.14    0.65 v _12478_/X (sky130_fd_sc_hd__buf_1)
     5    0.01                           _04508_ (net)
                  0.07    0.00    0.65 v _12479_/A (sky130_fd_sc_hd__buf_1)
                  0.14    0.19    0.84 v _12479_/X (sky130_fd_sc_hd__buf_1)
     5    0.02                           _04509_ (net)
                  0.14    0.01    0.85 v _12484_/A (sky130_fd_sc_hd__inv_2)
                  0.05    0.08    0.93 ^ _12484_/Y (sky130_fd_sc_hd__inv_2)
     1    0.00                           _00305_ (net)
                  0.05    0.01    0.94 ^ _16750_/RESET_B (sky130_fd_sc_hd__dfrtp_2)
                                  0.94   data arrival time

                  0.15   10.00   10.00   clock wb_clk_i (rise edge)
                          0.00   10.00   clock network delay (ideal)
                         -0.25    9.75   clock uncertainty
                          0.00    9.75   clock reconvergence pessimism
                                  9.75 ^ _16750_/CLK (sky130_fd_sc_hd__dfrtp_2)
                          0.25   10.00   library recovery time
                                 10.00   data required time
-----------------------------------------------------------------------------
                                 10.00   data required time
                                 -0.94   data arrival time
-----------------------------------------------------------------------------
                                  9.06   slack (MET)


Startpoint: _16924_ (rising edge-triggered flip-flop clocked by wb_clk_i)
Endpoint: _16751_ (recovery check against rising-edge clock wb_clk_i)
Path Group: **async_default**
Path Type: max

Fanout     Cap    Slew   Delay    Time   Description
-----------------------------------------------------------------------------
                  0.15    0.00    0.00   clock wb_clk_i (rise edge)
                          0.00    0.00   clock network delay (ideal)
                  0.15    0.00    0.00 ^ _16924_/CLK (sky130_fd_sc_hd__dfxtp_2)
                  0.04    0.37    0.37 v _16924_/Q (sky130_fd_sc_hd__dfxtp_2)
     4    0.01                           game.color.reset (net)
                  0.04    0.00    0.38 v _12417_/A (sky130_fd_sc_hd__buf_1)
                  0.07    0.13    0.50 v _12417_/X (sky130_fd_sc_hd__buf_1)
     5    0.01                           _04494_ (net)
                  0.07    0.00    0.50 v _12478_/A (sky130_fd_sc_hd__buf_1)
                  0.07    0.14    0.65 v _12478_/X (sky130_fd_sc_hd__buf_1)
     5    0.01                           _04508_ (net)
                  0.07    0.00    0.65 v _12485_/A (sky130_fd_sc_hd__buf_1)
                  0.14    0.19    0.84 v _12485_/X (sky130_fd_sc_hd__buf_1)
     5    0.02                           _04510_ (net)
                  0.14    0.01    0.85 v _12486_/A (sky130_fd_sc_hd__inv_2)
                  0.05    0.08    0.93 ^ _12486_/Y (sky130_fd_sc_hd__inv_2)
     1    0.00                           _00306_ (net)
                  0.05    0.01    0.94 ^ _16751_/RESET_B (sky130_fd_sc_hd__dfrtp_2)
                                  0.94   data arrival time

                  0.15   10.00   10.00   clock wb_clk_i (rise edge)
                          0.00   10.00   clock network delay (ideal)
                         -0.25    9.75   clock uncertainty
                          0.00    9.75   clock reconvergence pessimism
                                  9.75 ^ _16751_/CLK (sky130_fd_sc_hd__dfrtp_2)
                          0.25   10.00   library recovery time
                                 10.00   data required time
-----------------------------------------------------------------------------
                                 10.00   data required time
                                 -0.94   data arrival time
-----------------------------------------------------------------------------
                                  9.06   slack (MET)


Startpoint: _16924_ (rising edge-triggered flip-flop clocked by wb_clk_i)
Endpoint: _16752_ (recovery check against rising-edge clock wb_clk_i)
Path Group: **async_default**
Path Type: max

Fanout     Cap    Slew   Delay    Time   Description
-----------------------------------------------------------------------------
                  0.15    0.00    0.00   clock wb_clk_i (rise edge)
                          0.00    0.00   clock network delay (ideal)
                  0.15    0.00    0.00 ^ _16924_/CLK (sky130_fd_sc_hd__dfxtp_2)
                  0.04    0.37    0.37 v _16924_/Q (sky130_fd_sc_hd__dfxtp_2)
     4    0.01                           game.color.reset (net)
                  0.04    0.00    0.38 v _12417_/A (sky130_fd_sc_hd__buf_1)
                  0.07    0.13    0.50 v _12417_/X (sky130_fd_sc_hd__buf_1)
     5    0.01                           _04494_ (net)
                  0.07    0.00    0.50 v _12478_/A (sky130_fd_sc_hd__buf_1)
                  0.07    0.14    0.65 v _12478_/X (sky130_fd_sc_hd__buf_1)
     5    0.01                           _04508_ (net)
                  0.07    0.00    0.65 v _12485_/A (sky130_fd_sc_hd__buf_1)
                  0.14    0.19    0.84 v _12485_/X (sky130_fd_sc_hd__buf_1)
     5    0.02                           _04510_ (net)
                  0.14    0.01    0.85 v _12487_/A (sky130_fd_sc_hd__inv_2)
                  0.05    0.08    0.93 ^ _12487_/Y (sky130_fd_sc_hd__inv_2)
     1    0.00                           _00307_ (net)
                  0.05    0.01    0.94 ^ _16752_/RESET_B (sky130_fd_sc_hd__dfrtp_2)
                                  0.94   data arrival time

                  0.15   10.00   10.00   clock wb_clk_i (rise edge)
                          0.00   10.00   clock network delay (ideal)
                         -0.25    9.75   clock uncertainty
                          0.00    9.75   clock reconvergence pessimism
                                  9.75 ^ _16752_/CLK (sky130_fd_sc_hd__dfrtp_2)
                          0.25   10.00   library recovery time
                                 10.00   data required time
-----------------------------------------------------------------------------
                                 10.00   data required time
                                 -0.94   data arrival time
-----------------------------------------------------------------------------
                                  9.06   slack (MET)


Startpoint: _16924_ (rising edge-triggered flip-flop clocked by wb_clk_i)
Endpoint: _16753_ (recovery check against rising-edge clock wb_clk_i)
Path Group: **async_default**
Path Type: max

Fanout     Cap    Slew   Delay    Time   Description
-----------------------------------------------------------------------------
                  0.15    0.00    0.00   clock wb_clk_i (rise edge)
                          0.00    0.00   clock network delay (ideal)
                  0.15    0.00    0.00 ^ _16924_/CLK (sky130_fd_sc_hd__dfxtp_2)
                  0.04    0.37    0.37 v _16924_/Q (sky130_fd_sc_hd__dfxtp_2)
     4    0.01                           game.color.reset (net)
                  0.04    0.00    0.38 v _12417_/A (sky130_fd_sc_hd__buf_1)
                  0.07    0.13    0.50 v _12417_/X (sky130_fd_sc_hd__buf_1)
     5    0.01                           _04494_ (net)
                  0.07    0.00    0.50 v _12478_/A (sky130_fd_sc_hd__buf_1)
                  0.07    0.14    0.65 v _12478_/X (sky130_fd_sc_hd__buf_1)
     5    0.01                           _04508_ (net)
                  0.07    0.00    0.65 v _12485_/A (sky130_fd_sc_hd__buf_1)
                  0.14    0.19    0.84 v _12485_/X (sky130_fd_sc_hd__buf_1)
     5    0.02                           _04510_ (net)
                  0.14    0.01    0.85 v _12488_/A (sky130_fd_sc_hd__inv_2)
                  0.05    0.08    0.93 ^ _12488_/Y (sky130_fd_sc_hd__inv_2)
     1    0.00                           _00308_ (net)
                  0.05    0.01    0.94 ^ _16753_/RESET_B (sky130_fd_sc_hd__dfrtp_2)
                                  0.94   data arrival time

                  0.15   10.00   10.00   clock wb_clk_i (rise edge)
                          0.00   10.00   clock network delay (ideal)
                         -0.25    9.75   clock uncertainty
                          0.00    9.75   clock reconvergence pessimism
                                  9.75 ^ _16753_/CLK (sky130_fd_sc_hd__dfrtp_2)
                          0.25   10.00   library recovery time
                                 10.00   data required time
-----------------------------------------------------------------------------
                                 10.00   data required time
                                 -0.94   data arrival time
-----------------------------------------------------------------------------
                                  9.06   slack (MET)


Startpoint: _16924_ (rising edge-triggered flip-flop clocked by wb_clk_i)
Endpoint: _16754_ (recovery check against rising-edge clock wb_clk_i)
Path Group: **async_default**
Path Type: max

Fanout     Cap    Slew   Delay    Time   Description
-----------------------------------------------------------------------------
                  0.15    0.00    0.00   clock wb_clk_i (rise edge)
                          0.00    0.00   clock network delay (ideal)
                  0.15    0.00    0.00 ^ _16924_/CLK (sky130_fd_sc_hd__dfxtp_2)
                  0.04    0.37    0.37 v _16924_/Q (sky130_fd_sc_hd__dfxtp_2)
     4    0.01                           game.color.reset (net)
                  0.04    0.00    0.38 v _12417_/A (sky130_fd_sc_hd__buf_1)
                  0.07    0.13    0.50 v _12417_/X (sky130_fd_sc_hd__buf_1)
     5    0.01                           _04494_ (net)
                  0.07    0.00    0.50 v _12478_/A (sky130_fd_sc_hd__buf_1)
                  0.07    0.14    0.65 v _12478_/X (sky130_fd_sc_hd__buf_1)
     5    0.01                           _04508_ (net)
                  0.07    0.00    0.65 v _12485_/A (sky130_fd_sc_hd__buf_1)
                  0.14    0.19    0.84 v _12485_/X (sky130_fd_sc_hd__buf_1)
     5    0.02                           _04510_ (net)
                  0.14    0.01    0.85 v _12489_/A (sky130_fd_sc_hd__inv_2)
                  0.05    0.08    0.93 ^ _12489_/Y (sky130_fd_sc_hd__inv_2)
     1    0.00                           _00309_ (net)
                  0.05    0.01    0.94 ^ _16754_/RESET_B (sky130_fd_sc_hd__dfrtp_2)
                                  0.94   data arrival time

                  0.15   10.00   10.00   clock wb_clk_i (rise edge)
                          0.00   10.00   clock network delay (ideal)
                         -0.25    9.75   clock uncertainty
                          0.00    9.75   clock reconvergence pessimism
                                  9.75 ^ _16754_/CLK (sky130_fd_sc_hd__dfrtp_2)
                          0.25   10.00   library recovery time
                                 10.00   data required time
-----------------------------------------------------------------------------
                                 10.00   data required time
                                 -0.94   data arrival time
-----------------------------------------------------------------------------
                                  9.06   slack (MET)


Startpoint: _16753_ (rising edge-triggered flip-flop clocked by wb_clk_i)
Endpoint: _16771_ (rising edge-triggered flip-flop clocked by wb_clk_i)
Path Group: wb_clk_i
Path Type: max

Fanout     Cap    Slew   Delay    Time   Description
-----------------------------------------------------------------------------
                  0.15    0.00    0.00   clock wb_clk_i (rise edge)
                          0.00    0.00   clock network delay (ideal)
                  0.15    0.00    0.00 ^ _16753_/CLK (sky130_fd_sc_hd__dfrtp_2)
                  0.07    0.48    0.48 v _16753_/Q (sky130_fd_sc_hd__dfrtp_2)
     3    0.01                           game.freq_21.counter[1] (net)
                  0.07    0.00    0.48 v _12372_/B (sky130_fd_sc_hd__and3_2)
                  0.06    0.23    0.71 v _12372_/X (sky130_fd_sc_hd__and3_2)
     3    0.01                           _04469_ (net)
                  0.06    0.00    0.72 v _12375_/B (sky130_fd_sc_hd__and2_2)
                  0.07    0.24    0.96 v _12375_/X (sky130_fd_sc_hd__and2_2)
     4    0.02                           _04471_ (net)
                  0.07    0.00    0.96 v _12379_/C (sky130_fd_sc_hd__and3_2)
                  0.06    0.25    1.21 v _12379_/X (sky130_fd_sc_hd__and3_2)
     3    0.01                           _04473_ (net)
                  0.06    0.00    1.21 v _12382_/B (sky130_fd_sc_hd__and2_2)
                  0.07    0.24    1.46 v _12382_/X (sky130_fd_sc_hd__and2_2)
     4    0.02                           _04475_ (net)
                  0.07    0.00    1.46 v _12386_/C (sky130_fd_sc_hd__and3_2)
                  0.06    0.25    1.71 v _12386_/X (sky130_fd_sc_hd__and3_2)
     3    0.01                           _04477_ (net)
                  0.06    0.00    1.71 v _12389_/B (sky130_fd_sc_hd__and2_2)
                  0.07    0.24    1.95 v _12389_/X (sky130_fd_sc_hd__and2_2)
     4    0.02                           _04479_ (net)
                  0.07    0.00    1.95 v _12393_/C (sky130_fd_sc_hd__and3_2)
                  0.06    0.25    2.20 v _12393_/X (sky130_fd_sc_hd__and3_2)
     3    0.01                           _04481_ (net)
                  0.06    0.00    2.21 v _12396_/B (sky130_fd_sc_hd__and2_2)
                  0.07    0.24    2.45 v _12396_/X (sky130_fd_sc_hd__and2_2)
     4    0.02                           _04483_ (net)
                  0.07    0.00    2.45 v _12400_/C (sky130_fd_sc_hd__and3_2)
                  0.06    0.25    2.70 v _12400_/X (sky130_fd_sc_hd__and3_2)
     3    0.01                           _04485_ (net)
                  0.06    0.00    2.70 v _12403_/B (sky130_fd_sc_hd__and2_2)
                  0.07    0.24    2.95 v _12403_/X (sky130_fd_sc_hd__and2_2)
     4    0.02                           _04487_ (net)
                  0.07    0.00    2.95 v _12407_/C (sky130_fd_sc_hd__and3_2)
                  0.07    0.27    3.21 v _12407_/X (sky130_fd_sc_hd__and3_2)
     4    0.02                           _04489_ (net)
                  0.07    0.00    3.22 v _12411_/C (sky130_fd_sc_hd__and3_2)
                  0.06    0.24    3.46 v _12411_/X (sky130_fd_sc_hd__and3_2)
     2    0.01                           _04491_ (net)
                  0.06    0.00    3.46 v _12413_/A_N (sky130_fd_sc_hd__and2b_2)
                  0.03    0.21    3.68 ^ _12413_/X (sky130_fd_sc_hd__and2b_2)
     1    0.00                           _04493_ (net)
                  0.04    0.00    3.68 ^ _12414_/A (sky130_fd_sc_hd__buf_1)
                  0.04    0.08    3.76 ^ _12414_/X (sky130_fd_sc_hd__buf_1)
     1    0.00                           _00243_ (net)
                  0.04    0.00    3.76 ^ _16771_/D (sky130_fd_sc_hd__dfrtp_2)
                                  3.76   data arrival time

                  0.15   10.00   10.00   clock wb_clk_i (rise edge)
                          0.00   10.00   clock network delay (ideal)
                         -0.25    9.75   clock uncertainty
                          0.00    9.75   clock reconvergence pessimism
                                  9.75 ^ _16771_/CLK (sky130_fd_sc_hd__dfrtp_2)
                         -0.05    9.70   library setup time
                                  9.70   data required time
-----------------------------------------------------------------------------
                                  9.70   data required time
                                 -3.76   data arrival time
-----------------------------------------------------------------------------
                                  5.94   slack (MET)


Startpoint: _16753_ (rising edge-triggered flip-flop clocked by wb_clk_i)
Endpoint: _16772_ (rising edge-triggered flip-flop clocked by wb_clk_i)
Path Group: wb_clk_i
Path Type: max

Fanout     Cap    Slew   Delay    Time   Description
-----------------------------------------------------------------------------
                  0.15    0.00    0.00   clock wb_clk_i (rise edge)
                          0.00    0.00   clock network delay (ideal)
                  0.15    0.00    0.00 ^ _16753_/CLK (sky130_fd_sc_hd__dfrtp_2)
                  0.07    0.48    0.48 v _16753_/Q (sky130_fd_sc_hd__dfrtp_2)
     3    0.01                           game.freq_21.counter[1] (net)
                  0.07    0.00    0.48 v _12372_/B (sky130_fd_sc_hd__and3_2)
                  0.06    0.23    0.71 v _12372_/X (sky130_fd_sc_hd__and3_2)
     3    0.01                           _04469_ (net)
                  0.06    0.00    0.72 v _12375_/B (sky130_fd_sc_hd__and2_2)
                  0.07    0.24    0.96 v _12375_/X (sky130_fd_sc_hd__and2_2)
     4    0.02                           _04471_ (net)
                  0.07    0.00    0.96 v _12379_/C (sky130_fd_sc_hd__and3_2)
                  0.06    0.25    1.21 v _12379_/X (sky130_fd_sc_hd__and3_2)
     3    0.01                           _04473_ (net)
                  0.06    0.00    1.21 v _12382_/B (sky130_fd_sc_hd__and2_2)
                  0.07    0.24    1.46 v _12382_/X (sky130_fd_sc_hd__and2_2)
     4    0.02                           _04475_ (net)
                  0.07    0.00    1.46 v _12386_/C (sky130_fd_sc_hd__and3_2)
                  0.06    0.25    1.71 v _12386_/X (sky130_fd_sc_hd__and3_2)
     3    0.01                           _04477_ (net)
                  0.06    0.00    1.71 v _12389_/B (sky130_fd_sc_hd__and2_2)
                  0.07    0.24    1.95 v _12389_/X (sky130_fd_sc_hd__and2_2)
     4    0.02                           _04479_ (net)
                  0.07    0.00    1.95 v _12393_/C (sky130_fd_sc_hd__and3_2)
                  0.06    0.25    2.20 v _12393_/X (sky130_fd_sc_hd__and3_2)
     3    0.01                           _04481_ (net)
                  0.06    0.00    2.21 v _12396_/B (sky130_fd_sc_hd__and2_2)
                  0.07    0.24    2.45 v _12396_/X (sky130_fd_sc_hd__and2_2)
     4    0.02                           _04483_ (net)
                  0.07    0.00    2.45 v _12400_/C (sky130_fd_sc_hd__and3_2)
                  0.06    0.25    2.70 v _12400_/X (sky130_fd_sc_hd__and3_2)
     3    0.01                           _04485_ (net)
                  0.06    0.00    2.70 v _12403_/B (sky130_fd_sc_hd__and2_2)
                  0.07    0.24    2.95 v _12403_/X (sky130_fd_sc_hd__and2_2)
     4    0.02                           _04487_ (net)
                  0.07    0.00    2.95 v _12407_/C (sky130_fd_sc_hd__and3_2)
                  0.07    0.27    3.21 v _12407_/X (sky130_fd_sc_hd__and3_2)
     4    0.02                           _04489_ (net)
                  0.07    0.00    3.22 v _12411_/C (sky130_fd_sc_hd__and3_2)
                  0.06    0.24    3.46 v _12411_/X (sky130_fd_sc_hd__and3_2)
     2    0.01                           _04491_ (net)
                  0.06    0.01    3.47 v _12415_/B (sky130_fd_sc_hd__xor2_2)
                  0.19    0.14    3.61 v _12415_/X (sky130_fd_sc_hd__xor2_2)
     1    0.00                           _00245_ (net)
                  0.19    0.00    3.62 v _16772_/D (sky130_fd_sc_hd__dfrtp_2)
                                  3.62   data arrival time

                  0.15   10.00   10.00   clock wb_clk_i (rise edge)
                          0.00   10.00   clock network delay (ideal)
                         -0.25    9.75   clock uncertainty
                          0.00    9.75   clock reconvergence pessimism
                                  9.75 ^ _16772_/CLK (sky130_fd_sc_hd__dfrtp_2)
                         -0.15    9.60   library setup time
                                  9.60   data required time
-----------------------------------------------------------------------------
                                  9.60   data required time
                                 -3.62   data arrival time
-----------------------------------------------------------------------------
                                  5.98   slack (MET)


Startpoint: la_oenb[65] (input port clocked by wb_clk_i)
Endpoint: _16924_ (rising edge-triggered flip-flop clocked by wb_clk_i)
Path Group: wb_clk_i
Path Type: max

Fanout     Cap    Slew   Delay    Time   Description
-----------------------------------------------------------------------------
                  0.15    0.00    0.00   clock wb_clk_i (rise edge)
                          0.00    0.00   clock network delay (ideal)
                          2.00    2.00 ^ input external delay
                  0.03    0.02    2.02 ^ la_oenb[65] (in)
     1    0.00                           la_oenb[65] (net)
                  0.03    0.00    2.02 ^ _12517_/S (sky130_fd_sc_hd__mux2_2)
                  0.05    0.33    2.34 v _12517_/X (sky130_fd_sc_hd__mux2_2)
     1    0.00                           _04516_ (net)
                  0.05    0.00    2.35 v _12518_/A (sky130_fd_sc_hd__buf_1)
                  0.08    0.13    2.48 v _12518_/X (sky130_fd_sc_hd__buf_1)
     3    0.01                           _00685_ (net)
                  0.08    0.01    2.49 v _12740_/B (sky130_fd_sc_hd__xnor2_2)
                  0.11    0.14    2.63 ^ _12740_/Y (sky130_fd_sc_hd__xnor2_2)
     2    0.00                           _04597_ (net)
                  0.11    0.00    2.63 ^ _12744_/C_N (sky130_fd_sc_hd__or3b_2)
                  0.08    0.48    3.12 v _12744_/X (sky130_fd_sc_hd__or3b_2)
     2    0.00                           _04601_ (net)
                  0.08    0.00    3.12 v _12758_/S (sky130_fd_sc_hd__mux2_2)
                  0.05    0.29    3.41 v _12758_/X (sky130_fd_sc_hd__mux2_2)
     1    0.00                           _04610_ (net)
                  0.05    0.00    3.41 v _12759_/A (sky130_fd_sc_hd__buf_1)
                  0.02    0.09    3.50 v _12759_/X (sky130_fd_sc_hd__buf_1)
     1    0.00                           _00780_ (net)
                  0.02    0.00    3.50 v _16924_/D (sky130_fd_sc_hd__dfxtp_2)
                                  3.50   data arrival time

                  0.15   10.00   10.00   clock wb_clk_i (rise edge)
                          0.00   10.00   clock network delay (ideal)
                         -0.25    9.75   clock uncertainty
                          0.00    9.75   clock reconvergence pessimism
                                  9.75 ^ _16924_/CLK (sky130_fd_sc_hd__dfxtp_2)
                         -0.08    9.67   library setup time
                                  9.67   data required time
-----------------------------------------------------------------------------
                                  9.67   data required time
                                 -3.50   data arrival time
-----------------------------------------------------------------------------
                                  6.17   slack (MET)


Startpoint: _16753_ (rising edge-triggered flip-flop clocked by wb_clk_i)
Endpoint: _16770_ (rising edge-triggered flip-flop clocked by wb_clk_i)
Path Group: wb_clk_i
Path Type: max

Fanout     Cap    Slew   Delay    Time   Description
-----------------------------------------------------------------------------
                  0.15    0.00    0.00   clock wb_clk_i (rise edge)
                          0.00    0.00   clock network delay (ideal)
                  0.15    0.00    0.00 ^ _16753_/CLK (sky130_fd_sc_hd__dfrtp_2)
                  0.07    0.48    0.48 v _16753_/Q (sky130_fd_sc_hd__dfrtp_2)
     3    0.01                           game.freq_21.counter[1] (net)
                  0.07    0.00    0.48 v _12372_/B (sky130_fd_sc_hd__and3_2)
                  0.06    0.23    0.71 v _12372_/X (sky130_fd_sc_hd__and3_2)
     3    0.01                           _04469_ (net)
                  0.06    0.00    0.72 v _12375_/B (sky130_fd_sc_hd__and2_2)
                  0.07    0.24    0.96 v _12375_/X (sky130_fd_sc_hd__and2_2)
     4    0.02                           _04471_ (net)
                  0.07    0.00    0.96 v _12379_/C (sky130_fd_sc_hd__and3_2)
                  0.06    0.25    1.21 v _12379_/X (sky130_fd_sc_hd__and3_2)
     3    0.01                           _04473_ (net)
                  0.06    0.00    1.21 v _12382_/B (sky130_fd_sc_hd__and2_2)
                  0.07    0.24    1.46 v _12382_/X (sky130_fd_sc_hd__and2_2)
     4    0.02                           _04475_ (net)
                  0.07    0.00    1.46 v _12386_/C (sky130_fd_sc_hd__and3_2)
                  0.06    0.25    1.71 v _12386_/X (sky130_fd_sc_hd__and3_2)
     3    0.01                           _04477_ (net)
                  0.06    0.00    1.71 v _12389_/B (sky130_fd_sc_hd__and2_2)
                  0.07    0.24    1.95 v _12389_/X (sky130_fd_sc_hd__and2_2)
     4    0.02                           _04479_ (net)
                  0.07    0.00    1.95 v _12393_/C (sky130_fd_sc_hd__and3_2)
                  0.06    0.25    2.20 v _12393_/X (sky130_fd_sc_hd__and3_2)
     3    0.01                           _04481_ (net)
                  0.06    0.00    2.21 v _12396_/B (sky130_fd_sc_hd__and2_2)
                  0.07    0.24    2.45 v _12396_/X (sky130_fd_sc_hd__and2_2)
     4    0.02                           _04483_ (net)
                  0.07    0.00    2.45 v _12400_/C (sky130_fd_sc_hd__and3_2)
                  0.06    0.25    2.70 v _12400_/X (sky130_fd_sc_hd__and3_2)
     3    0.01                           _04485_ (net)
                  0.06    0.00    2.70 v _12403_/B (sky130_fd_sc_hd__and2_2)
                  0.07    0.24    2.95 v _12403_/X (sky130_fd_sc_hd__and2_2)
     4    0.02                           _04487_ (net)
                  0.07    0.00    2.95 v _12407_/C (sky130_fd_sc_hd__and3_2)
                  0.07    0.27    3.21 v _12407_/X (sky130_fd_sc_hd__and3_2)
     4    0.02                           _04489_ (net)
                  0.07    0.01    3.22 v _12410_/B (sky130_fd_sc_hd__xor2_2)
                  0.04    0.15    3.37 v _12410_/X (sky130_fd_sc_hd__xor2_2)
     1    0.00                           _00242_ (net)
                  0.04    0.00    3.38 v _16770_/D (sky130_fd_sc_hd__dfrtp_2)
                                  3.38   data arrival time

                  0.15   10.00   10.00   clock wb_clk_i (rise edge)
                          0.00   10.00   clock network delay (ideal)
                         -0.25    9.75   clock uncertainty
                          0.00    9.75   clock reconvergence pessimism
                                  9.75 ^ _16770_/CLK (sky130_fd_sc_hd__dfrtp_2)
                         -0.09    9.66   library setup time
                                  9.66   data required time
-----------------------------------------------------------------------------
                                  9.66   data required time
                                 -3.38   data arrival time
-----------------------------------------------------------------------------
                                  6.28   slack (MET)


Startpoint: _16753_ (rising edge-triggered flip-flop clocked by wb_clk_i)
Endpoint: _16769_ (rising edge-triggered flip-flop clocked by wb_clk_i)
Path Group: wb_clk_i
Path Type: max

Fanout     Cap    Slew   Delay    Time   Description
-----------------------------------------------------------------------------
                  0.15    0.00    0.00   clock wb_clk_i (rise edge)
                          0.00    0.00   clock network delay (ideal)
                  0.15    0.00    0.00 ^ _16753_/CLK (sky130_fd_sc_hd__dfrtp_2)
                  0.07    0.48    0.48 v _16753_/Q (sky130_fd_sc_hd__dfrtp_2)
     3    0.01                           game.freq_21.counter[1] (net)
                  0.07    0.00    0.48 v _12372_/B (sky130_fd_sc_hd__and3_2)
                  0.06    0.23    0.71 v _12372_/X (sky130_fd_sc_hd__and3_2)
     3    0.01                           _04469_ (net)
                  0.06    0.00    0.72 v _12375_/B (sky130_fd_sc_hd__and2_2)
                  0.07    0.24    0.96 v _12375_/X (sky130_fd_sc_hd__and2_2)
     4    0.02                           _04471_ (net)
                  0.07    0.00    0.96 v _12379_/C (sky130_fd_sc_hd__and3_2)
                  0.06    0.25    1.21 v _12379_/X (sky130_fd_sc_hd__and3_2)
     3    0.01                           _04473_ (net)
                  0.06    0.00    1.21 v _12382_/B (sky130_fd_sc_hd__and2_2)
                  0.07    0.24    1.46 v _12382_/X (sky130_fd_sc_hd__and2_2)
     4    0.02                           _04475_ (net)
                  0.07    0.00    1.46 v _12386_/C (sky130_fd_sc_hd__and3_2)
                  0.06    0.25    1.71 v _12386_/X (sky130_fd_sc_hd__and3_2)
     3    0.01                           _04477_ (net)
                  0.06    0.00    1.71 v _12389_/B (sky130_fd_sc_hd__and2_2)
                  0.07    0.24    1.95 v _12389_/X (sky130_fd_sc_hd__and2_2)
     4    0.02                           _04479_ (net)
                  0.07    0.00    1.95 v _12393_/C (sky130_fd_sc_hd__and3_2)
                  0.06    0.25    2.20 v _12393_/X (sky130_fd_sc_hd__and3_2)
     3    0.01                           _04481_ (net)
                  0.06    0.00    2.21 v _12396_/B (sky130_fd_sc_hd__and2_2)
                  0.07    0.24    2.45 v _12396_/X (sky130_fd_sc_hd__and2_2)
     4    0.02                           _04483_ (net)
                  0.07    0.00    2.45 v _12400_/C (sky130_fd_sc_hd__and3_2)
                  0.06    0.25    2.70 v _12400_/X (sky130_fd_sc_hd__and3_2)
     3    0.01                           _04485_ (net)
                  0.06    0.00    2.70 v _12403_/B (sky130_fd_sc_hd__and2_2)
                  0.07    0.24    2.95 v _12403_/X (sky130_fd_sc_hd__and2_2)
     4    0.02                           _04487_ (net)
                  0.07    0.00    2.95 v _12407_/C (sky130_fd_sc_hd__and3_2)
                  0.07    0.27    3.21 v _12407_/X (sky130_fd_sc_hd__and3_2)
     4    0.02                           _04489_ (net)
                  0.07    0.01    3.22 v _12409_/A (sky130_fd_sc_hd__nor2_2)
                  0.06    0.10    3.32 ^ _12409_/Y (sky130_fd_sc_hd__nor2_2)
     1    0.00                           _00241_ (net)
                  0.06    0.00    3.33 ^ _16769_/D (sky130_fd_sc_hd__dfrtp_2)
                                  3.33   data arrival time

                  0.15   10.00   10.00   clock wb_clk_i (rise edge)
                          0.00   10.00   clock network delay (ideal)
                         -0.25    9.75   clock uncertainty
                          0.00    9.75   clock reconvergence pessimism
                                  9.75 ^ _16769_/CLK (sky130_fd_sc_hd__dfrtp_2)
                         -0.05    9.70   library setup time
                                  9.70   data required time
-----------------------------------------------------------------------------
                                  9.70   data required time
                                 -3.33   data arrival time
-----------------------------------------------------------------------------
                                  6.37   slack (MET)


